[2023-03-09T15:38:12.212+0000] {processor.py:153} INFO - Started process (PID=82) to work on /home/airflow/.local/lib/python3.7/site-packages/airflow/example_dags/example_complex.py
[2023-03-09T15:38:12.213+0000] {processor.py:743} INFO - Processing file /home/airflow/.local/lib/python3.7/site-packages/airflow/example_dags/example_complex.py for tasks to queue
[2023-03-09T15:38:12.214+0000] {logging_mixin.py:137} INFO - [2023-03-09T15:38:12.214+0000] {dagbag.py:538} INFO - Filling up the DagBag from /home/airflow/.local/lib/python3.7/site-packages/airflow/example_dags/example_complex.py
[2023-03-09T15:38:12.325+0000] {logging_mixin.py:137} INFO - [2023-03-09T15:38:12.325+0000] {taskmixin.py:205} WARNING - Dependency <Task(BashOperator): create_entry_group>, delete_entry_group already registered for DAG: example_complex
[2023-03-09T15:38:12.326+0000] {logging_mixin.py:137} INFO - [2023-03-09T15:38:12.325+0000] {taskmixin.py:205} WARNING - Dependency <Task(BashOperator): delete_entry_group>, create_entry_group already registered for DAG: example_complex
[2023-03-09T15:38:12.326+0000] {logging_mixin.py:137} INFO - [2023-03-09T15:38:12.326+0000] {taskmixin.py:205} WARNING - Dependency <Task(BashOperator): create_entry_gcs>, delete_entry already registered for DAG: example_complex
[2023-03-09T15:38:12.326+0000] {logging_mixin.py:137} INFO - [2023-03-09T15:38:12.326+0000] {taskmixin.py:205} WARNING - Dependency <Task(BashOperator): delete_entry>, create_entry_gcs already registered for DAG: example_complex
[2023-03-09T15:38:12.327+0000] {logging_mixin.py:137} INFO - [2023-03-09T15:38:12.327+0000] {taskmixin.py:205} WARNING - Dependency <Task(BashOperator): create_tag>, delete_tag already registered for DAG: example_complex
[2023-03-09T15:38:12.327+0000] {logging_mixin.py:137} INFO - [2023-03-09T15:38:12.327+0000] {taskmixin.py:205} WARNING - Dependency <Task(BashOperator): delete_tag>, create_tag already registered for DAG: example_complex
[2023-03-09T15:38:12.353+0000] {processor.py:753} INFO - DAG(s) dict_keys(['example_complex']) retrieved from /home/airflow/.local/lib/python3.7/site-packages/airflow/example_dags/example_complex.py
[2023-03-09T15:38:12.431+0000] {logging_mixin.py:137} INFO - [2023-03-09T15:38:12.431+0000] {dag.py:2690} INFO - Sync 1 DAGs
[2023-03-09T15:38:12.616+0000] {logging_mixin.py:137} INFO - [2023-03-09T15:38:12.615+0000] {dag.py:3441} INFO - Setting next_dagrun for example_complex to None, run_after=None
[2023-03-09T15:38:12.693+0000] {processor.py:175} INFO - Processing /home/airflow/.local/lib/python3.7/site-packages/airflow/example_dags/example_complex.py took 0.497 seconds
[2023-03-09T15:38:43.567+0000] {processor.py:153} INFO - Started process (PID=148) to work on /home/airflow/.local/lib/python3.7/site-packages/airflow/example_dags/example_complex.py
[2023-03-09T15:38:43.568+0000] {processor.py:743} INFO - Processing file /home/airflow/.local/lib/python3.7/site-packages/airflow/example_dags/example_complex.py for tasks to queue
[2023-03-09T15:38:43.569+0000] {logging_mixin.py:137} INFO - [2023-03-09T15:38:43.569+0000] {dagbag.py:538} INFO - Filling up the DagBag from /home/airflow/.local/lib/python3.7/site-packages/airflow/example_dags/example_complex.py
[2023-03-09T15:38:43.584+0000] {logging_mixin.py:137} INFO - [2023-03-09T15:38:43.584+0000] {taskmixin.py:205} WARNING - Dependency <Task(BashOperator): create_entry_group>, delete_entry_group already registered for DAG: example_complex
[2023-03-09T15:38:43.584+0000] {logging_mixin.py:137} INFO - [2023-03-09T15:38:43.584+0000] {taskmixin.py:205} WARNING - Dependency <Task(BashOperator): delete_entry_group>, create_entry_group already registered for DAG: example_complex
[2023-03-09T15:38:43.585+0000] {logging_mixin.py:137} INFO - [2023-03-09T15:38:43.584+0000] {taskmixin.py:205} WARNING - Dependency <Task(BashOperator): create_entry_gcs>, delete_entry already registered for DAG: example_complex
[2023-03-09T15:38:43.585+0000] {logging_mixin.py:137} INFO - [2023-03-09T15:38:43.585+0000] {taskmixin.py:205} WARNING - Dependency <Task(BashOperator): delete_entry>, create_entry_gcs already registered for DAG: example_complex
[2023-03-09T15:38:43.585+0000] {logging_mixin.py:137} INFO - [2023-03-09T15:38:43.585+0000] {taskmixin.py:205} WARNING - Dependency <Task(BashOperator): create_tag>, delete_tag already registered for DAG: example_complex
[2023-03-09T15:38:43.586+0000] {logging_mixin.py:137} INFO - [2023-03-09T15:38:43.585+0000] {taskmixin.py:205} WARNING - Dependency <Task(BashOperator): delete_tag>, create_tag already registered for DAG: example_complex
[2023-03-09T15:38:43.596+0000] {processor.py:753} INFO - DAG(s) dict_keys(['example_complex']) retrieved from /home/airflow/.local/lib/python3.7/site-packages/airflow/example_dags/example_complex.py
[2023-03-09T15:38:43.638+0000] {logging_mixin.py:137} INFO - [2023-03-09T15:38:43.638+0000] {dag.py:2690} INFO - Sync 1 DAGs
[2023-03-09T15:38:43.675+0000] {logging_mixin.py:137} INFO - [2023-03-09T15:38:43.675+0000] {dag.py:3441} INFO - Setting next_dagrun for example_complex to None, run_after=None
[2023-03-09T15:38:43.704+0000] {processor.py:175} INFO - Processing /home/airflow/.local/lib/python3.7/site-packages/airflow/example_dags/example_complex.py took 0.140 seconds
[2023-03-09T15:39:14.032+0000] {processor.py:153} INFO - Started process (PID=210) to work on /home/airflow/.local/lib/python3.7/site-packages/airflow/example_dags/example_complex.py
[2023-03-09T15:39:14.034+0000] {processor.py:743} INFO - Processing file /home/airflow/.local/lib/python3.7/site-packages/airflow/example_dags/example_complex.py for tasks to queue
[2023-03-09T15:39:14.034+0000] {logging_mixin.py:137} INFO - [2023-03-09T15:39:14.034+0000] {dagbag.py:538} INFO - Filling up the DagBag from /home/airflow/.local/lib/python3.7/site-packages/airflow/example_dags/example_complex.py
[2023-03-09T15:39:14.052+0000] {logging_mixin.py:137} INFO - [2023-03-09T15:39:14.052+0000] {taskmixin.py:205} WARNING - Dependency <Task(BashOperator): create_entry_group>, delete_entry_group already registered for DAG: example_complex
[2023-03-09T15:39:14.053+0000] {logging_mixin.py:137} INFO - [2023-03-09T15:39:14.053+0000] {taskmixin.py:205} WARNING - Dependency <Task(BashOperator): delete_entry_group>, create_entry_group already registered for DAG: example_complex
[2023-03-09T15:39:14.054+0000] {logging_mixin.py:137} INFO - [2023-03-09T15:39:14.054+0000] {taskmixin.py:205} WARNING - Dependency <Task(BashOperator): create_entry_gcs>, delete_entry already registered for DAG: example_complex
[2023-03-09T15:39:14.054+0000] {logging_mixin.py:137} INFO - [2023-03-09T15:39:14.054+0000] {taskmixin.py:205} WARNING - Dependency <Task(BashOperator): delete_entry>, create_entry_gcs already registered for DAG: example_complex
[2023-03-09T15:39:14.058+0000] {logging_mixin.py:137} INFO - [2023-03-09T15:39:14.055+0000] {taskmixin.py:205} WARNING - Dependency <Task(BashOperator): create_tag>, delete_tag already registered for DAG: example_complex
[2023-03-09T15:39:14.059+0000] {logging_mixin.py:137} INFO - [2023-03-09T15:39:14.059+0000] {taskmixin.py:205} WARNING - Dependency <Task(BashOperator): delete_tag>, create_tag already registered for DAG: example_complex
[2023-03-09T15:39:14.070+0000] {processor.py:753} INFO - DAG(s) dict_keys(['example_complex']) retrieved from /home/airflow/.local/lib/python3.7/site-packages/airflow/example_dags/example_complex.py
[2023-03-09T15:39:14.114+0000] {logging_mixin.py:137} INFO - [2023-03-09T15:39:14.113+0000] {dag.py:2690} INFO - Sync 1 DAGs
[2023-03-09T15:39:14.153+0000] {logging_mixin.py:137} INFO - [2023-03-09T15:39:14.153+0000] {dag.py:3441} INFO - Setting next_dagrun for example_complex to None, run_after=None
[2023-03-09T15:39:14.178+0000] {processor.py:175} INFO - Processing /home/airflow/.local/lib/python3.7/site-packages/airflow/example_dags/example_complex.py took 0.149 seconds
[2023-03-09T15:39:44.435+0000] {processor.py:153} INFO - Started process (PID=273) to work on /home/airflow/.local/lib/python3.7/site-packages/airflow/example_dags/example_complex.py
[2023-03-09T15:39:44.436+0000] {processor.py:743} INFO - Processing file /home/airflow/.local/lib/python3.7/site-packages/airflow/example_dags/example_complex.py for tasks to queue
[2023-03-09T15:39:44.436+0000] {logging_mixin.py:137} INFO - [2023-03-09T15:39:44.436+0000] {dagbag.py:538} INFO - Filling up the DagBag from /home/airflow/.local/lib/python3.7/site-packages/airflow/example_dags/example_complex.py
[2023-03-09T15:39:44.458+0000] {logging_mixin.py:137} INFO - [2023-03-09T15:39:44.458+0000] {taskmixin.py:205} WARNING - Dependency <Task(BashOperator): create_entry_group>, delete_entry_group already registered for DAG: example_complex
[2023-03-09T15:39:44.459+0000] {logging_mixin.py:137} INFO - [2023-03-09T15:39:44.459+0000] {taskmixin.py:205} WARNING - Dependency <Task(BashOperator): delete_entry_group>, create_entry_group already registered for DAG: example_complex
[2023-03-09T15:39:44.459+0000] {logging_mixin.py:137} INFO - [2023-03-09T15:39:44.459+0000] {taskmixin.py:205} WARNING - Dependency <Task(BashOperator): create_entry_gcs>, delete_entry already registered for DAG: example_complex
[2023-03-09T15:39:44.460+0000] {logging_mixin.py:137} INFO - [2023-03-09T15:39:44.459+0000] {taskmixin.py:205} WARNING - Dependency <Task(BashOperator): delete_entry>, create_entry_gcs already registered for DAG: example_complex
[2023-03-09T15:39:44.460+0000] {logging_mixin.py:137} INFO - [2023-03-09T15:39:44.460+0000] {taskmixin.py:205} WARNING - Dependency <Task(BashOperator): create_tag>, delete_tag already registered for DAG: example_complex
[2023-03-09T15:39:44.461+0000] {logging_mixin.py:137} INFO - [2023-03-09T15:39:44.461+0000] {taskmixin.py:205} WARNING - Dependency <Task(BashOperator): delete_tag>, create_tag already registered for DAG: example_complex
[2023-03-09T15:39:44.476+0000] {processor.py:753} INFO - DAG(s) dict_keys(['example_complex']) retrieved from /home/airflow/.local/lib/python3.7/site-packages/airflow/example_dags/example_complex.py
[2023-03-09T15:39:44.534+0000] {logging_mixin.py:137} INFO - [2023-03-09T15:39:44.533+0000] {dag.py:2690} INFO - Sync 1 DAGs
[2023-03-09T15:39:44.588+0000] {logging_mixin.py:137} INFO - [2023-03-09T15:39:44.588+0000] {dag.py:3441} INFO - Setting next_dagrun for example_complex to None, run_after=None
[2023-03-09T15:39:44.616+0000] {processor.py:175} INFO - Processing /home/airflow/.local/lib/python3.7/site-packages/airflow/example_dags/example_complex.py took 0.185 seconds
[2023-03-09T15:40:15.537+0000] {processor.py:153} INFO - Started process (PID=345) to work on /home/airflow/.local/lib/python3.7/site-packages/airflow/example_dags/example_complex.py
[2023-03-09T15:40:15.538+0000] {processor.py:743} INFO - Processing file /home/airflow/.local/lib/python3.7/site-packages/airflow/example_dags/example_complex.py for tasks to queue
[2023-03-09T15:40:15.539+0000] {logging_mixin.py:137} INFO - [2023-03-09T15:40:15.539+0000] {dagbag.py:538} INFO - Filling up the DagBag from /home/airflow/.local/lib/python3.7/site-packages/airflow/example_dags/example_complex.py
[2023-03-09T15:40:15.554+0000] {logging_mixin.py:137} INFO - [2023-03-09T15:40:15.554+0000] {taskmixin.py:205} WARNING - Dependency <Task(BashOperator): create_entry_group>, delete_entry_group already registered for DAG: example_complex
[2023-03-09T15:40:15.554+0000] {logging_mixin.py:137} INFO - [2023-03-09T15:40:15.554+0000] {taskmixin.py:205} WARNING - Dependency <Task(BashOperator): delete_entry_group>, create_entry_group already registered for DAG: example_complex
[2023-03-09T15:40:15.555+0000] {logging_mixin.py:137} INFO - [2023-03-09T15:40:15.554+0000] {taskmixin.py:205} WARNING - Dependency <Task(BashOperator): create_entry_gcs>, delete_entry already registered for DAG: example_complex
[2023-03-09T15:40:15.555+0000] {logging_mixin.py:137} INFO - [2023-03-09T15:40:15.555+0000] {taskmixin.py:205} WARNING - Dependency <Task(BashOperator): delete_entry>, create_entry_gcs already registered for DAG: example_complex
[2023-03-09T15:40:15.555+0000] {logging_mixin.py:137} INFO - [2023-03-09T15:40:15.555+0000] {taskmixin.py:205} WARNING - Dependency <Task(BashOperator): create_tag>, delete_tag already registered for DAG: example_complex
[2023-03-09T15:40:15.556+0000] {logging_mixin.py:137} INFO - [2023-03-09T15:40:15.556+0000] {taskmixin.py:205} WARNING - Dependency <Task(BashOperator): delete_tag>, create_tag already registered for DAG: example_complex
[2023-03-09T15:40:15.565+0000] {processor.py:753} INFO - DAG(s) dict_keys(['example_complex']) retrieved from /home/airflow/.local/lib/python3.7/site-packages/airflow/example_dags/example_complex.py
[2023-03-09T15:40:15.612+0000] {logging_mixin.py:137} INFO - [2023-03-09T15:40:15.612+0000] {dag.py:2690} INFO - Sync 1 DAGs
[2023-03-09T15:40:15.660+0000] {logging_mixin.py:137} INFO - [2023-03-09T15:40:15.659+0000] {dag.py:3441} INFO - Setting next_dagrun for example_complex to None, run_after=None
[2023-03-09T15:40:15.724+0000] {processor.py:175} INFO - Processing /home/airflow/.local/lib/python3.7/site-packages/airflow/example_dags/example_complex.py took 0.191 seconds
[2023-03-09T15:40:45.996+0000] {processor.py:153} INFO - Started process (PID=411) to work on /home/airflow/.local/lib/python3.7/site-packages/airflow/example_dags/example_complex.py
[2023-03-09T15:40:45.997+0000] {processor.py:743} INFO - Processing file /home/airflow/.local/lib/python3.7/site-packages/airflow/example_dags/example_complex.py for tasks to queue
[2023-03-09T15:40:45.998+0000] {logging_mixin.py:137} INFO - [2023-03-09T15:40:45.998+0000] {dagbag.py:538} INFO - Filling up the DagBag from /home/airflow/.local/lib/python3.7/site-packages/airflow/example_dags/example_complex.py
[2023-03-09T15:40:46.020+0000] {logging_mixin.py:137} INFO - [2023-03-09T15:40:46.019+0000] {taskmixin.py:205} WARNING - Dependency <Task(BashOperator): create_entry_group>, delete_entry_group already registered for DAG: example_complex
[2023-03-09T15:40:46.020+0000] {logging_mixin.py:137} INFO - [2023-03-09T15:40:46.020+0000] {taskmixin.py:205} WARNING - Dependency <Task(BashOperator): delete_entry_group>, create_entry_group already registered for DAG: example_complex
[2023-03-09T15:40:46.020+0000] {logging_mixin.py:137} INFO - [2023-03-09T15:40:46.020+0000] {taskmixin.py:205} WARNING - Dependency <Task(BashOperator): create_entry_gcs>, delete_entry already registered for DAG: example_complex
[2023-03-09T15:40:46.021+0000] {logging_mixin.py:137} INFO - [2023-03-09T15:40:46.021+0000] {taskmixin.py:205} WARNING - Dependency <Task(BashOperator): delete_entry>, create_entry_gcs already registered for DAG: example_complex
[2023-03-09T15:40:46.022+0000] {logging_mixin.py:137} INFO - [2023-03-09T15:40:46.021+0000] {taskmixin.py:205} WARNING - Dependency <Task(BashOperator): create_tag>, delete_tag already registered for DAG: example_complex
[2023-03-09T15:40:46.022+0000] {logging_mixin.py:137} INFO - [2023-03-09T15:40:46.022+0000] {taskmixin.py:205} WARNING - Dependency <Task(BashOperator): delete_tag>, create_tag already registered for DAG: example_complex
[2023-03-09T15:40:46.035+0000] {processor.py:753} INFO - DAG(s) dict_keys(['example_complex']) retrieved from /home/airflow/.local/lib/python3.7/site-packages/airflow/example_dags/example_complex.py
[2023-03-09T15:40:46.078+0000] {logging_mixin.py:137} INFO - [2023-03-09T15:40:46.078+0000] {dag.py:2690} INFO - Sync 1 DAGs
[2023-03-09T15:40:46.114+0000] {logging_mixin.py:137} INFO - [2023-03-09T15:40:46.113+0000] {dag.py:3441} INFO - Setting next_dagrun for example_complex to None, run_after=None
[2023-03-09T15:40:46.144+0000] {processor.py:175} INFO - Processing /home/airflow/.local/lib/python3.7/site-packages/airflow/example_dags/example_complex.py took 0.152 seconds
[2023-03-09T15:41:16.313+0000] {processor.py:153} INFO - Started process (PID=473) to work on /home/airflow/.local/lib/python3.7/site-packages/airflow/example_dags/example_complex.py
[2023-03-09T15:41:16.314+0000] {processor.py:743} INFO - Processing file /home/airflow/.local/lib/python3.7/site-packages/airflow/example_dags/example_complex.py for tasks to queue
[2023-03-09T15:41:16.315+0000] {logging_mixin.py:137} INFO - [2023-03-09T15:41:16.315+0000] {dagbag.py:538} INFO - Filling up the DagBag from /home/airflow/.local/lib/python3.7/site-packages/airflow/example_dags/example_complex.py
[2023-03-09T15:41:16.337+0000] {logging_mixin.py:137} INFO - [2023-03-09T15:41:16.337+0000] {taskmixin.py:205} WARNING - Dependency <Task(BashOperator): create_entry_group>, delete_entry_group already registered for DAG: example_complex
[2023-03-09T15:41:16.337+0000] {logging_mixin.py:137} INFO - [2023-03-09T15:41:16.337+0000] {taskmixin.py:205} WARNING - Dependency <Task(BashOperator): delete_entry_group>, create_entry_group already registered for DAG: example_complex
[2023-03-09T15:41:16.337+0000] {logging_mixin.py:137} INFO - [2023-03-09T15:41:16.337+0000] {taskmixin.py:205} WARNING - Dependency <Task(BashOperator): create_entry_gcs>, delete_entry already registered for DAG: example_complex
[2023-03-09T15:41:16.338+0000] {logging_mixin.py:137} INFO - [2023-03-09T15:41:16.337+0000] {taskmixin.py:205} WARNING - Dependency <Task(BashOperator): delete_entry>, create_entry_gcs already registered for DAG: example_complex
[2023-03-09T15:41:16.338+0000] {logging_mixin.py:137} INFO - [2023-03-09T15:41:16.338+0000] {taskmixin.py:205} WARNING - Dependency <Task(BashOperator): create_tag>, delete_tag already registered for DAG: example_complex
[2023-03-09T15:41:16.338+0000] {logging_mixin.py:137} INFO - [2023-03-09T15:41:16.338+0000] {taskmixin.py:205} WARNING - Dependency <Task(BashOperator): delete_tag>, create_tag already registered for DAG: example_complex
[2023-03-09T15:41:16.348+0000] {processor.py:753} INFO - DAG(s) dict_keys(['example_complex']) retrieved from /home/airflow/.local/lib/python3.7/site-packages/airflow/example_dags/example_complex.py
[2023-03-09T15:41:16.391+0000] {logging_mixin.py:137} INFO - [2023-03-09T15:41:16.391+0000] {dag.py:2690} INFO - Sync 1 DAGs
[2023-03-09T15:41:16.430+0000] {logging_mixin.py:137} INFO - [2023-03-09T15:41:16.430+0000] {dag.py:3441} INFO - Setting next_dagrun for example_complex to None, run_after=None
[2023-03-09T15:41:16.460+0000] {processor.py:175} INFO - Processing /home/airflow/.local/lib/python3.7/site-packages/airflow/example_dags/example_complex.py took 0.151 seconds
[2023-03-09T15:41:47.243+0000] {processor.py:153} INFO - Started process (PID=537) to work on /home/airflow/.local/lib/python3.7/site-packages/airflow/example_dags/example_complex.py
[2023-03-09T15:41:47.244+0000] {processor.py:743} INFO - Processing file /home/airflow/.local/lib/python3.7/site-packages/airflow/example_dags/example_complex.py for tasks to queue
[2023-03-09T15:41:47.245+0000] {logging_mixin.py:137} INFO - [2023-03-09T15:41:47.245+0000] {dagbag.py:538} INFO - Filling up the DagBag from /home/airflow/.local/lib/python3.7/site-packages/airflow/example_dags/example_complex.py
[2023-03-09T15:41:47.320+0000] {logging_mixin.py:137} INFO - [2023-03-09T15:41:47.319+0000] {taskmixin.py:205} WARNING - Dependency <Task(BashOperator): create_entry_group>, delete_entry_group already registered for DAG: example_complex
[2023-03-09T15:41:47.320+0000] {logging_mixin.py:137} INFO - [2023-03-09T15:41:47.320+0000] {taskmixin.py:205} WARNING - Dependency <Task(BashOperator): delete_entry_group>, create_entry_group already registered for DAG: example_complex
[2023-03-09T15:41:47.321+0000] {logging_mixin.py:137} INFO - [2023-03-09T15:41:47.320+0000] {taskmixin.py:205} WARNING - Dependency <Task(BashOperator): create_entry_gcs>, delete_entry already registered for DAG: example_complex
[2023-03-09T15:41:47.321+0000] {logging_mixin.py:137} INFO - [2023-03-09T15:41:47.321+0000] {taskmixin.py:205} WARNING - Dependency <Task(BashOperator): delete_entry>, create_entry_gcs already registered for DAG: example_complex
[2023-03-09T15:41:47.322+0000] {logging_mixin.py:137} INFO - [2023-03-09T15:41:47.322+0000] {taskmixin.py:205} WARNING - Dependency <Task(BashOperator): create_tag>, delete_tag already registered for DAG: example_complex
[2023-03-09T15:41:47.330+0000] {logging_mixin.py:137} INFO - [2023-03-09T15:41:47.322+0000] {taskmixin.py:205} WARNING - Dependency <Task(BashOperator): delete_tag>, create_tag already registered for DAG: example_complex
[2023-03-09T15:41:47.371+0000] {processor.py:753} INFO - DAG(s) dict_keys(['example_complex']) retrieved from /home/airflow/.local/lib/python3.7/site-packages/airflow/example_dags/example_complex.py
[2023-03-09T15:41:47.439+0000] {logging_mixin.py:137} INFO - [2023-03-09T15:41:47.439+0000] {dag.py:2690} INFO - Sync 1 DAGs
[2023-03-09T15:41:47.484+0000] {logging_mixin.py:137} INFO - [2023-03-09T15:41:47.484+0000] {dag.py:3441} INFO - Setting next_dagrun for example_complex to None, run_after=None
[2023-03-09T15:41:47.513+0000] {processor.py:175} INFO - Processing /home/airflow/.local/lib/python3.7/site-packages/airflow/example_dags/example_complex.py took 0.280 seconds
[2023-03-09T15:42:18.175+0000] {processor.py:153} INFO - Started process (PID=611) to work on /home/airflow/.local/lib/python3.7/site-packages/airflow/example_dags/example_complex.py
[2023-03-09T15:42:18.176+0000] {processor.py:743} INFO - Processing file /home/airflow/.local/lib/python3.7/site-packages/airflow/example_dags/example_complex.py for tasks to queue
[2023-03-09T15:42:18.177+0000] {logging_mixin.py:137} INFO - [2023-03-09T15:42:18.177+0000] {dagbag.py:538} INFO - Filling up the DagBag from /home/airflow/.local/lib/python3.7/site-packages/airflow/example_dags/example_complex.py
[2023-03-09T15:42:18.200+0000] {logging_mixin.py:137} INFO - [2023-03-09T15:42:18.199+0000] {taskmixin.py:205} WARNING - Dependency <Task(BashOperator): create_entry_group>, delete_entry_group already registered for DAG: example_complex
[2023-03-09T15:42:18.200+0000] {logging_mixin.py:137} INFO - [2023-03-09T15:42:18.200+0000] {taskmixin.py:205} WARNING - Dependency <Task(BashOperator): delete_entry_group>, create_entry_group already registered for DAG: example_complex
[2023-03-09T15:42:18.201+0000] {logging_mixin.py:137} INFO - [2023-03-09T15:42:18.200+0000] {taskmixin.py:205} WARNING - Dependency <Task(BashOperator): create_entry_gcs>, delete_entry already registered for DAG: example_complex
[2023-03-09T15:42:18.201+0000] {logging_mixin.py:137} INFO - [2023-03-09T15:42:18.201+0000] {taskmixin.py:205} WARNING - Dependency <Task(BashOperator): delete_entry>, create_entry_gcs already registered for DAG: example_complex
[2023-03-09T15:42:18.202+0000] {logging_mixin.py:137} INFO - [2023-03-09T15:42:18.201+0000] {taskmixin.py:205} WARNING - Dependency <Task(BashOperator): create_tag>, delete_tag already registered for DAG: example_complex
[2023-03-09T15:42:18.202+0000] {logging_mixin.py:137} INFO - [2023-03-09T15:42:18.202+0000] {taskmixin.py:205} WARNING - Dependency <Task(BashOperator): delete_tag>, create_tag already registered for DAG: example_complex
[2023-03-09T15:42:18.216+0000] {processor.py:753} INFO - DAG(s) dict_keys(['example_complex']) retrieved from /home/airflow/.local/lib/python3.7/site-packages/airflow/example_dags/example_complex.py
[2023-03-09T15:42:18.274+0000] {logging_mixin.py:137} INFO - [2023-03-09T15:42:18.274+0000] {dag.py:2690} INFO - Sync 1 DAGs
[2023-03-09T15:42:18.332+0000] {logging_mixin.py:137} INFO - [2023-03-09T15:42:18.332+0000] {dag.py:3441} INFO - Setting next_dagrun for example_complex to None, run_after=None
[2023-03-09T15:42:18.367+0000] {processor.py:175} INFO - Processing /home/airflow/.local/lib/python3.7/site-packages/airflow/example_dags/example_complex.py took 0.195 seconds
[2023-03-09T15:42:48.989+0000] {processor.py:153} INFO - Started process (PID=676) to work on /home/airflow/.local/lib/python3.7/site-packages/airflow/example_dags/example_complex.py
[2023-03-09T15:42:48.990+0000] {processor.py:743} INFO - Processing file /home/airflow/.local/lib/python3.7/site-packages/airflow/example_dags/example_complex.py for tasks to queue
[2023-03-09T15:42:48.991+0000] {logging_mixin.py:137} INFO - [2023-03-09T15:42:48.990+0000] {dagbag.py:538} INFO - Filling up the DagBag from /home/airflow/.local/lib/python3.7/site-packages/airflow/example_dags/example_complex.py
[2023-03-09T15:42:49.006+0000] {logging_mixin.py:137} INFO - [2023-03-09T15:42:49.006+0000] {taskmixin.py:205} WARNING - Dependency <Task(BashOperator): create_entry_group>, delete_entry_group already registered for DAG: example_complex
[2023-03-09T15:42:49.006+0000] {logging_mixin.py:137} INFO - [2023-03-09T15:42:49.006+0000] {taskmixin.py:205} WARNING - Dependency <Task(BashOperator): delete_entry_group>, create_entry_group already registered for DAG: example_complex
[2023-03-09T15:42:49.007+0000] {logging_mixin.py:137} INFO - [2023-03-09T15:42:49.007+0000] {taskmixin.py:205} WARNING - Dependency <Task(BashOperator): create_entry_gcs>, delete_entry already registered for DAG: example_complex
[2023-03-09T15:42:49.007+0000] {logging_mixin.py:137} INFO - [2023-03-09T15:42:49.007+0000] {taskmixin.py:205} WARNING - Dependency <Task(BashOperator): delete_entry>, create_entry_gcs already registered for DAG: example_complex
[2023-03-09T15:42:49.007+0000] {logging_mixin.py:137} INFO - [2023-03-09T15:42:49.007+0000] {taskmixin.py:205} WARNING - Dependency <Task(BashOperator): create_tag>, delete_tag already registered for DAG: example_complex
[2023-03-09T15:42:49.008+0000] {logging_mixin.py:137} INFO - [2023-03-09T15:42:49.007+0000] {taskmixin.py:205} WARNING - Dependency <Task(BashOperator): delete_tag>, create_tag already registered for DAG: example_complex
[2023-03-09T15:42:49.017+0000] {processor.py:753} INFO - DAG(s) dict_keys(['example_complex']) retrieved from /home/airflow/.local/lib/python3.7/site-packages/airflow/example_dags/example_complex.py
[2023-03-09T15:42:49.062+0000] {logging_mixin.py:137} INFO - [2023-03-09T15:42:49.062+0000] {dag.py:2690} INFO - Sync 1 DAGs
[2023-03-09T15:42:49.098+0000] {logging_mixin.py:137} INFO - [2023-03-09T15:42:49.098+0000] {dag.py:3441} INFO - Setting next_dagrun for example_complex to None, run_after=None
[2023-03-09T15:42:49.131+0000] {processor.py:175} INFO - Processing /home/airflow/.local/lib/python3.7/site-packages/airflow/example_dags/example_complex.py took 0.146 seconds
[2023-03-09T15:43:19.167+0000] {processor.py:153} INFO - Started process (PID=740) to work on /home/airflow/.local/lib/python3.7/site-packages/airflow/example_dags/example_complex.py
[2023-03-09T15:43:19.168+0000] {processor.py:743} INFO - Processing file /home/airflow/.local/lib/python3.7/site-packages/airflow/example_dags/example_complex.py for tasks to queue
[2023-03-09T15:43:19.169+0000] {logging_mixin.py:137} INFO - [2023-03-09T15:43:19.169+0000] {dagbag.py:538} INFO - Filling up the DagBag from /home/airflow/.local/lib/python3.7/site-packages/airflow/example_dags/example_complex.py
[2023-03-09T15:43:19.183+0000] {logging_mixin.py:137} INFO - [2023-03-09T15:43:19.183+0000] {taskmixin.py:205} WARNING - Dependency <Task(BashOperator): create_entry_group>, delete_entry_group already registered for DAG: example_complex
[2023-03-09T15:43:19.184+0000] {logging_mixin.py:137} INFO - [2023-03-09T15:43:19.184+0000] {taskmixin.py:205} WARNING - Dependency <Task(BashOperator): delete_entry_group>, create_entry_group already registered for DAG: example_complex
[2023-03-09T15:43:19.184+0000] {logging_mixin.py:137} INFO - [2023-03-09T15:43:19.184+0000] {taskmixin.py:205} WARNING - Dependency <Task(BashOperator): create_entry_gcs>, delete_entry already registered for DAG: example_complex
[2023-03-09T15:43:19.185+0000] {logging_mixin.py:137} INFO - [2023-03-09T15:43:19.184+0000] {taskmixin.py:205} WARNING - Dependency <Task(BashOperator): delete_entry>, create_entry_gcs already registered for DAG: example_complex
[2023-03-09T15:43:19.185+0000] {logging_mixin.py:137} INFO - [2023-03-09T15:43:19.185+0000] {taskmixin.py:205} WARNING - Dependency <Task(BashOperator): create_tag>, delete_tag already registered for DAG: example_complex
[2023-03-09T15:43:19.186+0000] {logging_mixin.py:137} INFO - [2023-03-09T15:43:19.186+0000] {taskmixin.py:205} WARNING - Dependency <Task(BashOperator): delete_tag>, create_tag already registered for DAG: example_complex
[2023-03-09T15:43:19.199+0000] {processor.py:753} INFO - DAG(s) dict_keys(['example_complex']) retrieved from /home/airflow/.local/lib/python3.7/site-packages/airflow/example_dags/example_complex.py
[2023-03-09T15:43:19.255+0000] {logging_mixin.py:137} INFO - [2023-03-09T15:43:19.255+0000] {dag.py:2690} INFO - Sync 1 DAGs
[2023-03-09T15:43:19.302+0000] {logging_mixin.py:137} INFO - [2023-03-09T15:43:19.302+0000] {dag.py:3441} INFO - Setting next_dagrun for example_complex to None, run_after=None
[2023-03-09T15:43:19.332+0000] {processor.py:175} INFO - Processing /home/airflow/.local/lib/python3.7/site-packages/airflow/example_dags/example_complex.py took 0.170 seconds
[2023-03-09T15:43:49.382+0000] {processor.py:153} INFO - Started process (PID=803) to work on /home/airflow/.local/lib/python3.7/site-packages/airflow/example_dags/example_complex.py
[2023-03-09T15:43:49.383+0000] {processor.py:743} INFO - Processing file /home/airflow/.local/lib/python3.7/site-packages/airflow/example_dags/example_complex.py for tasks to queue
[2023-03-09T15:43:49.384+0000] {logging_mixin.py:137} INFO - [2023-03-09T15:43:49.384+0000] {dagbag.py:538} INFO - Filling up the DagBag from /home/airflow/.local/lib/python3.7/site-packages/airflow/example_dags/example_complex.py
[2023-03-09T15:43:49.409+0000] {logging_mixin.py:137} INFO - [2023-03-09T15:43:49.409+0000] {taskmixin.py:205} WARNING - Dependency <Task(BashOperator): create_entry_group>, delete_entry_group already registered for DAG: example_complex
[2023-03-09T15:43:49.409+0000] {logging_mixin.py:137} INFO - [2023-03-09T15:43:49.409+0000] {taskmixin.py:205} WARNING - Dependency <Task(BashOperator): delete_entry_group>, create_entry_group already registered for DAG: example_complex
[2023-03-09T15:43:49.410+0000] {logging_mixin.py:137} INFO - [2023-03-09T15:43:49.410+0000] {taskmixin.py:205} WARNING - Dependency <Task(BashOperator): create_entry_gcs>, delete_entry already registered for DAG: example_complex
[2023-03-09T15:43:49.410+0000] {logging_mixin.py:137} INFO - [2023-03-09T15:43:49.410+0000] {taskmixin.py:205} WARNING - Dependency <Task(BashOperator): delete_entry>, create_entry_gcs already registered for DAG: example_complex
[2023-03-09T15:43:49.411+0000] {logging_mixin.py:137} INFO - [2023-03-09T15:43:49.411+0000] {taskmixin.py:205} WARNING - Dependency <Task(BashOperator): create_tag>, delete_tag already registered for DAG: example_complex
[2023-03-09T15:43:49.411+0000] {logging_mixin.py:137} INFO - [2023-03-09T15:43:49.411+0000] {taskmixin.py:205} WARNING - Dependency <Task(BashOperator): delete_tag>, create_tag already registered for DAG: example_complex
[2023-03-09T15:43:49.424+0000] {processor.py:753} INFO - DAG(s) dict_keys(['example_complex']) retrieved from /home/airflow/.local/lib/python3.7/site-packages/airflow/example_dags/example_complex.py
[2023-03-09T15:43:49.481+0000] {logging_mixin.py:137} INFO - [2023-03-09T15:43:49.481+0000] {dag.py:2690} INFO - Sync 1 DAGs
[2023-03-09T15:43:49.530+0000] {logging_mixin.py:137} INFO - [2023-03-09T15:43:49.529+0000] {dag.py:3441} INFO - Setting next_dagrun for example_complex to None, run_after=None
[2023-03-09T15:43:49.564+0000] {processor.py:175} INFO - Processing /home/airflow/.local/lib/python3.7/site-packages/airflow/example_dags/example_complex.py took 0.186 seconds
[2023-03-09T15:44:20.221+0000] {processor.py:153} INFO - Started process (PID=865) to work on /home/airflow/.local/lib/python3.7/site-packages/airflow/example_dags/example_complex.py
[2023-03-09T15:44:20.222+0000] {processor.py:743} INFO - Processing file /home/airflow/.local/lib/python3.7/site-packages/airflow/example_dags/example_complex.py for tasks to queue
[2023-03-09T15:44:20.222+0000] {logging_mixin.py:137} INFO - [2023-03-09T15:44:20.222+0000] {dagbag.py:538} INFO - Filling up the DagBag from /home/airflow/.local/lib/python3.7/site-packages/airflow/example_dags/example_complex.py
[2023-03-09T15:44:20.237+0000] {logging_mixin.py:137} INFO - [2023-03-09T15:44:20.237+0000] {taskmixin.py:205} WARNING - Dependency <Task(BashOperator): create_entry_group>, delete_entry_group already registered for DAG: example_complex
[2023-03-09T15:44:20.237+0000] {logging_mixin.py:137} INFO - [2023-03-09T15:44:20.237+0000] {taskmixin.py:205} WARNING - Dependency <Task(BashOperator): delete_entry_group>, create_entry_group already registered for DAG: example_complex
[2023-03-09T15:44:20.238+0000] {logging_mixin.py:137} INFO - [2023-03-09T15:44:20.238+0000] {taskmixin.py:205} WARNING - Dependency <Task(BashOperator): create_entry_gcs>, delete_entry already registered for DAG: example_complex
[2023-03-09T15:44:20.238+0000] {logging_mixin.py:137} INFO - [2023-03-09T15:44:20.238+0000] {taskmixin.py:205} WARNING - Dependency <Task(BashOperator): delete_entry>, create_entry_gcs already registered for DAG: example_complex
[2023-03-09T15:44:20.238+0000] {logging_mixin.py:137} INFO - [2023-03-09T15:44:20.238+0000] {taskmixin.py:205} WARNING - Dependency <Task(BashOperator): create_tag>, delete_tag already registered for DAG: example_complex
[2023-03-09T15:44:20.239+0000] {logging_mixin.py:137} INFO - [2023-03-09T15:44:20.239+0000] {taskmixin.py:205} WARNING - Dependency <Task(BashOperator): delete_tag>, create_tag already registered for DAG: example_complex
[2023-03-09T15:44:20.249+0000] {processor.py:753} INFO - DAG(s) dict_keys(['example_complex']) retrieved from /home/airflow/.local/lib/python3.7/site-packages/airflow/example_dags/example_complex.py
[2023-03-09T15:44:20.295+0000] {logging_mixin.py:137} INFO - [2023-03-09T15:44:20.295+0000] {dag.py:2690} INFO - Sync 1 DAGs
[2023-03-09T15:44:20.336+0000] {logging_mixin.py:137} INFO - [2023-03-09T15:44:20.336+0000] {dag.py:3441} INFO - Setting next_dagrun for example_complex to None, run_after=None
[2023-03-09T15:44:20.366+0000] {processor.py:175} INFO - Processing /home/airflow/.local/lib/python3.7/site-packages/airflow/example_dags/example_complex.py took 0.148 seconds
[2023-03-09T15:44:51.274+0000] {processor.py:153} INFO - Started process (PID=936) to work on /home/airflow/.local/lib/python3.7/site-packages/airflow/example_dags/example_complex.py
[2023-03-09T15:44:51.275+0000] {processor.py:743} INFO - Processing file /home/airflow/.local/lib/python3.7/site-packages/airflow/example_dags/example_complex.py for tasks to queue
[2023-03-09T15:44:51.276+0000] {logging_mixin.py:137} INFO - [2023-03-09T15:44:51.276+0000] {dagbag.py:538} INFO - Filling up the DagBag from /home/airflow/.local/lib/python3.7/site-packages/airflow/example_dags/example_complex.py
[2023-03-09T15:44:51.301+0000] {logging_mixin.py:137} INFO - [2023-03-09T15:44:51.301+0000] {taskmixin.py:205} WARNING - Dependency <Task(BashOperator): create_entry_group>, delete_entry_group already registered for DAG: example_complex
[2023-03-09T15:44:51.302+0000] {logging_mixin.py:137} INFO - [2023-03-09T15:44:51.302+0000] {taskmixin.py:205} WARNING - Dependency <Task(BashOperator): delete_entry_group>, create_entry_group already registered for DAG: example_complex
[2023-03-09T15:44:51.302+0000] {logging_mixin.py:137} INFO - [2023-03-09T15:44:51.302+0000] {taskmixin.py:205} WARNING - Dependency <Task(BashOperator): create_entry_gcs>, delete_entry already registered for DAG: example_complex
[2023-03-09T15:44:51.302+0000] {logging_mixin.py:137} INFO - [2023-03-09T15:44:51.302+0000] {taskmixin.py:205} WARNING - Dependency <Task(BashOperator): delete_entry>, create_entry_gcs already registered for DAG: example_complex
[2023-03-09T15:44:51.303+0000] {logging_mixin.py:137} INFO - [2023-03-09T15:44:51.303+0000] {taskmixin.py:205} WARNING - Dependency <Task(BashOperator): create_tag>, delete_tag already registered for DAG: example_complex
[2023-03-09T15:44:51.304+0000] {logging_mixin.py:137} INFO - [2023-03-09T15:44:51.303+0000] {taskmixin.py:205} WARNING - Dependency <Task(BashOperator): delete_tag>, create_tag already registered for DAG: example_complex
[2023-03-09T15:44:51.317+0000] {processor.py:753} INFO - DAG(s) dict_keys(['example_complex']) retrieved from /home/airflow/.local/lib/python3.7/site-packages/airflow/example_dags/example_complex.py
[2023-03-09T15:44:51.371+0000] {logging_mixin.py:137} INFO - [2023-03-09T15:44:51.371+0000] {dag.py:2690} INFO - Sync 1 DAGs
[2023-03-09T15:44:51.428+0000] {logging_mixin.py:137} INFO - [2023-03-09T15:44:51.428+0000] {dag.py:3441} INFO - Setting next_dagrun for example_complex to None, run_after=None
[2023-03-09T15:44:51.465+0000] {processor.py:175} INFO - Processing /home/airflow/.local/lib/python3.7/site-packages/airflow/example_dags/example_complex.py took 0.198 seconds
[2023-03-09T15:45:22.530+0000] {processor.py:153} INFO - Started process (PID=1002) to work on /home/airflow/.local/lib/python3.7/site-packages/airflow/example_dags/example_complex.py
[2023-03-09T15:45:22.531+0000] {processor.py:743} INFO - Processing file /home/airflow/.local/lib/python3.7/site-packages/airflow/example_dags/example_complex.py for tasks to queue
[2023-03-09T15:45:22.532+0000] {logging_mixin.py:137} INFO - [2023-03-09T15:45:22.531+0000] {dagbag.py:538} INFO - Filling up the DagBag from /home/airflow/.local/lib/python3.7/site-packages/airflow/example_dags/example_complex.py
[2023-03-09T15:45:22.555+0000] {logging_mixin.py:137} INFO - [2023-03-09T15:45:22.555+0000] {taskmixin.py:205} WARNING - Dependency <Task(BashOperator): create_entry_group>, delete_entry_group already registered for DAG: example_complex
[2023-03-09T15:45:22.555+0000] {logging_mixin.py:137} INFO - [2023-03-09T15:45:22.555+0000] {taskmixin.py:205} WARNING - Dependency <Task(BashOperator): delete_entry_group>, create_entry_group already registered for DAG: example_complex
[2023-03-09T15:45:22.556+0000] {logging_mixin.py:137} INFO - [2023-03-09T15:45:22.556+0000] {taskmixin.py:205} WARNING - Dependency <Task(BashOperator): create_entry_gcs>, delete_entry already registered for DAG: example_complex
[2023-03-09T15:45:22.556+0000] {logging_mixin.py:137} INFO - [2023-03-09T15:45:22.556+0000] {taskmixin.py:205} WARNING - Dependency <Task(BashOperator): delete_entry>, create_entry_gcs already registered for DAG: example_complex
[2023-03-09T15:45:22.557+0000] {logging_mixin.py:137} INFO - [2023-03-09T15:45:22.557+0000] {taskmixin.py:205} WARNING - Dependency <Task(BashOperator): create_tag>, delete_tag already registered for DAG: example_complex
[2023-03-09T15:45:22.557+0000] {logging_mixin.py:137} INFO - [2023-03-09T15:45:22.557+0000] {taskmixin.py:205} WARNING - Dependency <Task(BashOperator): delete_tag>, create_tag already registered for DAG: example_complex
[2023-03-09T15:45:22.571+0000] {processor.py:753} INFO - DAG(s) dict_keys(['example_complex']) retrieved from /home/airflow/.local/lib/python3.7/site-packages/airflow/example_dags/example_complex.py
[2023-03-09T15:45:22.657+0000] {logging_mixin.py:137} INFO - [2023-03-09T15:45:22.657+0000] {dag.py:2690} INFO - Sync 1 DAGs
[2023-03-09T15:45:22.750+0000] {logging_mixin.py:137} INFO - [2023-03-09T15:45:22.750+0000] {dag.py:3441} INFO - Setting next_dagrun for example_complex to None, run_after=None
[2023-03-09T15:45:22.799+0000] {processor.py:175} INFO - Processing /home/airflow/.local/lib/python3.7/site-packages/airflow/example_dags/example_complex.py took 0.274 seconds
[2023-03-09T15:45:53.416+0000] {processor.py:153} INFO - Started process (PID=1069) to work on /home/airflow/.local/lib/python3.7/site-packages/airflow/example_dags/example_complex.py
[2023-03-09T15:45:53.417+0000] {processor.py:743} INFO - Processing file /home/airflow/.local/lib/python3.7/site-packages/airflow/example_dags/example_complex.py for tasks to queue
[2023-03-09T15:45:53.418+0000] {logging_mixin.py:137} INFO - [2023-03-09T15:45:53.418+0000] {dagbag.py:538} INFO - Filling up the DagBag from /home/airflow/.local/lib/python3.7/site-packages/airflow/example_dags/example_complex.py
[2023-03-09T15:45:53.454+0000] {logging_mixin.py:137} INFO - [2023-03-09T15:45:53.454+0000] {taskmixin.py:205} WARNING - Dependency <Task(BashOperator): create_entry_group>, delete_entry_group already registered for DAG: example_complex
[2023-03-09T15:45:53.455+0000] {logging_mixin.py:137} INFO - [2023-03-09T15:45:53.454+0000] {taskmixin.py:205} WARNING - Dependency <Task(BashOperator): delete_entry_group>, create_entry_group already registered for DAG: example_complex
[2023-03-09T15:45:53.459+0000] {logging_mixin.py:137} INFO - [2023-03-09T15:45:53.459+0000] {taskmixin.py:205} WARNING - Dependency <Task(BashOperator): create_entry_gcs>, delete_entry already registered for DAG: example_complex
[2023-03-09T15:45:53.460+0000] {logging_mixin.py:137} INFO - [2023-03-09T15:45:53.459+0000] {taskmixin.py:205} WARNING - Dependency <Task(BashOperator): delete_entry>, create_entry_gcs already registered for DAG: example_complex
[2023-03-09T15:45:53.462+0000] {logging_mixin.py:137} INFO - [2023-03-09T15:45:53.462+0000] {taskmixin.py:205} WARNING - Dependency <Task(BashOperator): create_tag>, delete_tag already registered for DAG: example_complex
[2023-03-09T15:45:53.462+0000] {logging_mixin.py:137} INFO - [2023-03-09T15:45:53.462+0000] {taskmixin.py:205} WARNING - Dependency <Task(BashOperator): delete_tag>, create_tag already registered for DAG: example_complex
[2023-03-09T15:45:53.479+0000] {processor.py:753} INFO - DAG(s) dict_keys(['example_complex']) retrieved from /home/airflow/.local/lib/python3.7/site-packages/airflow/example_dags/example_complex.py
[2023-03-09T15:45:53.551+0000] {logging_mixin.py:137} INFO - [2023-03-09T15:45:53.551+0000] {dag.py:2690} INFO - Sync 1 DAGs
[2023-03-09T15:45:53.605+0000] {logging_mixin.py:137} INFO - [2023-03-09T15:45:53.605+0000] {dag.py:3441} INFO - Setting next_dagrun for example_complex to None, run_after=None
[2023-03-09T15:45:53.635+0000] {processor.py:175} INFO - Processing /home/airflow/.local/lib/python3.7/site-packages/airflow/example_dags/example_complex.py took 0.224 seconds
[2023-03-09T15:46:24.400+0000] {processor.py:153} INFO - Started process (PID=1132) to work on /home/airflow/.local/lib/python3.7/site-packages/airflow/example_dags/example_complex.py
[2023-03-09T15:46:24.401+0000] {processor.py:743} INFO - Processing file /home/airflow/.local/lib/python3.7/site-packages/airflow/example_dags/example_complex.py for tasks to queue
[2023-03-09T15:46:24.402+0000] {logging_mixin.py:137} INFO - [2023-03-09T15:46:24.402+0000] {dagbag.py:538} INFO - Filling up the DagBag from /home/airflow/.local/lib/python3.7/site-packages/airflow/example_dags/example_complex.py
[2023-03-09T15:46:24.423+0000] {logging_mixin.py:137} INFO - [2023-03-09T15:46:24.423+0000] {taskmixin.py:205} WARNING - Dependency <Task(BashOperator): create_entry_group>, delete_entry_group already registered for DAG: example_complex
[2023-03-09T15:46:24.424+0000] {logging_mixin.py:137} INFO - [2023-03-09T15:46:24.423+0000] {taskmixin.py:205} WARNING - Dependency <Task(BashOperator): delete_entry_group>, create_entry_group already registered for DAG: example_complex
[2023-03-09T15:46:24.424+0000] {logging_mixin.py:137} INFO - [2023-03-09T15:46:24.424+0000] {taskmixin.py:205} WARNING - Dependency <Task(BashOperator): create_entry_gcs>, delete_entry already registered for DAG: example_complex
[2023-03-09T15:46:24.424+0000] {logging_mixin.py:137} INFO - [2023-03-09T15:46:24.424+0000] {taskmixin.py:205} WARNING - Dependency <Task(BashOperator): delete_entry>, create_entry_gcs already registered for DAG: example_complex
[2023-03-09T15:46:24.425+0000] {logging_mixin.py:137} INFO - [2023-03-09T15:46:24.425+0000] {taskmixin.py:205} WARNING - Dependency <Task(BashOperator): create_tag>, delete_tag already registered for DAG: example_complex
[2023-03-09T15:46:24.425+0000] {logging_mixin.py:137} INFO - [2023-03-09T15:46:24.425+0000] {taskmixin.py:205} WARNING - Dependency <Task(BashOperator): delete_tag>, create_tag already registered for DAG: example_complex
[2023-03-09T15:46:24.439+0000] {processor.py:753} INFO - DAG(s) dict_keys(['example_complex']) retrieved from /home/airflow/.local/lib/python3.7/site-packages/airflow/example_dags/example_complex.py
[2023-03-09T15:46:24.497+0000] {logging_mixin.py:137} INFO - [2023-03-09T15:46:24.497+0000] {dag.py:2690} INFO - Sync 1 DAGs
[2023-03-09T15:46:24.549+0000] {logging_mixin.py:137} INFO - [2023-03-09T15:46:24.549+0000] {dag.py:3441} INFO - Setting next_dagrun for example_complex to None, run_after=None
[2023-03-09T15:46:24.575+0000] {processor.py:175} INFO - Processing /home/airflow/.local/lib/python3.7/site-packages/airflow/example_dags/example_complex.py took 0.180 seconds
[2023-03-09T15:46:55.369+0000] {processor.py:153} INFO - Started process (PID=1195) to work on /home/airflow/.local/lib/python3.7/site-packages/airflow/example_dags/example_complex.py
[2023-03-09T15:46:55.369+0000] {processor.py:743} INFO - Processing file /home/airflow/.local/lib/python3.7/site-packages/airflow/example_dags/example_complex.py for tasks to queue
[2023-03-09T15:46:55.370+0000] {logging_mixin.py:137} INFO - [2023-03-09T15:46:55.370+0000] {dagbag.py:538} INFO - Filling up the DagBag from /home/airflow/.local/lib/python3.7/site-packages/airflow/example_dags/example_complex.py
[2023-03-09T15:46:55.384+0000] {logging_mixin.py:137} INFO - [2023-03-09T15:46:55.384+0000] {taskmixin.py:205} WARNING - Dependency <Task(BashOperator): create_entry_group>, delete_entry_group already registered for DAG: example_complex
[2023-03-09T15:46:55.384+0000] {logging_mixin.py:137} INFO - [2023-03-09T15:46:55.384+0000] {taskmixin.py:205} WARNING - Dependency <Task(BashOperator): delete_entry_group>, create_entry_group already registered for DAG: example_complex
[2023-03-09T15:46:55.385+0000] {logging_mixin.py:137} INFO - [2023-03-09T15:46:55.385+0000] {taskmixin.py:205} WARNING - Dependency <Task(BashOperator): create_entry_gcs>, delete_entry already registered for DAG: example_complex
[2023-03-09T15:46:55.385+0000] {logging_mixin.py:137} INFO - [2023-03-09T15:46:55.385+0000] {taskmixin.py:205} WARNING - Dependency <Task(BashOperator): delete_entry>, create_entry_gcs already registered for DAG: example_complex
[2023-03-09T15:46:55.386+0000] {logging_mixin.py:137} INFO - [2023-03-09T15:46:55.385+0000] {taskmixin.py:205} WARNING - Dependency <Task(BashOperator): create_tag>, delete_tag already registered for DAG: example_complex
[2023-03-09T15:46:55.386+0000] {logging_mixin.py:137} INFO - [2023-03-09T15:46:55.386+0000] {taskmixin.py:205} WARNING - Dependency <Task(BashOperator): delete_tag>, create_tag already registered for DAG: example_complex
[2023-03-09T15:46:55.396+0000] {processor.py:753} INFO - DAG(s) dict_keys(['example_complex']) retrieved from /home/airflow/.local/lib/python3.7/site-packages/airflow/example_dags/example_complex.py
[2023-03-09T15:46:55.448+0000] {logging_mixin.py:137} INFO - [2023-03-09T15:46:55.448+0000] {dag.py:2690} INFO - Sync 1 DAGs
[2023-03-09T15:46:55.494+0000] {logging_mixin.py:137} INFO - [2023-03-09T15:46:55.494+0000] {dag.py:3441} INFO - Setting next_dagrun for example_complex to None, run_after=None
[2023-03-09T15:46:55.523+0000] {processor.py:175} INFO - Processing /home/airflow/.local/lib/python3.7/site-packages/airflow/example_dags/example_complex.py took 0.158 seconds
[2023-03-09T15:47:26.490+0000] {processor.py:153} INFO - Started process (PID=1258) to work on /home/airflow/.local/lib/python3.7/site-packages/airflow/example_dags/example_complex.py
[2023-03-09T15:47:26.491+0000] {processor.py:743} INFO - Processing file /home/airflow/.local/lib/python3.7/site-packages/airflow/example_dags/example_complex.py for tasks to queue
[2023-03-09T15:47:26.492+0000] {logging_mixin.py:137} INFO - [2023-03-09T15:47:26.492+0000] {dagbag.py:538} INFO - Filling up the DagBag from /home/airflow/.local/lib/python3.7/site-packages/airflow/example_dags/example_complex.py
[2023-03-09T15:47:26.511+0000] {logging_mixin.py:137} INFO - [2023-03-09T15:47:26.511+0000] {taskmixin.py:205} WARNING - Dependency <Task(BashOperator): create_entry_group>, delete_entry_group already registered for DAG: example_complex
[2023-03-09T15:47:26.512+0000] {logging_mixin.py:137} INFO - [2023-03-09T15:47:26.512+0000] {taskmixin.py:205} WARNING - Dependency <Task(BashOperator): delete_entry_group>, create_entry_group already registered for DAG: example_complex
[2023-03-09T15:47:26.512+0000] {logging_mixin.py:137} INFO - [2023-03-09T15:47:26.512+0000] {taskmixin.py:205} WARNING - Dependency <Task(BashOperator): create_entry_gcs>, delete_entry already registered for DAG: example_complex
[2023-03-09T15:47:26.512+0000] {logging_mixin.py:137} INFO - [2023-03-09T15:47:26.512+0000] {taskmixin.py:205} WARNING - Dependency <Task(BashOperator): delete_entry>, create_entry_gcs already registered for DAG: example_complex
[2023-03-09T15:47:26.513+0000] {logging_mixin.py:137} INFO - [2023-03-09T15:47:26.513+0000] {taskmixin.py:205} WARNING - Dependency <Task(BashOperator): create_tag>, delete_tag already registered for DAG: example_complex
[2023-03-09T15:47:26.513+0000] {logging_mixin.py:137} INFO - [2023-03-09T15:47:26.513+0000] {taskmixin.py:205} WARNING - Dependency <Task(BashOperator): delete_tag>, create_tag already registered for DAG: example_complex
[2023-03-09T15:47:26.522+0000] {processor.py:753} INFO - DAG(s) dict_keys(['example_complex']) retrieved from /home/airflow/.local/lib/python3.7/site-packages/airflow/example_dags/example_complex.py
[2023-03-09T15:47:26.612+0000] {logging_mixin.py:137} INFO - [2023-03-09T15:47:26.611+0000] {dag.py:2690} INFO - Sync 1 DAGs
[2023-03-09T15:47:26.660+0000] {logging_mixin.py:137} INFO - [2023-03-09T15:47:26.660+0000] {dag.py:3441} INFO - Setting next_dagrun for example_complex to None, run_after=None
[2023-03-09T15:47:26.700+0000] {processor.py:175} INFO - Processing /home/airflow/.local/lib/python3.7/site-packages/airflow/example_dags/example_complex.py took 0.213 seconds
[2023-03-09T15:47:57.156+0000] {processor.py:153} INFO - Started process (PID=1332) to work on /home/airflow/.local/lib/python3.7/site-packages/airflow/example_dags/example_complex.py
[2023-03-09T15:47:57.164+0000] {processor.py:743} INFO - Processing file /home/airflow/.local/lib/python3.7/site-packages/airflow/example_dags/example_complex.py for tasks to queue
[2023-03-09T15:47:57.165+0000] {logging_mixin.py:137} INFO - [2023-03-09T15:47:57.165+0000] {dagbag.py:538} INFO - Filling up the DagBag from /home/airflow/.local/lib/python3.7/site-packages/airflow/example_dags/example_complex.py
[2023-03-09T15:47:57.201+0000] {logging_mixin.py:137} INFO - [2023-03-09T15:47:57.201+0000] {taskmixin.py:205} WARNING - Dependency <Task(BashOperator): create_entry_group>, delete_entry_group already registered for DAG: example_complex
[2023-03-09T15:47:57.202+0000] {logging_mixin.py:137} INFO - [2023-03-09T15:47:57.201+0000] {taskmixin.py:205} WARNING - Dependency <Task(BashOperator): delete_entry_group>, create_entry_group already registered for DAG: example_complex
[2023-03-09T15:47:57.202+0000] {logging_mixin.py:137} INFO - [2023-03-09T15:47:57.202+0000] {taskmixin.py:205} WARNING - Dependency <Task(BashOperator): create_entry_gcs>, delete_entry already registered for DAG: example_complex
[2023-03-09T15:47:57.202+0000] {logging_mixin.py:137} INFO - [2023-03-09T15:47:57.202+0000] {taskmixin.py:205} WARNING - Dependency <Task(BashOperator): delete_entry>, create_entry_gcs already registered for DAG: example_complex
[2023-03-09T15:47:57.205+0000] {logging_mixin.py:137} INFO - [2023-03-09T15:47:57.205+0000] {taskmixin.py:205} WARNING - Dependency <Task(BashOperator): create_tag>, delete_tag already registered for DAG: example_complex
[2023-03-09T15:47:57.206+0000] {logging_mixin.py:137} INFO - [2023-03-09T15:47:57.205+0000] {taskmixin.py:205} WARNING - Dependency <Task(BashOperator): delete_tag>, create_tag already registered for DAG: example_complex
[2023-03-09T15:47:57.219+0000] {processor.py:753} INFO - DAG(s) dict_keys(['example_complex']) retrieved from /home/airflow/.local/lib/python3.7/site-packages/airflow/example_dags/example_complex.py
[2023-03-09T15:47:57.286+0000] {logging_mixin.py:137} INFO - [2023-03-09T15:47:57.286+0000] {dag.py:2690} INFO - Sync 1 DAGs
[2023-03-09T15:47:57.339+0000] {logging_mixin.py:137} INFO - [2023-03-09T15:47:57.339+0000] {dag.py:3441} INFO - Setting next_dagrun for example_complex to None, run_after=None
[2023-03-09T15:47:57.373+0000] {processor.py:175} INFO - Processing /home/airflow/.local/lib/python3.7/site-packages/airflow/example_dags/example_complex.py took 0.223 seconds
[2023-03-09T15:48:28.442+0000] {processor.py:153} INFO - Started process (PID=1395) to work on /home/airflow/.local/lib/python3.7/site-packages/airflow/example_dags/example_complex.py
[2023-03-09T15:48:28.460+0000] {processor.py:743} INFO - Processing file /home/airflow/.local/lib/python3.7/site-packages/airflow/example_dags/example_complex.py for tasks to queue
[2023-03-09T15:48:28.461+0000] {logging_mixin.py:137} INFO - [2023-03-09T15:48:28.461+0000] {dagbag.py:538} INFO - Filling up the DagBag from /home/airflow/.local/lib/python3.7/site-packages/airflow/example_dags/example_complex.py
[2023-03-09T15:48:28.543+0000] {logging_mixin.py:137} INFO - [2023-03-09T15:48:28.543+0000] {taskmixin.py:205} WARNING - Dependency <Task(BashOperator): create_entry_group>, delete_entry_group already registered for DAG: example_complex
[2023-03-09T15:48:28.560+0000] {logging_mixin.py:137} INFO - [2023-03-09T15:48:28.544+0000] {taskmixin.py:205} WARNING - Dependency <Task(BashOperator): delete_entry_group>, create_entry_group already registered for DAG: example_complex
[2023-03-09T15:48:28.560+0000] {logging_mixin.py:137} INFO - [2023-03-09T15:48:28.560+0000] {taskmixin.py:205} WARNING - Dependency <Task(BashOperator): create_entry_gcs>, delete_entry already registered for DAG: example_complex
[2023-03-09T15:48:28.561+0000] {logging_mixin.py:137} INFO - [2023-03-09T15:48:28.561+0000] {taskmixin.py:205} WARNING - Dependency <Task(BashOperator): delete_entry>, create_entry_gcs already registered for DAG: example_complex
[2023-03-09T15:48:28.561+0000] {logging_mixin.py:137} INFO - [2023-03-09T15:48:28.561+0000] {taskmixin.py:205} WARNING - Dependency <Task(BashOperator): create_tag>, delete_tag already registered for DAG: example_complex
[2023-03-09T15:48:28.562+0000] {logging_mixin.py:137} INFO - [2023-03-09T15:48:28.562+0000] {taskmixin.py:205} WARNING - Dependency <Task(BashOperator): delete_tag>, create_tag already registered for DAG: example_complex
[2023-03-09T15:48:28.607+0000] {processor.py:753} INFO - DAG(s) dict_keys(['example_complex']) retrieved from /home/airflow/.local/lib/python3.7/site-packages/airflow/example_dags/example_complex.py
[2023-03-09T15:48:28.701+0000] {logging_mixin.py:137} INFO - [2023-03-09T15:48:28.701+0000] {dag.py:2690} INFO - Sync 1 DAGs
[2023-03-09T15:48:28.770+0000] {logging_mixin.py:137} INFO - [2023-03-09T15:48:28.770+0000] {dag.py:3441} INFO - Setting next_dagrun for example_complex to None, run_after=None
[2023-03-09T15:48:28.810+0000] {processor.py:175} INFO - Processing /home/airflow/.local/lib/python3.7/site-packages/airflow/example_dags/example_complex.py took 0.402 seconds
[2023-03-09T15:48:58.910+0000] {processor.py:153} INFO - Started process (PID=1457) to work on /home/airflow/.local/lib/python3.7/site-packages/airflow/example_dags/example_complex.py
[2023-03-09T15:48:58.911+0000] {processor.py:743} INFO - Processing file /home/airflow/.local/lib/python3.7/site-packages/airflow/example_dags/example_complex.py for tasks to queue
[2023-03-09T15:48:58.912+0000] {logging_mixin.py:137} INFO - [2023-03-09T15:48:58.912+0000] {dagbag.py:538} INFO - Filling up the DagBag from /home/airflow/.local/lib/python3.7/site-packages/airflow/example_dags/example_complex.py
[2023-03-09T15:48:58.927+0000] {logging_mixin.py:137} INFO - [2023-03-09T15:48:58.926+0000] {taskmixin.py:205} WARNING - Dependency <Task(BashOperator): create_entry_group>, delete_entry_group already registered for DAG: example_complex
[2023-03-09T15:48:58.927+0000] {logging_mixin.py:137} INFO - [2023-03-09T15:48:58.927+0000] {taskmixin.py:205} WARNING - Dependency <Task(BashOperator): delete_entry_group>, create_entry_group already registered for DAG: example_complex
[2023-03-09T15:48:58.927+0000] {logging_mixin.py:137} INFO - [2023-03-09T15:48:58.927+0000] {taskmixin.py:205} WARNING - Dependency <Task(BashOperator): create_entry_gcs>, delete_entry already registered for DAG: example_complex
[2023-03-09T15:48:58.927+0000] {logging_mixin.py:137} INFO - [2023-03-09T15:48:58.927+0000] {taskmixin.py:205} WARNING - Dependency <Task(BashOperator): delete_entry>, create_entry_gcs already registered for DAG: example_complex
[2023-03-09T15:48:58.928+0000] {logging_mixin.py:137} INFO - [2023-03-09T15:48:58.928+0000] {taskmixin.py:205} WARNING - Dependency <Task(BashOperator): create_tag>, delete_tag already registered for DAG: example_complex
[2023-03-09T15:48:58.928+0000] {logging_mixin.py:137} INFO - [2023-03-09T15:48:58.928+0000] {taskmixin.py:205} WARNING - Dependency <Task(BashOperator): delete_tag>, create_tag already registered for DAG: example_complex
[2023-03-09T15:48:58.937+0000] {processor.py:753} INFO - DAG(s) dict_keys(['example_complex']) retrieved from /home/airflow/.local/lib/python3.7/site-packages/airflow/example_dags/example_complex.py
[2023-03-09T15:48:58.976+0000] {logging_mixin.py:137} INFO - [2023-03-09T15:48:58.975+0000] {dag.py:2690} INFO - Sync 1 DAGs
[2023-03-09T15:48:59.011+0000] {logging_mixin.py:137} INFO - [2023-03-09T15:48:59.011+0000] {dag.py:3441} INFO - Setting next_dagrun for example_complex to None, run_after=None
[2023-03-09T15:48:59.034+0000] {processor.py:175} INFO - Processing /home/airflow/.local/lib/python3.7/site-packages/airflow/example_dags/example_complex.py took 0.127 seconds
[2023-03-09T15:49:29.637+0000] {processor.py:153} INFO - Started process (PID=1519) to work on /home/airflow/.local/lib/python3.7/site-packages/airflow/example_dags/example_complex.py
[2023-03-09T15:49:29.638+0000] {processor.py:743} INFO - Processing file /home/airflow/.local/lib/python3.7/site-packages/airflow/example_dags/example_complex.py for tasks to queue
[2023-03-09T15:49:29.638+0000] {logging_mixin.py:137} INFO - [2023-03-09T15:49:29.638+0000] {dagbag.py:538} INFO - Filling up the DagBag from /home/airflow/.local/lib/python3.7/site-packages/airflow/example_dags/example_complex.py
[2023-03-09T15:49:29.653+0000] {logging_mixin.py:137} INFO - [2023-03-09T15:49:29.653+0000] {taskmixin.py:205} WARNING - Dependency <Task(BashOperator): create_entry_group>, delete_entry_group already registered for DAG: example_complex
[2023-03-09T15:49:29.653+0000] {logging_mixin.py:137} INFO - [2023-03-09T15:49:29.653+0000] {taskmixin.py:205} WARNING - Dependency <Task(BashOperator): delete_entry_group>, create_entry_group already registered for DAG: example_complex
[2023-03-09T15:49:29.654+0000] {logging_mixin.py:137} INFO - [2023-03-09T15:49:29.654+0000] {taskmixin.py:205} WARNING - Dependency <Task(BashOperator): create_entry_gcs>, delete_entry already registered for DAG: example_complex
[2023-03-09T15:49:29.654+0000] {logging_mixin.py:137} INFO - [2023-03-09T15:49:29.654+0000] {taskmixin.py:205} WARNING - Dependency <Task(BashOperator): delete_entry>, create_entry_gcs already registered for DAG: example_complex
[2023-03-09T15:49:29.654+0000] {logging_mixin.py:137} INFO - [2023-03-09T15:49:29.654+0000] {taskmixin.py:205} WARNING - Dependency <Task(BashOperator): create_tag>, delete_tag already registered for DAG: example_complex
[2023-03-09T15:49:29.655+0000] {logging_mixin.py:137} INFO - [2023-03-09T15:49:29.655+0000] {taskmixin.py:205} WARNING - Dependency <Task(BashOperator): delete_tag>, create_tag already registered for DAG: example_complex
[2023-03-09T15:49:29.665+0000] {processor.py:753} INFO - DAG(s) dict_keys(['example_complex']) retrieved from /home/airflow/.local/lib/python3.7/site-packages/airflow/example_dags/example_complex.py
[2023-03-09T15:49:29.719+0000] {logging_mixin.py:137} INFO - [2023-03-09T15:49:29.719+0000] {dag.py:2690} INFO - Sync 1 DAGs
[2023-03-09T15:49:29.763+0000] {logging_mixin.py:137} INFO - [2023-03-09T15:49:29.762+0000] {dag.py:3441} INFO - Setting next_dagrun for example_complex to None, run_after=None
[2023-03-09T15:49:29.793+0000] {processor.py:175} INFO - Processing /home/airflow/.local/lib/python3.7/site-packages/airflow/example_dags/example_complex.py took 0.159 seconds
