[2023-03-09T15:38:11.185+0000] {processor.py:153} INFO - Started process (PID=78) to work on /home/airflow/.local/lib/python3.7/site-packages/airflow/example_dags/example_branch_operator.py
[2023-03-09T15:38:11.186+0000] {processor.py:743} INFO - Processing file /home/airflow/.local/lib/python3.7/site-packages/airflow/example_dags/example_branch_operator.py for tasks to queue
[2023-03-09T15:38:11.187+0000] {logging_mixin.py:137} INFO - [2023-03-09T15:38:11.186+0000] {dagbag.py:538} INFO - Filling up the DagBag from /home/airflow/.local/lib/python3.7/site-packages/airflow/example_dags/example_branch_operator.py
[2023-03-09T15:38:11.250+0000] {processor.py:753} INFO - DAG(s) dict_keys(['example_branch_operator']) retrieved from /home/airflow/.local/lib/python3.7/site-packages/airflow/example_dags/example_branch_operator.py
[2023-03-09T15:38:11.353+0000] {logging_mixin.py:137} INFO - [2023-03-09T15:38:11.352+0000] {dag.py:2690} INFO - Sync 1 DAGs
[2023-03-09T15:38:11.494+0000] {logging_mixin.py:137} INFO - [2023-03-09T15:38:11.494+0000] {dag.py:3441} INFO - Setting next_dagrun for example_branch_operator to 2023-03-08T00:00:00+00:00, run_after=2023-03-09T00:00:00+00:00
[2023-03-09T15:38:11.602+0000] {processor.py:175} INFO - Processing /home/airflow/.local/lib/python3.7/site-packages/airflow/example_dags/example_branch_operator.py took 0.430 seconds
[2023-03-09T15:38:41.985+0000] {processor.py:153} INFO - Started process (PID=144) to work on /home/airflow/.local/lib/python3.7/site-packages/airflow/example_dags/example_branch_operator.py
[2023-03-09T15:38:41.986+0000] {processor.py:743} INFO - Processing file /home/airflow/.local/lib/python3.7/site-packages/airflow/example_dags/example_branch_operator.py for tasks to queue
[2023-03-09T15:38:41.986+0000] {logging_mixin.py:137} INFO - [2023-03-09T15:38:41.986+0000] {dagbag.py:538} INFO - Filling up the DagBag from /home/airflow/.local/lib/python3.7/site-packages/airflow/example_dags/example_branch_operator.py
[2023-03-09T15:38:42.008+0000] {processor.py:753} INFO - DAG(s) dict_keys(['example_branch_operator']) retrieved from /home/airflow/.local/lib/python3.7/site-packages/airflow/example_dags/example_branch_operator.py
[2023-03-09T15:38:42.040+0000] {logging_mixin.py:137} INFO - [2023-03-09T15:38:42.039+0000] {dag.py:2690} INFO - Sync 1 DAGs
[2023-03-09T15:38:42.103+0000] {logging_mixin.py:137} INFO - [2023-03-09T15:38:42.102+0000] {dag.py:3441} INFO - Setting next_dagrun for example_branch_operator to 2023-03-08T00:00:00+00:00, run_after=2023-03-09T00:00:00+00:00
[2023-03-09T15:38:42.147+0000] {processor.py:175} INFO - Processing /home/airflow/.local/lib/python3.7/site-packages/airflow/example_dags/example_branch_operator.py took 0.166 seconds
[2023-03-09T15:39:12.659+0000] {processor.py:153} INFO - Started process (PID=206) to work on /home/airflow/.local/lib/python3.7/site-packages/airflow/example_dags/example_branch_operator.py
[2023-03-09T15:39:12.660+0000] {processor.py:743} INFO - Processing file /home/airflow/.local/lib/python3.7/site-packages/airflow/example_dags/example_branch_operator.py for tasks to queue
[2023-03-09T15:39:12.660+0000] {logging_mixin.py:137} INFO - [2023-03-09T15:39:12.660+0000] {dagbag.py:538} INFO - Filling up the DagBag from /home/airflow/.local/lib/python3.7/site-packages/airflow/example_dags/example_branch_operator.py
[2023-03-09T15:39:12.683+0000] {processor.py:753} INFO - DAG(s) dict_keys(['example_branch_operator']) retrieved from /home/airflow/.local/lib/python3.7/site-packages/airflow/example_dags/example_branch_operator.py
[2023-03-09T15:39:12.751+0000] {logging_mixin.py:137} INFO - [2023-03-09T15:39:12.750+0000] {dag.py:2690} INFO - Sync 1 DAGs
[2023-03-09T15:39:12.793+0000] {logging_mixin.py:137} INFO - [2023-03-09T15:39:12.792+0000] {dag.py:3441} INFO - Setting next_dagrun for example_branch_operator to 2023-03-08T00:00:00+00:00, run_after=2023-03-09T00:00:00+00:00
[2023-03-09T15:39:12.833+0000] {processor.py:175} INFO - Processing /home/airflow/.local/lib/python3.7/site-packages/airflow/example_dags/example_branch_operator.py took 0.179 seconds
[2023-03-09T15:39:43.010+0000] {processor.py:153} INFO - Started process (PID=269) to work on /home/airflow/.local/lib/python3.7/site-packages/airflow/example_dags/example_branch_operator.py
[2023-03-09T15:39:43.011+0000] {processor.py:743} INFO - Processing file /home/airflow/.local/lib/python3.7/site-packages/airflow/example_dags/example_branch_operator.py for tasks to queue
[2023-03-09T15:39:43.011+0000] {logging_mixin.py:137} INFO - [2023-03-09T15:39:43.011+0000] {dagbag.py:538} INFO - Filling up the DagBag from /home/airflow/.local/lib/python3.7/site-packages/airflow/example_dags/example_branch_operator.py
[2023-03-09T15:39:43.031+0000] {processor.py:753} INFO - DAG(s) dict_keys(['example_branch_operator']) retrieved from /home/airflow/.local/lib/python3.7/site-packages/airflow/example_dags/example_branch_operator.py
[2023-03-09T15:39:43.071+0000] {logging_mixin.py:137} INFO - [2023-03-09T15:39:43.071+0000] {dag.py:2690} INFO - Sync 1 DAGs
[2023-03-09T15:39:43.124+0000] {logging_mixin.py:137} INFO - [2023-03-09T15:39:43.123+0000] {dag.py:3441} INFO - Setting next_dagrun for example_branch_operator to 2023-03-08T00:00:00+00:00, run_after=2023-03-09T00:00:00+00:00
[2023-03-09T15:39:43.181+0000] {processor.py:175} INFO - Processing /home/airflow/.local/lib/python3.7/site-packages/airflow/example_dags/example_branch_operator.py took 0.174 seconds
[2023-03-09T15:40:13.954+0000] {processor.py:153} INFO - Started process (PID=332) to work on /home/airflow/.local/lib/python3.7/site-packages/airflow/example_dags/example_branch_operator.py
[2023-03-09T15:40:13.956+0000] {processor.py:743} INFO - Processing file /home/airflow/.local/lib/python3.7/site-packages/airflow/example_dags/example_branch_operator.py for tasks to queue
[2023-03-09T15:40:13.957+0000] {logging_mixin.py:137} INFO - [2023-03-09T15:40:13.957+0000] {dagbag.py:538} INFO - Filling up the DagBag from /home/airflow/.local/lib/python3.7/site-packages/airflow/example_dags/example_branch_operator.py
[2023-03-09T15:40:13.998+0000] {processor.py:753} INFO - DAG(s) dict_keys(['example_branch_operator']) retrieved from /home/airflow/.local/lib/python3.7/site-packages/airflow/example_dags/example_branch_operator.py
[2023-03-09T15:40:14.081+0000] {logging_mixin.py:137} INFO - [2023-03-09T15:40:14.081+0000] {dag.py:2690} INFO - Sync 1 DAGs
[2023-03-09T15:40:14.197+0000] {logging_mixin.py:137} INFO - [2023-03-09T15:40:14.196+0000] {dag.py:3441} INFO - Setting next_dagrun for example_branch_operator to 2023-03-08T00:00:00+00:00, run_after=2023-03-09T00:00:00+00:00
[2023-03-09T15:40:14.247+0000] {processor.py:175} INFO - Processing /home/airflow/.local/lib/python3.7/site-packages/airflow/example_dags/example_branch_operator.py took 0.298 seconds
[2023-03-09T15:40:44.660+0000] {processor.py:153} INFO - Started process (PID=407) to work on /home/airflow/.local/lib/python3.7/site-packages/airflow/example_dags/example_branch_operator.py
[2023-03-09T15:40:44.661+0000] {processor.py:743} INFO - Processing file /home/airflow/.local/lib/python3.7/site-packages/airflow/example_dags/example_branch_operator.py for tasks to queue
[2023-03-09T15:40:44.662+0000] {logging_mixin.py:137} INFO - [2023-03-09T15:40:44.662+0000] {dagbag.py:538} INFO - Filling up the DagBag from /home/airflow/.local/lib/python3.7/site-packages/airflow/example_dags/example_branch_operator.py
[2023-03-09T15:40:44.708+0000] {processor.py:753} INFO - DAG(s) dict_keys(['example_branch_operator']) retrieved from /home/airflow/.local/lib/python3.7/site-packages/airflow/example_dags/example_branch_operator.py
[2023-03-09T15:40:44.787+0000] {logging_mixin.py:137} INFO - [2023-03-09T15:40:44.787+0000] {dag.py:2690} INFO - Sync 1 DAGs
[2023-03-09T15:40:44.863+0000] {logging_mixin.py:137} INFO - [2023-03-09T15:40:44.863+0000] {dag.py:3441} INFO - Setting next_dagrun for example_branch_operator to 2023-03-08T00:00:00+00:00, run_after=2023-03-09T00:00:00+00:00
[2023-03-09T15:40:44.889+0000] {processor.py:175} INFO - Processing /home/airflow/.local/lib/python3.7/site-packages/airflow/example_dags/example_branch_operator.py took 0.235 seconds
[2023-03-09T15:41:14.932+0000] {processor.py:153} INFO - Started process (PID=469) to work on /home/airflow/.local/lib/python3.7/site-packages/airflow/example_dags/example_branch_operator.py
[2023-03-09T15:41:14.933+0000] {processor.py:743} INFO - Processing file /home/airflow/.local/lib/python3.7/site-packages/airflow/example_dags/example_branch_operator.py for tasks to queue
[2023-03-09T15:41:14.934+0000] {logging_mixin.py:137} INFO - [2023-03-09T15:41:14.933+0000] {dagbag.py:538} INFO - Filling up the DagBag from /home/airflow/.local/lib/python3.7/site-packages/airflow/example_dags/example_branch_operator.py
[2023-03-09T15:41:14.959+0000] {processor.py:753} INFO - DAG(s) dict_keys(['example_branch_operator']) retrieved from /home/airflow/.local/lib/python3.7/site-packages/airflow/example_dags/example_branch_operator.py
[2023-03-09T15:41:14.993+0000] {logging_mixin.py:137} INFO - [2023-03-09T15:41:14.993+0000] {dag.py:2690} INFO - Sync 1 DAGs
[2023-03-09T15:41:15.035+0000] {logging_mixin.py:137} INFO - [2023-03-09T15:41:15.035+0000] {dag.py:3441} INFO - Setting next_dagrun for example_branch_operator to 2023-03-08T00:00:00+00:00, run_after=2023-03-09T00:00:00+00:00
[2023-03-09T15:41:15.063+0000] {processor.py:175} INFO - Processing /home/airflow/.local/lib/python3.7/site-packages/airflow/example_dags/example_branch_operator.py took 0.135 seconds
[2023-03-09T15:41:45.841+0000] {processor.py:153} INFO - Started process (PID=533) to work on /home/airflow/.local/lib/python3.7/site-packages/airflow/example_dags/example_branch_operator.py
[2023-03-09T15:41:45.842+0000] {processor.py:743} INFO - Processing file /home/airflow/.local/lib/python3.7/site-packages/airflow/example_dags/example_branch_operator.py for tasks to queue
[2023-03-09T15:41:45.843+0000] {logging_mixin.py:137} INFO - [2023-03-09T15:41:45.842+0000] {dagbag.py:538} INFO - Filling up the DagBag from /home/airflow/.local/lib/python3.7/site-packages/airflow/example_dags/example_branch_operator.py
[2023-03-09T15:41:45.864+0000] {processor.py:753} INFO - DAG(s) dict_keys(['example_branch_operator']) retrieved from /home/airflow/.local/lib/python3.7/site-packages/airflow/example_dags/example_branch_operator.py
[2023-03-09T15:41:45.908+0000] {logging_mixin.py:137} INFO - [2023-03-09T15:41:45.907+0000] {dag.py:2690} INFO - Sync 1 DAGs
[2023-03-09T15:41:45.968+0000] {logging_mixin.py:137} INFO - [2023-03-09T15:41:45.967+0000] {dag.py:3441} INFO - Setting next_dagrun for example_branch_operator to 2023-03-08T00:00:00+00:00, run_after=2023-03-09T00:00:00+00:00
[2023-03-09T15:41:46.001+0000] {processor.py:175} INFO - Processing /home/airflow/.local/lib/python3.7/site-packages/airflow/example_dags/example_branch_operator.py took 0.164 seconds
[2023-03-09T15:42:16.700+0000] {processor.py:153} INFO - Started process (PID=598) to work on /home/airflow/.local/lib/python3.7/site-packages/airflow/example_dags/example_branch_operator.py
[2023-03-09T15:42:16.701+0000] {processor.py:743} INFO - Processing file /home/airflow/.local/lib/python3.7/site-packages/airflow/example_dags/example_branch_operator.py for tasks to queue
[2023-03-09T15:42:16.702+0000] {logging_mixin.py:137} INFO - [2023-03-09T15:42:16.702+0000] {dagbag.py:538} INFO - Filling up the DagBag from /home/airflow/.local/lib/python3.7/site-packages/airflow/example_dags/example_branch_operator.py
[2023-03-09T15:42:16.732+0000] {processor.py:753} INFO - DAG(s) dict_keys(['example_branch_operator']) retrieved from /home/airflow/.local/lib/python3.7/site-packages/airflow/example_dags/example_branch_operator.py
[2023-03-09T15:42:16.773+0000] {logging_mixin.py:137} INFO - [2023-03-09T15:42:16.772+0000] {dag.py:2690} INFO - Sync 1 DAGs
[2023-03-09T15:42:16.832+0000] {logging_mixin.py:137} INFO - [2023-03-09T15:42:16.832+0000] {dag.py:3441} INFO - Setting next_dagrun for example_branch_operator to 2023-03-08T00:00:00+00:00, run_after=2023-03-09T00:00:00+00:00
[2023-03-09T15:42:16.864+0000] {processor.py:175} INFO - Processing /home/airflow/.local/lib/python3.7/site-packages/airflow/example_dags/example_branch_operator.py took 0.169 seconds
[2023-03-09T15:42:47.627+0000] {processor.py:153} INFO - Started process (PID=672) to work on /home/airflow/.local/lib/python3.7/site-packages/airflow/example_dags/example_branch_operator.py
[2023-03-09T15:42:47.627+0000] {processor.py:743} INFO - Processing file /home/airflow/.local/lib/python3.7/site-packages/airflow/example_dags/example_branch_operator.py for tasks to queue
[2023-03-09T15:42:47.629+0000] {logging_mixin.py:137} INFO - [2023-03-09T15:42:47.628+0000] {dagbag.py:538} INFO - Filling up the DagBag from /home/airflow/.local/lib/python3.7/site-packages/airflow/example_dags/example_branch_operator.py
[2023-03-09T15:42:47.652+0000] {processor.py:753} INFO - DAG(s) dict_keys(['example_branch_operator']) retrieved from /home/airflow/.local/lib/python3.7/site-packages/airflow/example_dags/example_branch_operator.py
[2023-03-09T15:42:47.715+0000] {logging_mixin.py:137} INFO - [2023-03-09T15:42:47.714+0000] {dag.py:2690} INFO - Sync 1 DAGs
[2023-03-09T15:42:47.800+0000] {logging_mixin.py:137} INFO - [2023-03-09T15:42:47.799+0000] {dag.py:3441} INFO - Setting next_dagrun for example_branch_operator to 2023-03-08T00:00:00+00:00, run_after=2023-03-09T00:00:00+00:00
[2023-03-09T15:42:47.855+0000] {processor.py:175} INFO - Processing /home/airflow/.local/lib/python3.7/site-packages/airflow/example_dags/example_branch_operator.py took 0.234 seconds
[2023-03-09T15:43:18.627+0000] {processor.py:153} INFO - Started process (PID=736) to work on /home/airflow/.local/lib/python3.7/site-packages/airflow/example_dags/example_branch_operator.py
[2023-03-09T15:43:18.628+0000] {processor.py:743} INFO - Processing file /home/airflow/.local/lib/python3.7/site-packages/airflow/example_dags/example_branch_operator.py for tasks to queue
[2023-03-09T15:43:18.629+0000] {logging_mixin.py:137} INFO - [2023-03-09T15:43:18.629+0000] {dagbag.py:538} INFO - Filling up the DagBag from /home/airflow/.local/lib/python3.7/site-packages/airflow/example_dags/example_branch_operator.py
[2023-03-09T15:43:18.659+0000] {processor.py:753} INFO - DAG(s) dict_keys(['example_branch_operator']) retrieved from /home/airflow/.local/lib/python3.7/site-packages/airflow/example_dags/example_branch_operator.py
[2023-03-09T15:43:18.706+0000] {logging_mixin.py:137} INFO - [2023-03-09T15:43:18.705+0000] {dag.py:2690} INFO - Sync 1 DAGs
[2023-03-09T15:43:18.767+0000] {logging_mixin.py:137} INFO - [2023-03-09T15:43:18.767+0000] {dag.py:3441} INFO - Setting next_dagrun for example_branch_operator to 2023-03-08T00:00:00+00:00, run_after=2023-03-09T00:00:00+00:00
[2023-03-09T15:43:18.806+0000] {processor.py:175} INFO - Processing /home/airflow/.local/lib/python3.7/site-packages/airflow/example_dags/example_branch_operator.py took 0.183 seconds
[2023-03-09T15:43:49.004+0000] {processor.py:153} INFO - Started process (PID=799) to work on /home/airflow/.local/lib/python3.7/site-packages/airflow/example_dags/example_branch_operator.py
[2023-03-09T15:43:49.005+0000] {processor.py:743} INFO - Processing file /home/airflow/.local/lib/python3.7/site-packages/airflow/example_dags/example_branch_operator.py for tasks to queue
[2023-03-09T15:43:49.007+0000] {logging_mixin.py:137} INFO - [2023-03-09T15:43:49.006+0000] {dagbag.py:538} INFO - Filling up the DagBag from /home/airflow/.local/lib/python3.7/site-packages/airflow/example_dags/example_branch_operator.py
[2023-03-09T15:43:49.035+0000] {processor.py:753} INFO - DAG(s) dict_keys(['example_branch_operator']) retrieved from /home/airflow/.local/lib/python3.7/site-packages/airflow/example_dags/example_branch_operator.py
[2023-03-09T15:43:49.075+0000] {logging_mixin.py:137} INFO - [2023-03-09T15:43:49.075+0000] {dag.py:2690} INFO - Sync 1 DAGs
[2023-03-09T15:43:49.123+0000] {logging_mixin.py:137} INFO - [2023-03-09T15:43:49.123+0000] {dag.py:3441} INFO - Setting next_dagrun for example_branch_operator to 2023-03-08T00:00:00+00:00, run_after=2023-03-09T00:00:00+00:00
[2023-03-09T15:43:49.147+0000] {processor.py:175} INFO - Processing /home/airflow/.local/lib/python3.7/site-packages/airflow/example_dags/example_branch_operator.py took 0.147 seconds
[2023-03-09T15:44:19.856+0000] {processor.py:153} INFO - Started process (PID=861) to work on /home/airflow/.local/lib/python3.7/site-packages/airflow/example_dags/example_branch_operator.py
[2023-03-09T15:44:19.857+0000] {processor.py:743} INFO - Processing file /home/airflow/.local/lib/python3.7/site-packages/airflow/example_dags/example_branch_operator.py for tasks to queue
[2023-03-09T15:44:19.859+0000] {logging_mixin.py:137} INFO - [2023-03-09T15:44:19.858+0000] {dagbag.py:538} INFO - Filling up the DagBag from /home/airflow/.local/lib/python3.7/site-packages/airflow/example_dags/example_branch_operator.py
[2023-03-09T15:44:19.907+0000] {processor.py:753} INFO - DAG(s) dict_keys(['example_branch_operator']) retrieved from /home/airflow/.local/lib/python3.7/site-packages/airflow/example_dags/example_branch_operator.py
[2023-03-09T15:44:19.951+0000] {logging_mixin.py:137} INFO - [2023-03-09T15:44:19.951+0000] {dag.py:2690} INFO - Sync 1 DAGs
[2023-03-09T15:44:20.000+0000] {logging_mixin.py:137} INFO - [2023-03-09T15:44:19.999+0000] {dag.py:3441} INFO - Setting next_dagrun for example_branch_operator to 2023-03-08T00:00:00+00:00, run_after=2023-03-09T00:00:00+00:00
[2023-03-09T15:44:20.031+0000] {processor.py:175} INFO - Processing /home/airflow/.local/lib/python3.7/site-packages/airflow/example_dags/example_branch_operator.py took 0.182 seconds
[2023-03-09T15:44:50.826+0000] {processor.py:153} INFO - Started process (PID=932) to work on /home/airflow/.local/lib/python3.7/site-packages/airflow/example_dags/example_branch_operator.py
[2023-03-09T15:44:50.827+0000] {processor.py:743} INFO - Processing file /home/airflow/.local/lib/python3.7/site-packages/airflow/example_dags/example_branch_operator.py for tasks to queue
[2023-03-09T15:44:50.828+0000] {logging_mixin.py:137} INFO - [2023-03-09T15:44:50.828+0000] {dagbag.py:538} INFO - Filling up the DagBag from /home/airflow/.local/lib/python3.7/site-packages/airflow/example_dags/example_branch_operator.py
[2023-03-09T15:44:50.865+0000] {processor.py:753} INFO - DAG(s) dict_keys(['example_branch_operator']) retrieved from /home/airflow/.local/lib/python3.7/site-packages/airflow/example_dags/example_branch_operator.py
[2023-03-09T15:44:50.918+0000] {logging_mixin.py:137} INFO - [2023-03-09T15:44:50.918+0000] {dag.py:2690} INFO - Sync 1 DAGs
[2023-03-09T15:44:50.979+0000] {logging_mixin.py:137} INFO - [2023-03-09T15:44:50.979+0000] {dag.py:3441} INFO - Setting next_dagrun for example_branch_operator to 2023-03-08T00:00:00+00:00, run_after=2023-03-09T00:00:00+00:00
[2023-03-09T15:44:51.013+0000] {processor.py:175} INFO - Processing /home/airflow/.local/lib/python3.7/site-packages/airflow/example_dags/example_branch_operator.py took 0.191 seconds
[2023-03-09T15:45:21.814+0000] {processor.py:153} INFO - Started process (PID=998) to work on /home/airflow/.local/lib/python3.7/site-packages/airflow/example_dags/example_branch_operator.py
[2023-03-09T15:45:21.815+0000] {processor.py:743} INFO - Processing file /home/airflow/.local/lib/python3.7/site-packages/airflow/example_dags/example_branch_operator.py for tasks to queue
[2023-03-09T15:45:21.816+0000] {logging_mixin.py:137} INFO - [2023-03-09T15:45:21.816+0000] {dagbag.py:538} INFO - Filling up the DagBag from /home/airflow/.local/lib/python3.7/site-packages/airflow/example_dags/example_branch_operator.py
[2023-03-09T15:45:21.850+0000] {processor.py:753} INFO - DAG(s) dict_keys(['example_branch_operator']) retrieved from /home/airflow/.local/lib/python3.7/site-packages/airflow/example_dags/example_branch_operator.py
[2023-03-09T15:45:21.976+0000] {logging_mixin.py:137} INFO - [2023-03-09T15:45:21.976+0000] {dag.py:2690} INFO - Sync 1 DAGs
[2023-03-09T15:45:22.152+0000] {logging_mixin.py:137} INFO - [2023-03-09T15:45:22.152+0000] {dag.py:3441} INFO - Setting next_dagrun for example_branch_operator to 2023-03-08T00:00:00+00:00, run_after=2023-03-09T00:00:00+00:00
[2023-03-09T15:45:22.319+0000] {processor.py:175} INFO - Processing /home/airflow/.local/lib/python3.7/site-packages/airflow/example_dags/example_branch_operator.py took 0.510 seconds
[2023-03-09T15:45:53.066+0000] {processor.py:153} INFO - Started process (PID=1065) to work on /home/airflow/.local/lib/python3.7/site-packages/airflow/example_dags/example_branch_operator.py
[2023-03-09T15:45:53.067+0000] {processor.py:743} INFO - Processing file /home/airflow/.local/lib/python3.7/site-packages/airflow/example_dags/example_branch_operator.py for tasks to queue
[2023-03-09T15:45:53.068+0000] {logging_mixin.py:137} INFO - [2023-03-09T15:45:53.068+0000] {dagbag.py:538} INFO - Filling up the DagBag from /home/airflow/.local/lib/python3.7/site-packages/airflow/example_dags/example_branch_operator.py
[2023-03-09T15:45:53.091+0000] {processor.py:753} INFO - DAG(s) dict_keys(['example_branch_operator']) retrieved from /home/airflow/.local/lib/python3.7/site-packages/airflow/example_dags/example_branch_operator.py
[2023-03-09T15:45:53.127+0000] {logging_mixin.py:137} INFO - [2023-03-09T15:45:53.127+0000] {dag.py:2690} INFO - Sync 1 DAGs
[2023-03-09T15:45:53.168+0000] {logging_mixin.py:137} INFO - [2023-03-09T15:45:53.168+0000] {dag.py:3441} INFO - Setting next_dagrun for example_branch_operator to 2023-03-08T00:00:00+00:00, run_after=2023-03-09T00:00:00+00:00
[2023-03-09T15:45:53.194+0000] {processor.py:175} INFO - Processing /home/airflow/.local/lib/python3.7/site-packages/airflow/example_dags/example_branch_operator.py took 0.132 seconds
[2023-03-09T15:46:24.115+0000] {processor.py:153} INFO - Started process (PID=1128) to work on /home/airflow/.local/lib/python3.7/site-packages/airflow/example_dags/example_branch_operator.py
[2023-03-09T15:46:24.116+0000] {processor.py:743} INFO - Processing file /home/airflow/.local/lib/python3.7/site-packages/airflow/example_dags/example_branch_operator.py for tasks to queue
[2023-03-09T15:46:24.117+0000] {logging_mixin.py:137} INFO - [2023-03-09T15:46:24.116+0000] {dagbag.py:538} INFO - Filling up the DagBag from /home/airflow/.local/lib/python3.7/site-packages/airflow/example_dags/example_branch_operator.py
[2023-03-09T15:46:24.139+0000] {processor.py:753} INFO - DAG(s) dict_keys(['example_branch_operator']) retrieved from /home/airflow/.local/lib/python3.7/site-packages/airflow/example_dags/example_branch_operator.py
[2023-03-09T15:46:24.175+0000] {logging_mixin.py:137} INFO - [2023-03-09T15:46:24.174+0000] {dag.py:2690} INFO - Sync 1 DAGs
[2023-03-09T15:46:24.211+0000] {logging_mixin.py:137} INFO - [2023-03-09T15:46:24.211+0000] {dag.py:3441} INFO - Setting next_dagrun for example_branch_operator to 2023-03-08T00:00:00+00:00, run_after=2023-03-09T00:00:00+00:00
[2023-03-09T15:46:24.235+0000] {processor.py:175} INFO - Processing /home/airflow/.local/lib/python3.7/site-packages/airflow/example_dags/example_branch_operator.py took 0.123 seconds
[2023-03-09T15:46:55.070+0000] {processor.py:153} INFO - Started process (PID=1191) to work on /home/airflow/.local/lib/python3.7/site-packages/airflow/example_dags/example_branch_operator.py
[2023-03-09T15:46:55.070+0000] {processor.py:743} INFO - Processing file /home/airflow/.local/lib/python3.7/site-packages/airflow/example_dags/example_branch_operator.py for tasks to queue
[2023-03-09T15:46:55.071+0000] {logging_mixin.py:137} INFO - [2023-03-09T15:46:55.071+0000] {dagbag.py:538} INFO - Filling up the DagBag from /home/airflow/.local/lib/python3.7/site-packages/airflow/example_dags/example_branch_operator.py
[2023-03-09T15:46:55.090+0000] {processor.py:753} INFO - DAG(s) dict_keys(['example_branch_operator']) retrieved from /home/airflow/.local/lib/python3.7/site-packages/airflow/example_dags/example_branch_operator.py
[2023-03-09T15:46:55.130+0000] {logging_mixin.py:137} INFO - [2023-03-09T15:46:55.130+0000] {dag.py:2690} INFO - Sync 1 DAGs
[2023-03-09T15:46:55.180+0000] {logging_mixin.py:137} INFO - [2023-03-09T15:46:55.180+0000] {dag.py:3441} INFO - Setting next_dagrun for example_branch_operator to 2023-03-08T00:00:00+00:00, run_after=2023-03-09T00:00:00+00:00
[2023-03-09T15:46:55.209+0000] {processor.py:175} INFO - Processing /home/airflow/.local/lib/python3.7/site-packages/airflow/example_dags/example_branch_operator.py took 0.143 seconds
[2023-03-09T15:47:26.143+0000] {processor.py:153} INFO - Started process (PID=1254) to work on /home/airflow/.local/lib/python3.7/site-packages/airflow/example_dags/example_branch_operator.py
[2023-03-09T15:47:26.144+0000] {processor.py:743} INFO - Processing file /home/airflow/.local/lib/python3.7/site-packages/airflow/example_dags/example_branch_operator.py for tasks to queue
[2023-03-09T15:47:26.145+0000] {logging_mixin.py:137} INFO - [2023-03-09T15:47:26.145+0000] {dagbag.py:538} INFO - Filling up the DagBag from /home/airflow/.local/lib/python3.7/site-packages/airflow/example_dags/example_branch_operator.py
[2023-03-09T15:47:26.165+0000] {processor.py:753} INFO - DAG(s) dict_keys(['example_branch_operator']) retrieved from /home/airflow/.local/lib/python3.7/site-packages/airflow/example_dags/example_branch_operator.py
[2023-03-09T15:47:26.205+0000] {logging_mixin.py:137} INFO - [2023-03-09T15:47:26.204+0000] {dag.py:2690} INFO - Sync 1 DAGs
[2023-03-09T15:47:26.268+0000] {logging_mixin.py:137} INFO - [2023-03-09T15:47:26.268+0000] {dag.py:3441} INFO - Setting next_dagrun for example_branch_operator to 2023-03-08T00:00:00+00:00, run_after=2023-03-09T00:00:00+00:00
[2023-03-09T15:47:26.327+0000] {processor.py:175} INFO - Processing /home/airflow/.local/lib/python3.7/site-packages/airflow/example_dags/example_branch_operator.py took 0.187 seconds
[2023-03-09T15:47:56.709+0000] {processor.py:153} INFO - Started process (PID=1328) to work on /home/airflow/.local/lib/python3.7/site-packages/airflow/example_dags/example_branch_operator.py
[2023-03-09T15:47:56.710+0000] {processor.py:743} INFO - Processing file /home/airflow/.local/lib/python3.7/site-packages/airflow/example_dags/example_branch_operator.py for tasks to queue
[2023-03-09T15:47:56.711+0000] {logging_mixin.py:137} INFO - [2023-03-09T15:47:56.711+0000] {dagbag.py:538} INFO - Filling up the DagBag from /home/airflow/.local/lib/python3.7/site-packages/airflow/example_dags/example_branch_operator.py
[2023-03-09T15:47:56.743+0000] {processor.py:753} INFO - DAG(s) dict_keys(['example_branch_operator']) retrieved from /home/airflow/.local/lib/python3.7/site-packages/airflow/example_dags/example_branch_operator.py
[2023-03-09T15:47:56.794+0000] {logging_mixin.py:137} INFO - [2023-03-09T15:47:56.794+0000] {dag.py:2690} INFO - Sync 1 DAGs
[2023-03-09T15:47:56.855+0000] {logging_mixin.py:137} INFO - [2023-03-09T15:47:56.855+0000] {dag.py:3441} INFO - Setting next_dagrun for example_branch_operator to 2023-03-08T00:00:00+00:00, run_after=2023-03-09T00:00:00+00:00
[2023-03-09T15:47:56.894+0000] {processor.py:175} INFO - Processing /home/airflow/.local/lib/python3.7/site-packages/airflow/example_dags/example_branch_operator.py took 0.189 seconds
[2023-03-09T15:48:27.630+0000] {processor.py:153} INFO - Started process (PID=1391) to work on /home/airflow/.local/lib/python3.7/site-packages/airflow/example_dags/example_branch_operator.py
[2023-03-09T15:48:27.636+0000] {processor.py:743} INFO - Processing file /home/airflow/.local/lib/python3.7/site-packages/airflow/example_dags/example_branch_operator.py for tasks to queue
[2023-03-09T15:48:27.637+0000] {logging_mixin.py:137} INFO - [2023-03-09T15:48:27.637+0000] {dagbag.py:538} INFO - Filling up the DagBag from /home/airflow/.local/lib/python3.7/site-packages/airflow/example_dags/example_branch_operator.py
[2023-03-09T15:48:27.731+0000] {processor.py:753} INFO - DAG(s) dict_keys(['example_branch_operator']) retrieved from /home/airflow/.local/lib/python3.7/site-packages/airflow/example_dags/example_branch_operator.py
[2023-03-09T15:48:27.846+0000] {logging_mixin.py:137} INFO - [2023-03-09T15:48:27.846+0000] {dag.py:2690} INFO - Sync 1 DAGs
[2023-03-09T15:48:28.002+0000] {logging_mixin.py:137} INFO - [2023-03-09T15:48:28.002+0000] {dag.py:3441} INFO - Setting next_dagrun for example_branch_operator to 2023-03-08T00:00:00+00:00, run_after=2023-03-09T00:00:00+00:00
[2023-03-09T15:48:28.084+0000] {processor.py:175} INFO - Processing /home/airflow/.local/lib/python3.7/site-packages/airflow/example_dags/example_branch_operator.py took 0.465 seconds
[2023-03-09T15:48:58.489+0000] {processor.py:153} INFO - Started process (PID=1453) to work on /home/airflow/.local/lib/python3.7/site-packages/airflow/example_dags/example_branch_operator.py
[2023-03-09T15:48:58.490+0000] {processor.py:743} INFO - Processing file /home/airflow/.local/lib/python3.7/site-packages/airflow/example_dags/example_branch_operator.py for tasks to queue
[2023-03-09T15:48:58.491+0000] {logging_mixin.py:137} INFO - [2023-03-09T15:48:58.491+0000] {dagbag.py:538} INFO - Filling up the DagBag from /home/airflow/.local/lib/python3.7/site-packages/airflow/example_dags/example_branch_operator.py
[2023-03-09T15:48:58.521+0000] {processor.py:753} INFO - DAG(s) dict_keys(['example_branch_operator']) retrieved from /home/airflow/.local/lib/python3.7/site-packages/airflow/example_dags/example_branch_operator.py
[2023-03-09T15:48:58.558+0000] {logging_mixin.py:137} INFO - [2023-03-09T15:48:58.558+0000] {dag.py:2690} INFO - Sync 1 DAGs
[2023-03-09T15:48:58.599+0000] {logging_mixin.py:137} INFO - [2023-03-09T15:48:58.599+0000] {dag.py:3441} INFO - Setting next_dagrun for example_branch_operator to 2023-03-08T00:00:00+00:00, run_after=2023-03-09T00:00:00+00:00
[2023-03-09T15:48:58.627+0000] {processor.py:175} INFO - Processing /home/airflow/.local/lib/python3.7/site-packages/airflow/example_dags/example_branch_operator.py took 0.141 seconds
[2023-03-09T15:49:29.329+0000] {processor.py:153} INFO - Started process (PID=1515) to work on /home/airflow/.local/lib/python3.7/site-packages/airflow/example_dags/example_branch_operator.py
[2023-03-09T15:49:29.330+0000] {processor.py:743} INFO - Processing file /home/airflow/.local/lib/python3.7/site-packages/airflow/example_dags/example_branch_operator.py for tasks to queue
[2023-03-09T15:49:29.331+0000] {logging_mixin.py:137} INFO - [2023-03-09T15:49:29.331+0000] {dagbag.py:538} INFO - Filling up the DagBag from /home/airflow/.local/lib/python3.7/site-packages/airflow/example_dags/example_branch_operator.py
[2023-03-09T15:49:29.351+0000] {processor.py:753} INFO - DAG(s) dict_keys(['example_branch_operator']) retrieved from /home/airflow/.local/lib/python3.7/site-packages/airflow/example_dags/example_branch_operator.py
[2023-03-09T15:49:29.393+0000] {logging_mixin.py:137} INFO - [2023-03-09T15:49:29.392+0000] {dag.py:2690} INFO - Sync 1 DAGs
[2023-03-09T15:49:29.441+0000] {logging_mixin.py:137} INFO - [2023-03-09T15:49:29.441+0000] {dag.py:3441} INFO - Setting next_dagrun for example_branch_operator to 2023-03-08T00:00:00+00:00, run_after=2023-03-09T00:00:00+00:00
[2023-03-09T15:49:29.470+0000] {processor.py:175} INFO - Processing /home/airflow/.local/lib/python3.7/site-packages/airflow/example_dags/example_branch_operator.py took 0.144 seconds
