[2023-03-09T15:38:07.489+0000] {processor.py:153} INFO - Started process (PID=70) to work on /home/airflow/.local/lib/python3.7/site-packages/airflow/example_dags/example_python_operator.py
[2023-03-09T15:38:07.490+0000] {processor.py:743} INFO - Processing file /home/airflow/.local/lib/python3.7/site-packages/airflow/example_dags/example_python_operator.py for tasks to queue
[2023-03-09T15:38:07.490+0000] {logging_mixin.py:137} INFO - [2023-03-09T15:38:07.490+0000] {dagbag.py:538} INFO - Filling up the DagBag from /home/airflow/.local/lib/python3.7/site-packages/airflow/example_dags/example_python_operator.py
[2023-03-09T15:38:07.583+0000] {logging_mixin.py:137} INFO - [2023-03-09T15:38:07.582+0000] {taskmixin.py:205} WARNING - Dependency <Task(_PythonDecoratedOperator): print_the_context>, log_sql_query already registered for DAG: example_python_operator
[2023-03-09T15:38:07.583+0000] {logging_mixin.py:137} INFO - [2023-03-09T15:38:07.583+0000] {taskmixin.py:205} WARNING - Dependency <Task(_PythonDecoratedOperator): log_sql_query>, print_the_context already registered for DAG: example_python_operator
[2023-03-09T15:38:07.594+0000] {logging_mixin.py:137} INFO - [2023-03-09T15:38:07.594+0000] {taskmixin.py:205} WARNING - Dependency <Task(_PythonDecoratedOperator): print_the_context>, log_sql_query already registered for DAG: example_python_operator
[2023-03-09T15:38:07.594+0000] {logging_mixin.py:137} INFO - [2023-03-09T15:38:07.594+0000] {taskmixin.py:205} WARNING - Dependency <Task(_PythonDecoratedOperator): log_sql_query>, print_the_context already registered for DAG: example_python_operator
[2023-03-09T15:38:07.596+0000] {logging_mixin.py:137} INFO - [2023-03-09T15:38:07.596+0000] {taskmixin.py:205} WARNING - Dependency <Task(_PythonDecoratedOperator): print_the_context>, log_sql_query already registered for DAG: example_python_operator
[2023-03-09T15:38:07.596+0000] {logging_mixin.py:137} INFO - [2023-03-09T15:38:07.596+0000] {taskmixin.py:205} WARNING - Dependency <Task(_PythonDecoratedOperator): log_sql_query>, print_the_context already registered for DAG: example_python_operator
[2023-03-09T15:38:07.598+0000] {logging_mixin.py:137} INFO - [2023-03-09T15:38:07.597+0000] {taskmixin.py:205} WARNING - Dependency <Task(_PythonDecoratedOperator): print_the_context>, log_sql_query already registered for DAG: example_python_operator
[2023-03-09T15:38:07.598+0000] {logging_mixin.py:137} INFO - [2023-03-09T15:38:07.598+0000] {taskmixin.py:205} WARNING - Dependency <Task(_PythonDecoratedOperator): log_sql_query>, print_the_context already registered for DAG: example_python_operator
[2023-03-09T15:38:07.648+0000] {processor.py:753} INFO - DAG(s) dict_keys(['example_python_operator']) retrieved from /home/airflow/.local/lib/python3.7/site-packages/airflow/example_dags/example_python_operator.py
[2023-03-09T15:38:07.985+0000] {logging_mixin.py:137} INFO - [2023-03-09T15:38:07.985+0000] {dag.py:2690} INFO - Sync 1 DAGs
[2023-03-09T15:38:08.154+0000] {logging_mixin.py:137} INFO - [2023-03-09T15:38:08.154+0000] {dag.py:3441} INFO - Setting next_dagrun for example_python_operator to None, run_after=None
[2023-03-09T15:38:08.243+0000] {processor.py:175} INFO - Processing /home/airflow/.local/lib/python3.7/site-packages/airflow/example_dags/example_python_operator.py took 0.768 seconds
[2023-03-09T15:38:39.086+0000] {processor.py:153} INFO - Started process (PID=131) to work on /home/airflow/.local/lib/python3.7/site-packages/airflow/example_dags/example_python_operator.py
[2023-03-09T15:38:39.087+0000] {processor.py:743} INFO - Processing file /home/airflow/.local/lib/python3.7/site-packages/airflow/example_dags/example_python_operator.py for tasks to queue
[2023-03-09T15:38:39.088+0000] {logging_mixin.py:137} INFO - [2023-03-09T15:38:39.088+0000] {dagbag.py:538} INFO - Filling up the DagBag from /home/airflow/.local/lib/python3.7/site-packages/airflow/example_dags/example_python_operator.py
[2023-03-09T15:38:39.134+0000] {logging_mixin.py:137} INFO - [2023-03-09T15:38:39.134+0000] {taskmixin.py:205} WARNING - Dependency <Task(_PythonDecoratedOperator): print_the_context>, log_sql_query already registered for DAG: example_python_operator
[2023-03-09T15:38:39.136+0000] {logging_mixin.py:137} INFO - [2023-03-09T15:38:39.135+0000] {taskmixin.py:205} WARNING - Dependency <Task(_PythonDecoratedOperator): log_sql_query>, print_the_context already registered for DAG: example_python_operator
[2023-03-09T15:38:39.140+0000] {logging_mixin.py:137} INFO - [2023-03-09T15:38:39.140+0000] {taskmixin.py:205} WARNING - Dependency <Task(_PythonDecoratedOperator): print_the_context>, log_sql_query already registered for DAG: example_python_operator
[2023-03-09T15:38:39.141+0000] {logging_mixin.py:137} INFO - [2023-03-09T15:38:39.141+0000] {taskmixin.py:205} WARNING - Dependency <Task(_PythonDecoratedOperator): log_sql_query>, print_the_context already registered for DAG: example_python_operator
[2023-03-09T15:38:39.143+0000] {logging_mixin.py:137} INFO - [2023-03-09T15:38:39.143+0000] {taskmixin.py:205} WARNING - Dependency <Task(_PythonDecoratedOperator): print_the_context>, log_sql_query already registered for DAG: example_python_operator
[2023-03-09T15:38:39.144+0000] {logging_mixin.py:137} INFO - [2023-03-09T15:38:39.144+0000] {taskmixin.py:205} WARNING - Dependency <Task(_PythonDecoratedOperator): log_sql_query>, print_the_context already registered for DAG: example_python_operator
[2023-03-09T15:38:39.152+0000] {logging_mixin.py:137} INFO - [2023-03-09T15:38:39.151+0000] {taskmixin.py:205} WARNING - Dependency <Task(_PythonDecoratedOperator): print_the_context>, log_sql_query already registered for DAG: example_python_operator
[2023-03-09T15:38:39.154+0000] {logging_mixin.py:137} INFO - [2023-03-09T15:38:39.153+0000] {taskmixin.py:205} WARNING - Dependency <Task(_PythonDecoratedOperator): log_sql_query>, print_the_context already registered for DAG: example_python_operator
[2023-03-09T15:38:39.182+0000] {processor.py:753} INFO - DAG(s) dict_keys(['example_python_operator']) retrieved from /home/airflow/.local/lib/python3.7/site-packages/airflow/example_dags/example_python_operator.py
[2023-03-09T15:38:39.255+0000] {logging_mixin.py:137} INFO - [2023-03-09T15:38:39.255+0000] {dag.py:2690} INFO - Sync 1 DAGs
[2023-03-09T15:38:39.311+0000] {logging_mixin.py:137} INFO - [2023-03-09T15:38:39.311+0000] {dag.py:3441} INFO - Setting next_dagrun for example_python_operator to None, run_after=None
[2023-03-09T15:38:39.346+0000] {processor.py:175} INFO - Processing /home/airflow/.local/lib/python3.7/site-packages/airflow/example_dags/example_python_operator.py took 0.274 seconds
[2023-03-09T15:39:09.939+0000] {processor.py:153} INFO - Started process (PID=198) to work on /home/airflow/.local/lib/python3.7/site-packages/airflow/example_dags/example_python_operator.py
[2023-03-09T15:39:09.940+0000] {processor.py:743} INFO - Processing file /home/airflow/.local/lib/python3.7/site-packages/airflow/example_dags/example_python_operator.py for tasks to queue
[2023-03-09T15:39:09.941+0000] {logging_mixin.py:137} INFO - [2023-03-09T15:39:09.941+0000] {dagbag.py:538} INFO - Filling up the DagBag from /home/airflow/.local/lib/python3.7/site-packages/airflow/example_dags/example_python_operator.py
[2023-03-09T15:39:09.970+0000] {logging_mixin.py:137} INFO - [2023-03-09T15:39:09.969+0000] {taskmixin.py:205} WARNING - Dependency <Task(_PythonDecoratedOperator): print_the_context>, log_sql_query already registered for DAG: example_python_operator
[2023-03-09T15:39:09.970+0000] {logging_mixin.py:137} INFO - [2023-03-09T15:39:09.970+0000] {taskmixin.py:205} WARNING - Dependency <Task(_PythonDecoratedOperator): log_sql_query>, print_the_context already registered for DAG: example_python_operator
[2023-03-09T15:39:09.972+0000] {logging_mixin.py:137} INFO - [2023-03-09T15:39:09.972+0000] {taskmixin.py:205} WARNING - Dependency <Task(_PythonDecoratedOperator): print_the_context>, log_sql_query already registered for DAG: example_python_operator
[2023-03-09T15:39:09.972+0000] {logging_mixin.py:137} INFO - [2023-03-09T15:39:09.972+0000] {taskmixin.py:205} WARNING - Dependency <Task(_PythonDecoratedOperator): log_sql_query>, print_the_context already registered for DAG: example_python_operator
[2023-03-09T15:39:09.974+0000] {logging_mixin.py:137} INFO - [2023-03-09T15:39:09.974+0000] {taskmixin.py:205} WARNING - Dependency <Task(_PythonDecoratedOperator): print_the_context>, log_sql_query already registered for DAG: example_python_operator
[2023-03-09T15:39:09.974+0000] {logging_mixin.py:137} INFO - [2023-03-09T15:39:09.974+0000] {taskmixin.py:205} WARNING - Dependency <Task(_PythonDecoratedOperator): log_sql_query>, print_the_context already registered for DAG: example_python_operator
[2023-03-09T15:39:09.976+0000] {logging_mixin.py:137} INFO - [2023-03-09T15:39:09.975+0000] {taskmixin.py:205} WARNING - Dependency <Task(_PythonDecoratedOperator): print_the_context>, log_sql_query already registered for DAG: example_python_operator
[2023-03-09T15:39:09.976+0000] {logging_mixin.py:137} INFO - [2023-03-09T15:39:09.976+0000] {taskmixin.py:205} WARNING - Dependency <Task(_PythonDecoratedOperator): log_sql_query>, print_the_context already registered for DAG: example_python_operator
[2023-03-09T15:39:09.985+0000] {processor.py:753} INFO - DAG(s) dict_keys(['example_python_operator']) retrieved from /home/airflow/.local/lib/python3.7/site-packages/airflow/example_dags/example_python_operator.py
[2023-03-09T15:39:10.020+0000] {logging_mixin.py:137} INFO - [2023-03-09T15:39:10.019+0000] {dag.py:2690} INFO - Sync 1 DAGs
[2023-03-09T15:39:10.083+0000] {logging_mixin.py:137} INFO - [2023-03-09T15:39:10.083+0000] {dag.py:3441} INFO - Setting next_dagrun for example_python_operator to None, run_after=None
[2023-03-09T15:39:10.135+0000] {processor.py:175} INFO - Processing /home/airflow/.local/lib/python3.7/site-packages/airflow/example_dags/example_python_operator.py took 0.200 seconds
[2023-03-09T15:39:40.184+0000] {processor.py:153} INFO - Started process (PID=261) to work on /home/airflow/.local/lib/python3.7/site-packages/airflow/example_dags/example_python_operator.py
[2023-03-09T15:39:40.185+0000] {processor.py:743} INFO - Processing file /home/airflow/.local/lib/python3.7/site-packages/airflow/example_dags/example_python_operator.py for tasks to queue
[2023-03-09T15:39:40.186+0000] {logging_mixin.py:137} INFO - [2023-03-09T15:39:40.186+0000] {dagbag.py:538} INFO - Filling up the DagBag from /home/airflow/.local/lib/python3.7/site-packages/airflow/example_dags/example_python_operator.py
[2023-03-09T15:39:40.206+0000] {logging_mixin.py:137} INFO - [2023-03-09T15:39:40.206+0000] {taskmixin.py:205} WARNING - Dependency <Task(_PythonDecoratedOperator): print_the_context>, log_sql_query already registered for DAG: example_python_operator
[2023-03-09T15:39:40.206+0000] {logging_mixin.py:137} INFO - [2023-03-09T15:39:40.206+0000] {taskmixin.py:205} WARNING - Dependency <Task(_PythonDecoratedOperator): log_sql_query>, print_the_context already registered for DAG: example_python_operator
[2023-03-09T15:39:40.207+0000] {logging_mixin.py:137} INFO - [2023-03-09T15:39:40.207+0000] {taskmixin.py:205} WARNING - Dependency <Task(_PythonDecoratedOperator): print_the_context>, log_sql_query already registered for DAG: example_python_operator
[2023-03-09T15:39:40.208+0000] {logging_mixin.py:137} INFO - [2023-03-09T15:39:40.207+0000] {taskmixin.py:205} WARNING - Dependency <Task(_PythonDecoratedOperator): log_sql_query>, print_the_context already registered for DAG: example_python_operator
[2023-03-09T15:39:40.208+0000] {logging_mixin.py:137} INFO - [2023-03-09T15:39:40.208+0000] {taskmixin.py:205} WARNING - Dependency <Task(_PythonDecoratedOperator): print_the_context>, log_sql_query already registered for DAG: example_python_operator
[2023-03-09T15:39:40.209+0000] {logging_mixin.py:137} INFO - [2023-03-09T15:39:40.209+0000] {taskmixin.py:205} WARNING - Dependency <Task(_PythonDecoratedOperator): log_sql_query>, print_the_context already registered for DAG: example_python_operator
[2023-03-09T15:39:40.209+0000] {logging_mixin.py:137} INFO - [2023-03-09T15:39:40.209+0000] {taskmixin.py:205} WARNING - Dependency <Task(_PythonDecoratedOperator): print_the_context>, log_sql_query already registered for DAG: example_python_operator
[2023-03-09T15:39:40.210+0000] {logging_mixin.py:137} INFO - [2023-03-09T15:39:40.210+0000] {taskmixin.py:205} WARNING - Dependency <Task(_PythonDecoratedOperator): log_sql_query>, print_the_context already registered for DAG: example_python_operator
[2023-03-09T15:39:40.219+0000] {processor.py:753} INFO - DAG(s) dict_keys(['example_python_operator']) retrieved from /home/airflow/.local/lib/python3.7/site-packages/airflow/example_dags/example_python_operator.py
[2023-03-09T15:39:40.251+0000] {logging_mixin.py:137} INFO - [2023-03-09T15:39:40.251+0000] {dag.py:2690} INFO - Sync 1 DAGs
[2023-03-09T15:39:40.284+0000] {logging_mixin.py:137} INFO - [2023-03-09T15:39:40.284+0000] {dag.py:3441} INFO - Setting next_dagrun for example_python_operator to None, run_after=None
[2023-03-09T15:39:40.307+0000] {processor.py:175} INFO - Processing /home/airflow/.local/lib/python3.7/site-packages/airflow/example_dags/example_python_operator.py took 0.127 seconds
[2023-03-09T15:40:10.951+0000] {processor.py:153} INFO - Started process (PID=324) to work on /home/airflow/.local/lib/python3.7/site-packages/airflow/example_dags/example_python_operator.py
[2023-03-09T15:40:10.952+0000] {processor.py:743} INFO - Processing file /home/airflow/.local/lib/python3.7/site-packages/airflow/example_dags/example_python_operator.py for tasks to queue
[2023-03-09T15:40:10.953+0000] {logging_mixin.py:137} INFO - [2023-03-09T15:40:10.953+0000] {dagbag.py:538} INFO - Filling up the DagBag from /home/airflow/.local/lib/python3.7/site-packages/airflow/example_dags/example_python_operator.py
[2023-03-09T15:40:10.985+0000] {logging_mixin.py:137} INFO - [2023-03-09T15:40:10.985+0000] {taskmixin.py:205} WARNING - Dependency <Task(_PythonDecoratedOperator): print_the_context>, log_sql_query already registered for DAG: example_python_operator
[2023-03-09T15:40:10.985+0000] {logging_mixin.py:137} INFO - [2023-03-09T15:40:10.985+0000] {taskmixin.py:205} WARNING - Dependency <Task(_PythonDecoratedOperator): log_sql_query>, print_the_context already registered for DAG: example_python_operator
[2023-03-09T15:40:10.987+0000] {logging_mixin.py:137} INFO - [2023-03-09T15:40:10.986+0000] {taskmixin.py:205} WARNING - Dependency <Task(_PythonDecoratedOperator): print_the_context>, log_sql_query already registered for DAG: example_python_operator
[2023-03-09T15:40:10.987+0000] {logging_mixin.py:137} INFO - [2023-03-09T15:40:10.987+0000] {taskmixin.py:205} WARNING - Dependency <Task(_PythonDecoratedOperator): log_sql_query>, print_the_context already registered for DAG: example_python_operator
[2023-03-09T15:40:10.988+0000] {logging_mixin.py:137} INFO - [2023-03-09T15:40:10.988+0000] {taskmixin.py:205} WARNING - Dependency <Task(_PythonDecoratedOperator): print_the_context>, log_sql_query already registered for DAG: example_python_operator
[2023-03-09T15:40:10.989+0000] {logging_mixin.py:137} INFO - [2023-03-09T15:40:10.988+0000] {taskmixin.py:205} WARNING - Dependency <Task(_PythonDecoratedOperator): log_sql_query>, print_the_context already registered for DAG: example_python_operator
[2023-03-09T15:40:10.990+0000] {logging_mixin.py:137} INFO - [2023-03-09T15:40:10.990+0000] {taskmixin.py:205} WARNING - Dependency <Task(_PythonDecoratedOperator): print_the_context>, log_sql_query already registered for DAG: example_python_operator
[2023-03-09T15:40:10.990+0000] {logging_mixin.py:137} INFO - [2023-03-09T15:40:10.990+0000] {taskmixin.py:205} WARNING - Dependency <Task(_PythonDecoratedOperator): log_sql_query>, print_the_context already registered for DAG: example_python_operator
[2023-03-09T15:40:11.005+0000] {processor.py:753} INFO - DAG(s) dict_keys(['example_python_operator']) retrieved from /home/airflow/.local/lib/python3.7/site-packages/airflow/example_dags/example_python_operator.py
[2023-03-09T15:40:11.047+0000] {logging_mixin.py:137} INFO - [2023-03-09T15:40:11.047+0000] {dag.py:2690} INFO - Sync 1 DAGs
[2023-03-09T15:40:11.101+0000] {logging_mixin.py:137} INFO - [2023-03-09T15:40:11.101+0000] {dag.py:3441} INFO - Setting next_dagrun for example_python_operator to None, run_after=None
[2023-03-09T15:40:11.137+0000] {processor.py:175} INFO - Processing /home/airflow/.local/lib/python3.7/site-packages/airflow/example_dags/example_python_operator.py took 0.191 seconds
[2023-03-09T15:40:41.830+0000] {processor.py:153} INFO - Started process (PID=396) to work on /home/airflow/.local/lib/python3.7/site-packages/airflow/example_dags/example_python_operator.py
[2023-03-09T15:40:41.831+0000] {processor.py:743} INFO - Processing file /home/airflow/.local/lib/python3.7/site-packages/airflow/example_dags/example_python_operator.py for tasks to queue
[2023-03-09T15:40:41.832+0000] {logging_mixin.py:137} INFO - [2023-03-09T15:40:41.832+0000] {dagbag.py:538} INFO - Filling up the DagBag from /home/airflow/.local/lib/python3.7/site-packages/airflow/example_dags/example_python_operator.py
[2023-03-09T15:40:41.866+0000] {logging_mixin.py:137} INFO - [2023-03-09T15:40:41.866+0000] {taskmixin.py:205} WARNING - Dependency <Task(_PythonDecoratedOperator): print_the_context>, log_sql_query already registered for DAG: example_python_operator
[2023-03-09T15:40:41.866+0000] {logging_mixin.py:137} INFO - [2023-03-09T15:40:41.866+0000] {taskmixin.py:205} WARNING - Dependency <Task(_PythonDecoratedOperator): log_sql_query>, print_the_context already registered for DAG: example_python_operator
[2023-03-09T15:40:41.868+0000] {logging_mixin.py:137} INFO - [2023-03-09T15:40:41.867+0000] {taskmixin.py:205} WARNING - Dependency <Task(_PythonDecoratedOperator): print_the_context>, log_sql_query already registered for DAG: example_python_operator
[2023-03-09T15:40:41.868+0000] {logging_mixin.py:137} INFO - [2023-03-09T15:40:41.868+0000] {taskmixin.py:205} WARNING - Dependency <Task(_PythonDecoratedOperator): log_sql_query>, print_the_context already registered for DAG: example_python_operator
[2023-03-09T15:40:41.870+0000] {logging_mixin.py:137} INFO - [2023-03-09T15:40:41.870+0000] {taskmixin.py:205} WARNING - Dependency <Task(_PythonDecoratedOperator): print_the_context>, log_sql_query already registered for DAG: example_python_operator
[2023-03-09T15:40:41.870+0000] {logging_mixin.py:137} INFO - [2023-03-09T15:40:41.870+0000] {taskmixin.py:205} WARNING - Dependency <Task(_PythonDecoratedOperator): log_sql_query>, print_the_context already registered for DAG: example_python_operator
[2023-03-09T15:40:41.872+0000] {logging_mixin.py:137} INFO - [2023-03-09T15:40:41.872+0000] {taskmixin.py:205} WARNING - Dependency <Task(_PythonDecoratedOperator): print_the_context>, log_sql_query already registered for DAG: example_python_operator
[2023-03-09T15:40:41.873+0000] {logging_mixin.py:137} INFO - [2023-03-09T15:40:41.872+0000] {taskmixin.py:205} WARNING - Dependency <Task(_PythonDecoratedOperator): log_sql_query>, print_the_context already registered for DAG: example_python_operator
[2023-03-09T15:40:41.888+0000] {processor.py:753} INFO - DAG(s) dict_keys(['example_python_operator']) retrieved from /home/airflow/.local/lib/python3.7/site-packages/airflow/example_dags/example_python_operator.py
[2023-03-09T15:40:41.938+0000] {logging_mixin.py:137} INFO - [2023-03-09T15:40:41.938+0000] {dag.py:2690} INFO - Sync 1 DAGs
[2023-03-09T15:40:42.005+0000] {logging_mixin.py:137} INFO - [2023-03-09T15:40:42.004+0000] {dag.py:3441} INFO - Setting next_dagrun for example_python_operator to None, run_after=None
[2023-03-09T15:40:42.043+0000] {processor.py:175} INFO - Processing /home/airflow/.local/lib/python3.7/site-packages/airflow/example_dags/example_python_operator.py took 0.218 seconds
[2023-03-09T15:41:12.145+0000] {processor.py:153} INFO - Started process (PID=461) to work on /home/airflow/.local/lib/python3.7/site-packages/airflow/example_dags/example_python_operator.py
[2023-03-09T15:41:12.147+0000] {processor.py:743} INFO - Processing file /home/airflow/.local/lib/python3.7/site-packages/airflow/example_dags/example_python_operator.py for tasks to queue
[2023-03-09T15:41:12.148+0000] {logging_mixin.py:137} INFO - [2023-03-09T15:41:12.148+0000] {dagbag.py:538} INFO - Filling up the DagBag from /home/airflow/.local/lib/python3.7/site-packages/airflow/example_dags/example_python_operator.py
[2023-03-09T15:41:12.191+0000] {logging_mixin.py:137} INFO - [2023-03-09T15:41:12.191+0000] {taskmixin.py:205} WARNING - Dependency <Task(_PythonDecoratedOperator): print_the_context>, log_sql_query already registered for DAG: example_python_operator
[2023-03-09T15:41:12.192+0000] {logging_mixin.py:137} INFO - [2023-03-09T15:41:12.191+0000] {taskmixin.py:205} WARNING - Dependency <Task(_PythonDecoratedOperator): log_sql_query>, print_the_context already registered for DAG: example_python_operator
[2023-03-09T15:41:12.193+0000] {logging_mixin.py:137} INFO - [2023-03-09T15:41:12.193+0000] {taskmixin.py:205} WARNING - Dependency <Task(_PythonDecoratedOperator): print_the_context>, log_sql_query already registered for DAG: example_python_operator
[2023-03-09T15:41:12.193+0000] {logging_mixin.py:137} INFO - [2023-03-09T15:41:12.193+0000] {taskmixin.py:205} WARNING - Dependency <Task(_PythonDecoratedOperator): log_sql_query>, print_the_context already registered for DAG: example_python_operator
[2023-03-09T15:41:12.195+0000] {logging_mixin.py:137} INFO - [2023-03-09T15:41:12.195+0000] {taskmixin.py:205} WARNING - Dependency <Task(_PythonDecoratedOperator): print_the_context>, log_sql_query already registered for DAG: example_python_operator
[2023-03-09T15:41:12.195+0000] {logging_mixin.py:137} INFO - [2023-03-09T15:41:12.195+0000] {taskmixin.py:205} WARNING - Dependency <Task(_PythonDecoratedOperator): log_sql_query>, print_the_context already registered for DAG: example_python_operator
[2023-03-09T15:41:12.196+0000] {logging_mixin.py:137} INFO - [2023-03-09T15:41:12.196+0000] {taskmixin.py:205} WARNING - Dependency <Task(_PythonDecoratedOperator): print_the_context>, log_sql_query already registered for DAG: example_python_operator
[2023-03-09T15:41:12.197+0000] {logging_mixin.py:137} INFO - [2023-03-09T15:41:12.197+0000] {taskmixin.py:205} WARNING - Dependency <Task(_PythonDecoratedOperator): log_sql_query>, print_the_context already registered for DAG: example_python_operator
[2023-03-09T15:41:12.209+0000] {processor.py:753} INFO - DAG(s) dict_keys(['example_python_operator']) retrieved from /home/airflow/.local/lib/python3.7/site-packages/airflow/example_dags/example_python_operator.py
[2023-03-09T15:41:12.255+0000] {logging_mixin.py:137} INFO - [2023-03-09T15:41:12.255+0000] {dag.py:2690} INFO - Sync 1 DAGs
[2023-03-09T15:41:12.305+0000] {logging_mixin.py:137} INFO - [2023-03-09T15:41:12.305+0000] {dag.py:3441} INFO - Setting next_dagrun for example_python_operator to None, run_after=None
[2023-03-09T15:41:12.337+0000] {processor.py:175} INFO - Processing /home/airflow/.local/lib/python3.7/site-packages/airflow/example_dags/example_python_operator.py took 0.196 seconds
[2023-03-09T15:41:43.004+0000] {processor.py:153} INFO - Started process (PID=525) to work on /home/airflow/.local/lib/python3.7/site-packages/airflow/example_dags/example_python_operator.py
[2023-03-09T15:41:43.005+0000] {processor.py:743} INFO - Processing file /home/airflow/.local/lib/python3.7/site-packages/airflow/example_dags/example_python_operator.py for tasks to queue
[2023-03-09T15:41:43.006+0000] {logging_mixin.py:137} INFO - [2023-03-09T15:41:43.006+0000] {dagbag.py:538} INFO - Filling up the DagBag from /home/airflow/.local/lib/python3.7/site-packages/airflow/example_dags/example_python_operator.py
[2023-03-09T15:41:43.030+0000] {logging_mixin.py:137} INFO - [2023-03-09T15:41:43.029+0000] {taskmixin.py:205} WARNING - Dependency <Task(_PythonDecoratedOperator): print_the_context>, log_sql_query already registered for DAG: example_python_operator
[2023-03-09T15:41:43.030+0000] {logging_mixin.py:137} INFO - [2023-03-09T15:41:43.030+0000] {taskmixin.py:205} WARNING - Dependency <Task(_PythonDecoratedOperator): log_sql_query>, print_the_context already registered for DAG: example_python_operator
[2023-03-09T15:41:43.031+0000] {logging_mixin.py:137} INFO - [2023-03-09T15:41:43.031+0000] {taskmixin.py:205} WARNING - Dependency <Task(_PythonDecoratedOperator): print_the_context>, log_sql_query already registered for DAG: example_python_operator
[2023-03-09T15:41:43.031+0000] {logging_mixin.py:137} INFO - [2023-03-09T15:41:43.031+0000] {taskmixin.py:205} WARNING - Dependency <Task(_PythonDecoratedOperator): log_sql_query>, print_the_context already registered for DAG: example_python_operator
[2023-03-09T15:41:43.032+0000] {logging_mixin.py:137} INFO - [2023-03-09T15:41:43.032+0000] {taskmixin.py:205} WARNING - Dependency <Task(_PythonDecoratedOperator): print_the_context>, log_sql_query already registered for DAG: example_python_operator
[2023-03-09T15:41:43.032+0000] {logging_mixin.py:137} INFO - [2023-03-09T15:41:43.032+0000] {taskmixin.py:205} WARNING - Dependency <Task(_PythonDecoratedOperator): log_sql_query>, print_the_context already registered for DAG: example_python_operator
[2023-03-09T15:41:43.034+0000] {logging_mixin.py:137} INFO - [2023-03-09T15:41:43.034+0000] {taskmixin.py:205} WARNING - Dependency <Task(_PythonDecoratedOperator): print_the_context>, log_sql_query already registered for DAG: example_python_operator
[2023-03-09T15:41:43.034+0000] {logging_mixin.py:137} INFO - [2023-03-09T15:41:43.034+0000] {taskmixin.py:205} WARNING - Dependency <Task(_PythonDecoratedOperator): log_sql_query>, print_the_context already registered for DAG: example_python_operator
[2023-03-09T15:41:43.064+0000] {processor.py:753} INFO - DAG(s) dict_keys(['example_python_operator']) retrieved from /home/airflow/.local/lib/python3.7/site-packages/airflow/example_dags/example_python_operator.py
[2023-03-09T15:41:43.128+0000] {logging_mixin.py:137} INFO - [2023-03-09T15:41:43.127+0000] {dag.py:2690} INFO - Sync 1 DAGs
[2023-03-09T15:41:43.169+0000] {logging_mixin.py:137} INFO - [2023-03-09T15:41:43.169+0000] {dag.py:3441} INFO - Setting next_dagrun for example_python_operator to None, run_after=None
[2023-03-09T15:41:43.200+0000] {processor.py:175} INFO - Processing /home/airflow/.local/lib/python3.7/site-packages/airflow/example_dags/example_python_operator.py took 0.199 seconds
[2023-03-09T15:42:13.932+0000] {processor.py:153} INFO - Started process (PID=590) to work on /home/airflow/.local/lib/python3.7/site-packages/airflow/example_dags/example_python_operator.py
[2023-03-09T15:42:13.934+0000] {processor.py:743} INFO - Processing file /home/airflow/.local/lib/python3.7/site-packages/airflow/example_dags/example_python_operator.py for tasks to queue
[2023-03-09T15:42:13.935+0000] {logging_mixin.py:137} INFO - [2023-03-09T15:42:13.935+0000] {dagbag.py:538} INFO - Filling up the DagBag from /home/airflow/.local/lib/python3.7/site-packages/airflow/example_dags/example_python_operator.py
[2023-03-09T15:42:13.968+0000] {logging_mixin.py:137} INFO - [2023-03-09T15:42:13.968+0000] {taskmixin.py:205} WARNING - Dependency <Task(_PythonDecoratedOperator): print_the_context>, log_sql_query already registered for DAG: example_python_operator
[2023-03-09T15:42:13.968+0000] {logging_mixin.py:137} INFO - [2023-03-09T15:42:13.968+0000] {taskmixin.py:205} WARNING - Dependency <Task(_PythonDecoratedOperator): log_sql_query>, print_the_context already registered for DAG: example_python_operator
[2023-03-09T15:42:13.972+0000] {logging_mixin.py:137} INFO - [2023-03-09T15:42:13.972+0000] {taskmixin.py:205} WARNING - Dependency <Task(_PythonDecoratedOperator): print_the_context>, log_sql_query already registered for DAG: example_python_operator
[2023-03-09T15:42:13.973+0000] {logging_mixin.py:137} INFO - [2023-03-09T15:42:13.973+0000] {taskmixin.py:205} WARNING - Dependency <Task(_PythonDecoratedOperator): log_sql_query>, print_the_context already registered for DAG: example_python_operator
[2023-03-09T15:42:13.975+0000] {logging_mixin.py:137} INFO - [2023-03-09T15:42:13.975+0000] {taskmixin.py:205} WARNING - Dependency <Task(_PythonDecoratedOperator): print_the_context>, log_sql_query already registered for DAG: example_python_operator
[2023-03-09T15:42:13.976+0000] {logging_mixin.py:137} INFO - [2023-03-09T15:42:13.976+0000] {taskmixin.py:205} WARNING - Dependency <Task(_PythonDecoratedOperator): log_sql_query>, print_the_context already registered for DAG: example_python_operator
[2023-03-09T15:42:13.978+0000] {logging_mixin.py:137} INFO - [2023-03-09T15:42:13.977+0000] {taskmixin.py:205} WARNING - Dependency <Task(_PythonDecoratedOperator): print_the_context>, log_sql_query already registered for DAG: example_python_operator
[2023-03-09T15:42:13.978+0000] {logging_mixin.py:137} INFO - [2023-03-09T15:42:13.978+0000] {taskmixin.py:205} WARNING - Dependency <Task(_PythonDecoratedOperator): log_sql_query>, print_the_context already registered for DAG: example_python_operator
[2023-03-09T15:42:13.991+0000] {processor.py:753} INFO - DAG(s) dict_keys(['example_python_operator']) retrieved from /home/airflow/.local/lib/python3.7/site-packages/airflow/example_dags/example_python_operator.py
[2023-03-09T15:42:14.031+0000] {logging_mixin.py:137} INFO - [2023-03-09T15:42:14.031+0000] {dag.py:2690} INFO - Sync 1 DAGs
[2023-03-09T15:42:14.067+0000] {logging_mixin.py:137} INFO - [2023-03-09T15:42:14.067+0000] {dag.py:3441} INFO - Setting next_dagrun for example_python_operator to None, run_after=None
[2023-03-09T15:42:14.094+0000] {processor.py:175} INFO - Processing /home/airflow/.local/lib/python3.7/site-packages/airflow/example_dags/example_python_operator.py took 0.166 seconds
[2023-03-09T15:42:44.611+0000] {processor.py:153} INFO - Started process (PID=661) to work on /home/airflow/.local/lib/python3.7/site-packages/airflow/example_dags/example_python_operator.py
[2023-03-09T15:42:44.612+0000] {processor.py:743} INFO - Processing file /home/airflow/.local/lib/python3.7/site-packages/airflow/example_dags/example_python_operator.py for tasks to queue
[2023-03-09T15:42:44.613+0000] {logging_mixin.py:137} INFO - [2023-03-09T15:42:44.612+0000] {dagbag.py:538} INFO - Filling up the DagBag from /home/airflow/.local/lib/python3.7/site-packages/airflow/example_dags/example_python_operator.py
[2023-03-09T15:42:44.644+0000] {logging_mixin.py:137} INFO - [2023-03-09T15:42:44.644+0000] {taskmixin.py:205} WARNING - Dependency <Task(_PythonDecoratedOperator): print_the_context>, log_sql_query already registered for DAG: example_python_operator
[2023-03-09T15:42:44.645+0000] {logging_mixin.py:137} INFO - [2023-03-09T15:42:44.645+0000] {taskmixin.py:205} WARNING - Dependency <Task(_PythonDecoratedOperator): log_sql_query>, print_the_context already registered for DAG: example_python_operator
[2023-03-09T15:42:44.646+0000] {logging_mixin.py:137} INFO - [2023-03-09T15:42:44.646+0000] {taskmixin.py:205} WARNING - Dependency <Task(_PythonDecoratedOperator): print_the_context>, log_sql_query already registered for DAG: example_python_operator
[2023-03-09T15:42:44.646+0000] {logging_mixin.py:137} INFO - [2023-03-09T15:42:44.646+0000] {taskmixin.py:205} WARNING - Dependency <Task(_PythonDecoratedOperator): log_sql_query>, print_the_context already registered for DAG: example_python_operator
[2023-03-09T15:42:44.648+0000] {logging_mixin.py:137} INFO - [2023-03-09T15:42:44.647+0000] {taskmixin.py:205} WARNING - Dependency <Task(_PythonDecoratedOperator): print_the_context>, log_sql_query already registered for DAG: example_python_operator
[2023-03-09T15:42:44.648+0000] {logging_mixin.py:137} INFO - [2023-03-09T15:42:44.648+0000] {taskmixin.py:205} WARNING - Dependency <Task(_PythonDecoratedOperator): log_sql_query>, print_the_context already registered for DAG: example_python_operator
[2023-03-09T15:42:44.649+0000] {logging_mixin.py:137} INFO - [2023-03-09T15:42:44.649+0000] {taskmixin.py:205} WARNING - Dependency <Task(_PythonDecoratedOperator): print_the_context>, log_sql_query already registered for DAG: example_python_operator
[2023-03-09T15:42:44.650+0000] {logging_mixin.py:137} INFO - [2023-03-09T15:42:44.649+0000] {taskmixin.py:205} WARNING - Dependency <Task(_PythonDecoratedOperator): log_sql_query>, print_the_context already registered for DAG: example_python_operator
[2023-03-09T15:42:44.669+0000] {processor.py:753} INFO - DAG(s) dict_keys(['example_python_operator']) retrieved from /home/airflow/.local/lib/python3.7/site-packages/airflow/example_dags/example_python_operator.py
[2023-03-09T15:42:44.756+0000] {logging_mixin.py:137} INFO - [2023-03-09T15:42:44.755+0000] {dag.py:2690} INFO - Sync 1 DAGs
[2023-03-09T15:42:44.846+0000] {logging_mixin.py:137} INFO - [2023-03-09T15:42:44.846+0000] {dag.py:3441} INFO - Setting next_dagrun for example_python_operator to None, run_after=None
[2023-03-09T15:42:44.925+0000] {processor.py:175} INFO - Processing /home/airflow/.local/lib/python3.7/site-packages/airflow/example_dags/example_python_operator.py took 0.320 seconds
[2023-03-09T15:43:15.609+0000] {processor.py:153} INFO - Started process (PID=728) to work on /home/airflow/.local/lib/python3.7/site-packages/airflow/example_dags/example_python_operator.py
[2023-03-09T15:43:15.610+0000] {processor.py:743} INFO - Processing file /home/airflow/.local/lib/python3.7/site-packages/airflow/example_dags/example_python_operator.py for tasks to queue
[2023-03-09T15:43:15.611+0000] {logging_mixin.py:137} INFO - [2023-03-09T15:43:15.611+0000] {dagbag.py:538} INFO - Filling up the DagBag from /home/airflow/.local/lib/python3.7/site-packages/airflow/example_dags/example_python_operator.py
[2023-03-09T15:43:15.656+0000] {logging_mixin.py:137} INFO - [2023-03-09T15:43:15.656+0000] {taskmixin.py:205} WARNING - Dependency <Task(_PythonDecoratedOperator): print_the_context>, log_sql_query already registered for DAG: example_python_operator
[2023-03-09T15:43:15.657+0000] {logging_mixin.py:137} INFO - [2023-03-09T15:43:15.656+0000] {taskmixin.py:205} WARNING - Dependency <Task(_PythonDecoratedOperator): log_sql_query>, print_the_context already registered for DAG: example_python_operator
[2023-03-09T15:43:15.658+0000] {logging_mixin.py:137} INFO - [2023-03-09T15:43:15.658+0000] {taskmixin.py:205} WARNING - Dependency <Task(_PythonDecoratedOperator): print_the_context>, log_sql_query already registered for DAG: example_python_operator
[2023-03-09T15:43:15.658+0000] {logging_mixin.py:137} INFO - [2023-03-09T15:43:15.658+0000] {taskmixin.py:205} WARNING - Dependency <Task(_PythonDecoratedOperator): log_sql_query>, print_the_context already registered for DAG: example_python_operator
[2023-03-09T15:43:15.669+0000] {logging_mixin.py:137} INFO - [2023-03-09T15:43:15.669+0000] {taskmixin.py:205} WARNING - Dependency <Task(_PythonDecoratedOperator): print_the_context>, log_sql_query already registered for DAG: example_python_operator
[2023-03-09T15:43:15.669+0000] {logging_mixin.py:137} INFO - [2023-03-09T15:43:15.669+0000] {taskmixin.py:205} WARNING - Dependency <Task(_PythonDecoratedOperator): log_sql_query>, print_the_context already registered for DAG: example_python_operator
[2023-03-09T15:43:15.671+0000] {logging_mixin.py:137} INFO - [2023-03-09T15:43:15.670+0000] {taskmixin.py:205} WARNING - Dependency <Task(_PythonDecoratedOperator): print_the_context>, log_sql_query already registered for DAG: example_python_operator
[2023-03-09T15:43:15.671+0000] {logging_mixin.py:137} INFO - [2023-03-09T15:43:15.671+0000] {taskmixin.py:205} WARNING - Dependency <Task(_PythonDecoratedOperator): log_sql_query>, print_the_context already registered for DAG: example_python_operator
[2023-03-09T15:43:15.700+0000] {processor.py:753} INFO - DAG(s) dict_keys(['example_python_operator']) retrieved from /home/airflow/.local/lib/python3.7/site-packages/airflow/example_dags/example_python_operator.py
[2023-03-09T15:43:15.797+0000] {logging_mixin.py:137} INFO - [2023-03-09T15:43:15.796+0000] {dag.py:2690} INFO - Sync 1 DAGs
[2023-03-09T15:43:15.882+0000] {logging_mixin.py:137} INFO - [2023-03-09T15:43:15.882+0000] {dag.py:3441} INFO - Setting next_dagrun for example_python_operator to None, run_after=None
[2023-03-09T15:43:15.924+0000] {processor.py:175} INFO - Processing /home/airflow/.local/lib/python3.7/site-packages/airflow/example_dags/example_python_operator.py took 0.340 seconds
[2023-03-09T15:43:46.070+0000] {processor.py:153} INFO - Started process (PID=792) to work on /home/airflow/.local/lib/python3.7/site-packages/airflow/example_dags/example_python_operator.py
[2023-03-09T15:43:46.071+0000] {processor.py:743} INFO - Processing file /home/airflow/.local/lib/python3.7/site-packages/airflow/example_dags/example_python_operator.py for tasks to queue
[2023-03-09T15:43:46.072+0000] {logging_mixin.py:137} INFO - [2023-03-09T15:43:46.072+0000] {dagbag.py:538} INFO - Filling up the DagBag from /home/airflow/.local/lib/python3.7/site-packages/airflow/example_dags/example_python_operator.py
[2023-03-09T15:43:46.125+0000] {logging_mixin.py:137} INFO - [2023-03-09T15:43:46.124+0000] {taskmixin.py:205} WARNING - Dependency <Task(_PythonDecoratedOperator): print_the_context>, log_sql_query already registered for DAG: example_python_operator
[2023-03-09T15:43:46.125+0000] {logging_mixin.py:137} INFO - [2023-03-09T15:43:46.125+0000] {taskmixin.py:205} WARNING - Dependency <Task(_PythonDecoratedOperator): log_sql_query>, print_the_context already registered for DAG: example_python_operator
[2023-03-09T15:43:46.126+0000] {logging_mixin.py:137} INFO - [2023-03-09T15:43:46.126+0000] {taskmixin.py:205} WARNING - Dependency <Task(_PythonDecoratedOperator): print_the_context>, log_sql_query already registered for DAG: example_python_operator
[2023-03-09T15:43:46.126+0000] {logging_mixin.py:137} INFO - [2023-03-09T15:43:46.126+0000] {taskmixin.py:205} WARNING - Dependency <Task(_PythonDecoratedOperator): log_sql_query>, print_the_context already registered for DAG: example_python_operator
[2023-03-09T15:43:46.127+0000] {logging_mixin.py:137} INFO - [2023-03-09T15:43:46.127+0000] {taskmixin.py:205} WARNING - Dependency <Task(_PythonDecoratedOperator): print_the_context>, log_sql_query already registered for DAG: example_python_operator
[2023-03-09T15:43:46.130+0000] {logging_mixin.py:137} INFO - [2023-03-09T15:43:46.128+0000] {taskmixin.py:205} WARNING - Dependency <Task(_PythonDecoratedOperator): log_sql_query>, print_the_context already registered for DAG: example_python_operator
[2023-03-09T15:43:46.131+0000] {logging_mixin.py:137} INFO - [2023-03-09T15:43:46.131+0000] {taskmixin.py:205} WARNING - Dependency <Task(_PythonDecoratedOperator): print_the_context>, log_sql_query already registered for DAG: example_python_operator
[2023-03-09T15:43:46.131+0000] {logging_mixin.py:137} INFO - [2023-03-09T15:43:46.131+0000] {taskmixin.py:205} WARNING - Dependency <Task(_PythonDecoratedOperator): log_sql_query>, print_the_context already registered for DAG: example_python_operator
[2023-03-09T15:43:46.146+0000] {processor.py:753} INFO - DAG(s) dict_keys(['example_python_operator']) retrieved from /home/airflow/.local/lib/python3.7/site-packages/airflow/example_dags/example_python_operator.py
[2023-03-09T15:43:46.193+0000] {logging_mixin.py:137} INFO - [2023-03-09T15:43:46.193+0000] {dag.py:2690} INFO - Sync 1 DAGs
[2023-03-09T15:43:46.253+0000] {logging_mixin.py:137} INFO - [2023-03-09T15:43:46.253+0000] {dag.py:3441} INFO - Setting next_dagrun for example_python_operator to None, run_after=None
[2023-03-09T15:43:46.319+0000] {processor.py:175} INFO - Processing /home/airflow/.local/lib/python3.7/site-packages/airflow/example_dags/example_python_operator.py took 0.256 seconds
[2023-03-09T15:44:16.356+0000] {processor.py:153} INFO - Started process (PID=854) to work on /home/airflow/.local/lib/python3.7/site-packages/airflow/example_dags/example_python_operator.py
[2023-03-09T15:44:16.357+0000] {processor.py:743} INFO - Processing file /home/airflow/.local/lib/python3.7/site-packages/airflow/example_dags/example_python_operator.py for tasks to queue
[2023-03-09T15:44:16.357+0000] {logging_mixin.py:137} INFO - [2023-03-09T15:44:16.357+0000] {dagbag.py:538} INFO - Filling up the DagBag from /home/airflow/.local/lib/python3.7/site-packages/airflow/example_dags/example_python_operator.py
[2023-03-09T15:44:16.379+0000] {logging_mixin.py:137} INFO - [2023-03-09T15:44:16.379+0000] {taskmixin.py:205} WARNING - Dependency <Task(_PythonDecoratedOperator): print_the_context>, log_sql_query already registered for DAG: example_python_operator
[2023-03-09T15:44:16.379+0000] {logging_mixin.py:137} INFO - [2023-03-09T15:44:16.379+0000] {taskmixin.py:205} WARNING - Dependency <Task(_PythonDecoratedOperator): log_sql_query>, print_the_context already registered for DAG: example_python_operator
[2023-03-09T15:44:16.380+0000] {logging_mixin.py:137} INFO - [2023-03-09T15:44:16.380+0000] {taskmixin.py:205} WARNING - Dependency <Task(_PythonDecoratedOperator): print_the_context>, log_sql_query already registered for DAG: example_python_operator
[2023-03-09T15:44:16.380+0000] {logging_mixin.py:137} INFO - [2023-03-09T15:44:16.380+0000] {taskmixin.py:205} WARNING - Dependency <Task(_PythonDecoratedOperator): log_sql_query>, print_the_context already registered for DAG: example_python_operator
[2023-03-09T15:44:16.381+0000] {logging_mixin.py:137} INFO - [2023-03-09T15:44:16.381+0000] {taskmixin.py:205} WARNING - Dependency <Task(_PythonDecoratedOperator): print_the_context>, log_sql_query already registered for DAG: example_python_operator
[2023-03-09T15:44:16.381+0000] {logging_mixin.py:137} INFO - [2023-03-09T15:44:16.381+0000] {taskmixin.py:205} WARNING - Dependency <Task(_PythonDecoratedOperator): log_sql_query>, print_the_context already registered for DAG: example_python_operator
[2023-03-09T15:44:16.382+0000] {logging_mixin.py:137} INFO - [2023-03-09T15:44:16.382+0000] {taskmixin.py:205} WARNING - Dependency <Task(_PythonDecoratedOperator): print_the_context>, log_sql_query already registered for DAG: example_python_operator
[2023-03-09T15:44:16.382+0000] {logging_mixin.py:137} INFO - [2023-03-09T15:44:16.382+0000] {taskmixin.py:205} WARNING - Dependency <Task(_PythonDecoratedOperator): log_sql_query>, print_the_context already registered for DAG: example_python_operator
[2023-03-09T15:44:16.392+0000] {processor.py:753} INFO - DAG(s) dict_keys(['example_python_operator']) retrieved from /home/airflow/.local/lib/python3.7/site-packages/airflow/example_dags/example_python_operator.py
[2023-03-09T15:44:16.429+0000] {logging_mixin.py:137} INFO - [2023-03-09T15:44:16.429+0000] {dag.py:2690} INFO - Sync 1 DAGs
[2023-03-09T15:44:16.466+0000] {logging_mixin.py:137} INFO - [2023-03-09T15:44:16.466+0000] {dag.py:3441} INFO - Setting next_dagrun for example_python_operator to None, run_after=None
[2023-03-09T15:44:16.494+0000] {processor.py:175} INFO - Processing /home/airflow/.local/lib/python3.7/site-packages/airflow/example_dags/example_python_operator.py took 0.142 seconds
[2023-03-09T15:44:46.743+0000] {processor.py:153} INFO - Started process (PID=916) to work on /home/airflow/.local/lib/python3.7/site-packages/airflow/example_dags/example_python_operator.py
[2023-03-09T15:44:46.743+0000] {processor.py:743} INFO - Processing file /home/airflow/.local/lib/python3.7/site-packages/airflow/example_dags/example_python_operator.py for tasks to queue
[2023-03-09T15:44:46.744+0000] {logging_mixin.py:137} INFO - [2023-03-09T15:44:46.744+0000] {dagbag.py:538} INFO - Filling up the DagBag from /home/airflow/.local/lib/python3.7/site-packages/airflow/example_dags/example_python_operator.py
[2023-03-09T15:44:46.777+0000] {logging_mixin.py:137} INFO - [2023-03-09T15:44:46.777+0000] {taskmixin.py:205} WARNING - Dependency <Task(_PythonDecoratedOperator): print_the_context>, log_sql_query already registered for DAG: example_python_operator
[2023-03-09T15:44:46.777+0000] {logging_mixin.py:137} INFO - [2023-03-09T15:44:46.777+0000] {taskmixin.py:205} WARNING - Dependency <Task(_PythonDecoratedOperator): log_sql_query>, print_the_context already registered for DAG: example_python_operator
[2023-03-09T15:44:46.779+0000] {logging_mixin.py:137} INFO - [2023-03-09T15:44:46.779+0000] {taskmixin.py:205} WARNING - Dependency <Task(_PythonDecoratedOperator): print_the_context>, log_sql_query already registered for DAG: example_python_operator
[2023-03-09T15:44:46.779+0000] {logging_mixin.py:137} INFO - [2023-03-09T15:44:46.779+0000] {taskmixin.py:205} WARNING - Dependency <Task(_PythonDecoratedOperator): log_sql_query>, print_the_context already registered for DAG: example_python_operator
[2023-03-09T15:44:46.781+0000] {logging_mixin.py:137} INFO - [2023-03-09T15:44:46.781+0000] {taskmixin.py:205} WARNING - Dependency <Task(_PythonDecoratedOperator): print_the_context>, log_sql_query already registered for DAG: example_python_operator
[2023-03-09T15:44:46.781+0000] {logging_mixin.py:137} INFO - [2023-03-09T15:44:46.781+0000] {taskmixin.py:205} WARNING - Dependency <Task(_PythonDecoratedOperator): log_sql_query>, print_the_context already registered for DAG: example_python_operator
[2023-03-09T15:44:46.783+0000] {logging_mixin.py:137} INFO - [2023-03-09T15:44:46.782+0000] {taskmixin.py:205} WARNING - Dependency <Task(_PythonDecoratedOperator): print_the_context>, log_sql_query already registered for DAG: example_python_operator
[2023-03-09T15:44:46.783+0000] {logging_mixin.py:137} INFO - [2023-03-09T15:44:46.783+0000] {taskmixin.py:205} WARNING - Dependency <Task(_PythonDecoratedOperator): log_sql_query>, print_the_context already registered for DAG: example_python_operator
[2023-03-09T15:44:46.796+0000] {processor.py:753} INFO - DAG(s) dict_keys(['example_python_operator']) retrieved from /home/airflow/.local/lib/python3.7/site-packages/airflow/example_dags/example_python_operator.py
[2023-03-09T15:44:46.866+0000] {logging_mixin.py:137} INFO - [2023-03-09T15:44:46.865+0000] {dag.py:2690} INFO - Sync 1 DAGs
[2023-03-09T15:44:47.033+0000] {logging_mixin.py:137} INFO - [2023-03-09T15:44:47.032+0000] {dag.py:3441} INFO - Setting next_dagrun for example_python_operator to None, run_after=None
[2023-03-09T15:44:47.078+0000] {processor.py:175} INFO - Processing /home/airflow/.local/lib/python3.7/site-packages/airflow/example_dags/example_python_operator.py took 0.339 seconds
[2023-03-09T15:45:17.390+0000] {processor.py:153} INFO - Started process (PID=978) to work on /home/airflow/.local/lib/python3.7/site-packages/airflow/example_dags/example_python_operator.py
[2023-03-09T15:45:17.391+0000] {processor.py:743} INFO - Processing file /home/airflow/.local/lib/python3.7/site-packages/airflow/example_dags/example_python_operator.py for tasks to queue
[2023-03-09T15:45:17.391+0000] {logging_mixin.py:137} INFO - [2023-03-09T15:45:17.391+0000] {dagbag.py:538} INFO - Filling up the DagBag from /home/airflow/.local/lib/python3.7/site-packages/airflow/example_dags/example_python_operator.py
[2023-03-09T15:45:17.420+0000] {logging_mixin.py:137} INFO - [2023-03-09T15:45:17.419+0000] {taskmixin.py:205} WARNING - Dependency <Task(_PythonDecoratedOperator): print_the_context>, log_sql_query already registered for DAG: example_python_operator
[2023-03-09T15:45:17.420+0000] {logging_mixin.py:137} INFO - [2023-03-09T15:45:17.420+0000] {taskmixin.py:205} WARNING - Dependency <Task(_PythonDecoratedOperator): log_sql_query>, print_the_context already registered for DAG: example_python_operator
[2023-03-09T15:45:17.421+0000] {logging_mixin.py:137} INFO - [2023-03-09T15:45:17.421+0000] {taskmixin.py:205} WARNING - Dependency <Task(_PythonDecoratedOperator): print_the_context>, log_sql_query already registered for DAG: example_python_operator
[2023-03-09T15:45:17.422+0000] {logging_mixin.py:137} INFO - [2023-03-09T15:45:17.422+0000] {taskmixin.py:205} WARNING - Dependency <Task(_PythonDecoratedOperator): log_sql_query>, print_the_context already registered for DAG: example_python_operator
[2023-03-09T15:45:17.423+0000] {logging_mixin.py:137} INFO - [2023-03-09T15:45:17.423+0000] {taskmixin.py:205} WARNING - Dependency <Task(_PythonDecoratedOperator): print_the_context>, log_sql_query already registered for DAG: example_python_operator
[2023-03-09T15:45:17.423+0000] {logging_mixin.py:137} INFO - [2023-03-09T15:45:17.423+0000] {taskmixin.py:205} WARNING - Dependency <Task(_PythonDecoratedOperator): log_sql_query>, print_the_context already registered for DAG: example_python_operator
[2023-03-09T15:45:17.425+0000] {logging_mixin.py:137} INFO - [2023-03-09T15:45:17.424+0000] {taskmixin.py:205} WARNING - Dependency <Task(_PythonDecoratedOperator): print_the_context>, log_sql_query already registered for DAG: example_python_operator
[2023-03-09T15:45:17.425+0000] {logging_mixin.py:137} INFO - [2023-03-09T15:45:17.425+0000] {taskmixin.py:205} WARNING - Dependency <Task(_PythonDecoratedOperator): log_sql_query>, print_the_context already registered for DAG: example_python_operator
[2023-03-09T15:45:17.438+0000] {processor.py:753} INFO - DAG(s) dict_keys(['example_python_operator']) retrieved from /home/airflow/.local/lib/python3.7/site-packages/airflow/example_dags/example_python_operator.py
[2023-03-09T15:45:17.481+0000] {logging_mixin.py:137} INFO - [2023-03-09T15:45:17.481+0000] {dag.py:2690} INFO - Sync 1 DAGs
[2023-03-09T15:45:17.529+0000] {logging_mixin.py:137} INFO - [2023-03-09T15:45:17.529+0000] {dag.py:3441} INFO - Setting next_dagrun for example_python_operator to None, run_after=None
[2023-03-09T15:45:17.558+0000] {processor.py:175} INFO - Processing /home/airflow/.local/lib/python3.7/site-packages/airflow/example_dags/example_python_operator.py took 0.173 seconds
[2023-03-09T15:45:47.922+0000] {processor.py:153} INFO - Started process (PID=1051) to work on /home/airflow/.local/lib/python3.7/site-packages/airflow/example_dags/example_python_operator.py
[2023-03-09T15:45:47.923+0000] {processor.py:743} INFO - Processing file /home/airflow/.local/lib/python3.7/site-packages/airflow/example_dags/example_python_operator.py for tasks to queue
[2023-03-09T15:45:47.924+0000] {logging_mixin.py:137} INFO - [2023-03-09T15:45:47.924+0000] {dagbag.py:538} INFO - Filling up the DagBag from /home/airflow/.local/lib/python3.7/site-packages/airflow/example_dags/example_python_operator.py
[2023-03-09T15:45:47.954+0000] {logging_mixin.py:137} INFO - [2023-03-09T15:45:47.954+0000] {taskmixin.py:205} WARNING - Dependency <Task(_PythonDecoratedOperator): print_the_context>, log_sql_query already registered for DAG: example_python_operator
[2023-03-09T15:45:47.955+0000] {logging_mixin.py:137} INFO - [2023-03-09T15:45:47.955+0000] {taskmixin.py:205} WARNING - Dependency <Task(_PythonDecoratedOperator): log_sql_query>, print_the_context already registered for DAG: example_python_operator
[2023-03-09T15:45:47.956+0000] {logging_mixin.py:137} INFO - [2023-03-09T15:45:47.956+0000] {taskmixin.py:205} WARNING - Dependency <Task(_PythonDecoratedOperator): print_the_context>, log_sql_query already registered for DAG: example_python_operator
[2023-03-09T15:45:47.957+0000] {logging_mixin.py:137} INFO - [2023-03-09T15:45:47.956+0000] {taskmixin.py:205} WARNING - Dependency <Task(_PythonDecoratedOperator): log_sql_query>, print_the_context already registered for DAG: example_python_operator
[2023-03-09T15:45:47.958+0000] {logging_mixin.py:137} INFO - [2023-03-09T15:45:47.958+0000] {taskmixin.py:205} WARNING - Dependency <Task(_PythonDecoratedOperator): print_the_context>, log_sql_query already registered for DAG: example_python_operator
[2023-03-09T15:45:47.958+0000] {logging_mixin.py:137} INFO - [2023-03-09T15:45:47.958+0000] {taskmixin.py:205} WARNING - Dependency <Task(_PythonDecoratedOperator): log_sql_query>, print_the_context already registered for DAG: example_python_operator
[2023-03-09T15:45:47.960+0000] {logging_mixin.py:137} INFO - [2023-03-09T15:45:47.960+0000] {taskmixin.py:205} WARNING - Dependency <Task(_PythonDecoratedOperator): print_the_context>, log_sql_query already registered for DAG: example_python_operator
[2023-03-09T15:45:47.960+0000] {logging_mixin.py:137} INFO - [2023-03-09T15:45:47.960+0000] {taskmixin.py:205} WARNING - Dependency <Task(_PythonDecoratedOperator): log_sql_query>, print_the_context already registered for DAG: example_python_operator
[2023-03-09T15:45:47.973+0000] {processor.py:753} INFO - DAG(s) dict_keys(['example_python_operator']) retrieved from /home/airflow/.local/lib/python3.7/site-packages/airflow/example_dags/example_python_operator.py
[2023-03-09T15:45:48.069+0000] {logging_mixin.py:137} INFO - [2023-03-09T15:45:48.069+0000] {dag.py:2690} INFO - Sync 1 DAGs
[2023-03-09T15:45:48.170+0000] {logging_mixin.py:137} INFO - [2023-03-09T15:45:48.170+0000] {dag.py:3441} INFO - Setting next_dagrun for example_python_operator to None, run_after=None
[2023-03-09T15:45:48.280+0000] {processor.py:175} INFO - Processing /home/airflow/.local/lib/python3.7/site-packages/airflow/example_dags/example_python_operator.py took 0.362 seconds
[2023-03-09T15:46:18.896+0000] {processor.py:153} INFO - Started process (PID=1120) to work on /home/airflow/.local/lib/python3.7/site-packages/airflow/example_dags/example_python_operator.py
[2023-03-09T15:46:18.897+0000] {processor.py:743} INFO - Processing file /home/airflow/.local/lib/python3.7/site-packages/airflow/example_dags/example_python_operator.py for tasks to queue
[2023-03-09T15:46:18.898+0000] {logging_mixin.py:137} INFO - [2023-03-09T15:46:18.898+0000] {dagbag.py:538} INFO - Filling up the DagBag from /home/airflow/.local/lib/python3.7/site-packages/airflow/example_dags/example_python_operator.py
[2023-03-09T15:46:18.936+0000] {logging_mixin.py:137} INFO - [2023-03-09T15:46:18.936+0000] {taskmixin.py:205} WARNING - Dependency <Task(_PythonDecoratedOperator): print_the_context>, log_sql_query already registered for DAG: example_python_operator
[2023-03-09T15:46:18.936+0000] {logging_mixin.py:137} INFO - [2023-03-09T15:46:18.936+0000] {taskmixin.py:205} WARNING - Dependency <Task(_PythonDecoratedOperator): log_sql_query>, print_the_context already registered for DAG: example_python_operator
[2023-03-09T15:46:18.938+0000] {logging_mixin.py:137} INFO - [2023-03-09T15:46:18.938+0000] {taskmixin.py:205} WARNING - Dependency <Task(_PythonDecoratedOperator): print_the_context>, log_sql_query already registered for DAG: example_python_operator
[2023-03-09T15:46:18.941+0000] {logging_mixin.py:137} INFO - [2023-03-09T15:46:18.938+0000] {taskmixin.py:205} WARNING - Dependency <Task(_PythonDecoratedOperator): log_sql_query>, print_the_context already registered for DAG: example_python_operator
[2023-03-09T15:46:18.945+0000] {logging_mixin.py:137} INFO - [2023-03-09T15:46:18.945+0000] {taskmixin.py:205} WARNING - Dependency <Task(_PythonDecoratedOperator): print_the_context>, log_sql_query already registered for DAG: example_python_operator
[2023-03-09T15:46:18.945+0000] {logging_mixin.py:137} INFO - [2023-03-09T15:46:18.945+0000] {taskmixin.py:205} WARNING - Dependency <Task(_PythonDecoratedOperator): log_sql_query>, print_the_context already registered for DAG: example_python_operator
[2023-03-09T15:46:18.949+0000] {logging_mixin.py:137} INFO - [2023-03-09T15:46:18.949+0000] {taskmixin.py:205} WARNING - Dependency <Task(_PythonDecoratedOperator): print_the_context>, log_sql_query already registered for DAG: example_python_operator
[2023-03-09T15:46:18.949+0000] {logging_mixin.py:137} INFO - [2023-03-09T15:46:18.949+0000] {taskmixin.py:205} WARNING - Dependency <Task(_PythonDecoratedOperator): log_sql_query>, print_the_context already registered for DAG: example_python_operator
[2023-03-09T15:46:18.978+0000] {processor.py:753} INFO - DAG(s) dict_keys(['example_python_operator']) retrieved from /home/airflow/.local/lib/python3.7/site-packages/airflow/example_dags/example_python_operator.py
[2023-03-09T15:46:19.132+0000] {logging_mixin.py:137} INFO - [2023-03-09T15:46:19.131+0000] {dag.py:2690} INFO - Sync 1 DAGs
[2023-03-09T15:46:19.258+0000] {logging_mixin.py:137} INFO - [2023-03-09T15:46:19.258+0000] {dag.py:3441} INFO - Setting next_dagrun for example_python_operator to None, run_after=None
[2023-03-09T15:46:19.370+0000] {processor.py:175} INFO - Processing /home/airflow/.local/lib/python3.7/site-packages/airflow/example_dags/example_python_operator.py took 0.479 seconds
[2023-03-09T15:46:49.533+0000] {processor.py:153} INFO - Started process (PID=1183) to work on /home/airflow/.local/lib/python3.7/site-packages/airflow/example_dags/example_python_operator.py
[2023-03-09T15:46:49.534+0000] {processor.py:743} INFO - Processing file /home/airflow/.local/lib/python3.7/site-packages/airflow/example_dags/example_python_operator.py for tasks to queue
[2023-03-09T15:46:49.535+0000] {logging_mixin.py:137} INFO - [2023-03-09T15:46:49.534+0000] {dagbag.py:538} INFO - Filling up the DagBag from /home/airflow/.local/lib/python3.7/site-packages/airflow/example_dags/example_python_operator.py
[2023-03-09T15:46:49.712+0000] {logging_mixin.py:137} INFO - [2023-03-09T15:46:49.695+0000] {taskmixin.py:205} WARNING - Dependency <Task(_PythonDecoratedOperator): print_the_context>, log_sql_query already registered for DAG: example_python_operator
[2023-03-09T15:46:49.712+0000] {logging_mixin.py:137} INFO - [2023-03-09T15:46:49.712+0000] {taskmixin.py:205} WARNING - Dependency <Task(_PythonDecoratedOperator): log_sql_query>, print_the_context already registered for DAG: example_python_operator
[2023-03-09T15:46:49.714+0000] {logging_mixin.py:137} INFO - [2023-03-09T15:46:49.714+0000] {taskmixin.py:205} WARNING - Dependency <Task(_PythonDecoratedOperator): print_the_context>, log_sql_query already registered for DAG: example_python_operator
[2023-03-09T15:46:49.714+0000] {logging_mixin.py:137} INFO - [2023-03-09T15:46:49.714+0000] {taskmixin.py:205} WARNING - Dependency <Task(_PythonDecoratedOperator): log_sql_query>, print_the_context already registered for DAG: example_python_operator
[2023-03-09T15:46:49.716+0000] {logging_mixin.py:137} INFO - [2023-03-09T15:46:49.716+0000] {taskmixin.py:205} WARNING - Dependency <Task(_PythonDecoratedOperator): print_the_context>, log_sql_query already registered for DAG: example_python_operator
[2023-03-09T15:46:49.716+0000] {logging_mixin.py:137} INFO - [2023-03-09T15:46:49.716+0000] {taskmixin.py:205} WARNING - Dependency <Task(_PythonDecoratedOperator): log_sql_query>, print_the_context already registered for DAG: example_python_operator
[2023-03-09T15:46:49.718+0000] {logging_mixin.py:137} INFO - [2023-03-09T15:46:49.718+0000] {taskmixin.py:205} WARNING - Dependency <Task(_PythonDecoratedOperator): print_the_context>, log_sql_query already registered for DAG: example_python_operator
[2023-03-09T15:46:49.718+0000] {logging_mixin.py:137} INFO - [2023-03-09T15:46:49.718+0000] {taskmixin.py:205} WARNING - Dependency <Task(_PythonDecoratedOperator): log_sql_query>, print_the_context already registered for DAG: example_python_operator
[2023-03-09T15:46:49.785+0000] {processor.py:753} INFO - DAG(s) dict_keys(['example_python_operator']) retrieved from /home/airflow/.local/lib/python3.7/site-packages/airflow/example_dags/example_python_operator.py
[2023-03-09T15:46:49.907+0000] {logging_mixin.py:137} INFO - [2023-03-09T15:46:49.906+0000] {dag.py:2690} INFO - Sync 1 DAGs
[2023-03-09T15:46:50.001+0000] {logging_mixin.py:137} INFO - [2023-03-09T15:46:50.000+0000] {dag.py:3441} INFO - Setting next_dagrun for example_python_operator to None, run_after=None
[2023-03-09T15:46:50.051+0000] {processor.py:175} INFO - Processing /home/airflow/.local/lib/python3.7/site-packages/airflow/example_dags/example_python_operator.py took 0.541 seconds
[2023-03-09T15:47:20.152+0000] {processor.py:153} INFO - Started process (PID=1246) to work on /home/airflow/.local/lib/python3.7/site-packages/airflow/example_dags/example_python_operator.py
[2023-03-09T15:47:20.156+0000] {processor.py:743} INFO - Processing file /home/airflow/.local/lib/python3.7/site-packages/airflow/example_dags/example_python_operator.py for tasks to queue
[2023-03-09T15:47:20.157+0000] {logging_mixin.py:137} INFO - [2023-03-09T15:47:20.157+0000] {dagbag.py:538} INFO - Filling up the DagBag from /home/airflow/.local/lib/python3.7/site-packages/airflow/example_dags/example_python_operator.py
[2023-03-09T15:47:20.207+0000] {logging_mixin.py:137} INFO - [2023-03-09T15:47:20.206+0000] {taskmixin.py:205} WARNING - Dependency <Task(_PythonDecoratedOperator): print_the_context>, log_sql_query already registered for DAG: example_python_operator
[2023-03-09T15:47:20.207+0000] {logging_mixin.py:137} INFO - [2023-03-09T15:47:20.207+0000] {taskmixin.py:205} WARNING - Dependency <Task(_PythonDecoratedOperator): log_sql_query>, print_the_context already registered for DAG: example_python_operator
[2023-03-09T15:47:20.208+0000] {logging_mixin.py:137} INFO - [2023-03-09T15:47:20.208+0000] {taskmixin.py:205} WARNING - Dependency <Task(_PythonDecoratedOperator): print_the_context>, log_sql_query already registered for DAG: example_python_operator
[2023-03-09T15:47:20.221+0000] {logging_mixin.py:137} INFO - [2023-03-09T15:47:20.209+0000] {taskmixin.py:205} WARNING - Dependency <Task(_PythonDecoratedOperator): log_sql_query>, print_the_context already registered for DAG: example_python_operator
[2023-03-09T15:47:20.223+0000] {logging_mixin.py:137} INFO - [2023-03-09T15:47:20.223+0000] {taskmixin.py:205} WARNING - Dependency <Task(_PythonDecoratedOperator): print_the_context>, log_sql_query already registered for DAG: example_python_operator
[2023-03-09T15:47:20.223+0000] {logging_mixin.py:137} INFO - [2023-03-09T15:47:20.223+0000] {taskmixin.py:205} WARNING - Dependency <Task(_PythonDecoratedOperator): log_sql_query>, print_the_context already registered for DAG: example_python_operator
[2023-03-09T15:47:20.224+0000] {logging_mixin.py:137} INFO - [2023-03-09T15:47:20.224+0000] {taskmixin.py:205} WARNING - Dependency <Task(_PythonDecoratedOperator): print_the_context>, log_sql_query already registered for DAG: example_python_operator
[2023-03-09T15:47:20.225+0000] {logging_mixin.py:137} INFO - [2023-03-09T15:47:20.225+0000] {taskmixin.py:205} WARNING - Dependency <Task(_PythonDecoratedOperator): log_sql_query>, print_the_context already registered for DAG: example_python_operator
[2023-03-09T15:47:20.241+0000] {processor.py:753} INFO - DAG(s) dict_keys(['example_python_operator']) retrieved from /home/airflow/.local/lib/python3.7/site-packages/airflow/example_dags/example_python_operator.py
[2023-03-09T15:47:20.286+0000] {logging_mixin.py:137} INFO - [2023-03-09T15:47:20.286+0000] {dag.py:2690} INFO - Sync 1 DAGs
[2023-03-09T15:47:20.340+0000] {logging_mixin.py:137} INFO - [2023-03-09T15:47:20.340+0000] {dag.py:3441} INFO - Setting next_dagrun for example_python_operator to None, run_after=None
[2023-03-09T15:47:20.373+0000] {processor.py:175} INFO - Processing /home/airflow/.local/lib/python3.7/site-packages/airflow/example_dags/example_python_operator.py took 0.226 seconds
[2023-03-09T15:47:50.700+0000] {processor.py:153} INFO - Started process (PID=1308) to work on /home/airflow/.local/lib/python3.7/site-packages/airflow/example_dags/example_python_operator.py
[2023-03-09T15:47:50.702+0000] {processor.py:743} INFO - Processing file /home/airflow/.local/lib/python3.7/site-packages/airflow/example_dags/example_python_operator.py for tasks to queue
[2023-03-09T15:47:50.704+0000] {logging_mixin.py:137} INFO - [2023-03-09T15:47:50.703+0000] {dagbag.py:538} INFO - Filling up the DagBag from /home/airflow/.local/lib/python3.7/site-packages/airflow/example_dags/example_python_operator.py
[2023-03-09T15:47:50.786+0000] {logging_mixin.py:137} INFO - [2023-03-09T15:47:50.786+0000] {taskmixin.py:205} WARNING - Dependency <Task(_PythonDecoratedOperator): print_the_context>, log_sql_query already registered for DAG: example_python_operator
[2023-03-09T15:47:50.786+0000] {logging_mixin.py:137} INFO - [2023-03-09T15:47:50.786+0000] {taskmixin.py:205} WARNING - Dependency <Task(_PythonDecoratedOperator): log_sql_query>, print_the_context already registered for DAG: example_python_operator
[2023-03-09T15:47:50.788+0000] {logging_mixin.py:137} INFO - [2023-03-09T15:47:50.787+0000] {taskmixin.py:205} WARNING - Dependency <Task(_PythonDecoratedOperator): print_the_context>, log_sql_query already registered for DAG: example_python_operator
[2023-03-09T15:47:50.788+0000] {logging_mixin.py:137} INFO - [2023-03-09T15:47:50.788+0000] {taskmixin.py:205} WARNING - Dependency <Task(_PythonDecoratedOperator): log_sql_query>, print_the_context already registered for DAG: example_python_operator
[2023-03-09T15:47:50.790+0000] {logging_mixin.py:137} INFO - [2023-03-09T15:47:50.789+0000] {taskmixin.py:205} WARNING - Dependency <Task(_PythonDecoratedOperator): print_the_context>, log_sql_query already registered for DAG: example_python_operator
[2023-03-09T15:47:50.790+0000] {logging_mixin.py:137} INFO - [2023-03-09T15:47:50.790+0000] {taskmixin.py:205} WARNING - Dependency <Task(_PythonDecoratedOperator): log_sql_query>, print_the_context already registered for DAG: example_python_operator
[2023-03-09T15:47:50.792+0000] {logging_mixin.py:137} INFO - [2023-03-09T15:47:50.791+0000] {taskmixin.py:205} WARNING - Dependency <Task(_PythonDecoratedOperator): print_the_context>, log_sql_query already registered for DAG: example_python_operator
[2023-03-09T15:47:50.792+0000] {logging_mixin.py:137} INFO - [2023-03-09T15:47:50.792+0000] {taskmixin.py:205} WARNING - Dependency <Task(_PythonDecoratedOperator): log_sql_query>, print_the_context already registered for DAG: example_python_operator
[2023-03-09T15:47:50.812+0000] {processor.py:753} INFO - DAG(s) dict_keys(['example_python_operator']) retrieved from /home/airflow/.local/lib/python3.7/site-packages/airflow/example_dags/example_python_operator.py
[2023-03-09T15:47:50.878+0000] {logging_mixin.py:137} INFO - [2023-03-09T15:47:50.878+0000] {dag.py:2690} INFO - Sync 1 DAGs
[2023-03-09T15:47:50.935+0000] {logging_mixin.py:137} INFO - [2023-03-09T15:47:50.934+0000] {dag.py:3441} INFO - Setting next_dagrun for example_python_operator to None, run_after=None
[2023-03-09T15:47:50.975+0000] {processor.py:175} INFO - Processing /home/airflow/.local/lib/python3.7/site-packages/airflow/example_dags/example_python_operator.py took 0.280 seconds
[2023-03-09T15:48:21.039+0000] {processor.py:153} INFO - Started process (PID=1372) to work on /home/airflow/.local/lib/python3.7/site-packages/airflow/example_dags/example_python_operator.py
[2023-03-09T15:48:21.040+0000] {processor.py:743} INFO - Processing file /home/airflow/.local/lib/python3.7/site-packages/airflow/example_dags/example_python_operator.py for tasks to queue
[2023-03-09T15:48:21.041+0000] {logging_mixin.py:137} INFO - [2023-03-09T15:48:21.041+0000] {dagbag.py:538} INFO - Filling up the DagBag from /home/airflow/.local/lib/python3.7/site-packages/airflow/example_dags/example_python_operator.py
[2023-03-09T15:48:21.065+0000] {logging_mixin.py:137} INFO - [2023-03-09T15:48:21.065+0000] {taskmixin.py:205} WARNING - Dependency <Task(_PythonDecoratedOperator): print_the_context>, log_sql_query already registered for DAG: example_python_operator
[2023-03-09T15:48:21.066+0000] {logging_mixin.py:137} INFO - [2023-03-09T15:48:21.065+0000] {taskmixin.py:205} WARNING - Dependency <Task(_PythonDecoratedOperator): log_sql_query>, print_the_context already registered for DAG: example_python_operator
[2023-03-09T15:48:21.066+0000] {logging_mixin.py:137} INFO - [2023-03-09T15:48:21.066+0000] {taskmixin.py:205} WARNING - Dependency <Task(_PythonDecoratedOperator): print_the_context>, log_sql_query already registered for DAG: example_python_operator
[2023-03-09T15:48:21.067+0000] {logging_mixin.py:137} INFO - [2023-03-09T15:48:21.067+0000] {taskmixin.py:205} WARNING - Dependency <Task(_PythonDecoratedOperator): log_sql_query>, print_the_context already registered for DAG: example_python_operator
[2023-03-09T15:48:21.067+0000] {logging_mixin.py:137} INFO - [2023-03-09T15:48:21.067+0000] {taskmixin.py:205} WARNING - Dependency <Task(_PythonDecoratedOperator): print_the_context>, log_sql_query already registered for DAG: example_python_operator
[2023-03-09T15:48:21.068+0000] {logging_mixin.py:137} INFO - [2023-03-09T15:48:21.068+0000] {taskmixin.py:205} WARNING - Dependency <Task(_PythonDecoratedOperator): log_sql_query>, print_the_context already registered for DAG: example_python_operator
[2023-03-09T15:48:21.069+0000] {logging_mixin.py:137} INFO - [2023-03-09T15:48:21.069+0000] {taskmixin.py:205} WARNING - Dependency <Task(_PythonDecoratedOperator): print_the_context>, log_sql_query already registered for DAG: example_python_operator
[2023-03-09T15:48:21.069+0000] {logging_mixin.py:137} INFO - [2023-03-09T15:48:21.069+0000] {taskmixin.py:205} WARNING - Dependency <Task(_PythonDecoratedOperator): log_sql_query>, print_the_context already registered for DAG: example_python_operator
[2023-03-09T15:48:21.080+0000] {processor.py:753} INFO - DAG(s) dict_keys(['example_python_operator']) retrieved from /home/airflow/.local/lib/python3.7/site-packages/airflow/example_dags/example_python_operator.py
[2023-03-09T15:48:21.121+0000] {logging_mixin.py:137} INFO - [2023-03-09T15:48:21.121+0000] {dag.py:2690} INFO - Sync 1 DAGs
[2023-03-09T15:48:21.171+0000] {logging_mixin.py:137} INFO - [2023-03-09T15:48:21.171+0000] {dag.py:3441} INFO - Setting next_dagrun for example_python_operator to None, run_after=None
[2023-03-09T15:48:21.205+0000] {processor.py:175} INFO - Processing /home/airflow/.local/lib/python3.7/site-packages/airflow/example_dags/example_python_operator.py took 0.170 seconds
[2023-03-09T15:48:51.657+0000] {processor.py:153} INFO - Started process (PID=1433) to work on /home/airflow/.local/lib/python3.7/site-packages/airflow/example_dags/example_python_operator.py
[2023-03-09T15:48:51.658+0000] {processor.py:743} INFO - Processing file /home/airflow/.local/lib/python3.7/site-packages/airflow/example_dags/example_python_operator.py for tasks to queue
[2023-03-09T15:48:51.659+0000] {logging_mixin.py:137} INFO - [2023-03-09T15:48:51.658+0000] {dagbag.py:538} INFO - Filling up the DagBag from /home/airflow/.local/lib/python3.7/site-packages/airflow/example_dags/example_python_operator.py
[2023-03-09T15:48:51.688+0000] {logging_mixin.py:137} INFO - [2023-03-09T15:48:51.688+0000] {taskmixin.py:205} WARNING - Dependency <Task(_PythonDecoratedOperator): print_the_context>, log_sql_query already registered for DAG: example_python_operator
[2023-03-09T15:48:51.689+0000] {logging_mixin.py:137} INFO - [2023-03-09T15:48:51.688+0000] {taskmixin.py:205} WARNING - Dependency <Task(_PythonDecoratedOperator): log_sql_query>, print_the_context already registered for DAG: example_python_operator
[2023-03-09T15:48:51.690+0000] {logging_mixin.py:137} INFO - [2023-03-09T15:48:51.690+0000] {taskmixin.py:205} WARNING - Dependency <Task(_PythonDecoratedOperator): print_the_context>, log_sql_query already registered for DAG: example_python_operator
[2023-03-09T15:48:51.690+0000] {logging_mixin.py:137} INFO - [2023-03-09T15:48:51.690+0000] {taskmixin.py:205} WARNING - Dependency <Task(_PythonDecoratedOperator): log_sql_query>, print_the_context already registered for DAG: example_python_operator
[2023-03-09T15:48:51.691+0000] {logging_mixin.py:137} INFO - [2023-03-09T15:48:51.691+0000] {taskmixin.py:205} WARNING - Dependency <Task(_PythonDecoratedOperator): print_the_context>, log_sql_query already registered for DAG: example_python_operator
[2023-03-09T15:48:51.692+0000] {logging_mixin.py:137} INFO - [2023-03-09T15:48:51.692+0000] {taskmixin.py:205} WARNING - Dependency <Task(_PythonDecoratedOperator): log_sql_query>, print_the_context already registered for DAG: example_python_operator
[2023-03-09T15:48:51.693+0000] {logging_mixin.py:137} INFO - [2023-03-09T15:48:51.693+0000] {taskmixin.py:205} WARNING - Dependency <Task(_PythonDecoratedOperator): print_the_context>, log_sql_query already registered for DAG: example_python_operator
[2023-03-09T15:48:51.693+0000] {logging_mixin.py:137} INFO - [2023-03-09T15:48:51.693+0000] {taskmixin.py:205} WARNING - Dependency <Task(_PythonDecoratedOperator): log_sql_query>, print_the_context already registered for DAG: example_python_operator
[2023-03-09T15:48:51.705+0000] {processor.py:753} INFO - DAG(s) dict_keys(['example_python_operator']) retrieved from /home/airflow/.local/lib/python3.7/site-packages/airflow/example_dags/example_python_operator.py
[2023-03-09T15:48:51.751+0000] {logging_mixin.py:137} INFO - [2023-03-09T15:48:51.751+0000] {dag.py:2690} INFO - Sync 1 DAGs
[2023-03-09T15:48:51.800+0000] {logging_mixin.py:137} INFO - [2023-03-09T15:48:51.800+0000] {dag.py:3441} INFO - Setting next_dagrun for example_python_operator to None, run_after=None
[2023-03-09T15:48:51.843+0000] {processor.py:175} INFO - Processing /home/airflow/.local/lib/python3.7/site-packages/airflow/example_dags/example_python_operator.py took 0.189 seconds
[2023-03-09T15:49:22.092+0000] {processor.py:153} INFO - Started process (PID=1507) to work on /home/airflow/.local/lib/python3.7/site-packages/airflow/example_dags/example_python_operator.py
[2023-03-09T15:49:22.094+0000] {processor.py:743} INFO - Processing file /home/airflow/.local/lib/python3.7/site-packages/airflow/example_dags/example_python_operator.py for tasks to queue
[2023-03-09T15:49:22.095+0000] {logging_mixin.py:137} INFO - [2023-03-09T15:49:22.095+0000] {dagbag.py:538} INFO - Filling up the DagBag from /home/airflow/.local/lib/python3.7/site-packages/airflow/example_dags/example_python_operator.py
[2023-03-09T15:49:22.127+0000] {logging_mixin.py:137} INFO - [2023-03-09T15:49:22.126+0000] {taskmixin.py:205} WARNING - Dependency <Task(_PythonDecoratedOperator): print_the_context>, log_sql_query already registered for DAG: example_python_operator
[2023-03-09T15:49:22.127+0000] {logging_mixin.py:137} INFO - [2023-03-09T15:49:22.127+0000] {taskmixin.py:205} WARNING - Dependency <Task(_PythonDecoratedOperator): log_sql_query>, print_the_context already registered for DAG: example_python_operator
[2023-03-09T15:49:22.129+0000] {logging_mixin.py:137} INFO - [2023-03-09T15:49:22.128+0000] {taskmixin.py:205} WARNING - Dependency <Task(_PythonDecoratedOperator): print_the_context>, log_sql_query already registered for DAG: example_python_operator
[2023-03-09T15:49:22.129+0000] {logging_mixin.py:137} INFO - [2023-03-09T15:49:22.129+0000] {taskmixin.py:205} WARNING - Dependency <Task(_PythonDecoratedOperator): log_sql_query>, print_the_context already registered for DAG: example_python_operator
[2023-03-09T15:49:22.130+0000] {logging_mixin.py:137} INFO - [2023-03-09T15:49:22.130+0000] {taskmixin.py:205} WARNING - Dependency <Task(_PythonDecoratedOperator): print_the_context>, log_sql_query already registered for DAG: example_python_operator
[2023-03-09T15:49:22.130+0000] {logging_mixin.py:137} INFO - [2023-03-09T15:49:22.130+0000] {taskmixin.py:205} WARNING - Dependency <Task(_PythonDecoratedOperator): log_sql_query>, print_the_context already registered for DAG: example_python_operator
[2023-03-09T15:49:22.132+0000] {logging_mixin.py:137} INFO - [2023-03-09T15:49:22.132+0000] {taskmixin.py:205} WARNING - Dependency <Task(_PythonDecoratedOperator): print_the_context>, log_sql_query already registered for DAG: example_python_operator
[2023-03-09T15:49:22.132+0000] {logging_mixin.py:137} INFO - [2023-03-09T15:49:22.132+0000] {taskmixin.py:205} WARNING - Dependency <Task(_PythonDecoratedOperator): log_sql_query>, print_the_context already registered for DAG: example_python_operator
[2023-03-09T15:49:22.145+0000] {processor.py:753} INFO - DAG(s) dict_keys(['example_python_operator']) retrieved from /home/airflow/.local/lib/python3.7/site-packages/airflow/example_dags/example_python_operator.py
[2023-03-09T15:49:22.191+0000] {logging_mixin.py:137} INFO - [2023-03-09T15:49:22.191+0000] {dag.py:2690} INFO - Sync 1 DAGs
[2023-03-09T15:49:22.254+0000] {logging_mixin.py:137} INFO - [2023-03-09T15:49:22.254+0000] {dag.py:3441} INFO - Setting next_dagrun for example_python_operator to None, run_after=None
[2023-03-09T15:49:22.404+0000] {processor.py:175} INFO - Processing /home/airflow/.local/lib/python3.7/site-packages/airflow/example_dags/example_python_operator.py took 0.318 seconds
