[2023-03-09T15:38:12.760+0000] {processor.py:153} INFO - Started process (PID=88) to work on /home/airflow/.local/lib/python3.7/site-packages/airflow/example_dags/example_sla_dag.py
[2023-03-09T15:38:12.761+0000] {processor.py:743} INFO - Processing file /home/airflow/.local/lib/python3.7/site-packages/airflow/example_dags/example_sla_dag.py for tasks to queue
[2023-03-09T15:38:12.763+0000] {logging_mixin.py:137} INFO - [2023-03-09T15:38:12.762+0000] {dagbag.py:538} INFO - Filling up the DagBag from /home/airflow/.local/lib/python3.7/site-packages/airflow/example_dags/example_sla_dag.py
[2023-03-09T15:38:12.875+0000] {processor.py:753} INFO - DAG(s) dict_keys(['example_sla_dag']) retrieved from /home/airflow/.local/lib/python3.7/site-packages/airflow/example_dags/example_sla_dag.py
[2023-03-09T15:38:12.922+0000] {logging_mixin.py:137} INFO - [2023-03-09T15:38:12.921+0000] {dag.py:2690} INFO - Sync 1 DAGs
[2023-03-09T15:38:12.988+0000] {logging_mixin.py:137} INFO - [2023-03-09T15:38:12.988+0000] {dag.py:3441} INFO - Setting next_dagrun for example_sla_dag to 2023-03-09T15:36:00+00:00, run_after=2023-03-09T15:38:00+00:00
[2023-03-09T15:38:13.046+0000] {processor.py:175} INFO - Processing /home/airflow/.local/lib/python3.7/site-packages/airflow/example_dags/example_sla_dag.py took 0.298 seconds
[2023-03-09T15:38:43.853+0000] {processor.py:153} INFO - Started process (PID=151) to work on /home/airflow/.local/lib/python3.7/site-packages/airflow/example_dags/example_sla_dag.py
[2023-03-09T15:38:43.854+0000] {processor.py:743} INFO - Processing file /home/airflow/.local/lib/python3.7/site-packages/airflow/example_dags/example_sla_dag.py for tasks to queue
[2023-03-09T15:38:43.855+0000] {logging_mixin.py:137} INFO - [2023-03-09T15:38:43.854+0000] {dagbag.py:538} INFO - Filling up the DagBag from /home/airflow/.local/lib/python3.7/site-packages/airflow/example_dags/example_sla_dag.py
[2023-03-09T15:38:43.883+0000] {processor.py:753} INFO - DAG(s) dict_keys(['example_sla_dag']) retrieved from /home/airflow/.local/lib/python3.7/site-packages/airflow/example_dags/example_sla_dag.py
[2023-03-09T15:38:43.918+0000] {logging_mixin.py:137} INFO - [2023-03-09T15:38:43.918+0000] {dag.py:2690} INFO - Sync 1 DAGs
[2023-03-09T15:38:43.980+0000] {logging_mixin.py:137} INFO - [2023-03-09T15:38:43.980+0000] {dag.py:3441} INFO - Setting next_dagrun for example_sla_dag to 2023-03-09T15:36:00+00:00, run_after=2023-03-09T15:38:00+00:00
[2023-03-09T15:38:44.013+0000] {processor.py:175} INFO - Processing /home/airflow/.local/lib/python3.7/site-packages/airflow/example_dags/example_sla_dag.py took 0.163 seconds
[2023-03-09T15:39:14.339+0000] {processor.py:153} INFO - Started process (PID=213) to work on /home/airflow/.local/lib/python3.7/site-packages/airflow/example_dags/example_sla_dag.py
[2023-03-09T15:39:14.340+0000] {processor.py:743} INFO - Processing file /home/airflow/.local/lib/python3.7/site-packages/airflow/example_dags/example_sla_dag.py for tasks to queue
[2023-03-09T15:39:14.340+0000] {logging_mixin.py:137} INFO - [2023-03-09T15:39:14.340+0000] {dagbag.py:538} INFO - Filling up the DagBag from /home/airflow/.local/lib/python3.7/site-packages/airflow/example_dags/example_sla_dag.py
[2023-03-09T15:39:14.373+0000] {processor.py:753} INFO - DAG(s) dict_keys(['example_sla_dag']) retrieved from /home/airflow/.local/lib/python3.7/site-packages/airflow/example_dags/example_sla_dag.py
[2023-03-09T15:39:14.411+0000] {logging_mixin.py:137} INFO - [2023-03-09T15:39:14.411+0000] {dag.py:2690} INFO - Sync 1 DAGs
[2023-03-09T15:39:14.461+0000] {logging_mixin.py:137} INFO - [2023-03-09T15:39:14.461+0000] {dag.py:3441} INFO - Setting next_dagrun for example_sla_dag to 2023-03-09T15:36:00+00:00, run_after=2023-03-09T15:38:00+00:00
[2023-03-09T15:39:14.486+0000] {processor.py:175} INFO - Processing /home/airflow/.local/lib/python3.7/site-packages/airflow/example_dags/example_sla_dag.py took 0.152 seconds
[2023-03-09T15:39:44.643+0000] {processor.py:153} INFO - Started process (PID=276) to work on /home/airflow/.local/lib/python3.7/site-packages/airflow/example_dags/example_sla_dag.py
[2023-03-09T15:39:44.644+0000] {processor.py:743} INFO - Processing file /home/airflow/.local/lib/python3.7/site-packages/airflow/example_dags/example_sla_dag.py for tasks to queue
[2023-03-09T15:39:44.644+0000] {logging_mixin.py:137} INFO - [2023-03-09T15:39:44.644+0000] {dagbag.py:538} INFO - Filling up the DagBag from /home/airflow/.local/lib/python3.7/site-packages/airflow/example_dags/example_sla_dag.py
[2023-03-09T15:39:44.678+0000] {processor.py:753} INFO - DAG(s) dict_keys(['example_sla_dag']) retrieved from /home/airflow/.local/lib/python3.7/site-packages/airflow/example_dags/example_sla_dag.py
[2023-03-09T15:39:44.715+0000] {logging_mixin.py:137} INFO - [2023-03-09T15:39:44.714+0000] {dag.py:2690} INFO - Sync 1 DAGs
[2023-03-09T15:39:44.808+0000] {logging_mixin.py:137} INFO - [2023-03-09T15:39:44.808+0000] {dag.py:3441} INFO - Setting next_dagrun for example_sla_dag to 2023-03-09T15:36:00+00:00, run_after=2023-03-09T15:38:00+00:00
[2023-03-09T15:39:44.886+0000] {processor.py:175} INFO - Processing /home/airflow/.local/lib/python3.7/site-packages/airflow/example_dags/example_sla_dag.py took 0.247 seconds
[2023-03-09T15:40:15.951+0000] {processor.py:153} INFO - Started process (PID=348) to work on /home/airflow/.local/lib/python3.7/site-packages/airflow/example_dags/example_sla_dag.py
[2023-03-09T15:40:15.952+0000] {processor.py:743} INFO - Processing file /home/airflow/.local/lib/python3.7/site-packages/airflow/example_dags/example_sla_dag.py for tasks to queue
[2023-03-09T15:40:15.953+0000] {logging_mixin.py:137} INFO - [2023-03-09T15:40:15.953+0000] {dagbag.py:538} INFO - Filling up the DagBag from /home/airflow/.local/lib/python3.7/site-packages/airflow/example_dags/example_sla_dag.py
[2023-03-09T15:40:15.989+0000] {processor.py:753} INFO - DAG(s) dict_keys(['example_sla_dag']) retrieved from /home/airflow/.local/lib/python3.7/site-packages/airflow/example_dags/example_sla_dag.py
[2023-03-09T15:40:16.018+0000] {logging_mixin.py:137} INFO - [2023-03-09T15:40:16.018+0000] {dag.py:2690} INFO - Sync 1 DAGs
[2023-03-09T15:40:16.061+0000] {logging_mixin.py:137} INFO - [2023-03-09T15:40:16.060+0000] {dag.py:3441} INFO - Setting next_dagrun for example_sla_dag to 2023-03-09T15:38:00+00:00, run_after=2023-03-09T15:40:00+00:00
[2023-03-09T15:40:16.086+0000] {processor.py:175} INFO - Processing /home/airflow/.local/lib/python3.7/site-packages/airflow/example_dags/example_sla_dag.py took 0.140 seconds
[2023-03-09T15:40:46.170+0000] {processor.py:153} INFO - Started process (PID=414) to work on /home/airflow/.local/lib/python3.7/site-packages/airflow/example_dags/example_sla_dag.py
[2023-03-09T15:40:46.170+0000] {processor.py:743} INFO - Processing file /home/airflow/.local/lib/python3.7/site-packages/airflow/example_dags/example_sla_dag.py for tasks to queue
[2023-03-09T15:40:46.171+0000] {logging_mixin.py:137} INFO - [2023-03-09T15:40:46.171+0000] {dagbag.py:538} INFO - Filling up the DagBag from /home/airflow/.local/lib/python3.7/site-packages/airflow/example_dags/example_sla_dag.py
[2023-03-09T15:40:46.204+0000] {processor.py:753} INFO - DAG(s) dict_keys(['example_sla_dag']) retrieved from /home/airflow/.local/lib/python3.7/site-packages/airflow/example_dags/example_sla_dag.py
[2023-03-09T15:40:46.233+0000] {logging_mixin.py:137} INFO - [2023-03-09T15:40:46.233+0000] {dag.py:2690} INFO - Sync 1 DAGs
[2023-03-09T15:40:46.275+0000] {logging_mixin.py:137} INFO - [2023-03-09T15:40:46.275+0000] {dag.py:3441} INFO - Setting next_dagrun for example_sla_dag to 2023-03-09T15:38:00+00:00, run_after=2023-03-09T15:40:00+00:00
[2023-03-09T15:40:46.300+0000] {processor.py:175} INFO - Processing /home/airflow/.local/lib/python3.7/site-packages/airflow/example_dags/example_sla_dag.py took 0.133 seconds
[2023-03-09T15:41:16.486+0000] {processor.py:153} INFO - Started process (PID=476) to work on /home/airflow/.local/lib/python3.7/site-packages/airflow/example_dags/example_sla_dag.py
[2023-03-09T15:41:16.487+0000] {processor.py:743} INFO - Processing file /home/airflow/.local/lib/python3.7/site-packages/airflow/example_dags/example_sla_dag.py for tasks to queue
[2023-03-09T15:41:16.487+0000] {logging_mixin.py:137} INFO - [2023-03-09T15:41:16.487+0000] {dagbag.py:538} INFO - Filling up the DagBag from /home/airflow/.local/lib/python3.7/site-packages/airflow/example_dags/example_sla_dag.py
[2023-03-09T15:41:16.519+0000] {processor.py:753} INFO - DAG(s) dict_keys(['example_sla_dag']) retrieved from /home/airflow/.local/lib/python3.7/site-packages/airflow/example_dags/example_sla_dag.py
[2023-03-09T15:41:16.550+0000] {logging_mixin.py:137} INFO - [2023-03-09T15:41:16.549+0000] {dag.py:2690} INFO - Sync 1 DAGs
[2023-03-09T15:41:16.593+0000] {logging_mixin.py:137} INFO - [2023-03-09T15:41:16.593+0000] {dag.py:3441} INFO - Setting next_dagrun for example_sla_dag to 2023-03-09T15:38:00+00:00, run_after=2023-03-09T15:40:00+00:00
[2023-03-09T15:41:16.619+0000] {processor.py:175} INFO - Processing /home/airflow/.local/lib/python3.7/site-packages/airflow/example_dags/example_sla_dag.py took 0.136 seconds
[2023-03-09T15:41:47.676+0000] {processor.py:153} INFO - Started process (PID=540) to work on /home/airflow/.local/lib/python3.7/site-packages/airflow/example_dags/example_sla_dag.py
[2023-03-09T15:41:47.677+0000] {processor.py:743} INFO - Processing file /home/airflow/.local/lib/python3.7/site-packages/airflow/example_dags/example_sla_dag.py for tasks to queue
[2023-03-09T15:41:47.677+0000] {logging_mixin.py:137} INFO - [2023-03-09T15:41:47.677+0000] {dagbag.py:538} INFO - Filling up the DagBag from /home/airflow/.local/lib/python3.7/site-packages/airflow/example_dags/example_sla_dag.py
[2023-03-09T15:41:47.708+0000] {processor.py:753} INFO - DAG(s) dict_keys(['example_sla_dag']) retrieved from /home/airflow/.local/lib/python3.7/site-packages/airflow/example_dags/example_sla_dag.py
[2023-03-09T15:41:47.742+0000] {logging_mixin.py:137} INFO - [2023-03-09T15:41:47.742+0000] {dag.py:2690} INFO - Sync 1 DAGs
[2023-03-09T15:41:47.787+0000] {logging_mixin.py:137} INFO - [2023-03-09T15:41:47.786+0000] {dag.py:3441} INFO - Setting next_dagrun for example_sla_dag to 2023-03-09T15:38:00+00:00, run_after=2023-03-09T15:40:00+00:00
[2023-03-09T15:41:47.814+0000] {processor.py:175} INFO - Processing /home/airflow/.local/lib/python3.7/site-packages/airflow/example_dags/example_sla_dag.py took 0.142 seconds
[2023-03-09T15:42:18.393+0000] {processor.py:153} INFO - Started process (PID=614) to work on /home/airflow/.local/lib/python3.7/site-packages/airflow/example_dags/example_sla_dag.py
[2023-03-09T15:42:18.394+0000] {processor.py:743} INFO - Processing file /home/airflow/.local/lib/python3.7/site-packages/airflow/example_dags/example_sla_dag.py for tasks to queue
[2023-03-09T15:42:18.394+0000] {logging_mixin.py:137} INFO - [2023-03-09T15:42:18.394+0000] {dagbag.py:538} INFO - Filling up the DagBag from /home/airflow/.local/lib/python3.7/site-packages/airflow/example_dags/example_sla_dag.py
[2023-03-09T15:42:18.430+0000] {processor.py:753} INFO - DAG(s) dict_keys(['example_sla_dag']) retrieved from /home/airflow/.local/lib/python3.7/site-packages/airflow/example_dags/example_sla_dag.py
[2023-03-09T15:42:18.465+0000] {logging_mixin.py:137} INFO - [2023-03-09T15:42:18.465+0000] {dag.py:2690} INFO - Sync 1 DAGs
[2023-03-09T15:42:18.517+0000] {logging_mixin.py:137} INFO - [2023-03-09T15:42:18.517+0000] {dag.py:3441} INFO - Setting next_dagrun for example_sla_dag to 2023-03-09T15:40:00+00:00, run_after=2023-03-09T15:42:00+00:00
[2023-03-09T15:42:18.548+0000] {processor.py:175} INFO - Processing /home/airflow/.local/lib/python3.7/site-packages/airflow/example_dags/example_sla_dag.py took 0.159 seconds
[2023-03-09T15:42:49.160+0000] {processor.py:153} INFO - Started process (PID=679) to work on /home/airflow/.local/lib/python3.7/site-packages/airflow/example_dags/example_sla_dag.py
[2023-03-09T15:42:49.161+0000] {processor.py:743} INFO - Processing file /home/airflow/.local/lib/python3.7/site-packages/airflow/example_dags/example_sla_dag.py for tasks to queue
[2023-03-09T15:42:49.162+0000] {logging_mixin.py:137} INFO - [2023-03-09T15:42:49.161+0000] {dagbag.py:538} INFO - Filling up the DagBag from /home/airflow/.local/lib/python3.7/site-packages/airflow/example_dags/example_sla_dag.py
[2023-03-09T15:42:49.200+0000] {processor.py:753} INFO - DAG(s) dict_keys(['example_sla_dag']) retrieved from /home/airflow/.local/lib/python3.7/site-packages/airflow/example_dags/example_sla_dag.py
[2023-03-09T15:42:49.231+0000] {logging_mixin.py:137} INFO - [2023-03-09T15:42:49.230+0000] {dag.py:2690} INFO - Sync 1 DAGs
[2023-03-09T15:42:49.279+0000] {logging_mixin.py:137} INFO - [2023-03-09T15:42:49.279+0000] {dag.py:3441} INFO - Setting next_dagrun for example_sla_dag to 2023-03-09T15:40:00+00:00, run_after=2023-03-09T15:42:00+00:00
[2023-03-09T15:42:49.305+0000] {processor.py:175} INFO - Processing /home/airflow/.local/lib/python3.7/site-packages/airflow/example_dags/example_sla_dag.py took 0.149 seconds
[2023-03-09T15:43:19.490+0000] {processor.py:153} INFO - Started process (PID=743) to work on /home/airflow/.local/lib/python3.7/site-packages/airflow/example_dags/example_sla_dag.py
[2023-03-09T15:43:19.491+0000] {processor.py:743} INFO - Processing file /home/airflow/.local/lib/python3.7/site-packages/airflow/example_dags/example_sla_dag.py for tasks to queue
[2023-03-09T15:43:19.492+0000] {logging_mixin.py:137} INFO - [2023-03-09T15:43:19.491+0000] {dagbag.py:538} INFO - Filling up the DagBag from /home/airflow/.local/lib/python3.7/site-packages/airflow/example_dags/example_sla_dag.py
[2023-03-09T15:43:19.537+0000] {processor.py:753} INFO - DAG(s) dict_keys(['example_sla_dag']) retrieved from /home/airflow/.local/lib/python3.7/site-packages/airflow/example_dags/example_sla_dag.py
[2023-03-09T15:43:19.575+0000] {logging_mixin.py:137} INFO - [2023-03-09T15:43:19.574+0000] {dag.py:2690} INFO - Sync 1 DAGs
[2023-03-09T15:43:19.620+0000] {logging_mixin.py:137} INFO - [2023-03-09T15:43:19.620+0000] {dag.py:3441} INFO - Setting next_dagrun for example_sla_dag to 2023-03-09T15:40:00+00:00, run_after=2023-03-09T15:42:00+00:00
[2023-03-09T15:43:19.644+0000] {processor.py:175} INFO - Processing /home/airflow/.local/lib/python3.7/site-packages/airflow/example_dags/example_sla_dag.py took 0.157 seconds
[2023-03-09T15:43:49.776+0000] {processor.py:153} INFO - Started process (PID=806) to work on /home/airflow/.local/lib/python3.7/site-packages/airflow/example_dags/example_sla_dag.py
[2023-03-09T15:43:49.777+0000] {processor.py:743} INFO - Processing file /home/airflow/.local/lib/python3.7/site-packages/airflow/example_dags/example_sla_dag.py for tasks to queue
[2023-03-09T15:43:49.778+0000] {logging_mixin.py:137} INFO - [2023-03-09T15:43:49.778+0000] {dagbag.py:538} INFO - Filling up the DagBag from /home/airflow/.local/lib/python3.7/site-packages/airflow/example_dags/example_sla_dag.py
[2023-03-09T15:43:49.813+0000] {processor.py:753} INFO - DAG(s) dict_keys(['example_sla_dag']) retrieved from /home/airflow/.local/lib/python3.7/site-packages/airflow/example_dags/example_sla_dag.py
[2023-03-09T15:43:49.846+0000] {logging_mixin.py:137} INFO - [2023-03-09T15:43:49.846+0000] {dag.py:2690} INFO - Sync 1 DAGs
[2023-03-09T15:43:49.889+0000] {logging_mixin.py:137} INFO - [2023-03-09T15:43:49.888+0000] {dag.py:3441} INFO - Setting next_dagrun for example_sla_dag to 2023-03-09T15:40:00+00:00, run_after=2023-03-09T15:42:00+00:00
[2023-03-09T15:43:49.913+0000] {processor.py:175} INFO - Processing /home/airflow/.local/lib/python3.7/site-packages/airflow/example_dags/example_sla_dag.py took 0.141 seconds
[2023-03-09T15:44:20.540+0000] {processor.py:153} INFO - Started process (PID=875) to work on /home/airflow/.local/lib/python3.7/site-packages/airflow/example_dags/example_sla_dag.py
[2023-03-09T15:44:20.541+0000] {processor.py:743} INFO - Processing file /home/airflow/.local/lib/python3.7/site-packages/airflow/example_dags/example_sla_dag.py for tasks to queue
[2023-03-09T15:44:20.542+0000] {logging_mixin.py:137} INFO - [2023-03-09T15:44:20.542+0000] {dagbag.py:538} INFO - Filling up the DagBag from /home/airflow/.local/lib/python3.7/site-packages/airflow/example_dags/example_sla_dag.py
[2023-03-09T15:44:20.582+0000] {processor.py:753} INFO - DAG(s) dict_keys(['example_sla_dag']) retrieved from /home/airflow/.local/lib/python3.7/site-packages/airflow/example_dags/example_sla_dag.py
[2023-03-09T15:44:20.619+0000] {logging_mixin.py:137} INFO - [2023-03-09T15:44:20.619+0000] {dag.py:2690} INFO - Sync 1 DAGs
[2023-03-09T15:44:20.676+0000] {logging_mixin.py:137} INFO - [2023-03-09T15:44:20.676+0000] {dag.py:3441} INFO - Setting next_dagrun for example_sla_dag to 2023-03-09T15:42:00+00:00, run_after=2023-03-09T15:44:00+00:00
[2023-03-09T15:44:20.711+0000] {processor.py:175} INFO - Processing /home/airflow/.local/lib/python3.7/site-packages/airflow/example_dags/example_sla_dag.py took 0.175 seconds
[2023-03-09T15:44:51.581+0000] {processor.py:153} INFO - Started process (PID=939) to work on /home/airflow/.local/lib/python3.7/site-packages/airflow/example_dags/example_sla_dag.py
[2023-03-09T15:44:51.582+0000] {processor.py:743} INFO - Processing file /home/airflow/.local/lib/python3.7/site-packages/airflow/example_dags/example_sla_dag.py for tasks to queue
[2023-03-09T15:44:51.583+0000] {logging_mixin.py:137} INFO - [2023-03-09T15:44:51.583+0000] {dagbag.py:538} INFO - Filling up the DagBag from /home/airflow/.local/lib/python3.7/site-packages/airflow/example_dags/example_sla_dag.py
[2023-03-09T15:44:51.624+0000] {processor.py:753} INFO - DAG(s) dict_keys(['example_sla_dag']) retrieved from /home/airflow/.local/lib/python3.7/site-packages/airflow/example_dags/example_sla_dag.py
[2023-03-09T15:44:51.685+0000] {logging_mixin.py:137} INFO - [2023-03-09T15:44:51.685+0000] {dag.py:2690} INFO - Sync 1 DAGs
[2023-03-09T15:44:51.747+0000] {logging_mixin.py:137} INFO - [2023-03-09T15:44:51.747+0000] {dag.py:3441} INFO - Setting next_dagrun for example_sla_dag to 2023-03-09T15:42:00+00:00, run_after=2023-03-09T15:44:00+00:00
[2023-03-09T15:44:51.781+0000] {processor.py:175} INFO - Processing /home/airflow/.local/lib/python3.7/site-packages/airflow/example_dags/example_sla_dag.py took 0.214 seconds
[2023-03-09T15:45:22.889+0000] {processor.py:153} INFO - Started process (PID=1005) to work on /home/airflow/.local/lib/python3.7/site-packages/airflow/example_dags/example_sla_dag.py
[2023-03-09T15:45:22.890+0000] {processor.py:743} INFO - Processing file /home/airflow/.local/lib/python3.7/site-packages/airflow/example_dags/example_sla_dag.py for tasks to queue
[2023-03-09T15:45:22.891+0000] {logging_mixin.py:137} INFO - [2023-03-09T15:45:22.891+0000] {dagbag.py:538} INFO - Filling up the DagBag from /home/airflow/.local/lib/python3.7/site-packages/airflow/example_dags/example_sla_dag.py
[2023-03-09T15:45:22.932+0000] {processor.py:753} INFO - DAG(s) dict_keys(['example_sla_dag']) retrieved from /home/airflow/.local/lib/python3.7/site-packages/airflow/example_dags/example_sla_dag.py
[2023-03-09T15:45:22.973+0000] {logging_mixin.py:137} INFO - [2023-03-09T15:45:22.973+0000] {dag.py:2690} INFO - Sync 1 DAGs
[2023-03-09T15:45:23.030+0000] {logging_mixin.py:137} INFO - [2023-03-09T15:45:23.030+0000] {dag.py:3441} INFO - Setting next_dagrun for example_sla_dag to 2023-03-09T15:42:00+00:00, run_after=2023-03-09T15:44:00+00:00
[2023-03-09T15:45:23.055+0000] {processor.py:175} INFO - Processing /home/airflow/.local/lib/python3.7/site-packages/airflow/example_dags/example_sla_dag.py took 0.171 seconds
[2023-03-09T15:45:53.829+0000] {processor.py:153} INFO - Started process (PID=1072) to work on /home/airflow/.local/lib/python3.7/site-packages/airflow/example_dags/example_sla_dag.py
[2023-03-09T15:45:53.830+0000] {processor.py:743} INFO - Processing file /home/airflow/.local/lib/python3.7/site-packages/airflow/example_dags/example_sla_dag.py for tasks to queue
[2023-03-09T15:45:53.830+0000] {logging_mixin.py:137} INFO - [2023-03-09T15:45:53.830+0000] {dagbag.py:538} INFO - Filling up the DagBag from /home/airflow/.local/lib/python3.7/site-packages/airflow/example_dags/example_sla_dag.py
[2023-03-09T15:45:53.859+0000] {processor.py:753} INFO - DAG(s) dict_keys(['example_sla_dag']) retrieved from /home/airflow/.local/lib/python3.7/site-packages/airflow/example_dags/example_sla_dag.py
[2023-03-09T15:45:53.890+0000] {logging_mixin.py:137} INFO - [2023-03-09T15:45:53.889+0000] {dag.py:2690} INFO - Sync 1 DAGs
[2023-03-09T15:45:53.933+0000] {logging_mixin.py:137} INFO - [2023-03-09T15:45:53.932+0000] {dag.py:3441} INFO - Setting next_dagrun for example_sla_dag to 2023-03-09T15:42:00+00:00, run_after=2023-03-09T15:44:00+00:00
[2023-03-09T15:45:53.958+0000] {processor.py:175} INFO - Processing /home/airflow/.local/lib/python3.7/site-packages/airflow/example_dags/example_sla_dag.py took 0.134 seconds
[2023-03-09T15:46:24.712+0000] {processor.py:153} INFO - Started process (PID=1135) to work on /home/airflow/.local/lib/python3.7/site-packages/airflow/example_dags/example_sla_dag.py
[2023-03-09T15:46:24.713+0000] {processor.py:743} INFO - Processing file /home/airflow/.local/lib/python3.7/site-packages/airflow/example_dags/example_sla_dag.py for tasks to queue
[2023-03-09T15:46:24.714+0000] {logging_mixin.py:137} INFO - [2023-03-09T15:46:24.714+0000] {dagbag.py:538} INFO - Filling up the DagBag from /home/airflow/.local/lib/python3.7/site-packages/airflow/example_dags/example_sla_dag.py
[2023-03-09T15:46:24.747+0000] {processor.py:753} INFO - DAG(s) dict_keys(['example_sla_dag']) retrieved from /home/airflow/.local/lib/python3.7/site-packages/airflow/example_dags/example_sla_dag.py
[2023-03-09T15:46:24.783+0000] {logging_mixin.py:137} INFO - [2023-03-09T15:46:24.783+0000] {dag.py:2690} INFO - Sync 1 DAGs
[2023-03-09T15:46:24.831+0000] {logging_mixin.py:137} INFO - [2023-03-09T15:46:24.831+0000] {dag.py:3441} INFO - Setting next_dagrun for example_sla_dag to 2023-03-09T15:44:00+00:00, run_after=2023-03-09T15:46:00+00:00
[2023-03-09T15:46:24.859+0000] {processor.py:175} INFO - Processing /home/airflow/.local/lib/python3.7/site-packages/airflow/example_dags/example_sla_dag.py took 0.150 seconds
[2023-03-09T15:46:55.686+0000] {processor.py:153} INFO - Started process (PID=1198) to work on /home/airflow/.local/lib/python3.7/site-packages/airflow/example_dags/example_sla_dag.py
[2023-03-09T15:46:55.687+0000] {processor.py:743} INFO - Processing file /home/airflow/.local/lib/python3.7/site-packages/airflow/example_dags/example_sla_dag.py for tasks to queue
[2023-03-09T15:46:55.687+0000] {logging_mixin.py:137} INFO - [2023-03-09T15:46:55.687+0000] {dagbag.py:538} INFO - Filling up the DagBag from /home/airflow/.local/lib/python3.7/site-packages/airflow/example_dags/example_sla_dag.py
[2023-03-09T15:46:55.716+0000] {processor.py:753} INFO - DAG(s) dict_keys(['example_sla_dag']) retrieved from /home/airflow/.local/lib/python3.7/site-packages/airflow/example_dags/example_sla_dag.py
[2023-03-09T15:46:55.747+0000] {logging_mixin.py:137} INFO - [2023-03-09T15:46:55.747+0000] {dag.py:2690} INFO - Sync 1 DAGs
[2023-03-09T15:46:55.800+0000] {logging_mixin.py:137} INFO - [2023-03-09T15:46:55.800+0000] {dag.py:3441} INFO - Setting next_dagrun for example_sla_dag to 2023-03-09T15:44:00+00:00, run_after=2023-03-09T15:46:00+00:00
[2023-03-09T15:46:55.827+0000] {processor.py:175} INFO - Processing /home/airflow/.local/lib/python3.7/site-packages/airflow/example_dags/example_sla_dag.py took 0.145 seconds
[2023-03-09T15:47:26.731+0000] {processor.py:153} INFO - Started process (PID=1267) to work on /home/airflow/.local/lib/python3.7/site-packages/airflow/example_dags/example_sla_dag.py
[2023-03-09T15:47:26.732+0000] {processor.py:743} INFO - Processing file /home/airflow/.local/lib/python3.7/site-packages/airflow/example_dags/example_sla_dag.py for tasks to queue
[2023-03-09T15:47:26.732+0000] {logging_mixin.py:137} INFO - [2023-03-09T15:47:26.732+0000] {dagbag.py:538} INFO - Filling up the DagBag from /home/airflow/.local/lib/python3.7/site-packages/airflow/example_dags/example_sla_dag.py
[2023-03-09T15:47:26.763+0000] {processor.py:753} INFO - DAG(s) dict_keys(['example_sla_dag']) retrieved from /home/airflow/.local/lib/python3.7/site-packages/airflow/example_dags/example_sla_dag.py
[2023-03-09T15:47:26.794+0000] {logging_mixin.py:137} INFO - [2023-03-09T15:47:26.793+0000] {dag.py:2690} INFO - Sync 1 DAGs
[2023-03-09T15:47:26.846+0000] {logging_mixin.py:137} INFO - [2023-03-09T15:47:26.845+0000] {dag.py:3441} INFO - Setting next_dagrun for example_sla_dag to 2023-03-09T15:44:00+00:00, run_after=2023-03-09T15:46:00+00:00
[2023-03-09T15:47:26.873+0000] {processor.py:175} INFO - Processing /home/airflow/.local/lib/python3.7/site-packages/airflow/example_dags/example_sla_dag.py took 0.145 seconds
[2023-03-09T15:47:57.825+0000] {processor.py:153} INFO - Started process (PID=1335) to work on /home/airflow/.local/lib/python3.7/site-packages/airflow/example_dags/example_sla_dag.py
[2023-03-09T15:47:57.832+0000] {processor.py:743} INFO - Processing file /home/airflow/.local/lib/python3.7/site-packages/airflow/example_dags/example_sla_dag.py for tasks to queue
[2023-03-09T15:47:57.834+0000] {logging_mixin.py:137} INFO - [2023-03-09T15:47:57.833+0000] {dagbag.py:538} INFO - Filling up the DagBag from /home/airflow/.local/lib/python3.7/site-packages/airflow/example_dags/example_sla_dag.py
[2023-03-09T15:47:57.928+0000] {processor.py:753} INFO - DAG(s) dict_keys(['example_sla_dag']) retrieved from /home/airflow/.local/lib/python3.7/site-packages/airflow/example_dags/example_sla_dag.py
[2023-03-09T15:47:58.059+0000] {logging_mixin.py:137} INFO - [2023-03-09T15:47:58.059+0000] {dag.py:2690} INFO - Sync 1 DAGs
[2023-03-09T15:47:58.178+0000] {logging_mixin.py:137} INFO - [2023-03-09T15:47:58.178+0000] {dag.py:3441} INFO - Setting next_dagrun for example_sla_dag to 2023-03-09T15:44:00+00:00, run_after=2023-03-09T15:46:00+00:00
[2023-03-09T15:47:58.313+0000] {processor.py:175} INFO - Processing /home/airflow/.local/lib/python3.7/site-packages/airflow/example_dags/example_sla_dag.py took 0.492 seconds
[2023-03-09T15:48:28.964+0000] {processor.py:153} INFO - Started process (PID=1398) to work on /home/airflow/.local/lib/python3.7/site-packages/airflow/example_dags/example_sla_dag.py
[2023-03-09T15:48:28.965+0000] {processor.py:743} INFO - Processing file /home/airflow/.local/lib/python3.7/site-packages/airflow/example_dags/example_sla_dag.py for tasks to queue
[2023-03-09T15:48:28.966+0000] {logging_mixin.py:137} INFO - [2023-03-09T15:48:28.966+0000] {dagbag.py:538} INFO - Filling up the DagBag from /home/airflow/.local/lib/python3.7/site-packages/airflow/example_dags/example_sla_dag.py
[2023-03-09T15:48:29.009+0000] {processor.py:753} INFO - DAG(s) dict_keys(['example_sla_dag']) retrieved from /home/airflow/.local/lib/python3.7/site-packages/airflow/example_dags/example_sla_dag.py
[2023-03-09T15:48:29.052+0000] {logging_mixin.py:137} INFO - [2023-03-09T15:48:29.052+0000] {dag.py:2690} INFO - Sync 1 DAGs
[2023-03-09T15:48:29.119+0000] {logging_mixin.py:137} INFO - [2023-03-09T15:48:29.119+0000] {dag.py:3441} INFO - Setting next_dagrun for example_sla_dag to 2023-03-09T15:46:00+00:00, run_after=2023-03-09T15:48:00+00:00
[2023-03-09T15:48:29.153+0000] {processor.py:175} INFO - Processing /home/airflow/.local/lib/python3.7/site-packages/airflow/example_dags/example_sla_dag.py took 0.194 seconds
[2023-03-09T15:48:59.195+0000] {processor.py:153} INFO - Started process (PID=1460) to work on /home/airflow/.local/lib/python3.7/site-packages/airflow/example_dags/example_sla_dag.py
[2023-03-09T15:48:59.196+0000] {processor.py:743} INFO - Processing file /home/airflow/.local/lib/python3.7/site-packages/airflow/example_dags/example_sla_dag.py for tasks to queue
[2023-03-09T15:48:59.196+0000] {logging_mixin.py:137} INFO - [2023-03-09T15:48:59.196+0000] {dagbag.py:538} INFO - Filling up the DagBag from /home/airflow/.local/lib/python3.7/site-packages/airflow/example_dags/example_sla_dag.py
[2023-03-09T15:48:59.225+0000] {processor.py:753} INFO - DAG(s) dict_keys(['example_sla_dag']) retrieved from /home/airflow/.local/lib/python3.7/site-packages/airflow/example_dags/example_sla_dag.py
[2023-03-09T15:48:59.256+0000] {logging_mixin.py:137} INFO - [2023-03-09T15:48:59.255+0000] {dag.py:2690} INFO - Sync 1 DAGs
[2023-03-09T15:48:59.300+0000] {logging_mixin.py:137} INFO - [2023-03-09T15:48:59.300+0000] {dag.py:3441} INFO - Setting next_dagrun for example_sla_dag to 2023-03-09T15:46:00+00:00, run_after=2023-03-09T15:48:00+00:00
[2023-03-09T15:48:59.326+0000] {processor.py:175} INFO - Processing /home/airflow/.local/lib/python3.7/site-packages/airflow/example_dags/example_sla_dag.py took 0.134 seconds
[2023-03-09T15:49:29.947+0000] {processor.py:153} INFO - Started process (PID=1522) to work on /home/airflow/.local/lib/python3.7/site-packages/airflow/example_dags/example_sla_dag.py
[2023-03-09T15:49:29.948+0000] {processor.py:743} INFO - Processing file /home/airflow/.local/lib/python3.7/site-packages/airflow/example_dags/example_sla_dag.py for tasks to queue
[2023-03-09T15:49:29.949+0000] {logging_mixin.py:137} INFO - [2023-03-09T15:49:29.949+0000] {dagbag.py:538} INFO - Filling up the DagBag from /home/airflow/.local/lib/python3.7/site-packages/airflow/example_dags/example_sla_dag.py
[2023-03-09T15:49:29.982+0000] {processor.py:753} INFO - DAG(s) dict_keys(['example_sla_dag']) retrieved from /home/airflow/.local/lib/python3.7/site-packages/airflow/example_dags/example_sla_dag.py
[2023-03-09T15:49:30.014+0000] {logging_mixin.py:137} INFO - [2023-03-09T15:49:30.013+0000] {dag.py:2690} INFO - Sync 1 DAGs
[2023-03-09T15:49:30.053+0000] {logging_mixin.py:137} INFO - [2023-03-09T15:49:30.053+0000] {dag.py:3441} INFO - Setting next_dagrun for example_sla_dag to 2023-03-09T15:46:00+00:00, run_after=2023-03-09T15:48:00+00:00
[2023-03-09T15:49:30.085+0000] {processor.py:175} INFO - Processing /home/airflow/.local/lib/python3.7/site-packages/airflow/example_dags/example_sla_dag.py took 0.141 seconds
