[2023-03-09T15:38:03.306+0000] {processor.py:153} INFO - Started process (PID=44) to work on /home/airflow/.local/lib/python3.7/site-packages/airflow/example_dags/example_bash_operator.py
[2023-03-09T15:38:03.307+0000] {processor.py:743} INFO - Processing file /home/airflow/.local/lib/python3.7/site-packages/airflow/example_dags/example_bash_operator.py for tasks to queue
[2023-03-09T15:38:03.308+0000] {logging_mixin.py:137} INFO - [2023-03-09T15:38:03.308+0000] {dagbag.py:538} INFO - Filling up the DagBag from /home/airflow/.local/lib/python3.7/site-packages/airflow/example_dags/example_bash_operator.py
[2023-03-09T15:38:03.427+0000] {processor.py:753} INFO - DAG(s) dict_keys(['example_bash_operator']) retrieved from /home/airflow/.local/lib/python3.7/site-packages/airflow/example_dags/example_bash_operator.py
[2023-03-09T15:38:03.531+0000] {logging_mixin.py:137} INFO - [2023-03-09T15:38:03.531+0000] {dag.py:2690} INFO - Sync 1 DAGs
[2023-03-09T15:38:03.634+0000] {logging_mixin.py:137} INFO - [2023-03-09T15:38:03.634+0000] {dag.py:3441} INFO - Setting next_dagrun for example_bash_operator to 2023-03-08T00:00:00+00:00, run_after=2023-03-09T00:00:00+00:00
[2023-03-09T15:38:03.689+0000] {processor.py:175} INFO - Processing /home/airflow/.local/lib/python3.7/site-packages/airflow/example_dags/example_bash_operator.py took 0.395 seconds
[2023-03-09T15:38:34.597+0000] {processor.py:153} INFO - Started process (PID=106) to work on /home/airflow/.local/lib/python3.7/site-packages/airflow/example_dags/example_bash_operator.py
[2023-03-09T15:38:34.598+0000] {processor.py:743} INFO - Processing file /home/airflow/.local/lib/python3.7/site-packages/airflow/example_dags/example_bash_operator.py for tasks to queue
[2023-03-09T15:38:34.598+0000] {logging_mixin.py:137} INFO - [2023-03-09T15:38:34.598+0000] {dagbag.py:538} INFO - Filling up the DagBag from /home/airflow/.local/lib/python3.7/site-packages/airflow/example_dags/example_bash_operator.py
[2023-03-09T15:38:34.627+0000] {processor.py:753} INFO - DAG(s) dict_keys(['example_bash_operator']) retrieved from /home/airflow/.local/lib/python3.7/site-packages/airflow/example_dags/example_bash_operator.py
[2023-03-09T15:38:34.690+0000] {logging_mixin.py:137} INFO - [2023-03-09T15:38:34.689+0000] {dag.py:2690} INFO - Sync 1 DAGs
[2023-03-09T15:38:34.733+0000] {logging_mixin.py:137} INFO - [2023-03-09T15:38:34.732+0000] {dag.py:3441} INFO - Setting next_dagrun for example_bash_operator to 2023-03-08T00:00:00+00:00, run_after=2023-03-09T00:00:00+00:00
[2023-03-09T15:38:34.773+0000] {processor.py:175} INFO - Processing /home/airflow/.local/lib/python3.7/site-packages/airflow/example_dags/example_bash_operator.py took 0.179 seconds
[2023-03-09T15:39:05.406+0000] {processor.py:153} INFO - Started process (PID=169) to work on /home/airflow/.local/lib/python3.7/site-packages/airflow/example_dags/example_bash_operator.py
[2023-03-09T15:39:05.407+0000] {processor.py:743} INFO - Processing file /home/airflow/.local/lib/python3.7/site-packages/airflow/example_dags/example_bash_operator.py for tasks to queue
[2023-03-09T15:39:05.408+0000] {logging_mixin.py:137} INFO - [2023-03-09T15:39:05.408+0000] {dagbag.py:538} INFO - Filling up the DagBag from /home/airflow/.local/lib/python3.7/site-packages/airflow/example_dags/example_bash_operator.py
[2023-03-09T15:39:05.451+0000] {processor.py:753} INFO - DAG(s) dict_keys(['example_bash_operator']) retrieved from /home/airflow/.local/lib/python3.7/site-packages/airflow/example_dags/example_bash_operator.py
[2023-03-09T15:39:05.593+0000] {logging_mixin.py:137} INFO - [2023-03-09T15:39:05.593+0000] {dag.py:2690} INFO - Sync 1 DAGs
[2023-03-09T15:39:05.722+0000] {logging_mixin.py:137} INFO - [2023-03-09T15:39:05.722+0000] {dag.py:3441} INFO - Setting next_dagrun for example_bash_operator to 2023-03-08T00:00:00+00:00, run_after=2023-03-09T00:00:00+00:00
[2023-03-09T15:39:05.757+0000] {processor.py:175} INFO - Processing /home/airflow/.local/lib/python3.7/site-packages/airflow/example_dags/example_bash_operator.py took 0.357 seconds
[2023-03-09T15:39:35.879+0000] {processor.py:153} INFO - Started process (PID=243) to work on /home/airflow/.local/lib/python3.7/site-packages/airflow/example_dags/example_bash_operator.py
[2023-03-09T15:39:35.879+0000] {processor.py:743} INFO - Processing file /home/airflow/.local/lib/python3.7/site-packages/airflow/example_dags/example_bash_operator.py for tasks to queue
[2023-03-09T15:39:35.881+0000] {logging_mixin.py:137} INFO - [2023-03-09T15:39:35.880+0000] {dagbag.py:538} INFO - Filling up the DagBag from /home/airflow/.local/lib/python3.7/site-packages/airflow/example_dags/example_bash_operator.py
[2023-03-09T15:39:35.916+0000] {processor.py:753} INFO - DAG(s) dict_keys(['example_bash_operator']) retrieved from /home/airflow/.local/lib/python3.7/site-packages/airflow/example_dags/example_bash_operator.py
[2023-03-09T15:39:35.981+0000] {logging_mixin.py:137} INFO - [2023-03-09T15:39:35.980+0000] {dag.py:2690} INFO - Sync 1 DAGs
[2023-03-09T15:39:36.036+0000] {logging_mixin.py:137} INFO - [2023-03-09T15:39:36.036+0000] {dag.py:3441} INFO - Setting next_dagrun for example_bash_operator to 2023-03-08T00:00:00+00:00, run_after=2023-03-09T00:00:00+00:00
[2023-03-09T15:39:36.079+0000] {processor.py:175} INFO - Processing /home/airflow/.local/lib/python3.7/site-packages/airflow/example_dags/example_bash_operator.py took 0.205 seconds
[2023-03-09T15:40:06.543+0000] {processor.py:153} INFO - Started process (PID=306) to work on /home/airflow/.local/lib/python3.7/site-packages/airflow/example_dags/example_bash_operator.py
[2023-03-09T15:40:06.544+0000] {processor.py:743} INFO - Processing file /home/airflow/.local/lib/python3.7/site-packages/airflow/example_dags/example_bash_operator.py for tasks to queue
[2023-03-09T15:40:06.545+0000] {logging_mixin.py:137} INFO - [2023-03-09T15:40:06.545+0000] {dagbag.py:538} INFO - Filling up the DagBag from /home/airflow/.local/lib/python3.7/site-packages/airflow/example_dags/example_bash_operator.py
[2023-03-09T15:40:06.572+0000] {processor.py:753} INFO - DAG(s) dict_keys(['example_bash_operator']) retrieved from /home/airflow/.local/lib/python3.7/site-packages/airflow/example_dags/example_bash_operator.py
[2023-03-09T15:40:06.627+0000] {logging_mixin.py:137} INFO - [2023-03-09T15:40:06.626+0000] {dag.py:2690} INFO - Sync 1 DAGs
[2023-03-09T15:40:06.668+0000] {logging_mixin.py:137} INFO - [2023-03-09T15:40:06.668+0000] {dag.py:3441} INFO - Setting next_dagrun for example_bash_operator to 2023-03-08T00:00:00+00:00, run_after=2023-03-09T00:00:00+00:00
[2023-03-09T15:40:06.695+0000] {processor.py:175} INFO - Processing /home/airflow/.local/lib/python3.7/site-packages/airflow/example_dags/example_bash_operator.py took 0.155 seconds
[2023-03-09T15:40:37.531+0000] {processor.py:153} INFO - Started process (PID=369) to work on /home/airflow/.local/lib/python3.7/site-packages/airflow/example_dags/example_bash_operator.py
[2023-03-09T15:40:37.531+0000] {processor.py:743} INFO - Processing file /home/airflow/.local/lib/python3.7/site-packages/airflow/example_dags/example_bash_operator.py for tasks to queue
[2023-03-09T15:40:37.532+0000] {logging_mixin.py:137} INFO - [2023-03-09T15:40:37.532+0000] {dagbag.py:538} INFO - Filling up the DagBag from /home/airflow/.local/lib/python3.7/site-packages/airflow/example_dags/example_bash_operator.py
[2023-03-09T15:40:37.560+0000] {processor.py:753} INFO - DAG(s) dict_keys(['example_bash_operator']) retrieved from /home/airflow/.local/lib/python3.7/site-packages/airflow/example_dags/example_bash_operator.py
[2023-03-09T15:40:37.613+0000] {logging_mixin.py:137} INFO - [2023-03-09T15:40:37.613+0000] {dag.py:2690} INFO - Sync 1 DAGs
[2023-03-09T15:40:37.656+0000] {logging_mixin.py:137} INFO - [2023-03-09T15:40:37.656+0000] {dag.py:3441} INFO - Setting next_dagrun for example_bash_operator to 2023-03-08T00:00:00+00:00, run_after=2023-03-09T00:00:00+00:00
[2023-03-09T15:40:37.683+0000] {processor.py:175} INFO - Processing /home/airflow/.local/lib/python3.7/site-packages/airflow/example_dags/example_bash_operator.py took 0.155 seconds
[2023-03-09T15:41:07.739+0000] {processor.py:153} INFO - Started process (PID=432) to work on /home/airflow/.local/lib/python3.7/site-packages/airflow/example_dags/example_bash_operator.py
[2023-03-09T15:41:07.740+0000] {processor.py:743} INFO - Processing file /home/airflow/.local/lib/python3.7/site-packages/airflow/example_dags/example_bash_operator.py for tasks to queue
[2023-03-09T15:41:07.740+0000] {logging_mixin.py:137} INFO - [2023-03-09T15:41:07.740+0000] {dagbag.py:538} INFO - Filling up the DagBag from /home/airflow/.local/lib/python3.7/site-packages/airflow/example_dags/example_bash_operator.py
[2023-03-09T15:41:07.777+0000] {processor.py:753} INFO - DAG(s) dict_keys(['example_bash_operator']) retrieved from /home/airflow/.local/lib/python3.7/site-packages/airflow/example_dags/example_bash_operator.py
[2023-03-09T15:41:07.830+0000] {logging_mixin.py:137} INFO - [2023-03-09T15:41:07.830+0000] {dag.py:2690} INFO - Sync 1 DAGs
[2023-03-09T15:41:07.881+0000] {logging_mixin.py:137} INFO - [2023-03-09T15:41:07.881+0000] {dag.py:3441} INFO - Setting next_dagrun for example_bash_operator to 2023-03-08T00:00:00+00:00, run_after=2023-03-09T00:00:00+00:00
[2023-03-09T15:41:07.927+0000] {processor.py:175} INFO - Processing /home/airflow/.local/lib/python3.7/site-packages/airflow/example_dags/example_bash_operator.py took 0.191 seconds
[2023-03-09T15:41:38.068+0000] {processor.py:153} INFO - Started process (PID=507) to work on /home/airflow/.local/lib/python3.7/site-packages/airflow/example_dags/example_bash_operator.py
[2023-03-09T15:41:38.069+0000] {processor.py:743} INFO - Processing file /home/airflow/.local/lib/python3.7/site-packages/airflow/example_dags/example_bash_operator.py for tasks to queue
[2023-03-09T15:41:38.070+0000] {logging_mixin.py:137} INFO - [2023-03-09T15:41:38.070+0000] {dagbag.py:538} INFO - Filling up the DagBag from /home/airflow/.local/lib/python3.7/site-packages/airflow/example_dags/example_bash_operator.py
[2023-03-09T15:41:38.106+0000] {processor.py:753} INFO - DAG(s) dict_keys(['example_bash_operator']) retrieved from /home/airflow/.local/lib/python3.7/site-packages/airflow/example_dags/example_bash_operator.py
[2023-03-09T15:41:38.183+0000] {logging_mixin.py:137} INFO - [2023-03-09T15:41:38.182+0000] {dag.py:2690} INFO - Sync 1 DAGs
[2023-03-09T15:41:38.236+0000] {logging_mixin.py:137} INFO - [2023-03-09T15:41:38.236+0000] {dag.py:3441} INFO - Setting next_dagrun for example_bash_operator to 2023-03-08T00:00:00+00:00, run_after=2023-03-09T00:00:00+00:00
[2023-03-09T15:41:38.270+0000] {processor.py:175} INFO - Processing /home/airflow/.local/lib/python3.7/site-packages/airflow/example_dags/example_bash_operator.py took 0.206 seconds
[2023-03-09T15:42:09.248+0000] {processor.py:153} INFO - Started process (PID=572) to work on /home/airflow/.local/lib/python3.7/site-packages/airflow/example_dags/example_bash_operator.py
[2023-03-09T15:42:09.249+0000] {processor.py:743} INFO - Processing file /home/airflow/.local/lib/python3.7/site-packages/airflow/example_dags/example_bash_operator.py for tasks to queue
[2023-03-09T15:42:09.250+0000] {logging_mixin.py:137} INFO - [2023-03-09T15:42:09.250+0000] {dagbag.py:538} INFO - Filling up the DagBag from /home/airflow/.local/lib/python3.7/site-packages/airflow/example_dags/example_bash_operator.py
[2023-03-09T15:42:09.278+0000] {processor.py:753} INFO - DAG(s) dict_keys(['example_bash_operator']) retrieved from /home/airflow/.local/lib/python3.7/site-packages/airflow/example_dags/example_bash_operator.py
[2023-03-09T15:42:09.339+0000] {logging_mixin.py:137} INFO - [2023-03-09T15:42:09.338+0000] {dag.py:2690} INFO - Sync 1 DAGs
[2023-03-09T15:42:09.379+0000] {logging_mixin.py:137} INFO - [2023-03-09T15:42:09.378+0000] {dag.py:3441} INFO - Setting next_dagrun for example_bash_operator to 2023-03-08T00:00:00+00:00, run_after=2023-03-09T00:00:00+00:00
[2023-03-09T15:42:09.408+0000] {processor.py:175} INFO - Processing /home/airflow/.local/lib/python3.7/site-packages/airflow/example_dags/example_bash_operator.py took 0.163 seconds
[2023-03-09T15:42:40.018+0000] {processor.py:153} INFO - Started process (PID=635) to work on /home/airflow/.local/lib/python3.7/site-packages/airflow/example_dags/example_bash_operator.py
[2023-03-09T15:42:40.019+0000] {processor.py:743} INFO - Processing file /home/airflow/.local/lib/python3.7/site-packages/airflow/example_dags/example_bash_operator.py for tasks to queue
[2023-03-09T15:42:40.020+0000] {logging_mixin.py:137} INFO - [2023-03-09T15:42:40.020+0000] {dagbag.py:538} INFO - Filling up the DagBag from /home/airflow/.local/lib/python3.7/site-packages/airflow/example_dags/example_bash_operator.py
[2023-03-09T15:42:40.050+0000] {processor.py:753} INFO - DAG(s) dict_keys(['example_bash_operator']) retrieved from /home/airflow/.local/lib/python3.7/site-packages/airflow/example_dags/example_bash_operator.py
[2023-03-09T15:42:40.111+0000] {logging_mixin.py:137} INFO - [2023-03-09T15:42:40.111+0000] {dag.py:2690} INFO - Sync 1 DAGs
[2023-03-09T15:42:40.156+0000] {logging_mixin.py:137} INFO - [2023-03-09T15:42:40.156+0000] {dag.py:3441} INFO - Setting next_dagrun for example_bash_operator to 2023-03-08T00:00:00+00:00, run_after=2023-03-09T00:00:00+00:00
[2023-03-09T15:42:40.191+0000] {processor.py:175} INFO - Processing /home/airflow/.local/lib/python3.7/site-packages/airflow/example_dags/example_bash_operator.py took 0.177 seconds
[2023-03-09T15:43:10.830+0000] {processor.py:153} INFO - Started process (PID=698) to work on /home/airflow/.local/lib/python3.7/site-packages/airflow/example_dags/example_bash_operator.py
[2023-03-09T15:43:10.831+0000] {processor.py:743} INFO - Processing file /home/airflow/.local/lib/python3.7/site-packages/airflow/example_dags/example_bash_operator.py for tasks to queue
[2023-03-09T15:43:10.831+0000] {logging_mixin.py:137} INFO - [2023-03-09T15:43:10.831+0000] {dagbag.py:538} INFO - Filling up the DagBag from /home/airflow/.local/lib/python3.7/site-packages/airflow/example_dags/example_bash_operator.py
[2023-03-09T15:43:10.866+0000] {processor.py:753} INFO - DAG(s) dict_keys(['example_bash_operator']) retrieved from /home/airflow/.local/lib/python3.7/site-packages/airflow/example_dags/example_bash_operator.py
[2023-03-09T15:43:10.927+0000] {logging_mixin.py:137} INFO - [2023-03-09T15:43:10.926+0000] {dag.py:2690} INFO - Sync 1 DAGs
[2023-03-09T15:43:10.989+0000] {logging_mixin.py:137} INFO - [2023-03-09T15:43:10.989+0000] {dag.py:3441} INFO - Setting next_dagrun for example_bash_operator to 2023-03-08T00:00:00+00:00, run_after=2023-03-09T00:00:00+00:00
[2023-03-09T15:43:11.031+0000] {processor.py:175} INFO - Processing /home/airflow/.local/lib/python3.7/site-packages/airflow/example_dags/example_bash_operator.py took 0.223 seconds
[2023-03-09T15:43:41.072+0000] {processor.py:153} INFO - Started process (PID=773) to work on /home/airflow/.local/lib/python3.7/site-packages/airflow/example_dags/example_bash_operator.py
[2023-03-09T15:43:41.076+0000] {processor.py:743} INFO - Processing file /home/airflow/.local/lib/python3.7/site-packages/airflow/example_dags/example_bash_operator.py for tasks to queue
[2023-03-09T15:43:41.077+0000] {logging_mixin.py:137} INFO - [2023-03-09T15:43:41.077+0000] {dagbag.py:538} INFO - Filling up the DagBag from /home/airflow/.local/lib/python3.7/site-packages/airflow/example_dags/example_bash_operator.py
[2023-03-09T15:43:41.126+0000] {processor.py:753} INFO - DAG(s) dict_keys(['example_bash_operator']) retrieved from /home/airflow/.local/lib/python3.7/site-packages/airflow/example_dags/example_bash_operator.py
[2023-03-09T15:43:41.246+0000] {logging_mixin.py:137} INFO - [2023-03-09T15:43:41.246+0000] {dag.py:2690} INFO - Sync 1 DAGs
[2023-03-09T15:43:41.295+0000] {logging_mixin.py:137} INFO - [2023-03-09T15:43:41.295+0000] {dag.py:3441} INFO - Setting next_dagrun for example_bash_operator to 2023-03-08T00:00:00+00:00, run_after=2023-03-09T00:00:00+00:00
[2023-03-09T15:43:41.323+0000] {processor.py:175} INFO - Processing /home/airflow/.local/lib/python3.7/site-packages/airflow/example_dags/example_bash_operator.py took 0.260 seconds
[2023-03-09T15:44:11.401+0000] {processor.py:153} INFO - Started process (PID=835) to work on /home/airflow/.local/lib/python3.7/site-packages/airflow/example_dags/example_bash_operator.py
[2023-03-09T15:44:11.402+0000] {processor.py:743} INFO - Processing file /home/airflow/.local/lib/python3.7/site-packages/airflow/example_dags/example_bash_operator.py for tasks to queue
[2023-03-09T15:44:11.403+0000] {logging_mixin.py:137} INFO - [2023-03-09T15:44:11.403+0000] {dagbag.py:538} INFO - Filling up the DagBag from /home/airflow/.local/lib/python3.7/site-packages/airflow/example_dags/example_bash_operator.py
[2023-03-09T15:44:11.493+0000] {processor.py:753} INFO - DAG(s) dict_keys(['example_bash_operator']) retrieved from /home/airflow/.local/lib/python3.7/site-packages/airflow/example_dags/example_bash_operator.py
[2023-03-09T15:44:11.585+0000] {logging_mixin.py:137} INFO - [2023-03-09T15:44:11.585+0000] {dag.py:2690} INFO - Sync 1 DAGs
[2023-03-09T15:44:11.636+0000] {logging_mixin.py:137} INFO - [2023-03-09T15:44:11.636+0000] {dag.py:3441} INFO - Setting next_dagrun for example_bash_operator to 2023-03-08T00:00:00+00:00, run_after=2023-03-09T00:00:00+00:00
[2023-03-09T15:44:11.671+0000] {processor.py:175} INFO - Processing /home/airflow/.local/lib/python3.7/site-packages/airflow/example_dags/example_bash_operator.py took 0.274 seconds
[2023-03-09T15:44:42.140+0000] {processor.py:153} INFO - Started process (PID=898) to work on /home/airflow/.local/lib/python3.7/site-packages/airflow/example_dags/example_bash_operator.py
[2023-03-09T15:44:42.140+0000] {processor.py:743} INFO - Processing file /home/airflow/.local/lib/python3.7/site-packages/airflow/example_dags/example_bash_operator.py for tasks to queue
[2023-03-09T15:44:42.141+0000] {logging_mixin.py:137} INFO - [2023-03-09T15:44:42.141+0000] {dagbag.py:538} INFO - Filling up the DagBag from /home/airflow/.local/lib/python3.7/site-packages/airflow/example_dags/example_bash_operator.py
[2023-03-09T15:44:42.180+0000] {processor.py:753} INFO - DAG(s) dict_keys(['example_bash_operator']) retrieved from /home/airflow/.local/lib/python3.7/site-packages/airflow/example_dags/example_bash_operator.py
[2023-03-09T15:44:42.238+0000] {logging_mixin.py:137} INFO - [2023-03-09T15:44:42.237+0000] {dag.py:2690} INFO - Sync 1 DAGs
[2023-03-09T15:44:42.293+0000] {logging_mixin.py:137} INFO - [2023-03-09T15:44:42.292+0000] {dag.py:3441} INFO - Setting next_dagrun for example_bash_operator to 2023-03-08T00:00:00+00:00, run_after=2023-03-09T00:00:00+00:00
[2023-03-09T15:44:42.323+0000] {processor.py:175} INFO - Processing /home/airflow/.local/lib/python3.7/site-packages/airflow/example_dags/example_bash_operator.py took 0.188 seconds
[2023-03-09T15:45:12.403+0000] {processor.py:153} INFO - Started process (PID=960) to work on /home/airflow/.local/lib/python3.7/site-packages/airflow/example_dags/example_bash_operator.py
[2023-03-09T15:45:12.408+0000] {processor.py:743} INFO - Processing file /home/airflow/.local/lib/python3.7/site-packages/airflow/example_dags/example_bash_operator.py for tasks to queue
[2023-03-09T15:45:12.409+0000] {logging_mixin.py:137} INFO - [2023-03-09T15:45:12.409+0000] {dagbag.py:538} INFO - Filling up the DagBag from /home/airflow/.local/lib/python3.7/site-packages/airflow/example_dags/example_bash_operator.py
[2023-03-09T15:45:12.511+0000] {processor.py:753} INFO - DAG(s) dict_keys(['example_bash_operator']) retrieved from /home/airflow/.local/lib/python3.7/site-packages/airflow/example_dags/example_bash_operator.py
[2023-03-09T15:45:12.717+0000] {logging_mixin.py:137} INFO - [2023-03-09T15:45:12.716+0000] {dag.py:2690} INFO - Sync 1 DAGs
[2023-03-09T15:45:12.857+0000] {logging_mixin.py:137} INFO - [2023-03-09T15:45:12.856+0000] {dag.py:3441} INFO - Setting next_dagrun for example_bash_operator to 2023-03-08T00:00:00+00:00, run_after=2023-03-09T00:00:00+00:00
[2023-03-09T15:45:12.949+0000] {processor.py:175} INFO - Processing /home/airflow/.local/lib/python3.7/site-packages/airflow/example_dags/example_bash_operator.py took 0.571 seconds
[2023-03-09T15:45:43.495+0000] {processor.py:153} INFO - Started process (PID=1027) to work on /home/airflow/.local/lib/python3.7/site-packages/airflow/example_dags/example_bash_operator.py
[2023-03-09T15:45:43.495+0000] {processor.py:743} INFO - Processing file /home/airflow/.local/lib/python3.7/site-packages/airflow/example_dags/example_bash_operator.py for tasks to queue
[2023-03-09T15:45:43.496+0000] {logging_mixin.py:137} INFO - [2023-03-09T15:45:43.496+0000] {dagbag.py:538} INFO - Filling up the DagBag from /home/airflow/.local/lib/python3.7/site-packages/airflow/example_dags/example_bash_operator.py
[2023-03-09T15:45:43.524+0000] {processor.py:753} INFO - DAG(s) dict_keys(['example_bash_operator']) retrieved from /home/airflow/.local/lib/python3.7/site-packages/airflow/example_dags/example_bash_operator.py
[2023-03-09T15:45:43.580+0000] {logging_mixin.py:137} INFO - [2023-03-09T15:45:43.579+0000] {dag.py:2690} INFO - Sync 1 DAGs
[2023-03-09T15:45:43.621+0000] {logging_mixin.py:137} INFO - [2023-03-09T15:45:43.621+0000] {dag.py:3441} INFO - Setting next_dagrun for example_bash_operator to 2023-03-08T00:00:00+00:00, run_after=2023-03-09T00:00:00+00:00
[2023-03-09T15:45:43.649+0000] {processor.py:175} INFO - Processing /home/airflow/.local/lib/python3.7/site-packages/airflow/example_dags/example_bash_operator.py took 0.158 seconds
[2023-03-09T15:46:14.369+0000] {processor.py:153} INFO - Started process (PID=1090) to work on /home/airflow/.local/lib/python3.7/site-packages/airflow/example_dags/example_bash_operator.py
[2023-03-09T15:46:14.370+0000] {processor.py:743} INFO - Processing file /home/airflow/.local/lib/python3.7/site-packages/airflow/example_dags/example_bash_operator.py for tasks to queue
[2023-03-09T15:46:14.370+0000] {logging_mixin.py:137} INFO - [2023-03-09T15:46:14.370+0000] {dagbag.py:538} INFO - Filling up the DagBag from /home/airflow/.local/lib/python3.7/site-packages/airflow/example_dags/example_bash_operator.py
[2023-03-09T15:46:14.424+0000] {processor.py:753} INFO - DAG(s) dict_keys(['example_bash_operator']) retrieved from /home/airflow/.local/lib/python3.7/site-packages/airflow/example_dags/example_bash_operator.py
[2023-03-09T15:46:14.525+0000] {logging_mixin.py:137} INFO - [2023-03-09T15:46:14.525+0000] {dag.py:2690} INFO - Sync 1 DAGs
[2023-03-09T15:46:14.570+0000] {logging_mixin.py:137} INFO - [2023-03-09T15:46:14.570+0000] {dag.py:3441} INFO - Setting next_dagrun for example_bash_operator to 2023-03-08T00:00:00+00:00, run_after=2023-03-09T00:00:00+00:00
[2023-03-09T15:46:14.595+0000] {processor.py:175} INFO - Processing /home/airflow/.local/lib/python3.7/site-packages/airflow/example_dags/example_bash_operator.py took 0.230 seconds
[2023-03-09T15:46:45.199+0000] {processor.py:153} INFO - Started process (PID=1162) to work on /home/airflow/.local/lib/python3.7/site-packages/airflow/example_dags/example_bash_operator.py
[2023-03-09T15:46:45.199+0000] {processor.py:743} INFO - Processing file /home/airflow/.local/lib/python3.7/site-packages/airflow/example_dags/example_bash_operator.py for tasks to queue
[2023-03-09T15:46:45.200+0000] {logging_mixin.py:137} INFO - [2023-03-09T15:46:45.200+0000] {dagbag.py:538} INFO - Filling up the DagBag from /home/airflow/.local/lib/python3.7/site-packages/airflow/example_dags/example_bash_operator.py
[2023-03-09T15:46:45.228+0000] {processor.py:753} INFO - DAG(s) dict_keys(['example_bash_operator']) retrieved from /home/airflow/.local/lib/python3.7/site-packages/airflow/example_dags/example_bash_operator.py
[2023-03-09T15:46:45.295+0000] {logging_mixin.py:137} INFO - [2023-03-09T15:46:45.294+0000] {dag.py:2690} INFO - Sync 1 DAGs
[2023-03-09T15:46:45.354+0000] {logging_mixin.py:137} INFO - [2023-03-09T15:46:45.354+0000] {dag.py:3441} INFO - Setting next_dagrun for example_bash_operator to 2023-03-08T00:00:00+00:00, run_after=2023-03-09T00:00:00+00:00
[2023-03-09T15:46:45.392+0000] {processor.py:175} INFO - Processing /home/airflow/.local/lib/python3.7/site-packages/airflow/example_dags/example_bash_operator.py took 0.198 seconds
[2023-03-09T15:47:16.216+0000] {processor.py:153} INFO - Started process (PID=1228) to work on /home/airflow/.local/lib/python3.7/site-packages/airflow/example_dags/example_bash_operator.py
[2023-03-09T15:47:16.228+0000] {processor.py:743} INFO - Processing file /home/airflow/.local/lib/python3.7/site-packages/airflow/example_dags/example_bash_operator.py for tasks to queue
[2023-03-09T15:47:16.229+0000] {logging_mixin.py:137} INFO - [2023-03-09T15:47:16.228+0000] {dagbag.py:538} INFO - Filling up the DagBag from /home/airflow/.local/lib/python3.7/site-packages/airflow/example_dags/example_bash_operator.py
[2023-03-09T15:47:16.274+0000] {processor.py:753} INFO - DAG(s) dict_keys(['example_bash_operator']) retrieved from /home/airflow/.local/lib/python3.7/site-packages/airflow/example_dags/example_bash_operator.py
[2023-03-09T15:47:16.397+0000] {logging_mixin.py:137} INFO - [2023-03-09T15:47:16.397+0000] {dag.py:2690} INFO - Sync 1 DAGs
[2023-03-09T15:47:16.524+0000] {logging_mixin.py:137} INFO - [2023-03-09T15:47:16.524+0000] {dag.py:3441} INFO - Setting next_dagrun for example_bash_operator to 2023-03-08T00:00:00+00:00, run_after=2023-03-09T00:00:00+00:00
[2023-03-09T15:47:16.559+0000] {processor.py:175} INFO - Processing /home/airflow/.local/lib/python3.7/site-packages/airflow/example_dags/example_bash_operator.py took 0.348 seconds
[2023-03-09T15:47:47.481+0000] {processor.py:153} INFO - Started process (PID=1290) to work on /home/airflow/.local/lib/python3.7/site-packages/airflow/example_dags/example_bash_operator.py
[2023-03-09T15:47:47.482+0000] {processor.py:743} INFO - Processing file /home/airflow/.local/lib/python3.7/site-packages/airflow/example_dags/example_bash_operator.py for tasks to queue
[2023-03-09T15:47:47.483+0000] {logging_mixin.py:137} INFO - [2023-03-09T15:47:47.483+0000] {dagbag.py:538} INFO - Filling up the DagBag from /home/airflow/.local/lib/python3.7/site-packages/airflow/example_dags/example_bash_operator.py
[2023-03-09T15:47:47.522+0000] {processor.py:753} INFO - DAG(s) dict_keys(['example_bash_operator']) retrieved from /home/airflow/.local/lib/python3.7/site-packages/airflow/example_dags/example_bash_operator.py
[2023-03-09T15:47:47.577+0000] {logging_mixin.py:137} INFO - [2023-03-09T15:47:47.576+0000] {dag.py:2690} INFO - Sync 1 DAGs
[2023-03-09T15:47:47.615+0000] {logging_mixin.py:137} INFO - [2023-03-09T15:47:47.615+0000] {dag.py:3441} INFO - Setting next_dagrun for example_bash_operator to 2023-03-08T00:00:00+00:00, run_after=2023-03-09T00:00:00+00:00
[2023-03-09T15:47:47.644+0000] {processor.py:175} INFO - Processing /home/airflow/.local/lib/python3.7/site-packages/airflow/example_dags/example_bash_operator.py took 0.167 seconds
[2023-03-09T15:48:18.143+0000] {processor.py:153} INFO - Started process (PID=1354) to work on /home/airflow/.local/lib/python3.7/site-packages/airflow/example_dags/example_bash_operator.py
[2023-03-09T15:48:18.145+0000] {processor.py:743} INFO - Processing file /home/airflow/.local/lib/python3.7/site-packages/airflow/example_dags/example_bash_operator.py for tasks to queue
[2023-03-09T15:48:18.145+0000] {logging_mixin.py:137} INFO - [2023-03-09T15:48:18.145+0000] {dagbag.py:538} INFO - Filling up the DagBag from /home/airflow/.local/lib/python3.7/site-packages/airflow/example_dags/example_bash_operator.py
[2023-03-09T15:48:18.172+0000] {processor.py:753} INFO - DAG(s) dict_keys(['example_bash_operator']) retrieved from /home/airflow/.local/lib/python3.7/site-packages/airflow/example_dags/example_bash_operator.py
[2023-03-09T15:48:18.231+0000] {logging_mixin.py:137} INFO - [2023-03-09T15:48:18.230+0000] {dag.py:2690} INFO - Sync 1 DAGs
[2023-03-09T15:48:18.274+0000] {logging_mixin.py:137} INFO - [2023-03-09T15:48:18.274+0000] {dag.py:3441} INFO - Setting next_dagrun for example_bash_operator to 2023-03-08T00:00:00+00:00, run_after=2023-03-09T00:00:00+00:00
[2023-03-09T15:48:18.305+0000] {processor.py:175} INFO - Processing /home/airflow/.local/lib/python3.7/site-packages/airflow/example_dags/example_bash_operator.py took 0.165 seconds
[2023-03-09T15:48:48.795+0000] {processor.py:153} INFO - Started process (PID=1415) to work on /home/airflow/.local/lib/python3.7/site-packages/airflow/example_dags/example_bash_operator.py
[2023-03-09T15:48:48.795+0000] {processor.py:743} INFO - Processing file /home/airflow/.local/lib/python3.7/site-packages/airflow/example_dags/example_bash_operator.py for tasks to queue
[2023-03-09T15:48:48.796+0000] {logging_mixin.py:137} INFO - [2023-03-09T15:48:48.796+0000] {dagbag.py:538} INFO - Filling up the DagBag from /home/airflow/.local/lib/python3.7/site-packages/airflow/example_dags/example_bash_operator.py
[2023-03-09T15:48:48.822+0000] {processor.py:753} INFO - DAG(s) dict_keys(['example_bash_operator']) retrieved from /home/airflow/.local/lib/python3.7/site-packages/airflow/example_dags/example_bash_operator.py
[2023-03-09T15:48:48.889+0000] {logging_mixin.py:137} INFO - [2023-03-09T15:48:48.889+0000] {dag.py:2690} INFO - Sync 1 DAGs
[2023-03-09T15:48:48.929+0000] {logging_mixin.py:137} INFO - [2023-03-09T15:48:48.929+0000] {dag.py:3441} INFO - Setting next_dagrun for example_bash_operator to 2023-03-08T00:00:00+00:00, run_after=2023-03-09T00:00:00+00:00
[2023-03-09T15:48:48.957+0000] {processor.py:175} INFO - Processing /home/airflow/.local/lib/python3.7/site-packages/airflow/example_dags/example_bash_operator.py took 0.166 seconds
[2023-03-09T15:49:19.760+0000] {processor.py:153} INFO - Started process (PID=1486) to work on /home/airflow/.local/lib/python3.7/site-packages/airflow/example_dags/example_bash_operator.py
[2023-03-09T15:49:19.761+0000] {processor.py:743} INFO - Processing file /home/airflow/.local/lib/python3.7/site-packages/airflow/example_dags/example_bash_operator.py for tasks to queue
[2023-03-09T15:49:19.762+0000] {logging_mixin.py:137} INFO - [2023-03-09T15:49:19.762+0000] {dagbag.py:538} INFO - Filling up the DagBag from /home/airflow/.local/lib/python3.7/site-packages/airflow/example_dags/example_bash_operator.py
[2023-03-09T15:49:19.804+0000] {processor.py:753} INFO - DAG(s) dict_keys(['example_bash_operator']) retrieved from /home/airflow/.local/lib/python3.7/site-packages/airflow/example_dags/example_bash_operator.py
[2023-03-09T15:49:19.881+0000] {logging_mixin.py:137} INFO - [2023-03-09T15:49:19.881+0000] {dag.py:2690} INFO - Sync 1 DAGs
[2023-03-09T15:49:19.938+0000] {logging_mixin.py:137} INFO - [2023-03-09T15:49:19.937+0000] {dag.py:3441} INFO - Setting next_dagrun for example_bash_operator to 2023-03-08T00:00:00+00:00, run_after=2023-03-09T00:00:00+00:00
[2023-03-09T15:49:19.977+0000] {processor.py:175} INFO - Processing /home/airflow/.local/lib/python3.7/site-packages/airflow/example_dags/example_bash_operator.py took 0.221 seconds
