[2023-03-09T15:38:06.678+0000] {processor.py:153} INFO - Started process (PID=65) to work on /home/airflow/.local/lib/python3.7/site-packages/airflow/example_dags/example_xcomargs.py
[2023-03-09T15:38:06.679+0000] {processor.py:743} INFO - Processing file /home/airflow/.local/lib/python3.7/site-packages/airflow/example_dags/example_xcomargs.py for tasks to queue
[2023-03-09T15:38:06.686+0000] {logging_mixin.py:137} INFO - [2023-03-09T15:38:06.686+0000] {dagbag.py:538} INFO - Filling up the DagBag from /home/airflow/.local/lib/python3.7/site-packages/airflow/example_dags/example_xcomargs.py
[2023-03-09T15:38:06.822+0000] {processor.py:753} INFO - DAG(s) dict_keys(['example_xcom_args', 'example_xcom_args_with_operators']) retrieved from /home/airflow/.local/lib/python3.7/site-packages/airflow/example_dags/example_xcomargs.py
[2023-03-09T15:38:07.026+0000] {logging_mixin.py:137} INFO - [2023-03-09T15:38:07.026+0000] {dag.py:2690} INFO - Sync 2 DAGs
[2023-03-09T15:38:07.205+0000] {logging_mixin.py:137} INFO - [2023-03-09T15:38:07.205+0000] {dag.py:3441} INFO - Setting next_dagrun for example_xcom_args to None, run_after=None
[2023-03-09T15:38:07.251+0000] {logging_mixin.py:137} INFO - [2023-03-09T15:38:07.233+0000] {dag.py:3441} INFO - Setting next_dagrun for example_xcom_args_with_operators to None, run_after=None
[2023-03-09T15:38:07.373+0000] {processor.py:175} INFO - Processing /home/airflow/.local/lib/python3.7/site-packages/airflow/example_dags/example_xcomargs.py took 0.704 seconds
[2023-03-09T15:38:37.691+0000] {processor.py:153} INFO - Started process (PID=121) to work on /home/airflow/.local/lib/python3.7/site-packages/airflow/example_dags/example_xcomargs.py
[2023-03-09T15:38:37.692+0000] {processor.py:743} INFO - Processing file /home/airflow/.local/lib/python3.7/site-packages/airflow/example_dags/example_xcomargs.py for tasks to queue
[2023-03-09T15:38:37.693+0000] {logging_mixin.py:137} INFO - [2023-03-09T15:38:37.693+0000] {dagbag.py:538} INFO - Filling up the DagBag from /home/airflow/.local/lib/python3.7/site-packages/airflow/example_dags/example_xcomargs.py
[2023-03-09T15:38:37.740+0000] {processor.py:753} INFO - DAG(s) dict_keys(['example_xcom_args', 'example_xcom_args_with_operators']) retrieved from /home/airflow/.local/lib/python3.7/site-packages/airflow/example_dags/example_xcomargs.py
[2023-03-09T15:38:37.791+0000] {logging_mixin.py:137} INFO - [2023-03-09T15:38:37.791+0000] {dag.py:2690} INFO - Sync 2 DAGs
[2023-03-09T15:38:37.844+0000] {logging_mixin.py:137} INFO - [2023-03-09T15:38:37.844+0000] {dag.py:3441} INFO - Setting next_dagrun for example_xcom_args to None, run_after=None
[2023-03-09T15:38:37.851+0000] {logging_mixin.py:137} INFO - [2023-03-09T15:38:37.850+0000] {dag.py:3441} INFO - Setting next_dagrun for example_xcom_args_with_operators to None, run_after=None
[2023-03-09T15:38:37.883+0000] {processor.py:175} INFO - Processing /home/airflow/.local/lib/python3.7/site-packages/airflow/example_dags/example_xcomargs.py took 0.196 seconds
[2023-03-09T15:39:08.576+0000] {processor.py:153} INFO - Started process (PID=195) to work on /home/airflow/.local/lib/python3.7/site-packages/airflow/example_dags/example_xcomargs.py
[2023-03-09T15:39:08.577+0000] {processor.py:743} INFO - Processing file /home/airflow/.local/lib/python3.7/site-packages/airflow/example_dags/example_xcomargs.py for tasks to queue
[2023-03-09T15:39:08.578+0000] {logging_mixin.py:137} INFO - [2023-03-09T15:39:08.578+0000] {dagbag.py:538} INFO - Filling up the DagBag from /home/airflow/.local/lib/python3.7/site-packages/airflow/example_dags/example_xcomargs.py
[2023-03-09T15:39:08.621+0000] {processor.py:753} INFO - DAG(s) dict_keys(['example_xcom_args_with_operators', 'example_xcom_args']) retrieved from /home/airflow/.local/lib/python3.7/site-packages/airflow/example_dags/example_xcomargs.py
[2023-03-09T15:39:08.671+0000] {logging_mixin.py:137} INFO - [2023-03-09T15:39:08.671+0000] {dag.py:2690} INFO - Sync 2 DAGs
[2023-03-09T15:39:08.726+0000] {logging_mixin.py:137} INFO - [2023-03-09T15:39:08.726+0000] {dag.py:3441} INFO - Setting next_dagrun for example_xcom_args to None, run_after=None
[2023-03-09T15:39:08.733+0000] {logging_mixin.py:137} INFO - [2023-03-09T15:39:08.733+0000] {dag.py:3441} INFO - Setting next_dagrun for example_xcom_args_with_operators to None, run_after=None
[2023-03-09T15:39:08.764+0000] {processor.py:175} INFO - Processing /home/airflow/.local/lib/python3.7/site-packages/airflow/example_dags/example_xcomargs.py took 0.193 seconds
[2023-03-09T15:39:38.886+0000] {processor.py:153} INFO - Started process (PID=258) to work on /home/airflow/.local/lib/python3.7/site-packages/airflow/example_dags/example_xcomargs.py
[2023-03-09T15:39:38.887+0000] {processor.py:743} INFO - Processing file /home/airflow/.local/lib/python3.7/site-packages/airflow/example_dags/example_xcomargs.py for tasks to queue
[2023-03-09T15:39:38.889+0000] {logging_mixin.py:137} INFO - [2023-03-09T15:39:38.888+0000] {dagbag.py:538} INFO - Filling up the DagBag from /home/airflow/.local/lib/python3.7/site-packages/airflow/example_dags/example_xcomargs.py
[2023-03-09T15:39:38.919+0000] {processor.py:753} INFO - DAG(s) dict_keys(['example_xcom_args_with_operators', 'example_xcom_args']) retrieved from /home/airflow/.local/lib/python3.7/site-packages/airflow/example_dags/example_xcomargs.py
[2023-03-09T15:39:38.954+0000] {logging_mixin.py:137} INFO - [2023-03-09T15:39:38.954+0000] {dag.py:2690} INFO - Sync 2 DAGs
[2023-03-09T15:39:38.992+0000] {logging_mixin.py:137} INFO - [2023-03-09T15:39:38.992+0000] {dag.py:3441} INFO - Setting next_dagrun for example_xcom_args to None, run_after=None
[2023-03-09T15:39:38.997+0000] {logging_mixin.py:137} INFO - [2023-03-09T15:39:38.996+0000] {dag.py:3441} INFO - Setting next_dagrun for example_xcom_args_with_operators to None, run_after=None
[2023-03-09T15:39:39.017+0000] {processor.py:175} INFO - Processing /home/airflow/.local/lib/python3.7/site-packages/airflow/example_dags/example_xcomargs.py took 0.136 seconds
[2023-03-09T15:40:09.649+0000] {processor.py:153} INFO - Started process (PID=321) to work on /home/airflow/.local/lib/python3.7/site-packages/airflow/example_dags/example_xcomargs.py
[2023-03-09T15:40:09.649+0000] {processor.py:743} INFO - Processing file /home/airflow/.local/lib/python3.7/site-packages/airflow/example_dags/example_xcomargs.py for tasks to queue
[2023-03-09T15:40:09.650+0000] {logging_mixin.py:137} INFO - [2023-03-09T15:40:09.650+0000] {dagbag.py:538} INFO - Filling up the DagBag from /home/airflow/.local/lib/python3.7/site-packages/airflow/example_dags/example_xcomargs.py
[2023-03-09T15:40:09.684+0000] {processor.py:753} INFO - DAG(s) dict_keys(['example_xcom_args', 'example_xcom_args_with_operators']) retrieved from /home/airflow/.local/lib/python3.7/site-packages/airflow/example_dags/example_xcomargs.py
[2023-03-09T15:40:09.723+0000] {logging_mixin.py:137} INFO - [2023-03-09T15:40:09.723+0000] {dag.py:2690} INFO - Sync 2 DAGs
[2023-03-09T15:40:09.771+0000] {logging_mixin.py:137} INFO - [2023-03-09T15:40:09.770+0000] {dag.py:3441} INFO - Setting next_dagrun for example_xcom_args to None, run_after=None
[2023-03-09T15:40:09.778+0000] {logging_mixin.py:137} INFO - [2023-03-09T15:40:09.777+0000] {dag.py:3441} INFO - Setting next_dagrun for example_xcom_args_with_operators to None, run_after=None
[2023-03-09T15:40:09.803+0000] {processor.py:175} INFO - Processing /home/airflow/.local/lib/python3.7/site-packages/airflow/example_dags/example_xcomargs.py took 0.158 seconds
[2023-03-09T15:40:40.354+0000] {processor.py:153} INFO - Started process (PID=384) to work on /home/airflow/.local/lib/python3.7/site-packages/airflow/example_dags/example_xcomargs.py
[2023-03-09T15:40:40.355+0000] {processor.py:743} INFO - Processing file /home/airflow/.local/lib/python3.7/site-packages/airflow/example_dags/example_xcomargs.py for tasks to queue
[2023-03-09T15:40:40.359+0000] {logging_mixin.py:137} INFO - [2023-03-09T15:40:40.355+0000] {dagbag.py:538} INFO - Filling up the DagBag from /home/airflow/.local/lib/python3.7/site-packages/airflow/example_dags/example_xcomargs.py
[2023-03-09T15:40:40.423+0000] {processor.py:753} INFO - DAG(s) dict_keys(['example_xcom_args_with_operators', 'example_xcom_args']) retrieved from /home/airflow/.local/lib/python3.7/site-packages/airflow/example_dags/example_xcomargs.py
[2023-03-09T15:40:40.480+0000] {logging_mixin.py:137} INFO - [2023-03-09T15:40:40.480+0000] {dag.py:2690} INFO - Sync 2 DAGs
[2023-03-09T15:40:40.534+0000] {logging_mixin.py:137} INFO - [2023-03-09T15:40:40.534+0000] {dag.py:3441} INFO - Setting next_dagrun for example_xcom_args to None, run_after=None
[2023-03-09T15:40:40.540+0000] {logging_mixin.py:137} INFO - [2023-03-09T15:40:40.540+0000] {dag.py:3441} INFO - Setting next_dagrun for example_xcom_args_with_operators to None, run_after=None
[2023-03-09T15:40:40.571+0000] {processor.py:175} INFO - Processing /home/airflow/.local/lib/python3.7/site-packages/airflow/example_dags/example_xcomargs.py took 0.222 seconds
[2023-03-09T15:41:10.657+0000] {processor.py:153} INFO - Started process (PID=458) to work on /home/airflow/.local/lib/python3.7/site-packages/airflow/example_dags/example_xcomargs.py
[2023-03-09T15:41:10.658+0000] {processor.py:743} INFO - Processing file /home/airflow/.local/lib/python3.7/site-packages/airflow/example_dags/example_xcomargs.py for tasks to queue
[2023-03-09T15:41:10.659+0000] {logging_mixin.py:137} INFO - [2023-03-09T15:41:10.658+0000] {dagbag.py:538} INFO - Filling up the DagBag from /home/airflow/.local/lib/python3.7/site-packages/airflow/example_dags/example_xcomargs.py
[2023-03-09T15:41:10.694+0000] {processor.py:753} INFO - DAG(s) dict_keys(['example_xcom_args_with_operators', 'example_xcom_args']) retrieved from /home/airflow/.local/lib/python3.7/site-packages/airflow/example_dags/example_xcomargs.py
[2023-03-09T15:41:10.728+0000] {logging_mixin.py:137} INFO - [2023-03-09T15:41:10.728+0000] {dag.py:2690} INFO - Sync 2 DAGs
[2023-03-09T15:41:10.766+0000] {logging_mixin.py:137} INFO - [2023-03-09T15:41:10.766+0000] {dag.py:3441} INFO - Setting next_dagrun for example_xcom_args to None, run_after=None
[2023-03-09T15:41:10.771+0000] {logging_mixin.py:137} INFO - [2023-03-09T15:41:10.771+0000] {dag.py:3441} INFO - Setting next_dagrun for example_xcom_args_with_operators to None, run_after=None
[2023-03-09T15:41:10.794+0000] {processor.py:175} INFO - Processing /home/airflow/.local/lib/python3.7/site-packages/airflow/example_dags/example_xcomargs.py took 0.141 seconds
[2023-03-09T15:41:41.714+0000] {processor.py:153} INFO - Started process (PID=522) to work on /home/airflow/.local/lib/python3.7/site-packages/airflow/example_dags/example_xcomargs.py
[2023-03-09T15:41:41.714+0000] {processor.py:743} INFO - Processing file /home/airflow/.local/lib/python3.7/site-packages/airflow/example_dags/example_xcomargs.py for tasks to queue
[2023-03-09T15:41:41.715+0000] {logging_mixin.py:137} INFO - [2023-03-09T15:41:41.715+0000] {dagbag.py:538} INFO - Filling up the DagBag from /home/airflow/.local/lib/python3.7/site-packages/airflow/example_dags/example_xcomargs.py
[2023-03-09T15:41:41.747+0000] {processor.py:753} INFO - DAG(s) dict_keys(['example_xcom_args', 'example_xcom_args_with_operators']) retrieved from /home/airflow/.local/lib/python3.7/site-packages/airflow/example_dags/example_xcomargs.py
[2023-03-09T15:41:41.785+0000] {logging_mixin.py:137} INFO - [2023-03-09T15:41:41.785+0000] {dag.py:2690} INFO - Sync 2 DAGs
[2023-03-09T15:41:41.823+0000] {logging_mixin.py:137} INFO - [2023-03-09T15:41:41.823+0000] {dag.py:3441} INFO - Setting next_dagrun for example_xcom_args to None, run_after=None
[2023-03-09T15:41:41.828+0000] {logging_mixin.py:137} INFO - [2023-03-09T15:41:41.828+0000] {dag.py:3441} INFO - Setting next_dagrun for example_xcom_args_with_operators to None, run_after=None
[2023-03-09T15:41:41.854+0000] {processor.py:175} INFO - Processing /home/airflow/.local/lib/python3.7/site-packages/airflow/example_dags/example_xcomargs.py took 0.144 seconds
[2023-03-09T15:42:12.529+0000] {processor.py:153} INFO - Started process (PID=587) to work on /home/airflow/.local/lib/python3.7/site-packages/airflow/example_dags/example_xcomargs.py
[2023-03-09T15:42:12.530+0000] {processor.py:743} INFO - Processing file /home/airflow/.local/lib/python3.7/site-packages/airflow/example_dags/example_xcomargs.py for tasks to queue
[2023-03-09T15:42:12.531+0000] {logging_mixin.py:137} INFO - [2023-03-09T15:42:12.531+0000] {dagbag.py:538} INFO - Filling up the DagBag from /home/airflow/.local/lib/python3.7/site-packages/airflow/example_dags/example_xcomargs.py
[2023-03-09T15:42:12.582+0000] {processor.py:753} INFO - DAG(s) dict_keys(['example_xcom_args_with_operators', 'example_xcom_args']) retrieved from /home/airflow/.local/lib/python3.7/site-packages/airflow/example_dags/example_xcomargs.py
[2023-03-09T15:42:12.618+0000] {logging_mixin.py:137} INFO - [2023-03-09T15:42:12.618+0000] {dag.py:2690} INFO - Sync 2 DAGs
[2023-03-09T15:42:12.658+0000] {logging_mixin.py:137} INFO - [2023-03-09T15:42:12.658+0000] {dag.py:3441} INFO - Setting next_dagrun for example_xcom_args to None, run_after=None
[2023-03-09T15:42:12.663+0000] {logging_mixin.py:137} INFO - [2023-03-09T15:42:12.663+0000] {dag.py:3441} INFO - Setting next_dagrun for example_xcom_args_with_operators to None, run_after=None
[2023-03-09T15:42:12.687+0000] {processor.py:175} INFO - Processing /home/airflow/.local/lib/python3.7/site-packages/airflow/example_dags/example_xcomargs.py took 0.162 seconds
[2023-03-09T15:42:43.218+0000] {processor.py:153} INFO - Started process (PID=650) to work on /home/airflow/.local/lib/python3.7/site-packages/airflow/example_dags/example_xcomargs.py
[2023-03-09T15:42:43.219+0000] {processor.py:743} INFO - Processing file /home/airflow/.local/lib/python3.7/site-packages/airflow/example_dags/example_xcomargs.py for tasks to queue
[2023-03-09T15:42:43.220+0000] {logging_mixin.py:137} INFO - [2023-03-09T15:42:43.219+0000] {dagbag.py:538} INFO - Filling up the DagBag from /home/airflow/.local/lib/python3.7/site-packages/airflow/example_dags/example_xcomargs.py
[2023-03-09T15:42:43.288+0000] {processor.py:753} INFO - DAG(s) dict_keys(['example_xcom_args_with_operators', 'example_xcom_args']) retrieved from /home/airflow/.local/lib/python3.7/site-packages/airflow/example_dags/example_xcomargs.py
[2023-03-09T15:42:43.350+0000] {logging_mixin.py:137} INFO - [2023-03-09T15:42:43.350+0000] {dag.py:2690} INFO - Sync 2 DAGs
[2023-03-09T15:42:43.409+0000] {logging_mixin.py:137} INFO - [2023-03-09T15:42:43.409+0000] {dag.py:3441} INFO - Setting next_dagrun for example_xcom_args to None, run_after=None
[2023-03-09T15:42:43.417+0000] {logging_mixin.py:137} INFO - [2023-03-09T15:42:43.417+0000] {dag.py:3441} INFO - Setting next_dagrun for example_xcom_args_with_operators to None, run_after=None
[2023-03-09T15:42:43.447+0000] {processor.py:175} INFO - Processing /home/airflow/.local/lib/python3.7/site-packages/airflow/example_dags/example_xcomargs.py took 0.235 seconds
[2023-03-09T15:43:14.060+0000] {processor.py:153} INFO - Started process (PID=725) to work on /home/airflow/.local/lib/python3.7/site-packages/airflow/example_dags/example_xcomargs.py
[2023-03-09T15:43:14.061+0000] {processor.py:743} INFO - Processing file /home/airflow/.local/lib/python3.7/site-packages/airflow/example_dags/example_xcomargs.py for tasks to queue
[2023-03-09T15:43:14.062+0000] {logging_mixin.py:137} INFO - [2023-03-09T15:43:14.062+0000] {dagbag.py:538} INFO - Filling up the DagBag from /home/airflow/.local/lib/python3.7/site-packages/airflow/example_dags/example_xcomargs.py
[2023-03-09T15:43:14.121+0000] {processor.py:753} INFO - DAG(s) dict_keys(['example_xcom_args_with_operators', 'example_xcom_args']) retrieved from /home/airflow/.local/lib/python3.7/site-packages/airflow/example_dags/example_xcomargs.py
[2023-03-09T15:43:14.172+0000] {logging_mixin.py:137} INFO - [2023-03-09T15:43:14.172+0000] {dag.py:2690} INFO - Sync 2 DAGs
[2023-03-09T15:43:14.234+0000] {logging_mixin.py:137} INFO - [2023-03-09T15:43:14.234+0000] {dag.py:3441} INFO - Setting next_dagrun for example_xcom_args to None, run_after=None
[2023-03-09T15:43:14.259+0000] {logging_mixin.py:137} INFO - [2023-03-09T15:43:14.259+0000] {dag.py:3441} INFO - Setting next_dagrun for example_xcom_args_with_operators to None, run_after=None
[2023-03-09T15:43:14.324+0000] {processor.py:175} INFO - Processing /home/airflow/.local/lib/python3.7/site-packages/airflow/example_dags/example_xcomargs.py took 0.269 seconds
[2023-03-09T15:43:44.501+0000] {processor.py:153} INFO - Started process (PID=788) to work on /home/airflow/.local/lib/python3.7/site-packages/airflow/example_dags/example_xcomargs.py
[2023-03-09T15:43:44.502+0000] {processor.py:743} INFO - Processing file /home/airflow/.local/lib/python3.7/site-packages/airflow/example_dags/example_xcomargs.py for tasks to queue
[2023-03-09T15:43:44.503+0000] {logging_mixin.py:137} INFO - [2023-03-09T15:43:44.503+0000] {dagbag.py:538} INFO - Filling up the DagBag from /home/airflow/.local/lib/python3.7/site-packages/airflow/example_dags/example_xcomargs.py
[2023-03-09T15:43:44.549+0000] {processor.py:753} INFO - DAG(s) dict_keys(['example_xcom_args_with_operators', 'example_xcom_args']) retrieved from /home/airflow/.local/lib/python3.7/site-packages/airflow/example_dags/example_xcomargs.py
[2023-03-09T15:43:44.623+0000] {logging_mixin.py:137} INFO - [2023-03-09T15:43:44.623+0000] {dag.py:2690} INFO - Sync 2 DAGs
[2023-03-09T15:43:44.693+0000] {logging_mixin.py:137} INFO - [2023-03-09T15:43:44.693+0000] {dag.py:3441} INFO - Setting next_dagrun for example_xcom_args to None, run_after=None
[2023-03-09T15:43:44.699+0000] {logging_mixin.py:137} INFO - [2023-03-09T15:43:44.699+0000] {dag.py:3441} INFO - Setting next_dagrun for example_xcom_args_with_operators to None, run_after=None
[2023-03-09T15:43:44.760+0000] {processor.py:175} INFO - Processing /home/airflow/.local/lib/python3.7/site-packages/airflow/example_dags/example_xcomargs.py took 0.264 seconds
[2023-03-09T15:44:14.882+0000] {processor.py:153} INFO - Started process (PID=850) to work on /home/airflow/.local/lib/python3.7/site-packages/airflow/example_dags/example_xcomargs.py
[2023-03-09T15:44:14.883+0000] {processor.py:743} INFO - Processing file /home/airflow/.local/lib/python3.7/site-packages/airflow/example_dags/example_xcomargs.py for tasks to queue
[2023-03-09T15:44:14.884+0000] {logging_mixin.py:137} INFO - [2023-03-09T15:44:14.884+0000] {dagbag.py:538} INFO - Filling up the DagBag from /home/airflow/.local/lib/python3.7/site-packages/airflow/example_dags/example_xcomargs.py
[2023-03-09T15:44:14.912+0000] {processor.py:753} INFO - DAG(s) dict_keys(['example_xcom_args_with_operators', 'example_xcom_args']) retrieved from /home/airflow/.local/lib/python3.7/site-packages/airflow/example_dags/example_xcomargs.py
[2023-03-09T15:44:14.944+0000] {logging_mixin.py:137} INFO - [2023-03-09T15:44:14.944+0000] {dag.py:2690} INFO - Sync 2 DAGs
[2023-03-09T15:44:14.978+0000] {logging_mixin.py:137} INFO - [2023-03-09T15:44:14.978+0000] {dag.py:3441} INFO - Setting next_dagrun for example_xcom_args to None, run_after=None
[2023-03-09T15:44:14.982+0000] {logging_mixin.py:137} INFO - [2023-03-09T15:44:14.982+0000] {dag.py:3441} INFO - Setting next_dagrun for example_xcom_args_with_operators to None, run_after=None
[2023-03-09T15:44:15.002+0000] {processor.py:175} INFO - Processing /home/airflow/.local/lib/python3.7/site-packages/airflow/example_dags/example_xcomargs.py took 0.124 seconds
[2023-03-09T15:44:45.394+0000] {processor.py:153} INFO - Started process (PID=913) to work on /home/airflow/.local/lib/python3.7/site-packages/airflow/example_dags/example_xcomargs.py
[2023-03-09T15:44:45.395+0000] {processor.py:743} INFO - Processing file /home/airflow/.local/lib/python3.7/site-packages/airflow/example_dags/example_xcomargs.py for tasks to queue
[2023-03-09T15:44:45.396+0000] {logging_mixin.py:137} INFO - [2023-03-09T15:44:45.396+0000] {dagbag.py:538} INFO - Filling up the DagBag from /home/airflow/.local/lib/python3.7/site-packages/airflow/example_dags/example_xcomargs.py
[2023-03-09T15:44:45.438+0000] {processor.py:753} INFO - DAG(s) dict_keys(['example_xcom_args', 'example_xcom_args_with_operators']) retrieved from /home/airflow/.local/lib/python3.7/site-packages/airflow/example_dags/example_xcomargs.py
[2023-03-09T15:44:45.486+0000] {logging_mixin.py:137} INFO - [2023-03-09T15:44:45.486+0000] {dag.py:2690} INFO - Sync 2 DAGs
[2023-03-09T15:44:45.528+0000] {logging_mixin.py:137} INFO - [2023-03-09T15:44:45.527+0000] {dag.py:3441} INFO - Setting next_dagrun for example_xcom_args to None, run_after=None
[2023-03-09T15:44:45.533+0000] {logging_mixin.py:137} INFO - [2023-03-09T15:44:45.532+0000] {dag.py:3441} INFO - Setting next_dagrun for example_xcom_args_with_operators to None, run_after=None
[2023-03-09T15:44:45.558+0000] {processor.py:175} INFO - Processing /home/airflow/.local/lib/python3.7/site-packages/airflow/example_dags/example_xcomargs.py took 0.168 seconds
[2023-03-09T15:45:16.086+0000] {processor.py:153} INFO - Started process (PID=975) to work on /home/airflow/.local/lib/python3.7/site-packages/airflow/example_dags/example_xcomargs.py
[2023-03-09T15:45:16.087+0000] {processor.py:743} INFO - Processing file /home/airflow/.local/lib/python3.7/site-packages/airflow/example_dags/example_xcomargs.py for tasks to queue
[2023-03-09T15:45:16.087+0000] {logging_mixin.py:137} INFO - [2023-03-09T15:45:16.087+0000] {dagbag.py:538} INFO - Filling up the DagBag from /home/airflow/.local/lib/python3.7/site-packages/airflow/example_dags/example_xcomargs.py
[2023-03-09T15:45:16.122+0000] {processor.py:753} INFO - DAG(s) dict_keys(['example_xcom_args_with_operators', 'example_xcom_args']) retrieved from /home/airflow/.local/lib/python3.7/site-packages/airflow/example_dags/example_xcomargs.py
[2023-03-09T15:45:16.160+0000] {logging_mixin.py:137} INFO - [2023-03-09T15:45:16.160+0000] {dag.py:2690} INFO - Sync 2 DAGs
[2023-03-09T15:45:16.196+0000] {logging_mixin.py:137} INFO - [2023-03-09T15:45:16.196+0000] {dag.py:3441} INFO - Setting next_dagrun for example_xcom_args to None, run_after=None
[2023-03-09T15:45:16.201+0000] {logging_mixin.py:137} INFO - [2023-03-09T15:45:16.201+0000] {dag.py:3441} INFO - Setting next_dagrun for example_xcom_args_with_operators to None, run_after=None
[2023-03-09T15:45:16.226+0000] {processor.py:175} INFO - Processing /home/airflow/.local/lib/python3.7/site-packages/airflow/example_dags/example_xcomargs.py took 0.143 seconds
[2023-03-09T15:45:46.587+0000] {processor.py:153} INFO - Started process (PID=1042) to work on /home/airflow/.local/lib/python3.7/site-packages/airflow/example_dags/example_xcomargs.py
[2023-03-09T15:45:46.588+0000] {processor.py:743} INFO - Processing file /home/airflow/.local/lib/python3.7/site-packages/airflow/example_dags/example_xcomargs.py for tasks to queue
[2023-03-09T15:45:46.589+0000] {logging_mixin.py:137} INFO - [2023-03-09T15:45:46.589+0000] {dagbag.py:538} INFO - Filling up the DagBag from /home/airflow/.local/lib/python3.7/site-packages/airflow/example_dags/example_xcomargs.py
[2023-03-09T15:45:46.629+0000] {processor.py:753} INFO - DAG(s) dict_keys(['example_xcom_args', 'example_xcom_args_with_operators']) retrieved from /home/airflow/.local/lib/python3.7/site-packages/airflow/example_dags/example_xcomargs.py
[2023-03-09T15:45:46.679+0000] {logging_mixin.py:137} INFO - [2023-03-09T15:45:46.679+0000] {dag.py:2690} INFO - Sync 2 DAGs
[2023-03-09T15:45:46.733+0000] {logging_mixin.py:137} INFO - [2023-03-09T15:45:46.733+0000] {dag.py:3441} INFO - Setting next_dagrun for example_xcom_args to None, run_after=None
[2023-03-09T15:45:46.742+0000] {logging_mixin.py:137} INFO - [2023-03-09T15:45:46.742+0000] {dag.py:3441} INFO - Setting next_dagrun for example_xcom_args_with_operators to None, run_after=None
[2023-03-09T15:45:46.770+0000] {processor.py:175} INFO - Processing /home/airflow/.local/lib/python3.7/site-packages/airflow/example_dags/example_xcomargs.py took 0.188 seconds
[2023-03-09T15:46:17.449+0000] {processor.py:153} INFO - Started process (PID=1114) to work on /home/airflow/.local/lib/python3.7/site-packages/airflow/example_dags/example_xcomargs.py
[2023-03-09T15:46:17.451+0000] {processor.py:743} INFO - Processing file /home/airflow/.local/lib/python3.7/site-packages/airflow/example_dags/example_xcomargs.py for tasks to queue
[2023-03-09T15:46:17.452+0000] {logging_mixin.py:137} INFO - [2023-03-09T15:46:17.452+0000] {dagbag.py:538} INFO - Filling up the DagBag from /home/airflow/.local/lib/python3.7/site-packages/airflow/example_dags/example_xcomargs.py
[2023-03-09T15:46:17.499+0000] {processor.py:753} INFO - DAG(s) dict_keys(['example_xcom_args', 'example_xcom_args_with_operators']) retrieved from /home/airflow/.local/lib/python3.7/site-packages/airflow/example_dags/example_xcomargs.py
[2023-03-09T15:46:17.596+0000] {logging_mixin.py:137} INFO - [2023-03-09T15:46:17.596+0000] {dag.py:2690} INFO - Sync 2 DAGs
[2023-03-09T15:46:17.668+0000] {logging_mixin.py:137} INFO - [2023-03-09T15:46:17.667+0000] {dag.py:3441} INFO - Setting next_dagrun for example_xcom_args to None, run_after=None
[2023-03-09T15:46:17.675+0000] {logging_mixin.py:137} INFO - [2023-03-09T15:46:17.675+0000] {dag.py:3441} INFO - Setting next_dagrun for example_xcom_args_with_operators to None, run_after=None
[2023-03-09T15:46:17.719+0000] {processor.py:175} INFO - Processing /home/airflow/.local/lib/python3.7/site-packages/airflow/example_dags/example_xcomargs.py took 0.274 seconds
[2023-03-09T15:46:48.066+0000] {processor.py:153} INFO - Started process (PID=1180) to work on /home/airflow/.local/lib/python3.7/site-packages/airflow/example_dags/example_xcomargs.py
[2023-03-09T15:46:48.068+0000] {processor.py:743} INFO - Processing file /home/airflow/.local/lib/python3.7/site-packages/airflow/example_dags/example_xcomargs.py for tasks to queue
[2023-03-09T15:46:48.069+0000] {logging_mixin.py:137} INFO - [2023-03-09T15:46:48.068+0000] {dagbag.py:538} INFO - Filling up the DagBag from /home/airflow/.local/lib/python3.7/site-packages/airflow/example_dags/example_xcomargs.py
[2023-03-09T15:46:48.112+0000] {processor.py:753} INFO - DAG(s) dict_keys(['example_xcom_args', 'example_xcom_args_with_operators']) retrieved from /home/airflow/.local/lib/python3.7/site-packages/airflow/example_dags/example_xcomargs.py
[2023-03-09T15:46:48.164+0000] {logging_mixin.py:137} INFO - [2023-03-09T15:46:48.163+0000] {dag.py:2690} INFO - Sync 2 DAGs
[2023-03-09T15:46:48.221+0000] {logging_mixin.py:137} INFO - [2023-03-09T15:46:48.221+0000] {dag.py:3441} INFO - Setting next_dagrun for example_xcom_args to None, run_after=None
[2023-03-09T15:46:48.229+0000] {logging_mixin.py:137} INFO - [2023-03-09T15:46:48.229+0000] {dag.py:3441} INFO - Setting next_dagrun for example_xcom_args_with_operators to None, run_after=None
[2023-03-09T15:46:48.260+0000] {processor.py:175} INFO - Processing /home/airflow/.local/lib/python3.7/site-packages/airflow/example_dags/example_xcomargs.py took 0.198 seconds
[2023-03-09T15:47:18.528+0000] {processor.py:153} INFO - Started process (PID=1243) to work on /home/airflow/.local/lib/python3.7/site-packages/airflow/example_dags/example_xcomargs.py
[2023-03-09T15:47:18.544+0000] {processor.py:743} INFO - Processing file /home/airflow/.local/lib/python3.7/site-packages/airflow/example_dags/example_xcomargs.py for tasks to queue
[2023-03-09T15:47:18.545+0000] {logging_mixin.py:137} INFO - [2023-03-09T15:47:18.545+0000] {dagbag.py:538} INFO - Filling up the DagBag from /home/airflow/.local/lib/python3.7/site-packages/airflow/example_dags/example_xcomargs.py
[2023-03-09T15:47:18.607+0000] {processor.py:753} INFO - DAG(s) dict_keys(['example_xcom_args_with_operators', 'example_xcom_args']) retrieved from /home/airflow/.local/lib/python3.7/site-packages/airflow/example_dags/example_xcomargs.py
[2023-03-09T15:47:18.698+0000] {logging_mixin.py:137} INFO - [2023-03-09T15:47:18.698+0000] {dag.py:2690} INFO - Sync 2 DAGs
[2023-03-09T15:47:18.774+0000] {logging_mixin.py:137} INFO - [2023-03-09T15:47:18.773+0000] {dag.py:3441} INFO - Setting next_dagrun for example_xcom_args to None, run_after=None
[2023-03-09T15:47:18.782+0000] {logging_mixin.py:137} INFO - [2023-03-09T15:47:18.781+0000] {dag.py:3441} INFO - Setting next_dagrun for example_xcom_args_with_operators to None, run_after=None
[2023-03-09T15:47:18.817+0000] {processor.py:175} INFO - Processing /home/airflow/.local/lib/python3.7/site-packages/airflow/example_dags/example_xcomargs.py took 0.294 seconds
[2023-03-09T15:47:49.342+0000] {processor.py:153} INFO - Started process (PID=1305) to work on /home/airflow/.local/lib/python3.7/site-packages/airflow/example_dags/example_xcomargs.py
[2023-03-09T15:47:49.348+0000] {processor.py:743} INFO - Processing file /home/airflow/.local/lib/python3.7/site-packages/airflow/example_dags/example_xcomargs.py for tasks to queue
[2023-03-09T15:47:49.349+0000] {logging_mixin.py:137} INFO - [2023-03-09T15:47:49.349+0000] {dagbag.py:538} INFO - Filling up the DagBag from /home/airflow/.local/lib/python3.7/site-packages/airflow/example_dags/example_xcomargs.py
[2023-03-09T15:47:49.396+0000] {processor.py:753} INFO - DAG(s) dict_keys(['example_xcom_args_with_operators', 'example_xcom_args']) retrieved from /home/airflow/.local/lib/python3.7/site-packages/airflow/example_dags/example_xcomargs.py
[2023-03-09T15:47:49.447+0000] {logging_mixin.py:137} INFO - [2023-03-09T15:47:49.447+0000] {dag.py:2690} INFO - Sync 2 DAGs
[2023-03-09T15:47:49.500+0000] {logging_mixin.py:137} INFO - [2023-03-09T15:47:49.500+0000] {dag.py:3441} INFO - Setting next_dagrun for example_xcom_args to None, run_after=None
[2023-03-09T15:47:49.507+0000] {logging_mixin.py:137} INFO - [2023-03-09T15:47:49.506+0000] {dag.py:3441} INFO - Setting next_dagrun for example_xcom_args_with_operators to None, run_after=None
[2023-03-09T15:47:49.547+0000] {processor.py:175} INFO - Processing /home/airflow/.local/lib/python3.7/site-packages/airflow/example_dags/example_xcomargs.py took 0.209 seconds
[2023-03-09T15:48:19.600+0000] {processor.py:153} INFO - Started process (PID=1369) to work on /home/airflow/.local/lib/python3.7/site-packages/airflow/example_dags/example_xcomargs.py
[2023-03-09T15:48:19.600+0000] {processor.py:743} INFO - Processing file /home/airflow/.local/lib/python3.7/site-packages/airflow/example_dags/example_xcomargs.py for tasks to queue
[2023-03-09T15:48:19.601+0000] {logging_mixin.py:137} INFO - [2023-03-09T15:48:19.601+0000] {dagbag.py:538} INFO - Filling up the DagBag from /home/airflow/.local/lib/python3.7/site-packages/airflow/example_dags/example_xcomargs.py
[2023-03-09T15:48:19.629+0000] {processor.py:753} INFO - DAG(s) dict_keys(['example_xcom_args_with_operators', 'example_xcom_args']) retrieved from /home/airflow/.local/lib/python3.7/site-packages/airflow/example_dags/example_xcomargs.py
[2023-03-09T15:48:19.664+0000] {logging_mixin.py:137} INFO - [2023-03-09T15:48:19.664+0000] {dag.py:2690} INFO - Sync 2 DAGs
[2023-03-09T15:48:19.700+0000] {logging_mixin.py:137} INFO - [2023-03-09T15:48:19.700+0000] {dag.py:3441} INFO - Setting next_dagrun for example_xcom_args to None, run_after=None
[2023-03-09T15:48:19.704+0000] {logging_mixin.py:137} INFO - [2023-03-09T15:48:19.704+0000] {dag.py:3441} INFO - Setting next_dagrun for example_xcom_args_with_operators to None, run_after=None
[2023-03-09T15:48:19.725+0000] {processor.py:175} INFO - Processing /home/airflow/.local/lib/python3.7/site-packages/airflow/example_dags/example_xcomargs.py took 0.128 seconds
[2023-03-09T15:48:50.442+0000] {processor.py:153} INFO - Started process (PID=1430) to work on /home/airflow/.local/lib/python3.7/site-packages/airflow/example_dags/example_xcomargs.py
[2023-03-09T15:48:50.443+0000] {processor.py:743} INFO - Processing file /home/airflow/.local/lib/python3.7/site-packages/airflow/example_dags/example_xcomargs.py for tasks to queue
[2023-03-09T15:48:50.444+0000] {logging_mixin.py:137} INFO - [2023-03-09T15:48:50.443+0000] {dagbag.py:538} INFO - Filling up the DagBag from /home/airflow/.local/lib/python3.7/site-packages/airflow/example_dags/example_xcomargs.py
[2023-03-09T15:48:50.478+0000] {processor.py:753} INFO - DAG(s) dict_keys(['example_xcom_args_with_operators', 'example_xcom_args']) retrieved from /home/airflow/.local/lib/python3.7/site-packages/airflow/example_dags/example_xcomargs.py
[2023-03-09T15:48:50.525+0000] {logging_mixin.py:137} INFO - [2023-03-09T15:48:50.524+0000] {dag.py:2690} INFO - Sync 2 DAGs
[2023-03-09T15:48:50.577+0000] {logging_mixin.py:137} INFO - [2023-03-09T15:48:50.577+0000] {dag.py:3441} INFO - Setting next_dagrun for example_xcom_args to None, run_after=None
[2023-03-09T15:48:50.583+0000] {logging_mixin.py:137} INFO - [2023-03-09T15:48:50.583+0000] {dag.py:3441} INFO - Setting next_dagrun for example_xcom_args_with_operators to None, run_after=None
[2023-03-09T15:48:50.616+0000] {processor.py:175} INFO - Processing /home/airflow/.local/lib/python3.7/site-packages/airflow/example_dags/example_xcomargs.py took 0.178 seconds
[2023-03-09T15:49:21.622+0000] {processor.py:153} INFO - Started process (PID=1504) to work on /home/airflow/.local/lib/python3.7/site-packages/airflow/example_dags/example_xcomargs.py
[2023-03-09T15:49:21.626+0000] {processor.py:743} INFO - Processing file /home/airflow/.local/lib/python3.7/site-packages/airflow/example_dags/example_xcomargs.py for tasks to queue
[2023-03-09T15:49:21.627+0000] {logging_mixin.py:137} INFO - [2023-03-09T15:49:21.627+0000] {dagbag.py:538} INFO - Filling up the DagBag from /home/airflow/.local/lib/python3.7/site-packages/airflow/example_dags/example_xcomargs.py
[2023-03-09T15:49:21.670+0000] {processor.py:753} INFO - DAG(s) dict_keys(['example_xcom_args_with_operators', 'example_xcom_args']) retrieved from /home/airflow/.local/lib/python3.7/site-packages/airflow/example_dags/example_xcomargs.py
[2023-03-09T15:49:21.721+0000] {logging_mixin.py:137} INFO - [2023-03-09T15:49:21.720+0000] {dag.py:2690} INFO - Sync 2 DAGs
[2023-03-09T15:49:21.773+0000] {logging_mixin.py:137} INFO - [2023-03-09T15:49:21.772+0000] {dag.py:3441} INFO - Setting next_dagrun for example_xcom_args to None, run_after=None
[2023-03-09T15:49:21.779+0000] {logging_mixin.py:137} INFO - [2023-03-09T15:49:21.779+0000] {dag.py:3441} INFO - Setting next_dagrun for example_xcom_args_with_operators to None, run_after=None
[2023-03-09T15:49:21.812+0000] {processor.py:175} INFO - Processing /home/airflow/.local/lib/python3.7/site-packages/airflow/example_dags/example_xcomargs.py took 0.195 seconds
