[2023-03-09T15:38:04.159+0000] {processor.py:153} INFO - Started process (PID=49) to work on /home/airflow/.local/lib/python3.7/site-packages/airflow/example_dags/example_branch_day_of_week_operator.py
[2023-03-09T15:38:04.160+0000] {processor.py:743} INFO - Processing file /home/airflow/.local/lib/python3.7/site-packages/airflow/example_dags/example_branch_day_of_week_operator.py for tasks to queue
[2023-03-09T15:38:04.161+0000] {logging_mixin.py:137} INFO - [2023-03-09T15:38:04.161+0000] {dagbag.py:538} INFO - Filling up the DagBag from /home/airflow/.local/lib/python3.7/site-packages/airflow/example_dags/example_branch_day_of_week_operator.py
[2023-03-09T15:38:04.197+0000] {processor.py:753} INFO - DAG(s) dict_keys(['example_weekday_branch_operator']) retrieved from /home/airflow/.local/lib/python3.7/site-packages/airflow/example_dags/example_branch_day_of_week_operator.py
[2023-03-09T15:38:04.245+0000] {logging_mixin.py:137} INFO - [2023-03-09T15:38:04.245+0000] {dag.py:2690} INFO - Sync 1 DAGs
[2023-03-09T15:38:04.304+0000] {logging_mixin.py:137} INFO - [2023-03-09T15:38:04.304+0000] {dag.py:3441} INFO - Setting next_dagrun for example_weekday_branch_operator to 2023-03-08T00:00:00+00:00, run_after=2023-03-09T00:00:00+00:00
[2023-03-09T15:38:04.355+0000] {processor.py:175} INFO - Processing /home/airflow/.local/lib/python3.7/site-packages/airflow/example_dags/example_branch_day_of_week_operator.py took 0.200 seconds
[2023-03-09T15:38:35.015+0000] {processor.py:153} INFO - Started process (PID=111) to work on /home/airflow/.local/lib/python3.7/site-packages/airflow/example_dags/example_branch_day_of_week_operator.py
[2023-03-09T15:38:35.016+0000] {processor.py:743} INFO - Processing file /home/airflow/.local/lib/python3.7/site-packages/airflow/example_dags/example_branch_day_of_week_operator.py for tasks to queue
[2023-03-09T15:38:35.016+0000] {logging_mixin.py:137} INFO - [2023-03-09T15:38:35.016+0000] {dagbag.py:538} INFO - Filling up the DagBag from /home/airflow/.local/lib/python3.7/site-packages/airflow/example_dags/example_branch_day_of_week_operator.py
[2023-03-09T15:38:35.036+0000] {processor.py:753} INFO - DAG(s) dict_keys(['example_weekday_branch_operator']) retrieved from /home/airflow/.local/lib/python3.7/site-packages/airflow/example_dags/example_branch_day_of_week_operator.py
[2023-03-09T15:38:35.065+0000] {logging_mixin.py:137} INFO - [2023-03-09T15:38:35.065+0000] {dag.py:2690} INFO - Sync 1 DAGs
[2023-03-09T15:38:35.104+0000] {logging_mixin.py:137} INFO - [2023-03-09T15:38:35.104+0000] {dag.py:3441} INFO - Setting next_dagrun for example_weekday_branch_operator to 2023-03-08T00:00:00+00:00, run_after=2023-03-09T00:00:00+00:00
[2023-03-09T15:38:35.131+0000] {processor.py:175} INFO - Processing /home/airflow/.local/lib/python3.7/site-packages/airflow/example_dags/example_branch_day_of_week_operator.py took 0.120 seconds
[2023-03-09T15:39:06.389+0000] {processor.py:153} INFO - Started process (PID=180) to work on /home/airflow/.local/lib/python3.7/site-packages/airflow/example_dags/example_branch_day_of_week_operator.py
[2023-03-09T15:39:06.390+0000] {processor.py:743} INFO - Processing file /home/airflow/.local/lib/python3.7/site-packages/airflow/example_dags/example_branch_day_of_week_operator.py for tasks to queue
[2023-03-09T15:39:06.391+0000] {logging_mixin.py:137} INFO - [2023-03-09T15:39:06.390+0000] {dagbag.py:538} INFO - Filling up the DagBag from /home/airflow/.local/lib/python3.7/site-packages/airflow/example_dags/example_branch_day_of_week_operator.py
[2023-03-09T15:39:06.417+0000] {processor.py:753} INFO - DAG(s) dict_keys(['example_weekday_branch_operator']) retrieved from /home/airflow/.local/lib/python3.7/site-packages/airflow/example_dags/example_branch_day_of_week_operator.py
[2023-03-09T15:39:06.493+0000] {logging_mixin.py:137} INFO - [2023-03-09T15:39:06.491+0000] {dag.py:2690} INFO - Sync 1 DAGs
[2023-03-09T15:39:06.617+0000] {logging_mixin.py:137} INFO - [2023-03-09T15:39:06.616+0000] {dag.py:3441} INFO - Setting next_dagrun for example_weekday_branch_operator to 2023-03-08T00:00:00+00:00, run_after=2023-03-09T00:00:00+00:00
[2023-03-09T15:39:06.662+0000] {processor.py:175} INFO - Processing /home/airflow/.local/lib/python3.7/site-packages/airflow/example_dags/example_branch_day_of_week_operator.py took 0.278 seconds
[2023-03-09T15:39:36.696+0000] {processor.py:153} INFO - Started process (PID=248) to work on /home/airflow/.local/lib/python3.7/site-packages/airflow/example_dags/example_branch_day_of_week_operator.py
[2023-03-09T15:39:36.697+0000] {processor.py:743} INFO - Processing file /home/airflow/.local/lib/python3.7/site-packages/airflow/example_dags/example_branch_day_of_week_operator.py for tasks to queue
[2023-03-09T15:39:36.697+0000] {logging_mixin.py:137} INFO - [2023-03-09T15:39:36.697+0000] {dagbag.py:538} INFO - Filling up the DagBag from /home/airflow/.local/lib/python3.7/site-packages/airflow/example_dags/example_branch_day_of_week_operator.py
[2023-03-09T15:39:36.733+0000] {processor.py:753} INFO - DAG(s) dict_keys(['example_weekday_branch_operator']) retrieved from /home/airflow/.local/lib/python3.7/site-packages/airflow/example_dags/example_branch_day_of_week_operator.py
[2023-03-09T15:39:36.836+0000] {logging_mixin.py:137} INFO - [2023-03-09T15:39:36.836+0000] {dag.py:2690} INFO - Sync 1 DAGs
[2023-03-09T15:39:36.898+0000] {logging_mixin.py:137} INFO - [2023-03-09T15:39:36.898+0000] {dag.py:3441} INFO - Setting next_dagrun for example_weekday_branch_operator to 2023-03-08T00:00:00+00:00, run_after=2023-03-09T00:00:00+00:00
[2023-03-09T15:39:36.938+0000] {processor.py:175} INFO - Processing /home/airflow/.local/lib/python3.7/site-packages/airflow/example_dags/example_branch_day_of_week_operator.py took 0.245 seconds
[2023-03-09T15:40:07.023+0000] {processor.py:153} INFO - Started process (PID=311) to work on /home/airflow/.local/lib/python3.7/site-packages/airflow/example_dags/example_branch_day_of_week_operator.py
[2023-03-09T15:40:07.024+0000] {processor.py:743} INFO - Processing file /home/airflow/.local/lib/python3.7/site-packages/airflow/example_dags/example_branch_day_of_week_operator.py for tasks to queue
[2023-03-09T15:40:07.025+0000] {logging_mixin.py:137} INFO - [2023-03-09T15:40:07.025+0000] {dagbag.py:538} INFO - Filling up the DagBag from /home/airflow/.local/lib/python3.7/site-packages/airflow/example_dags/example_branch_day_of_week_operator.py
[2023-03-09T15:40:07.044+0000] {processor.py:753} INFO - DAG(s) dict_keys(['example_weekday_branch_operator']) retrieved from /home/airflow/.local/lib/python3.7/site-packages/airflow/example_dags/example_branch_day_of_week_operator.py
[2023-03-09T15:40:07.079+0000] {logging_mixin.py:137} INFO - [2023-03-09T15:40:07.079+0000] {dag.py:2690} INFO - Sync 1 DAGs
[2023-03-09T15:40:07.117+0000] {logging_mixin.py:137} INFO - [2023-03-09T15:40:07.117+0000] {dag.py:3441} INFO - Setting next_dagrun for example_weekday_branch_operator to 2023-03-08T00:00:00+00:00, run_after=2023-03-09T00:00:00+00:00
[2023-03-09T15:40:07.140+0000] {processor.py:175} INFO - Processing /home/airflow/.local/lib/python3.7/site-packages/airflow/example_dags/example_branch_day_of_week_operator.py took 0.120 seconds
[2023-03-09T15:40:37.999+0000] {processor.py:153} INFO - Started process (PID=374) to work on /home/airflow/.local/lib/python3.7/site-packages/airflow/example_dags/example_branch_day_of_week_operator.py
[2023-03-09T15:40:38.004+0000] {processor.py:743} INFO - Processing file /home/airflow/.local/lib/python3.7/site-packages/airflow/example_dags/example_branch_day_of_week_operator.py for tasks to queue
[2023-03-09T15:40:38.005+0000] {logging_mixin.py:137} INFO - [2023-03-09T15:40:38.005+0000] {dagbag.py:538} INFO - Filling up the DagBag from /home/airflow/.local/lib/python3.7/site-packages/airflow/example_dags/example_branch_day_of_week_operator.py
[2023-03-09T15:40:38.076+0000] {processor.py:753} INFO - DAG(s) dict_keys(['example_weekday_branch_operator']) retrieved from /home/airflow/.local/lib/python3.7/site-packages/airflow/example_dags/example_branch_day_of_week_operator.py
[2023-03-09T15:40:38.137+0000] {logging_mixin.py:137} INFO - [2023-03-09T15:40:38.136+0000] {dag.py:2690} INFO - Sync 1 DAGs
[2023-03-09T15:40:38.191+0000] {logging_mixin.py:137} INFO - [2023-03-09T15:40:38.191+0000] {dag.py:3441} INFO - Setting next_dagrun for example_weekday_branch_operator to 2023-03-08T00:00:00+00:00, run_after=2023-03-09T00:00:00+00:00
[2023-03-09T15:40:38.234+0000] {processor.py:175} INFO - Processing /home/airflow/.local/lib/python3.7/site-packages/airflow/example_dags/example_branch_day_of_week_operator.py took 0.244 seconds
[2023-03-09T15:41:08.525+0000] {processor.py:153} INFO - Started process (PID=443) to work on /home/airflow/.local/lib/python3.7/site-packages/airflow/example_dags/example_branch_day_of_week_operator.py
[2023-03-09T15:41:08.526+0000] {processor.py:743} INFO - Processing file /home/airflow/.local/lib/python3.7/site-packages/airflow/example_dags/example_branch_day_of_week_operator.py for tasks to queue
[2023-03-09T15:41:08.527+0000] {logging_mixin.py:137} INFO - [2023-03-09T15:41:08.527+0000] {dagbag.py:538} INFO - Filling up the DagBag from /home/airflow/.local/lib/python3.7/site-packages/airflow/example_dags/example_branch_day_of_week_operator.py
[2023-03-09T15:41:08.553+0000] {processor.py:753} INFO - DAG(s) dict_keys(['example_weekday_branch_operator']) retrieved from /home/airflow/.local/lib/python3.7/site-packages/airflow/example_dags/example_branch_day_of_week_operator.py
[2023-03-09T15:41:08.595+0000] {logging_mixin.py:137} INFO - [2023-03-09T15:41:08.594+0000] {dag.py:2690} INFO - Sync 1 DAGs
[2023-03-09T15:41:08.649+0000] {logging_mixin.py:137} INFO - [2023-03-09T15:41:08.648+0000] {dag.py:3441} INFO - Setting next_dagrun for example_weekday_branch_operator to 2023-03-08T00:00:00+00:00, run_after=2023-03-09T00:00:00+00:00
[2023-03-09T15:41:08.684+0000] {processor.py:175} INFO - Processing /home/airflow/.local/lib/python3.7/site-packages/airflow/example_dags/example_branch_day_of_week_operator.py took 0.164 seconds
[2023-03-09T15:41:38.762+0000] {processor.py:153} INFO - Started process (PID=512) to work on /home/airflow/.local/lib/python3.7/site-packages/airflow/example_dags/example_branch_day_of_week_operator.py
[2023-03-09T15:41:38.764+0000] {processor.py:743} INFO - Processing file /home/airflow/.local/lib/python3.7/site-packages/airflow/example_dags/example_branch_day_of_week_operator.py for tasks to queue
[2023-03-09T15:41:38.765+0000] {logging_mixin.py:137} INFO - [2023-03-09T15:41:38.765+0000] {dagbag.py:538} INFO - Filling up the DagBag from /home/airflow/.local/lib/python3.7/site-packages/airflow/example_dags/example_branch_day_of_week_operator.py
[2023-03-09T15:41:38.791+0000] {processor.py:753} INFO - DAG(s) dict_keys(['example_weekday_branch_operator']) retrieved from /home/airflow/.local/lib/python3.7/site-packages/airflow/example_dags/example_branch_day_of_week_operator.py
[2023-03-09T15:41:38.828+0000] {logging_mixin.py:137} INFO - [2023-03-09T15:41:38.828+0000] {dag.py:2690} INFO - Sync 1 DAGs
[2023-03-09T15:41:38.883+0000] {logging_mixin.py:137} INFO - [2023-03-09T15:41:38.882+0000] {dag.py:3441} INFO - Setting next_dagrun for example_weekday_branch_operator to 2023-03-08T00:00:00+00:00, run_after=2023-03-09T00:00:00+00:00
[2023-03-09T15:41:38.918+0000] {processor.py:175} INFO - Processing /home/airflow/.local/lib/python3.7/site-packages/airflow/example_dags/example_branch_day_of_week_operator.py took 0.160 seconds
[2023-03-09T15:42:09.681+0000] {processor.py:153} INFO - Started process (PID=577) to work on /home/airflow/.local/lib/python3.7/site-packages/airflow/example_dags/example_branch_day_of_week_operator.py
[2023-03-09T15:42:09.682+0000] {processor.py:743} INFO - Processing file /home/airflow/.local/lib/python3.7/site-packages/airflow/example_dags/example_branch_day_of_week_operator.py for tasks to queue
[2023-03-09T15:42:09.683+0000] {logging_mixin.py:137} INFO - [2023-03-09T15:42:09.682+0000] {dagbag.py:538} INFO - Filling up the DagBag from /home/airflow/.local/lib/python3.7/site-packages/airflow/example_dags/example_branch_day_of_week_operator.py
[2023-03-09T15:42:09.702+0000] {processor.py:753} INFO - DAG(s) dict_keys(['example_weekday_branch_operator']) retrieved from /home/airflow/.local/lib/python3.7/site-packages/airflow/example_dags/example_branch_day_of_week_operator.py
[2023-03-09T15:42:09.736+0000] {logging_mixin.py:137} INFO - [2023-03-09T15:42:09.736+0000] {dag.py:2690} INFO - Sync 1 DAGs
[2023-03-09T15:42:09.784+0000] {logging_mixin.py:137} INFO - [2023-03-09T15:42:09.784+0000] {dag.py:3441} INFO - Setting next_dagrun for example_weekday_branch_operator to 2023-03-08T00:00:00+00:00, run_after=2023-03-09T00:00:00+00:00
[2023-03-09T15:42:09.817+0000] {processor.py:175} INFO - Processing /home/airflow/.local/lib/python3.7/site-packages/airflow/example_dags/example_branch_day_of_week_operator.py took 0.139 seconds
[2023-03-09T15:42:40.422+0000] {processor.py:153} INFO - Started process (PID=640) to work on /home/airflow/.local/lib/python3.7/site-packages/airflow/example_dags/example_branch_day_of_week_operator.py
[2023-03-09T15:42:40.423+0000] {processor.py:743} INFO - Processing file /home/airflow/.local/lib/python3.7/site-packages/airflow/example_dags/example_branch_day_of_week_operator.py for tasks to queue
[2023-03-09T15:42:40.424+0000] {logging_mixin.py:137} INFO - [2023-03-09T15:42:40.424+0000] {dagbag.py:538} INFO - Filling up the DagBag from /home/airflow/.local/lib/python3.7/site-packages/airflow/example_dags/example_branch_day_of_week_operator.py
[2023-03-09T15:42:40.444+0000] {processor.py:753} INFO - DAG(s) dict_keys(['example_weekday_branch_operator']) retrieved from /home/airflow/.local/lib/python3.7/site-packages/airflow/example_dags/example_branch_day_of_week_operator.py
[2023-03-09T15:42:40.475+0000] {logging_mixin.py:137} INFO - [2023-03-09T15:42:40.475+0000] {dag.py:2690} INFO - Sync 1 DAGs
[2023-03-09T15:42:40.518+0000] {logging_mixin.py:137} INFO - [2023-03-09T15:42:40.518+0000] {dag.py:3441} INFO - Setting next_dagrun for example_weekday_branch_operator to 2023-03-08T00:00:00+00:00, run_after=2023-03-09T00:00:00+00:00
[2023-03-09T15:42:40.545+0000] {processor.py:175} INFO - Processing /home/airflow/.local/lib/python3.7/site-packages/airflow/example_dags/example_branch_day_of_week_operator.py took 0.127 seconds
[2023-03-09T15:43:11.726+0000] {processor.py:153} INFO - Started process (PID=710) to work on /home/airflow/.local/lib/python3.7/site-packages/airflow/example_dags/example_branch_day_of_week_operator.py
[2023-03-09T15:43:11.731+0000] {processor.py:743} INFO - Processing file /home/airflow/.local/lib/python3.7/site-packages/airflow/example_dags/example_branch_day_of_week_operator.py for tasks to queue
[2023-03-09T15:43:11.732+0000] {logging_mixin.py:137} INFO - [2023-03-09T15:43:11.731+0000] {dagbag.py:538} INFO - Filling up the DagBag from /home/airflow/.local/lib/python3.7/site-packages/airflow/example_dags/example_branch_day_of_week_operator.py
[2023-03-09T15:43:11.757+0000] {processor.py:753} INFO - DAG(s) dict_keys(['example_weekday_branch_operator']) retrieved from /home/airflow/.local/lib/python3.7/site-packages/airflow/example_dags/example_branch_day_of_week_operator.py
[2023-03-09T15:43:11.802+0000] {logging_mixin.py:137} INFO - [2023-03-09T15:43:11.802+0000] {dag.py:2690} INFO - Sync 1 DAGs
[2023-03-09T15:43:11.864+0000] {logging_mixin.py:137} INFO - [2023-03-09T15:43:11.864+0000] {dag.py:3441} INFO - Setting next_dagrun for example_weekday_branch_operator to 2023-03-08T00:00:00+00:00, run_after=2023-03-09T00:00:00+00:00
[2023-03-09T15:43:11.921+0000] {processor.py:175} INFO - Processing /home/airflow/.local/lib/python3.7/site-packages/airflow/example_dags/example_branch_day_of_week_operator.py took 0.221 seconds
[2023-03-09T15:43:42.614+0000] {processor.py:153} INFO - Started process (PID=778) to work on /home/airflow/.local/lib/python3.7/site-packages/airflow/example_dags/example_branch_day_of_week_operator.py
[2023-03-09T15:43:42.615+0000] {processor.py:743} INFO - Processing file /home/airflow/.local/lib/python3.7/site-packages/airflow/example_dags/example_branch_day_of_week_operator.py for tasks to queue
[2023-03-09T15:43:42.616+0000] {logging_mixin.py:137} INFO - [2023-03-09T15:43:42.616+0000] {dagbag.py:538} INFO - Filling up the DagBag from /home/airflow/.local/lib/python3.7/site-packages/airflow/example_dags/example_branch_day_of_week_operator.py
[2023-03-09T15:43:42.642+0000] {processor.py:753} INFO - DAG(s) dict_keys(['example_weekday_branch_operator']) retrieved from /home/airflow/.local/lib/python3.7/site-packages/airflow/example_dags/example_branch_day_of_week_operator.py
[2023-03-09T15:43:42.682+0000] {logging_mixin.py:137} INFO - [2023-03-09T15:43:42.682+0000] {dag.py:2690} INFO - Sync 1 DAGs
[2023-03-09T15:43:42.739+0000] {logging_mixin.py:137} INFO - [2023-03-09T15:43:42.738+0000] {dag.py:3441} INFO - Setting next_dagrun for example_weekday_branch_operator to 2023-03-08T00:00:00+00:00, run_after=2023-03-09T00:00:00+00:00
[2023-03-09T15:43:42.776+0000] {processor.py:175} INFO - Processing /home/airflow/.local/lib/python3.7/site-packages/airflow/example_dags/example_branch_day_of_week_operator.py took 0.166 seconds
[2023-03-09T15:44:12.878+0000] {processor.py:153} INFO - Started process (PID=840) to work on /home/airflow/.local/lib/python3.7/site-packages/airflow/example_dags/example_branch_day_of_week_operator.py
[2023-03-09T15:44:12.879+0000] {processor.py:743} INFO - Processing file /home/airflow/.local/lib/python3.7/site-packages/airflow/example_dags/example_branch_day_of_week_operator.py for tasks to queue
[2023-03-09T15:44:12.880+0000] {logging_mixin.py:137} INFO - [2023-03-09T15:44:12.880+0000] {dagbag.py:538} INFO - Filling up the DagBag from /home/airflow/.local/lib/python3.7/site-packages/airflow/example_dags/example_branch_day_of_week_operator.py
[2023-03-09T15:44:12.897+0000] {processor.py:753} INFO - DAG(s) dict_keys(['example_weekday_branch_operator']) retrieved from /home/airflow/.local/lib/python3.7/site-packages/airflow/example_dags/example_branch_day_of_week_operator.py
[2023-03-09T15:44:12.926+0000] {logging_mixin.py:137} INFO - [2023-03-09T15:44:12.926+0000] {dag.py:2690} INFO - Sync 1 DAGs
[2023-03-09T15:44:12.962+0000] {logging_mixin.py:137} INFO - [2023-03-09T15:44:12.962+0000] {dag.py:3441} INFO - Setting next_dagrun for example_weekday_branch_operator to 2023-03-08T00:00:00+00:00, run_after=2023-03-09T00:00:00+00:00
[2023-03-09T15:44:12.984+0000] {processor.py:175} INFO - Processing /home/airflow/.local/lib/python3.7/site-packages/airflow/example_dags/example_branch_day_of_week_operator.py took 0.110 seconds
[2023-03-09T15:44:43.596+0000] {processor.py:153} INFO - Started process (PID=903) to work on /home/airflow/.local/lib/python3.7/site-packages/airflow/example_dags/example_branch_day_of_week_operator.py
[2023-03-09T15:44:43.597+0000] {processor.py:743} INFO - Processing file /home/airflow/.local/lib/python3.7/site-packages/airflow/example_dags/example_branch_day_of_week_operator.py for tasks to queue
[2023-03-09T15:44:43.598+0000] {logging_mixin.py:137} INFO - [2023-03-09T15:44:43.598+0000] {dagbag.py:538} INFO - Filling up the DagBag from /home/airflow/.local/lib/python3.7/site-packages/airflow/example_dags/example_branch_day_of_week_operator.py
[2023-03-09T15:44:43.620+0000] {processor.py:753} INFO - DAG(s) dict_keys(['example_weekday_branch_operator']) retrieved from /home/airflow/.local/lib/python3.7/site-packages/airflow/example_dags/example_branch_day_of_week_operator.py
[2023-03-09T15:44:43.661+0000] {logging_mixin.py:137} INFO - [2023-03-09T15:44:43.661+0000] {dag.py:2690} INFO - Sync 1 DAGs
[2023-03-09T15:44:43.732+0000] {logging_mixin.py:137} INFO - [2023-03-09T15:44:43.732+0000] {dag.py:3441} INFO - Setting next_dagrun for example_weekday_branch_operator to 2023-03-08T00:00:00+00:00, run_after=2023-03-09T00:00:00+00:00
[2023-03-09T15:44:43.767+0000] {processor.py:175} INFO - Processing /home/airflow/.local/lib/python3.7/site-packages/airflow/example_dags/example_branch_day_of_week_operator.py took 0.180 seconds
[2023-03-09T15:45:14.305+0000] {processor.py:153} INFO - Started process (PID=965) to work on /home/airflow/.local/lib/python3.7/site-packages/airflow/example_dags/example_branch_day_of_week_operator.py
[2023-03-09T15:45:14.306+0000] {processor.py:743} INFO - Processing file /home/airflow/.local/lib/python3.7/site-packages/airflow/example_dags/example_branch_day_of_week_operator.py for tasks to queue
[2023-03-09T15:45:14.309+0000] {logging_mixin.py:137} INFO - [2023-03-09T15:45:14.309+0000] {dagbag.py:538} INFO - Filling up the DagBag from /home/airflow/.local/lib/python3.7/site-packages/airflow/example_dags/example_branch_day_of_week_operator.py
[2023-03-09T15:45:14.338+0000] {processor.py:753} INFO - DAG(s) dict_keys(['example_weekday_branch_operator']) retrieved from /home/airflow/.local/lib/python3.7/site-packages/airflow/example_dags/example_branch_day_of_week_operator.py
[2023-03-09T15:45:14.381+0000] {logging_mixin.py:137} INFO - [2023-03-09T15:45:14.381+0000] {dag.py:2690} INFO - Sync 1 DAGs
[2023-03-09T15:45:14.425+0000] {logging_mixin.py:137} INFO - [2023-03-09T15:45:14.425+0000] {dag.py:3441} INFO - Setting next_dagrun for example_weekday_branch_operator to 2023-03-08T00:00:00+00:00, run_after=2023-03-09T00:00:00+00:00
[2023-03-09T15:45:14.451+0000] {processor.py:175} INFO - Processing /home/airflow/.local/lib/python3.7/site-packages/airflow/example_dags/example_branch_day_of_week_operator.py took 0.152 seconds
[2023-03-09T15:45:44.908+0000] {processor.py:153} INFO - Started process (PID=1032) to work on /home/airflow/.local/lib/python3.7/site-packages/airflow/example_dags/example_branch_day_of_week_operator.py
[2023-03-09T15:45:44.910+0000] {processor.py:743} INFO - Processing file /home/airflow/.local/lib/python3.7/site-packages/airflow/example_dags/example_branch_day_of_week_operator.py for tasks to queue
[2023-03-09T15:45:44.911+0000] {logging_mixin.py:137} INFO - [2023-03-09T15:45:44.911+0000] {dagbag.py:538} INFO - Filling up the DagBag from /home/airflow/.local/lib/python3.7/site-packages/airflow/example_dags/example_branch_day_of_week_operator.py
[2023-03-09T15:45:44.932+0000] {processor.py:753} INFO - DAG(s) dict_keys(['example_weekday_branch_operator']) retrieved from /home/airflow/.local/lib/python3.7/site-packages/airflow/example_dags/example_branch_day_of_week_operator.py
[2023-03-09T15:45:44.971+0000] {logging_mixin.py:137} INFO - [2023-03-09T15:45:44.971+0000] {dag.py:2690} INFO - Sync 1 DAGs
[2023-03-09T15:45:45.017+0000] {logging_mixin.py:137} INFO - [2023-03-09T15:45:45.017+0000] {dag.py:3441} INFO - Setting next_dagrun for example_weekday_branch_operator to 2023-03-08T00:00:00+00:00, run_after=2023-03-09T00:00:00+00:00
[2023-03-09T15:45:45.046+0000] {processor.py:175} INFO - Processing /home/airflow/.local/lib/python3.7/site-packages/airflow/example_dags/example_branch_day_of_week_operator.py took 0.144 seconds
[2023-03-09T15:46:15.918+0000] {processor.py:153} INFO - Started process (PID=1102) to work on /home/airflow/.local/lib/python3.7/site-packages/airflow/example_dags/example_branch_day_of_week_operator.py
[2023-03-09T15:46:15.920+0000] {processor.py:743} INFO - Processing file /home/airflow/.local/lib/python3.7/site-packages/airflow/example_dags/example_branch_day_of_week_operator.py for tasks to queue
[2023-03-09T15:46:15.920+0000] {logging_mixin.py:137} INFO - [2023-03-09T15:46:15.920+0000] {dagbag.py:538} INFO - Filling up the DagBag from /home/airflow/.local/lib/python3.7/site-packages/airflow/example_dags/example_branch_day_of_week_operator.py
[2023-03-09T15:46:15.941+0000] {processor.py:753} INFO - DAG(s) dict_keys(['example_weekday_branch_operator']) retrieved from /home/airflow/.local/lib/python3.7/site-packages/airflow/example_dags/example_branch_day_of_week_operator.py
[2023-03-09T15:46:15.987+0000] {logging_mixin.py:137} INFO - [2023-03-09T15:46:15.987+0000] {dag.py:2690} INFO - Sync 1 DAGs
[2023-03-09T15:46:16.039+0000] {logging_mixin.py:137} INFO - [2023-03-09T15:46:16.039+0000] {dag.py:3441} INFO - Setting next_dagrun for example_weekday_branch_operator to 2023-03-08T00:00:00+00:00, run_after=2023-03-09T00:00:00+00:00
[2023-03-09T15:46:16.069+0000] {processor.py:175} INFO - Processing /home/airflow/.local/lib/python3.7/site-packages/airflow/example_dags/example_branch_day_of_week_operator.py took 0.155 seconds
[2023-03-09T15:46:46.731+0000] {processor.py:153} INFO - Started process (PID=1170) to work on /home/airflow/.local/lib/python3.7/site-packages/airflow/example_dags/example_branch_day_of_week_operator.py
[2023-03-09T15:46:46.732+0000] {processor.py:743} INFO - Processing file /home/airflow/.local/lib/python3.7/site-packages/airflow/example_dags/example_branch_day_of_week_operator.py for tasks to queue
[2023-03-09T15:46:46.733+0000] {logging_mixin.py:137} INFO - [2023-03-09T15:46:46.733+0000] {dagbag.py:538} INFO - Filling up the DagBag from /home/airflow/.local/lib/python3.7/site-packages/airflow/example_dags/example_branch_day_of_week_operator.py
[2023-03-09T15:46:46.760+0000] {processor.py:753} INFO - DAG(s) dict_keys(['example_weekday_branch_operator']) retrieved from /home/airflow/.local/lib/python3.7/site-packages/airflow/example_dags/example_branch_day_of_week_operator.py
[2023-03-09T15:46:46.806+0000] {logging_mixin.py:137} INFO - [2023-03-09T15:46:46.806+0000] {dag.py:2690} INFO - Sync 1 DAGs
[2023-03-09T15:46:46.862+0000] {logging_mixin.py:137} INFO - [2023-03-09T15:46:46.862+0000] {dag.py:3441} INFO - Setting next_dagrun for example_weekday_branch_operator to 2023-03-08T00:00:00+00:00, run_after=2023-03-09T00:00:00+00:00
[2023-03-09T15:46:46.902+0000] {processor.py:175} INFO - Processing /home/airflow/.local/lib/python3.7/site-packages/airflow/example_dags/example_branch_day_of_week_operator.py took 0.175 seconds
[2023-03-09T15:47:17.071+0000] {processor.py:153} INFO - Started process (PID=1233) to work on /home/airflow/.local/lib/python3.7/site-packages/airflow/example_dags/example_branch_day_of_week_operator.py
[2023-03-09T15:47:17.072+0000] {processor.py:743} INFO - Processing file /home/airflow/.local/lib/python3.7/site-packages/airflow/example_dags/example_branch_day_of_week_operator.py for tasks to queue
[2023-03-09T15:47:17.073+0000] {logging_mixin.py:137} INFO - [2023-03-09T15:47:17.073+0000] {dagbag.py:538} INFO - Filling up the DagBag from /home/airflow/.local/lib/python3.7/site-packages/airflow/example_dags/example_branch_day_of_week_operator.py
[2023-03-09T15:47:17.090+0000] {processor.py:753} INFO - DAG(s) dict_keys(['example_weekday_branch_operator']) retrieved from /home/airflow/.local/lib/python3.7/site-packages/airflow/example_dags/example_branch_day_of_week_operator.py
[2023-03-09T15:47:17.121+0000] {logging_mixin.py:137} INFO - [2023-03-09T15:47:17.121+0000] {dag.py:2690} INFO - Sync 1 DAGs
[2023-03-09T15:47:17.169+0000] {logging_mixin.py:137} INFO - [2023-03-09T15:47:17.168+0000] {dag.py:3441} INFO - Setting next_dagrun for example_weekday_branch_operator to 2023-03-08T00:00:00+00:00, run_after=2023-03-09T00:00:00+00:00
[2023-03-09T15:47:17.201+0000] {processor.py:175} INFO - Processing /home/airflow/.local/lib/python3.7/site-packages/airflow/example_dags/example_branch_day_of_week_operator.py took 0.133 seconds
[2023-03-09T15:47:47.879+0000] {processor.py:153} INFO - Started process (PID=1295) to work on /home/airflow/.local/lib/python3.7/site-packages/airflow/example_dags/example_branch_day_of_week_operator.py
[2023-03-09T15:47:47.880+0000] {processor.py:743} INFO - Processing file /home/airflow/.local/lib/python3.7/site-packages/airflow/example_dags/example_branch_day_of_week_operator.py for tasks to queue
[2023-03-09T15:47:47.880+0000] {logging_mixin.py:137} INFO - [2023-03-09T15:47:47.880+0000] {dagbag.py:538} INFO - Filling up the DagBag from /home/airflow/.local/lib/python3.7/site-packages/airflow/example_dags/example_branch_day_of_week_operator.py
[2023-03-09T15:47:47.899+0000] {processor.py:753} INFO - DAG(s) dict_keys(['example_weekday_branch_operator']) retrieved from /home/airflow/.local/lib/python3.7/site-packages/airflow/example_dags/example_branch_day_of_week_operator.py
[2023-03-09T15:47:47.931+0000] {logging_mixin.py:137} INFO - [2023-03-09T15:47:47.931+0000] {dag.py:2690} INFO - Sync 1 DAGs
[2023-03-09T15:47:47.978+0000] {logging_mixin.py:137} INFO - [2023-03-09T15:47:47.978+0000] {dag.py:3441} INFO - Setting next_dagrun for example_weekday_branch_operator to 2023-03-08T00:00:00+00:00, run_after=2023-03-09T00:00:00+00:00
[2023-03-09T15:47:48.011+0000] {processor.py:175} INFO - Processing /home/airflow/.local/lib/python3.7/site-packages/airflow/example_dags/example_branch_day_of_week_operator.py took 0.135 seconds
[2023-03-09T15:48:18.556+0000] {processor.py:153} INFO - Started process (PID=1359) to work on /home/airflow/.local/lib/python3.7/site-packages/airflow/example_dags/example_branch_day_of_week_operator.py
[2023-03-09T15:48:18.557+0000] {processor.py:743} INFO - Processing file /home/airflow/.local/lib/python3.7/site-packages/airflow/example_dags/example_branch_day_of_week_operator.py for tasks to queue
[2023-03-09T15:48:18.558+0000] {logging_mixin.py:137} INFO - [2023-03-09T15:48:18.557+0000] {dagbag.py:538} INFO - Filling up the DagBag from /home/airflow/.local/lib/python3.7/site-packages/airflow/example_dags/example_branch_day_of_week_operator.py
[2023-03-09T15:48:18.577+0000] {processor.py:753} INFO - DAG(s) dict_keys(['example_weekday_branch_operator']) retrieved from /home/airflow/.local/lib/python3.7/site-packages/airflow/example_dags/example_branch_day_of_week_operator.py
[2023-03-09T15:48:18.611+0000] {logging_mixin.py:137} INFO - [2023-03-09T15:48:18.611+0000] {dag.py:2690} INFO - Sync 1 DAGs
[2023-03-09T15:48:18.653+0000] {logging_mixin.py:137} INFO - [2023-03-09T15:48:18.653+0000] {dag.py:3441} INFO - Setting next_dagrun for example_weekday_branch_operator to 2023-03-08T00:00:00+00:00, run_after=2023-03-09T00:00:00+00:00
[2023-03-09T15:48:18.678+0000] {processor.py:175} INFO - Processing /home/airflow/.local/lib/python3.7/site-packages/airflow/example_dags/example_branch_day_of_week_operator.py took 0.125 seconds
[2023-03-09T15:48:49.192+0000] {processor.py:153} INFO - Started process (PID=1420) to work on /home/airflow/.local/lib/python3.7/site-packages/airflow/example_dags/example_branch_day_of_week_operator.py
[2023-03-09T15:48:49.192+0000] {processor.py:743} INFO - Processing file /home/airflow/.local/lib/python3.7/site-packages/airflow/example_dags/example_branch_day_of_week_operator.py for tasks to queue
[2023-03-09T15:48:49.193+0000] {logging_mixin.py:137} INFO - [2023-03-09T15:48:49.193+0000] {dagbag.py:538} INFO - Filling up the DagBag from /home/airflow/.local/lib/python3.7/site-packages/airflow/example_dags/example_branch_day_of_week_operator.py
[2023-03-09T15:48:49.218+0000] {processor.py:753} INFO - DAG(s) dict_keys(['example_weekday_branch_operator']) retrieved from /home/airflow/.local/lib/python3.7/site-packages/airflow/example_dags/example_branch_day_of_week_operator.py
[2023-03-09T15:48:49.276+0000] {logging_mixin.py:137} INFO - [2023-03-09T15:48:49.276+0000] {dag.py:2690} INFO - Sync 1 DAGs
[2023-03-09T15:48:49.328+0000] {logging_mixin.py:137} INFO - [2023-03-09T15:48:49.328+0000] {dag.py:3441} INFO - Setting next_dagrun for example_weekday_branch_operator to 2023-03-08T00:00:00+00:00, run_after=2023-03-09T00:00:00+00:00
[2023-03-09T15:48:49.362+0000] {processor.py:175} INFO - Processing /home/airflow/.local/lib/python3.7/site-packages/airflow/example_dags/example_branch_day_of_week_operator.py took 0.175 seconds
[2023-03-09T15:49:20.266+0000] {processor.py:153} INFO - Started process (PID=1491) to work on /home/airflow/.local/lib/python3.7/site-packages/airflow/example_dags/example_branch_day_of_week_operator.py
[2023-03-09T15:49:20.267+0000] {processor.py:743} INFO - Processing file /home/airflow/.local/lib/python3.7/site-packages/airflow/example_dags/example_branch_day_of_week_operator.py for tasks to queue
[2023-03-09T15:49:20.268+0000] {logging_mixin.py:137} INFO - [2023-03-09T15:49:20.268+0000] {dagbag.py:538} INFO - Filling up the DagBag from /home/airflow/.local/lib/python3.7/site-packages/airflow/example_dags/example_branch_day_of_week_operator.py
[2023-03-09T15:49:20.295+0000] {processor.py:753} INFO - DAG(s) dict_keys(['example_weekday_branch_operator']) retrieved from /home/airflow/.local/lib/python3.7/site-packages/airflow/example_dags/example_branch_day_of_week_operator.py
[2023-03-09T15:49:20.337+0000] {logging_mixin.py:137} INFO - [2023-03-09T15:49:20.337+0000] {dag.py:2690} INFO - Sync 1 DAGs
[2023-03-09T15:49:20.396+0000] {logging_mixin.py:137} INFO - [2023-03-09T15:49:20.396+0000] {dag.py:3441} INFO - Setting next_dagrun for example_weekday_branch_operator to 2023-03-08T00:00:00+00:00, run_after=2023-03-09T00:00:00+00:00
[2023-03-09T15:49:20.431+0000] {processor.py:175} INFO - Processing /home/airflow/.local/lib/python3.7/site-packages/airflow/example_dags/example_branch_day_of_week_operator.py took 0.170 seconds
