[2023-03-09T15:38:13.036+0000] {processor.py:153} INFO - Started process (PID=89) to work on /home/airflow/.local/lib/python3.7/site-packages/airflow/example_dags/example_short_circuit_decorator.py
[2023-03-09T15:38:13.036+0000] {processor.py:743} INFO - Processing file /home/airflow/.local/lib/python3.7/site-packages/airflow/example_dags/example_short_circuit_decorator.py for tasks to queue
[2023-03-09T15:38:13.037+0000] {logging_mixin.py:137} INFO - [2023-03-09T15:38:13.037+0000] {dagbag.py:538} INFO - Filling up the DagBag from /home/airflow/.local/lib/python3.7/site-packages/airflow/example_dags/example_short_circuit_decorator.py
[2023-03-09T15:38:13.090+0000] {processor.py:753} INFO - DAG(s) dict_keys(['example_short_circuit_decorator']) retrieved from /home/airflow/.local/lib/python3.7/site-packages/airflow/example_dags/example_short_circuit_decorator.py
[2023-03-09T15:38:13.134+0000] {logging_mixin.py:137} INFO - [2023-03-09T15:38:13.133+0000] {dag.py:2690} INFO - Sync 1 DAGs
[2023-03-09T15:38:13.196+0000] {logging_mixin.py:137} INFO - [2023-03-09T15:38:13.196+0000] {dag.py:3441} INFO - Setting next_dagrun for example_short_circuit_decorator to 2023-03-08T15:38:13.195808+00:00, run_after=2023-03-09T15:38:13.195808+00:00
[2023-03-09T15:38:13.233+0000] {processor.py:175} INFO - Processing /home/airflow/.local/lib/python3.7/site-packages/airflow/example_dags/example_short_circuit_decorator.py took 0.203 seconds
[2023-03-09T15:38:43.859+0000] {processor.py:153} INFO - Started process (PID=152) to work on /home/airflow/.local/lib/python3.7/site-packages/airflow/example_dags/example_short_circuit_decorator.py
[2023-03-09T15:38:43.859+0000] {processor.py:743} INFO - Processing file /home/airflow/.local/lib/python3.7/site-packages/airflow/example_dags/example_short_circuit_decorator.py for tasks to queue
[2023-03-09T15:38:43.860+0000] {logging_mixin.py:137} INFO - [2023-03-09T15:38:43.860+0000] {dagbag.py:538} INFO - Filling up the DagBag from /home/airflow/.local/lib/python3.7/site-packages/airflow/example_dags/example_short_circuit_decorator.py
[2023-03-09T15:38:43.891+0000] {processor.py:753} INFO - DAG(s) dict_keys(['example_short_circuit_decorator']) retrieved from /home/airflow/.local/lib/python3.7/site-packages/airflow/example_dags/example_short_circuit_decorator.py
[2023-03-09T15:38:43.932+0000] {logging_mixin.py:137} INFO - [2023-03-09T15:38:43.932+0000] {dag.py:2690} INFO - Sync 1 DAGs
[2023-03-09T15:38:43.988+0000] {logging_mixin.py:137} INFO - [2023-03-09T15:38:43.987+0000] {dag.py:3441} INFO - Setting next_dagrun for example_short_circuit_decorator to 2023-03-08T15:38:43.987607+00:00, run_after=2023-03-09T15:38:43.987607+00:00
[2023-03-09T15:38:44.021+0000] {processor.py:175} INFO - Processing /home/airflow/.local/lib/python3.7/site-packages/airflow/example_dags/example_short_circuit_decorator.py took 0.165 seconds
[2023-03-09T15:39:14.343+0000] {processor.py:153} INFO - Started process (PID=214) to work on /home/airflow/.local/lib/python3.7/site-packages/airflow/example_dags/example_short_circuit_decorator.py
[2023-03-09T15:39:14.345+0000] {processor.py:743} INFO - Processing file /home/airflow/.local/lib/python3.7/site-packages/airflow/example_dags/example_short_circuit_decorator.py for tasks to queue
[2023-03-09T15:39:14.345+0000] {logging_mixin.py:137} INFO - [2023-03-09T15:39:14.345+0000] {dagbag.py:538} INFO - Filling up the DagBag from /home/airflow/.local/lib/python3.7/site-packages/airflow/example_dags/example_short_circuit_decorator.py
[2023-03-09T15:39:14.378+0000] {processor.py:753} INFO - DAG(s) dict_keys(['example_short_circuit_decorator']) retrieved from /home/airflow/.local/lib/python3.7/site-packages/airflow/example_dags/example_short_circuit_decorator.py
[2023-03-09T15:39:14.418+0000] {logging_mixin.py:137} INFO - [2023-03-09T15:39:14.417+0000] {dag.py:2690} INFO - Sync 1 DAGs
[2023-03-09T15:39:14.460+0000] {logging_mixin.py:137} INFO - [2023-03-09T15:39:14.460+0000] {dag.py:3441} INFO - Setting next_dagrun for example_short_circuit_decorator to 2023-03-08T15:39:14.459770+00:00, run_after=2023-03-09T15:39:14.459770+00:00
[2023-03-09T15:39:14.486+0000] {processor.py:175} INFO - Processing /home/airflow/.local/lib/python3.7/site-packages/airflow/example_dags/example_short_circuit_decorator.py took 0.146 seconds
[2023-03-09T15:39:44.941+0000] {processor.py:153} INFO - Started process (PID=277) to work on /home/airflow/.local/lib/python3.7/site-packages/airflow/example_dags/example_short_circuit_decorator.py
[2023-03-09T15:39:44.942+0000] {processor.py:743} INFO - Processing file /home/airflow/.local/lib/python3.7/site-packages/airflow/example_dags/example_short_circuit_decorator.py for tasks to queue
[2023-03-09T15:39:44.943+0000] {logging_mixin.py:137} INFO - [2023-03-09T15:39:44.943+0000] {dagbag.py:538} INFO - Filling up the DagBag from /home/airflow/.local/lib/python3.7/site-packages/airflow/example_dags/example_short_circuit_decorator.py
[2023-03-09T15:39:44.997+0000] {processor.py:753} INFO - DAG(s) dict_keys(['example_short_circuit_decorator']) retrieved from /home/airflow/.local/lib/python3.7/site-packages/airflow/example_dags/example_short_circuit_decorator.py
[2023-03-09T15:39:45.042+0000] {logging_mixin.py:137} INFO - [2023-03-09T15:39:45.042+0000] {dag.py:2690} INFO - Sync 1 DAGs
[2023-03-09T15:39:45.094+0000] {logging_mixin.py:137} INFO - [2023-03-09T15:39:45.094+0000] {dag.py:3441} INFO - Setting next_dagrun for example_short_circuit_decorator to 2023-03-08T15:39:45.094261+00:00, run_after=2023-03-09T15:39:45.094261+00:00
[2023-03-09T15:39:45.131+0000] {processor.py:175} INFO - Processing /home/airflow/.local/lib/python3.7/site-packages/airflow/example_dags/example_short_circuit_decorator.py took 0.196 seconds
[2023-03-09T15:40:15.963+0000] {processor.py:153} INFO - Started process (PID=349) to work on /home/airflow/.local/lib/python3.7/site-packages/airflow/example_dags/example_short_circuit_decorator.py
[2023-03-09T15:40:15.964+0000] {processor.py:743} INFO - Processing file /home/airflow/.local/lib/python3.7/site-packages/airflow/example_dags/example_short_circuit_decorator.py for tasks to queue
[2023-03-09T15:40:15.965+0000] {logging_mixin.py:137} INFO - [2023-03-09T15:40:15.965+0000] {dagbag.py:538} INFO - Filling up the DagBag from /home/airflow/.local/lib/python3.7/site-packages/airflow/example_dags/example_short_circuit_decorator.py
[2023-03-09T15:40:16.012+0000] {processor.py:753} INFO - DAG(s) dict_keys(['example_short_circuit_decorator']) retrieved from /home/airflow/.local/lib/python3.7/site-packages/airflow/example_dags/example_short_circuit_decorator.py
[2023-03-09T15:40:16.057+0000] {logging_mixin.py:137} INFO - [2023-03-09T15:40:16.057+0000] {dag.py:2690} INFO - Sync 1 DAGs
[2023-03-09T15:40:16.128+0000] {logging_mixin.py:137} INFO - [2023-03-09T15:40:16.127+0000] {dag.py:3441} INFO - Setting next_dagrun for example_short_circuit_decorator to 2023-03-08T15:40:16.127623+00:00, run_after=2023-03-09T15:40:16.127623+00:00
[2023-03-09T15:40:16.193+0000] {processor.py:175} INFO - Processing /home/airflow/.local/lib/python3.7/site-packages/airflow/example_dags/example_short_circuit_decorator.py took 0.235 seconds
[2023-03-09T15:40:46.296+0000] {processor.py:153} INFO - Started process (PID=415) to work on /home/airflow/.local/lib/python3.7/site-packages/airflow/example_dags/example_short_circuit_decorator.py
[2023-03-09T15:40:46.297+0000] {processor.py:743} INFO - Processing file /home/airflow/.local/lib/python3.7/site-packages/airflow/example_dags/example_short_circuit_decorator.py for tasks to queue
[2023-03-09T15:40:46.297+0000] {logging_mixin.py:137} INFO - [2023-03-09T15:40:46.297+0000] {dagbag.py:538} INFO - Filling up the DagBag from /home/airflow/.local/lib/python3.7/site-packages/airflow/example_dags/example_short_circuit_decorator.py
[2023-03-09T15:40:46.331+0000] {processor.py:753} INFO - DAG(s) dict_keys(['example_short_circuit_decorator']) retrieved from /home/airflow/.local/lib/python3.7/site-packages/airflow/example_dags/example_short_circuit_decorator.py
[2023-03-09T15:40:46.364+0000] {logging_mixin.py:137} INFO - [2023-03-09T15:40:46.363+0000] {dag.py:2690} INFO - Sync 1 DAGs
[2023-03-09T15:40:46.400+0000] {logging_mixin.py:137} INFO - [2023-03-09T15:40:46.400+0000] {dag.py:3441} INFO - Setting next_dagrun for example_short_circuit_decorator to 2023-03-08T15:40:46.400321+00:00, run_after=2023-03-09T15:40:46.400321+00:00
[2023-03-09T15:40:46.425+0000] {processor.py:175} INFO - Processing /home/airflow/.local/lib/python3.7/site-packages/airflow/example_dags/example_short_circuit_decorator.py took 0.134 seconds
[2023-03-09T15:41:16.615+0000] {processor.py:153} INFO - Started process (PID=477) to work on /home/airflow/.local/lib/python3.7/site-packages/airflow/example_dags/example_short_circuit_decorator.py
[2023-03-09T15:41:16.616+0000] {processor.py:743} INFO - Processing file /home/airflow/.local/lib/python3.7/site-packages/airflow/example_dags/example_short_circuit_decorator.py for tasks to queue
[2023-03-09T15:41:16.617+0000] {logging_mixin.py:137} INFO - [2023-03-09T15:41:16.617+0000] {dagbag.py:538} INFO - Filling up the DagBag from /home/airflow/.local/lib/python3.7/site-packages/airflow/example_dags/example_short_circuit_decorator.py
[2023-03-09T15:41:16.652+0000] {processor.py:753} INFO - DAG(s) dict_keys(['example_short_circuit_decorator']) retrieved from /home/airflow/.local/lib/python3.7/site-packages/airflow/example_dags/example_short_circuit_decorator.py
[2023-03-09T15:41:16.686+0000] {logging_mixin.py:137} INFO - [2023-03-09T15:41:16.686+0000] {dag.py:2690} INFO - Sync 1 DAGs
[2023-03-09T15:41:16.726+0000] {logging_mixin.py:137} INFO - [2023-03-09T15:41:16.726+0000] {dag.py:3441} INFO - Setting next_dagrun for example_short_circuit_decorator to 2023-03-08T15:41:16.725661+00:00, run_after=2023-03-09T15:41:16.725661+00:00
[2023-03-09T15:41:16.756+0000] {processor.py:175} INFO - Processing /home/airflow/.local/lib/python3.7/site-packages/airflow/example_dags/example_short_circuit_decorator.py took 0.143 seconds
[2023-03-09T15:41:47.683+0000] {processor.py:153} INFO - Started process (PID=541) to work on /home/airflow/.local/lib/python3.7/site-packages/airflow/example_dags/example_short_circuit_decorator.py
[2023-03-09T15:41:47.684+0000] {processor.py:743} INFO - Processing file /home/airflow/.local/lib/python3.7/site-packages/airflow/example_dags/example_short_circuit_decorator.py for tasks to queue
[2023-03-09T15:41:47.685+0000] {logging_mixin.py:137} INFO - [2023-03-09T15:41:47.685+0000] {dagbag.py:538} INFO - Filling up the DagBag from /home/airflow/.local/lib/python3.7/site-packages/airflow/example_dags/example_short_circuit_decorator.py
[2023-03-09T15:41:47.729+0000] {processor.py:753} INFO - DAG(s) dict_keys(['example_short_circuit_decorator']) retrieved from /home/airflow/.local/lib/python3.7/site-packages/airflow/example_dags/example_short_circuit_decorator.py
[2023-03-09T15:41:47.776+0000] {logging_mixin.py:137} INFO - [2023-03-09T15:41:47.775+0000] {dag.py:2690} INFO - Sync 1 DAGs
[2023-03-09T15:41:47.829+0000] {logging_mixin.py:137} INFO - [2023-03-09T15:41:47.829+0000] {dag.py:3441} INFO - Setting next_dagrun for example_short_circuit_decorator to 2023-03-08T15:41:47.828837+00:00, run_after=2023-03-09T15:41:47.828837+00:00
[2023-03-09T15:41:47.866+0000] {processor.py:175} INFO - Processing /home/airflow/.local/lib/python3.7/site-packages/airflow/example_dags/example_short_circuit_decorator.py took 0.187 seconds
[2023-03-09T15:42:18.545+0000] {processor.py:153} INFO - Started process (PID=615) to work on /home/airflow/.local/lib/python3.7/site-packages/airflow/example_dags/example_short_circuit_decorator.py
[2023-03-09T15:42:18.546+0000] {processor.py:743} INFO - Processing file /home/airflow/.local/lib/python3.7/site-packages/airflow/example_dags/example_short_circuit_decorator.py for tasks to queue
[2023-03-09T15:42:18.547+0000] {logging_mixin.py:137} INFO - [2023-03-09T15:42:18.546+0000] {dagbag.py:538} INFO - Filling up the DagBag from /home/airflow/.local/lib/python3.7/site-packages/airflow/example_dags/example_short_circuit_decorator.py
[2023-03-09T15:42:18.588+0000] {processor.py:753} INFO - DAG(s) dict_keys(['example_short_circuit_decorator']) retrieved from /home/airflow/.local/lib/python3.7/site-packages/airflow/example_dags/example_short_circuit_decorator.py
[2023-03-09T15:42:18.632+0000] {logging_mixin.py:137} INFO - [2023-03-09T15:42:18.631+0000] {dag.py:2690} INFO - Sync 1 DAGs
[2023-03-09T15:42:18.681+0000] {logging_mixin.py:137} INFO - [2023-03-09T15:42:18.681+0000] {dag.py:3441} INFO - Setting next_dagrun for example_short_circuit_decorator to 2023-03-08T15:42:18.680715+00:00, run_after=2023-03-09T15:42:18.680715+00:00
[2023-03-09T15:42:18.714+0000] {processor.py:175} INFO - Processing /home/airflow/.local/lib/python3.7/site-packages/airflow/example_dags/example_short_circuit_decorator.py took 0.174 seconds
[2023-03-09T15:42:49.308+0000] {processor.py:153} INFO - Started process (PID=680) to work on /home/airflow/.local/lib/python3.7/site-packages/airflow/example_dags/example_short_circuit_decorator.py
[2023-03-09T15:42:49.308+0000] {processor.py:743} INFO - Processing file /home/airflow/.local/lib/python3.7/site-packages/airflow/example_dags/example_short_circuit_decorator.py for tasks to queue
[2023-03-09T15:42:49.309+0000] {logging_mixin.py:137} INFO - [2023-03-09T15:42:49.309+0000] {dagbag.py:538} INFO - Filling up the DagBag from /home/airflow/.local/lib/python3.7/site-packages/airflow/example_dags/example_short_circuit_decorator.py
[2023-03-09T15:42:49.341+0000] {processor.py:753} INFO - DAG(s) dict_keys(['example_short_circuit_decorator']) retrieved from /home/airflow/.local/lib/python3.7/site-packages/airflow/example_dags/example_short_circuit_decorator.py
[2023-03-09T15:42:49.373+0000] {logging_mixin.py:137} INFO - [2023-03-09T15:42:49.373+0000] {dag.py:2690} INFO - Sync 1 DAGs
[2023-03-09T15:42:49.416+0000] {logging_mixin.py:137} INFO - [2023-03-09T15:42:49.416+0000] {dag.py:3441} INFO - Setting next_dagrun for example_short_circuit_decorator to 2023-03-08T15:42:49.415990+00:00, run_after=2023-03-09T15:42:49.415990+00:00
[2023-03-09T15:42:49.495+0000] {processor.py:175} INFO - Processing /home/airflow/.local/lib/python3.7/site-packages/airflow/example_dags/example_short_circuit_decorator.py took 0.191 seconds
[2023-03-09T15:43:19.667+0000] {processor.py:153} INFO - Started process (PID=744) to work on /home/airflow/.local/lib/python3.7/site-packages/airflow/example_dags/example_short_circuit_decorator.py
[2023-03-09T15:43:19.669+0000] {processor.py:743} INFO - Processing file /home/airflow/.local/lib/python3.7/site-packages/airflow/example_dags/example_short_circuit_decorator.py for tasks to queue
[2023-03-09T15:43:19.670+0000] {logging_mixin.py:137} INFO - [2023-03-09T15:43:19.669+0000] {dagbag.py:538} INFO - Filling up the DagBag from /home/airflow/.local/lib/python3.7/site-packages/airflow/example_dags/example_short_circuit_decorator.py
[2023-03-09T15:43:19.713+0000] {processor.py:753} INFO - DAG(s) dict_keys(['example_short_circuit_decorator']) retrieved from /home/airflow/.local/lib/python3.7/site-packages/airflow/example_dags/example_short_circuit_decorator.py
[2023-03-09T15:43:19.755+0000] {logging_mixin.py:137} INFO - [2023-03-09T15:43:19.755+0000] {dag.py:2690} INFO - Sync 1 DAGs
[2023-03-09T15:43:19.795+0000] {logging_mixin.py:137} INFO - [2023-03-09T15:43:19.795+0000] {dag.py:3441} INFO - Setting next_dagrun for example_short_circuit_decorator to 2023-03-08T15:43:19.794940+00:00, run_after=2023-03-09T15:43:19.794940+00:00
[2023-03-09T15:43:19.825+0000] {processor.py:175} INFO - Processing /home/airflow/.local/lib/python3.7/site-packages/airflow/example_dags/example_short_circuit_decorator.py took 0.161 seconds
[2023-03-09T15:43:49.942+0000] {processor.py:153} INFO - Started process (PID=807) to work on /home/airflow/.local/lib/python3.7/site-packages/airflow/example_dags/example_short_circuit_decorator.py
[2023-03-09T15:43:49.943+0000] {processor.py:743} INFO - Processing file /home/airflow/.local/lib/python3.7/site-packages/airflow/example_dags/example_short_circuit_decorator.py for tasks to queue
[2023-03-09T15:43:49.944+0000] {logging_mixin.py:137} INFO - [2023-03-09T15:43:49.943+0000] {dagbag.py:538} INFO - Filling up the DagBag from /home/airflow/.local/lib/python3.7/site-packages/airflow/example_dags/example_short_circuit_decorator.py
[2023-03-09T15:43:50.001+0000] {processor.py:753} INFO - DAG(s) dict_keys(['example_short_circuit_decorator']) retrieved from /home/airflow/.local/lib/python3.7/site-packages/airflow/example_dags/example_short_circuit_decorator.py
[2023-03-09T15:43:50.064+0000] {logging_mixin.py:137} INFO - [2023-03-09T15:43:50.063+0000] {dag.py:2690} INFO - Sync 1 DAGs
[2023-03-09T15:43:50.116+0000] {logging_mixin.py:137} INFO - [2023-03-09T15:43:50.115+0000] {dag.py:3441} INFO - Setting next_dagrun for example_short_circuit_decorator to 2023-03-08T15:43:50.115431+00:00, run_after=2023-03-09T15:43:50.115431+00:00
[2023-03-09T15:43:50.149+0000] {processor.py:175} INFO - Processing /home/airflow/.local/lib/python3.7/site-packages/airflow/example_dags/example_short_circuit_decorator.py took 0.214 seconds
[2023-03-09T15:44:20.603+0000] {processor.py:153} INFO - Started process (PID=876) to work on /home/airflow/.local/lib/python3.7/site-packages/airflow/example_dags/example_short_circuit_decorator.py
[2023-03-09T15:44:20.604+0000] {processor.py:743} INFO - Processing file /home/airflow/.local/lib/python3.7/site-packages/airflow/example_dags/example_short_circuit_decorator.py for tasks to queue
[2023-03-09T15:44:20.606+0000] {logging_mixin.py:137} INFO - [2023-03-09T15:44:20.606+0000] {dagbag.py:538} INFO - Filling up the DagBag from /home/airflow/.local/lib/python3.7/site-packages/airflow/example_dags/example_short_circuit_decorator.py
[2023-03-09T15:44:20.659+0000] {processor.py:753} INFO - DAG(s) dict_keys(['example_short_circuit_decorator']) retrieved from /home/airflow/.local/lib/python3.7/site-packages/airflow/example_dags/example_short_circuit_decorator.py
[2023-03-09T15:44:20.691+0000] {logging_mixin.py:137} INFO - [2023-03-09T15:44:20.691+0000] {dag.py:2690} INFO - Sync 1 DAGs
[2023-03-09T15:44:20.729+0000] {logging_mixin.py:137} INFO - [2023-03-09T15:44:20.729+0000] {dag.py:3441} INFO - Setting next_dagrun for example_short_circuit_decorator to 2023-03-08T15:44:20.729326+00:00, run_after=2023-03-09T15:44:20.729326+00:00
[2023-03-09T15:44:20.766+0000] {processor.py:175} INFO - Processing /home/airflow/.local/lib/python3.7/site-packages/airflow/example_dags/example_short_circuit_decorator.py took 0.168 seconds
[2023-03-09T15:44:51.771+0000] {processor.py:153} INFO - Started process (PID=940) to work on /home/airflow/.local/lib/python3.7/site-packages/airflow/example_dags/example_short_circuit_decorator.py
[2023-03-09T15:44:51.772+0000] {processor.py:743} INFO - Processing file /home/airflow/.local/lib/python3.7/site-packages/airflow/example_dags/example_short_circuit_decorator.py for tasks to queue
[2023-03-09T15:44:51.773+0000] {logging_mixin.py:137} INFO - [2023-03-09T15:44:51.773+0000] {dagbag.py:538} INFO - Filling up the DagBag from /home/airflow/.local/lib/python3.7/site-packages/airflow/example_dags/example_short_circuit_decorator.py
[2023-03-09T15:44:51.820+0000] {processor.py:753} INFO - DAG(s) dict_keys(['example_short_circuit_decorator']) retrieved from /home/airflow/.local/lib/python3.7/site-packages/airflow/example_dags/example_short_circuit_decorator.py
[2023-03-09T15:44:51.945+0000] {logging_mixin.py:137} INFO - [2023-03-09T15:44:51.945+0000] {dag.py:2690} INFO - Sync 1 DAGs
[2023-03-09T15:44:52.002+0000] {logging_mixin.py:137} INFO - [2023-03-09T15:44:52.002+0000] {dag.py:3441} INFO - Setting next_dagrun for example_short_circuit_decorator to 2023-03-08T15:44:52.002264+00:00, run_after=2023-03-09T15:44:52.002264+00:00
[2023-03-09T15:44:52.037+0000] {processor.py:175} INFO - Processing /home/airflow/.local/lib/python3.7/site-packages/airflow/example_dags/example_short_circuit_decorator.py took 0.270 seconds
[2023-03-09T15:45:23.031+0000] {processor.py:153} INFO - Started process (PID=1006) to work on /home/airflow/.local/lib/python3.7/site-packages/airflow/example_dags/example_short_circuit_decorator.py
[2023-03-09T15:45:23.032+0000] {processor.py:743} INFO - Processing file /home/airflow/.local/lib/python3.7/site-packages/airflow/example_dags/example_short_circuit_decorator.py for tasks to queue
[2023-03-09T15:45:23.033+0000] {logging_mixin.py:137} INFO - [2023-03-09T15:45:23.032+0000] {dagbag.py:538} INFO - Filling up the DagBag from /home/airflow/.local/lib/python3.7/site-packages/airflow/example_dags/example_short_circuit_decorator.py
[2023-03-09T15:45:23.078+0000] {processor.py:753} INFO - DAG(s) dict_keys(['example_short_circuit_decorator']) retrieved from /home/airflow/.local/lib/python3.7/site-packages/airflow/example_dags/example_short_circuit_decorator.py
[2023-03-09T15:45:23.124+0000] {logging_mixin.py:137} INFO - [2023-03-09T15:45:23.123+0000] {dag.py:2690} INFO - Sync 1 DAGs
[2023-03-09T15:45:23.174+0000] {logging_mixin.py:137} INFO - [2023-03-09T15:45:23.174+0000] {dag.py:3441} INFO - Setting next_dagrun for example_short_circuit_decorator to 2023-03-08T15:45:23.174328+00:00, run_after=2023-03-09T15:45:23.174328+00:00
[2023-03-09T15:45:23.207+0000] {processor.py:175} INFO - Processing /home/airflow/.local/lib/python3.7/site-packages/airflow/example_dags/example_short_circuit_decorator.py took 0.181 seconds
[2023-03-09T15:45:53.836+0000] {processor.py:153} INFO - Started process (PID=1073) to work on /home/airflow/.local/lib/python3.7/site-packages/airflow/example_dags/example_short_circuit_decorator.py
[2023-03-09T15:45:53.837+0000] {processor.py:743} INFO - Processing file /home/airflow/.local/lib/python3.7/site-packages/airflow/example_dags/example_short_circuit_decorator.py for tasks to queue
[2023-03-09T15:45:53.838+0000] {logging_mixin.py:137} INFO - [2023-03-09T15:45:53.838+0000] {dagbag.py:538} INFO - Filling up the DagBag from /home/airflow/.local/lib/python3.7/site-packages/airflow/example_dags/example_short_circuit_decorator.py
[2023-03-09T15:45:53.882+0000] {processor.py:753} INFO - DAG(s) dict_keys(['example_short_circuit_decorator']) retrieved from /home/airflow/.local/lib/python3.7/site-packages/airflow/example_dags/example_short_circuit_decorator.py
[2023-03-09T15:45:53.927+0000] {logging_mixin.py:137} INFO - [2023-03-09T15:45:53.927+0000] {dag.py:2690} INFO - Sync 1 DAGs
[2023-03-09T15:45:53.978+0000] {logging_mixin.py:137} INFO - [2023-03-09T15:45:53.978+0000] {dag.py:3441} INFO - Setting next_dagrun for example_short_circuit_decorator to 2023-03-08T15:45:53.978139+00:00, run_after=2023-03-09T15:45:53.978139+00:00
[2023-03-09T15:45:54.015+0000] {processor.py:175} INFO - Processing /home/airflow/.local/lib/python3.7/site-packages/airflow/example_dags/example_short_circuit_decorator.py took 0.184 seconds
[2023-03-09T15:46:24.751+0000] {processor.py:153} INFO - Started process (PID=1136) to work on /home/airflow/.local/lib/python3.7/site-packages/airflow/example_dags/example_short_circuit_decorator.py
[2023-03-09T15:46:24.752+0000] {processor.py:743} INFO - Processing file /home/airflow/.local/lib/python3.7/site-packages/airflow/example_dags/example_short_circuit_decorator.py for tasks to queue
[2023-03-09T15:46:24.753+0000] {logging_mixin.py:137} INFO - [2023-03-09T15:46:24.753+0000] {dagbag.py:538} INFO - Filling up the DagBag from /home/airflow/.local/lib/python3.7/site-packages/airflow/example_dags/example_short_circuit_decorator.py
[2023-03-09T15:46:24.795+0000] {processor.py:753} INFO - DAG(s) dict_keys(['example_short_circuit_decorator']) retrieved from /home/airflow/.local/lib/python3.7/site-packages/airflow/example_dags/example_short_circuit_decorator.py
[2023-03-09T15:46:24.829+0000] {logging_mixin.py:137} INFO - [2023-03-09T15:46:24.829+0000] {dag.py:2690} INFO - Sync 1 DAGs
[2023-03-09T15:46:24.872+0000] {logging_mixin.py:137} INFO - [2023-03-09T15:46:24.872+0000] {dag.py:3441} INFO - Setting next_dagrun for example_short_circuit_decorator to 2023-03-08T15:46:24.871917+00:00, run_after=2023-03-09T15:46:24.871917+00:00
[2023-03-09T15:46:24.901+0000] {processor.py:175} INFO - Processing /home/airflow/.local/lib/python3.7/site-packages/airflow/example_dags/example_short_circuit_decorator.py took 0.153 seconds
[2023-03-09T15:46:55.707+0000] {processor.py:153} INFO - Started process (PID=1199) to work on /home/airflow/.local/lib/python3.7/site-packages/airflow/example_dags/example_short_circuit_decorator.py
[2023-03-09T15:46:55.707+0000] {processor.py:743} INFO - Processing file /home/airflow/.local/lib/python3.7/site-packages/airflow/example_dags/example_short_circuit_decorator.py for tasks to queue
[2023-03-09T15:46:55.708+0000] {logging_mixin.py:137} INFO - [2023-03-09T15:46:55.708+0000] {dagbag.py:538} INFO - Filling up the DagBag from /home/airflow/.local/lib/python3.7/site-packages/airflow/example_dags/example_short_circuit_decorator.py
[2023-03-09T15:46:55.741+0000] {processor.py:753} INFO - DAG(s) dict_keys(['example_short_circuit_decorator']) retrieved from /home/airflow/.local/lib/python3.7/site-packages/airflow/example_dags/example_short_circuit_decorator.py
[2023-03-09T15:46:55.781+0000] {logging_mixin.py:137} INFO - [2023-03-09T15:46:55.781+0000] {dag.py:2690} INFO - Sync 1 DAGs
[2023-03-09T15:46:55.822+0000] {logging_mixin.py:137} INFO - [2023-03-09T15:46:55.822+0000] {dag.py:3441} INFO - Setting next_dagrun for example_short_circuit_decorator to 2023-03-08T15:46:55.822003+00:00, run_after=2023-03-09T15:46:55.822003+00:00
[2023-03-09T15:46:55.854+0000] {processor.py:175} INFO - Processing /home/airflow/.local/lib/python3.7/site-packages/airflow/example_dags/example_short_circuit_decorator.py took 0.150 seconds
[2023-03-09T15:47:26.901+0000] {processor.py:153} INFO - Started process (PID=1268) to work on /home/airflow/.local/lib/python3.7/site-packages/airflow/example_dags/example_short_circuit_decorator.py
[2023-03-09T15:47:26.902+0000] {processor.py:743} INFO - Processing file /home/airflow/.local/lib/python3.7/site-packages/airflow/example_dags/example_short_circuit_decorator.py for tasks to queue
[2023-03-09T15:47:26.902+0000] {logging_mixin.py:137} INFO - [2023-03-09T15:47:26.902+0000] {dagbag.py:538} INFO - Filling up the DagBag from /home/airflow/.local/lib/python3.7/site-packages/airflow/example_dags/example_short_circuit_decorator.py
[2023-03-09T15:47:26.932+0000] {processor.py:753} INFO - DAG(s) dict_keys(['example_short_circuit_decorator']) retrieved from /home/airflow/.local/lib/python3.7/site-packages/airflow/example_dags/example_short_circuit_decorator.py
[2023-03-09T15:47:26.974+0000] {logging_mixin.py:137} INFO - [2023-03-09T15:47:26.973+0000] {dag.py:2690} INFO - Sync 1 DAGs
[2023-03-09T15:47:27.024+0000] {logging_mixin.py:137} INFO - [2023-03-09T15:47:27.024+0000] {dag.py:3441} INFO - Setting next_dagrun for example_short_circuit_decorator to 2023-03-08T15:47:27.023912+00:00, run_after=2023-03-09T15:47:27.023912+00:00
[2023-03-09T15:47:27.056+0000] {processor.py:175} INFO - Processing /home/airflow/.local/lib/python3.7/site-packages/airflow/example_dags/example_short_circuit_decorator.py took 0.159 seconds
[2023-03-09T15:47:58.150+0000] {processor.py:153} INFO - Started process (PID=1336) to work on /home/airflow/.local/lib/python3.7/site-packages/airflow/example_dags/example_short_circuit_decorator.py
[2023-03-09T15:47:58.165+0000] {processor.py:743} INFO - Processing file /home/airflow/.local/lib/python3.7/site-packages/airflow/example_dags/example_short_circuit_decorator.py for tasks to queue
[2023-03-09T15:47:58.166+0000] {logging_mixin.py:137} INFO - [2023-03-09T15:47:58.165+0000] {dagbag.py:538} INFO - Filling up the DagBag from /home/airflow/.local/lib/python3.7/site-packages/airflow/example_dags/example_short_circuit_decorator.py
[2023-03-09T15:47:58.260+0000] {processor.py:753} INFO - DAG(s) dict_keys(['example_short_circuit_decorator']) retrieved from /home/airflow/.local/lib/python3.7/site-packages/airflow/example_dags/example_short_circuit_decorator.py
[2023-03-09T15:47:58.305+0000] {logging_mixin.py:137} INFO - [2023-03-09T15:47:58.305+0000] {dag.py:2690} INFO - Sync 1 DAGs
[2023-03-09T15:47:58.371+0000] {logging_mixin.py:137} INFO - [2023-03-09T15:47:58.371+0000] {dag.py:3441} INFO - Setting next_dagrun for example_short_circuit_decorator to 2023-03-08T15:47:58.370938+00:00, run_after=2023-03-09T15:47:58.370938+00:00
[2023-03-09T15:47:58.432+0000] {processor.py:175} INFO - Processing /home/airflow/.local/lib/python3.7/site-packages/airflow/example_dags/example_short_circuit_decorator.py took 0.299 seconds
[2023-03-09T15:48:29.077+0000] {processor.py:153} INFO - Started process (PID=1399) to work on /home/airflow/.local/lib/python3.7/site-packages/airflow/example_dags/example_short_circuit_decorator.py
[2023-03-09T15:48:29.078+0000] {processor.py:743} INFO - Processing file /home/airflow/.local/lib/python3.7/site-packages/airflow/example_dags/example_short_circuit_decorator.py for tasks to queue
[2023-03-09T15:48:29.079+0000] {logging_mixin.py:137} INFO - [2023-03-09T15:48:29.078+0000] {dagbag.py:538} INFO - Filling up the DagBag from /home/airflow/.local/lib/python3.7/site-packages/airflow/example_dags/example_short_circuit_decorator.py
[2023-03-09T15:48:29.123+0000] {processor.py:753} INFO - DAG(s) dict_keys(['example_short_circuit_decorator']) retrieved from /home/airflow/.local/lib/python3.7/site-packages/airflow/example_dags/example_short_circuit_decorator.py
[2023-03-09T15:48:29.169+0000] {logging_mixin.py:137} INFO - [2023-03-09T15:48:29.168+0000] {dag.py:2690} INFO - Sync 1 DAGs
[2023-03-09T15:48:29.250+0000] {logging_mixin.py:137} INFO - [2023-03-09T15:48:29.250+0000] {dag.py:3441} INFO - Setting next_dagrun for example_short_circuit_decorator to 2023-03-08T15:48:29.249800+00:00, run_after=2023-03-09T15:48:29.249800+00:00
[2023-03-09T15:48:29.297+0000] {processor.py:175} INFO - Processing /home/airflow/.local/lib/python3.7/site-packages/airflow/example_dags/example_short_circuit_decorator.py took 0.225 seconds
[2023-03-09T15:48:59.331+0000] {processor.py:153} INFO - Started process (PID=1461) to work on /home/airflow/.local/lib/python3.7/site-packages/airflow/example_dags/example_short_circuit_decorator.py
[2023-03-09T15:48:59.331+0000] {processor.py:743} INFO - Processing file /home/airflow/.local/lib/python3.7/site-packages/airflow/example_dags/example_short_circuit_decorator.py for tasks to queue
[2023-03-09T15:48:59.332+0000] {logging_mixin.py:137} INFO - [2023-03-09T15:48:59.332+0000] {dagbag.py:538} INFO - Filling up the DagBag from /home/airflow/.local/lib/python3.7/site-packages/airflow/example_dags/example_short_circuit_decorator.py
[2023-03-09T15:48:59.364+0000] {processor.py:753} INFO - DAG(s) dict_keys(['example_short_circuit_decorator']) retrieved from /home/airflow/.local/lib/python3.7/site-packages/airflow/example_dags/example_short_circuit_decorator.py
[2023-03-09T15:48:59.394+0000] {logging_mixin.py:137} INFO - [2023-03-09T15:48:59.393+0000] {dag.py:2690} INFO - Sync 1 DAGs
[2023-03-09T15:48:59.428+0000] {logging_mixin.py:137} INFO - [2023-03-09T15:48:59.428+0000] {dag.py:3441} INFO - Setting next_dagrun for example_short_circuit_decorator to 2023-03-08T15:48:59.428259+00:00, run_after=2023-03-09T15:48:59.428259+00:00
[2023-03-09T15:48:59.450+0000] {processor.py:175} INFO - Processing /home/airflow/.local/lib/python3.7/site-packages/airflow/example_dags/example_short_circuit_decorator.py took 0.123 seconds
[2023-03-09T15:49:29.971+0000] {processor.py:153} INFO - Started process (PID=1523) to work on /home/airflow/.local/lib/python3.7/site-packages/airflow/example_dags/example_short_circuit_decorator.py
[2023-03-09T15:49:29.972+0000] {processor.py:743} INFO - Processing file /home/airflow/.local/lib/python3.7/site-packages/airflow/example_dags/example_short_circuit_decorator.py for tasks to queue
[2023-03-09T15:49:29.973+0000] {logging_mixin.py:137} INFO - [2023-03-09T15:49:29.973+0000] {dagbag.py:538} INFO - Filling up the DagBag from /home/airflow/.local/lib/python3.7/site-packages/airflow/example_dags/example_short_circuit_decorator.py
[2023-03-09T15:49:30.005+0000] {processor.py:753} INFO - DAG(s) dict_keys(['example_short_circuit_decorator']) retrieved from /home/airflow/.local/lib/python3.7/site-packages/airflow/example_dags/example_short_circuit_decorator.py
[2023-03-09T15:49:30.037+0000] {logging_mixin.py:137} INFO - [2023-03-09T15:49:30.037+0000] {dag.py:2690} INFO - Sync 1 DAGs
[2023-03-09T15:49:30.079+0000] {logging_mixin.py:137} INFO - [2023-03-09T15:49:30.079+0000] {dag.py:3441} INFO - Setting next_dagrun for example_short_circuit_decorator to 2023-03-08T15:49:30.078969+00:00, run_after=2023-03-09T15:49:30.078969+00:00
[2023-03-09T15:49:30.114+0000] {processor.py:175} INFO - Processing /home/airflow/.local/lib/python3.7/site-packages/airflow/example_dags/example_short_circuit_decorator.py took 0.145 seconds
