[2023-03-09T15:38:08.000+0000] {processor.py:153} INFO - Started process (PID=71) to work on /home/airflow/.local/lib/python3.7/site-packages/airflow/example_dags/example_task_group_decorator.py
[2023-03-09T15:38:08.001+0000] {processor.py:743} INFO - Processing file /home/airflow/.local/lib/python3.7/site-packages/airflow/example_dags/example_task_group_decorator.py for tasks to queue
[2023-03-09T15:38:08.002+0000] {logging_mixin.py:137} INFO - [2023-03-09T15:38:08.002+0000] {dagbag.py:538} INFO - Filling up the DagBag from /home/airflow/.local/lib/python3.7/site-packages/airflow/example_dags/example_task_group_decorator.py
[2023-03-09T15:38:08.244+0000] {processor.py:753} INFO - DAG(s) dict_keys(['example_task_group_decorator']) retrieved from /home/airflow/.local/lib/python3.7/site-packages/airflow/example_dags/example_task_group_decorator.py
[2023-03-09T15:38:08.549+0000] {logging_mixin.py:137} INFO - [2023-03-09T15:38:08.548+0000] {dag.py:2690} INFO - Sync 1 DAGs
[2023-03-09T15:38:08.796+0000] {logging_mixin.py:137} INFO - [2023-03-09T15:38:08.796+0000] {dag.py:3441} INFO - Setting next_dagrun for example_task_group_decorator to 2023-03-08T15:38:08.795637+00:00, run_after=2023-03-09T15:38:08.795637+00:00
[2023-03-09T15:38:08.960+0000] {processor.py:175} INFO - Processing /home/airflow/.local/lib/python3.7/site-packages/airflow/example_dags/example_task_group_decorator.py took 0.976 seconds
[2023-03-09T15:38:39.080+0000] {processor.py:153} INFO - Started process (PID=132) to work on /home/airflow/.local/lib/python3.7/site-packages/airflow/example_dags/example_task_group_decorator.py
[2023-03-09T15:38:39.081+0000] {processor.py:743} INFO - Processing file /home/airflow/.local/lib/python3.7/site-packages/airflow/example_dags/example_task_group_decorator.py for tasks to queue
[2023-03-09T15:38:39.082+0000] {logging_mixin.py:137} INFO - [2023-03-09T15:38:39.082+0000] {dagbag.py:538} INFO - Filling up the DagBag from /home/airflow/.local/lib/python3.7/site-packages/airflow/example_dags/example_task_group_decorator.py
[2023-03-09T15:38:39.197+0000] {processor.py:753} INFO - DAG(s) dict_keys(['example_task_group_decorator']) retrieved from /home/airflow/.local/lib/python3.7/site-packages/airflow/example_dags/example_task_group_decorator.py
[2023-03-09T15:38:39.267+0000] {logging_mixin.py:137} INFO - [2023-03-09T15:38:39.267+0000] {dag.py:2690} INFO - Sync 1 DAGs
[2023-03-09T15:38:39.321+0000] {logging_mixin.py:137} INFO - [2023-03-09T15:38:39.321+0000] {dag.py:3441} INFO - Setting next_dagrun for example_task_group_decorator to 2023-03-08T15:38:39.321013+00:00, run_after=2023-03-09T15:38:39.321013+00:00
[2023-03-09T15:38:39.357+0000] {processor.py:175} INFO - Processing /home/airflow/.local/lib/python3.7/site-packages/airflow/example_dags/example_task_group_decorator.py took 0.281 seconds
[2023-03-09T15:39:09.948+0000] {processor.py:153} INFO - Started process (PID=199) to work on /home/airflow/.local/lib/python3.7/site-packages/airflow/example_dags/example_task_group_decorator.py
[2023-03-09T15:39:09.949+0000] {processor.py:743} INFO - Processing file /home/airflow/.local/lib/python3.7/site-packages/airflow/example_dags/example_task_group_decorator.py for tasks to queue
[2023-03-09T15:39:09.950+0000] {logging_mixin.py:137} INFO - [2023-03-09T15:39:09.950+0000] {dagbag.py:538} INFO - Filling up the DagBag from /home/airflow/.local/lib/python3.7/site-packages/airflow/example_dags/example_task_group_decorator.py
[2023-03-09T15:39:10.028+0000] {processor.py:753} INFO - DAG(s) dict_keys(['example_task_group_decorator']) retrieved from /home/airflow/.local/lib/python3.7/site-packages/airflow/example_dags/example_task_group_decorator.py
[2023-03-09T15:39:10.072+0000] {logging_mixin.py:137} INFO - [2023-03-09T15:39:10.072+0000] {dag.py:2690} INFO - Sync 1 DAGs
[2023-03-09T15:39:10.117+0000] {logging_mixin.py:137} INFO - [2023-03-09T15:39:10.117+0000] {dag.py:3441} INFO - Setting next_dagrun for example_task_group_decorator to 2023-03-08T15:39:10.117311+00:00, run_after=2023-03-09T15:39:10.117311+00:00
[2023-03-09T15:39:10.163+0000] {processor.py:175} INFO - Processing /home/airflow/.local/lib/python3.7/site-packages/airflow/example_dags/example_task_group_decorator.py took 0.220 seconds
[2023-03-09T15:39:40.330+0000] {processor.py:153} INFO - Started process (PID=262) to work on /home/airflow/.local/lib/python3.7/site-packages/airflow/example_dags/example_task_group_decorator.py
[2023-03-09T15:39:40.330+0000] {processor.py:743} INFO - Processing file /home/airflow/.local/lib/python3.7/site-packages/airflow/example_dags/example_task_group_decorator.py for tasks to queue
[2023-03-09T15:39:40.331+0000] {logging_mixin.py:137} INFO - [2023-03-09T15:39:40.331+0000] {dagbag.py:538} INFO - Filling up the DagBag from /home/airflow/.local/lib/python3.7/site-packages/airflow/example_dags/example_task_group_decorator.py
[2023-03-09T15:39:40.365+0000] {processor.py:753} INFO - DAG(s) dict_keys(['example_task_group_decorator']) retrieved from /home/airflow/.local/lib/python3.7/site-packages/airflow/example_dags/example_task_group_decorator.py
[2023-03-09T15:39:40.399+0000] {logging_mixin.py:137} INFO - [2023-03-09T15:39:40.399+0000] {dag.py:2690} INFO - Sync 1 DAGs
[2023-03-09T15:39:40.432+0000] {logging_mixin.py:137} INFO - [2023-03-09T15:39:40.432+0000] {dag.py:3441} INFO - Setting next_dagrun for example_task_group_decorator to 2023-03-08T15:39:40.432252+00:00, run_after=2023-03-09T15:39:40.432252+00:00
[2023-03-09T15:39:40.455+0000] {processor.py:175} INFO - Processing /home/airflow/.local/lib/python3.7/site-packages/airflow/example_dags/example_task_group_decorator.py took 0.129 seconds
[2023-03-09T15:40:10.960+0000] {processor.py:153} INFO - Started process (PID=325) to work on /home/airflow/.local/lib/python3.7/site-packages/airflow/example_dags/example_task_group_decorator.py
[2023-03-09T15:40:10.961+0000] {processor.py:743} INFO - Processing file /home/airflow/.local/lib/python3.7/site-packages/airflow/example_dags/example_task_group_decorator.py for tasks to queue
[2023-03-09T15:40:10.962+0000] {logging_mixin.py:137} INFO - [2023-03-09T15:40:10.962+0000] {dagbag.py:538} INFO - Filling up the DagBag from /home/airflow/.local/lib/python3.7/site-packages/airflow/example_dags/example_task_group_decorator.py
[2023-03-09T15:40:11.017+0000] {processor.py:753} INFO - DAG(s) dict_keys(['example_task_group_decorator']) retrieved from /home/airflow/.local/lib/python3.7/site-packages/airflow/example_dags/example_task_group_decorator.py
[2023-03-09T15:40:11.064+0000] {logging_mixin.py:137} INFO - [2023-03-09T15:40:11.064+0000] {dag.py:2690} INFO - Sync 1 DAGs
[2023-03-09T15:40:11.105+0000] {logging_mixin.py:137} INFO - [2023-03-09T15:40:11.105+0000] {dag.py:3441} INFO - Setting next_dagrun for example_task_group_decorator to 2023-03-08T15:40:11.104877+00:00, run_after=2023-03-09T15:40:11.104877+00:00
[2023-03-09T15:40:11.131+0000] {processor.py:175} INFO - Processing /home/airflow/.local/lib/python3.7/site-packages/airflow/example_dags/example_task_group_decorator.py took 0.176 seconds
[2023-03-09T15:40:41.843+0000] {processor.py:153} INFO - Started process (PID=397) to work on /home/airflow/.local/lib/python3.7/site-packages/airflow/example_dags/example_task_group_decorator.py
[2023-03-09T15:40:41.844+0000] {processor.py:743} INFO - Processing file /home/airflow/.local/lib/python3.7/site-packages/airflow/example_dags/example_task_group_decorator.py for tasks to queue
[2023-03-09T15:40:41.845+0000] {logging_mixin.py:137} INFO - [2023-03-09T15:40:41.845+0000] {dagbag.py:538} INFO - Filling up the DagBag from /home/airflow/.local/lib/python3.7/site-packages/airflow/example_dags/example_task_group_decorator.py
[2023-03-09T15:40:41.937+0000] {processor.py:753} INFO - DAG(s) dict_keys(['example_task_group_decorator']) retrieved from /home/airflow/.local/lib/python3.7/site-packages/airflow/example_dags/example_task_group_decorator.py
[2023-03-09T15:40:41.996+0000] {logging_mixin.py:137} INFO - [2023-03-09T15:40:41.995+0000] {dag.py:2690} INFO - Sync 1 DAGs
[2023-03-09T15:40:42.062+0000] {logging_mixin.py:137} INFO - [2023-03-09T15:40:42.062+0000] {dag.py:3441} INFO - Setting next_dagrun for example_task_group_decorator to 2023-03-08T15:40:42.061783+00:00, run_after=2023-03-09T15:40:42.061783+00:00
[2023-03-09T15:40:42.090+0000] {processor.py:175} INFO - Processing /home/airflow/.local/lib/python3.7/site-packages/airflow/example_dags/example_task_group_decorator.py took 0.253 seconds
[2023-03-09T15:41:12.154+0000] {processor.py:153} INFO - Started process (PID=462) to work on /home/airflow/.local/lib/python3.7/site-packages/airflow/example_dags/example_task_group_decorator.py
[2023-03-09T15:41:12.155+0000] {processor.py:743} INFO - Processing file /home/airflow/.local/lib/python3.7/site-packages/airflow/example_dags/example_task_group_decorator.py for tasks to queue
[2023-03-09T15:41:12.173+0000] {logging_mixin.py:137} INFO - [2023-03-09T15:41:12.173+0000] {dagbag.py:538} INFO - Filling up the DagBag from /home/airflow/.local/lib/python3.7/site-packages/airflow/example_dags/example_task_group_decorator.py
[2023-03-09T15:41:12.230+0000] {processor.py:753} INFO - DAG(s) dict_keys(['example_task_group_decorator']) retrieved from /home/airflow/.local/lib/python3.7/site-packages/airflow/example_dags/example_task_group_decorator.py
[2023-03-09T15:41:12.276+0000] {logging_mixin.py:137} INFO - [2023-03-09T15:41:12.276+0000] {dag.py:2690} INFO - Sync 1 DAGs
[2023-03-09T15:41:12.328+0000] {logging_mixin.py:137} INFO - [2023-03-09T15:41:12.328+0000] {dag.py:3441} INFO - Setting next_dagrun for example_task_group_decorator to 2023-03-08T15:41:12.327791+00:00, run_after=2023-03-09T15:41:12.327791+00:00
[2023-03-09T15:41:12.357+0000] {processor.py:175} INFO - Processing /home/airflow/.local/lib/python3.7/site-packages/airflow/example_dags/example_task_group_decorator.py took 0.208 seconds
[2023-03-09T15:41:43.011+0000] {processor.py:153} INFO - Started process (PID=526) to work on /home/airflow/.local/lib/python3.7/site-packages/airflow/example_dags/example_task_group_decorator.py
[2023-03-09T15:41:43.012+0000] {processor.py:743} INFO - Processing file /home/airflow/.local/lib/python3.7/site-packages/airflow/example_dags/example_task_group_decorator.py for tasks to queue
[2023-03-09T15:41:43.012+0000] {logging_mixin.py:137} INFO - [2023-03-09T15:41:43.012+0000] {dagbag.py:538} INFO - Filling up the DagBag from /home/airflow/.local/lib/python3.7/site-packages/airflow/example_dags/example_task_group_decorator.py
[2023-03-09T15:41:43.079+0000] {processor.py:753} INFO - DAG(s) dict_keys(['example_task_group_decorator']) retrieved from /home/airflow/.local/lib/python3.7/site-packages/airflow/example_dags/example_task_group_decorator.py
[2023-03-09T15:41:43.146+0000] {logging_mixin.py:137} INFO - [2023-03-09T15:41:43.146+0000] {dag.py:2690} INFO - Sync 1 DAGs
[2023-03-09T15:41:43.191+0000] {logging_mixin.py:137} INFO - [2023-03-09T15:41:43.191+0000] {dag.py:3441} INFO - Setting next_dagrun for example_task_group_decorator to 2023-03-08T15:41:43.191011+00:00, run_after=2023-03-09T15:41:43.191011+00:00
[2023-03-09T15:41:43.222+0000] {processor.py:175} INFO - Processing /home/airflow/.local/lib/python3.7/site-packages/airflow/example_dags/example_task_group_decorator.py took 0.215 seconds
[2023-03-09T15:42:13.944+0000] {processor.py:153} INFO - Started process (PID=591) to work on /home/airflow/.local/lib/python3.7/site-packages/airflow/example_dags/example_task_group_decorator.py
[2023-03-09T15:42:13.947+0000] {processor.py:743} INFO - Processing file /home/airflow/.local/lib/python3.7/site-packages/airflow/example_dags/example_task_group_decorator.py for tasks to queue
[2023-03-09T15:42:13.949+0000] {logging_mixin.py:137} INFO - [2023-03-09T15:42:13.949+0000] {dagbag.py:538} INFO - Filling up the DagBag from /home/airflow/.local/lib/python3.7/site-packages/airflow/example_dags/example_task_group_decorator.py
[2023-03-09T15:42:14.010+0000] {processor.py:753} INFO - DAG(s) dict_keys(['example_task_group_decorator']) retrieved from /home/airflow/.local/lib/python3.7/site-packages/airflow/example_dags/example_task_group_decorator.py
[2023-03-09T15:42:14.044+0000] {logging_mixin.py:137} INFO - [2023-03-09T15:42:14.044+0000] {dag.py:2690} INFO - Sync 1 DAGs
[2023-03-09T15:42:14.081+0000] {logging_mixin.py:137} INFO - [2023-03-09T15:42:14.080+0000] {dag.py:3441} INFO - Setting next_dagrun for example_task_group_decorator to 2023-03-08T15:42:14.080628+00:00, run_after=2023-03-09T15:42:14.080628+00:00
[2023-03-09T15:42:14.116+0000] {processor.py:175} INFO - Processing /home/airflow/.local/lib/python3.7/site-packages/airflow/example_dags/example_task_group_decorator.py took 0.180 seconds
[2023-03-09T15:42:44.618+0000] {processor.py:153} INFO - Started process (PID=662) to work on /home/airflow/.local/lib/python3.7/site-packages/airflow/example_dags/example_task_group_decorator.py
[2023-03-09T15:42:44.619+0000] {processor.py:743} INFO - Processing file /home/airflow/.local/lib/python3.7/site-packages/airflow/example_dags/example_task_group_decorator.py for tasks to queue
[2023-03-09T15:42:44.620+0000] {logging_mixin.py:137} INFO - [2023-03-09T15:42:44.620+0000] {dagbag.py:538} INFO - Filling up the DagBag from /home/airflow/.local/lib/python3.7/site-packages/airflow/example_dags/example_task_group_decorator.py
[2023-03-09T15:42:44.685+0000] {processor.py:753} INFO - DAG(s) dict_keys(['example_task_group_decorator']) retrieved from /home/airflow/.local/lib/python3.7/site-packages/airflow/example_dags/example_task_group_decorator.py
[2023-03-09T15:42:44.811+0000] {logging_mixin.py:137} INFO - [2023-03-09T15:42:44.810+0000] {dag.py:2690} INFO - Sync 1 DAGs
[2023-03-09T15:42:44.884+0000] {logging_mixin.py:137} INFO - [2023-03-09T15:42:44.884+0000] {dag.py:3441} INFO - Setting next_dagrun for example_task_group_decorator to 2023-03-08T15:42:44.884009+00:00, run_after=2023-03-09T15:42:44.884009+00:00
[2023-03-09T15:42:44.984+0000] {processor.py:175} INFO - Processing /home/airflow/.local/lib/python3.7/site-packages/airflow/example_dags/example_task_group_decorator.py took 0.370 seconds
[2023-03-09T15:43:15.640+0000] {processor.py:153} INFO - Started process (PID=729) to work on /home/airflow/.local/lib/python3.7/site-packages/airflow/example_dags/example_task_group_decorator.py
[2023-03-09T15:43:15.648+0000] {processor.py:743} INFO - Processing file /home/airflow/.local/lib/python3.7/site-packages/airflow/example_dags/example_task_group_decorator.py for tasks to queue
[2023-03-09T15:43:15.649+0000] {logging_mixin.py:137} INFO - [2023-03-09T15:43:15.649+0000] {dagbag.py:538} INFO - Filling up the DagBag from /home/airflow/.local/lib/python3.7/site-packages/airflow/example_dags/example_task_group_decorator.py
[2023-03-09T15:43:15.742+0000] {processor.py:753} INFO - DAG(s) dict_keys(['example_task_group_decorator']) retrieved from /home/airflow/.local/lib/python3.7/site-packages/airflow/example_dags/example_task_group_decorator.py
[2023-03-09T15:43:15.790+0000] {logging_mixin.py:137} INFO - [2023-03-09T15:43:15.790+0000] {dag.py:2690} INFO - Sync 1 DAGs
[2023-03-09T15:43:15.845+0000] {logging_mixin.py:137} INFO - [2023-03-09T15:43:15.845+0000] {dag.py:3441} INFO - Setting next_dagrun for example_task_group_decorator to 2023-03-08T15:43:15.845211+00:00, run_after=2023-03-09T15:43:15.845211+00:00
[2023-03-09T15:43:15.897+0000] {processor.py:175} INFO - Processing /home/airflow/.local/lib/python3.7/site-packages/airflow/example_dags/example_task_group_decorator.py took 0.278 seconds
[2023-03-09T15:43:45.941+0000] {processor.py:153} INFO - Started process (PID=791) to work on /home/airflow/.local/lib/python3.7/site-packages/airflow/example_dags/example_task_group_decorator.py
[2023-03-09T15:43:45.942+0000] {processor.py:743} INFO - Processing file /home/airflow/.local/lib/python3.7/site-packages/airflow/example_dags/example_task_group_decorator.py for tasks to queue
[2023-03-09T15:43:45.943+0000] {logging_mixin.py:137} INFO - [2023-03-09T15:43:45.943+0000] {dagbag.py:538} INFO - Filling up the DagBag from /home/airflow/.local/lib/python3.7/site-packages/airflow/example_dags/example_task_group_decorator.py
[2023-03-09T15:43:45.978+0000] {processor.py:753} INFO - DAG(s) dict_keys(['example_task_group_decorator']) retrieved from /home/airflow/.local/lib/python3.7/site-packages/airflow/example_dags/example_task_group_decorator.py
[2023-03-09T15:43:46.013+0000] {logging_mixin.py:137} INFO - [2023-03-09T15:43:46.013+0000] {dag.py:2690} INFO - Sync 1 DAGs
[2023-03-09T15:43:46.054+0000] {logging_mixin.py:137} INFO - [2023-03-09T15:43:46.053+0000] {dag.py:3441} INFO - Setting next_dagrun for example_task_group_decorator to 2023-03-08T15:43:46.053377+00:00, run_after=2023-03-09T15:43:46.053377+00:00
[2023-03-09T15:43:46.096+0000] {processor.py:175} INFO - Processing /home/airflow/.local/lib/python3.7/site-packages/airflow/example_dags/example_task_group_decorator.py took 0.158 seconds
[2023-03-09T15:44:16.161+0000] {processor.py:153} INFO - Started process (PID=853) to work on /home/airflow/.local/lib/python3.7/site-packages/airflow/example_dags/example_task_group_decorator.py
[2023-03-09T15:44:16.162+0000] {processor.py:743} INFO - Processing file /home/airflow/.local/lib/python3.7/site-packages/airflow/example_dags/example_task_group_decorator.py for tasks to queue
[2023-03-09T15:44:16.163+0000] {logging_mixin.py:137} INFO - [2023-03-09T15:44:16.162+0000] {dagbag.py:538} INFO - Filling up the DagBag from /home/airflow/.local/lib/python3.7/site-packages/airflow/example_dags/example_task_group_decorator.py
[2023-03-09T15:44:16.212+0000] {processor.py:753} INFO - DAG(s) dict_keys(['example_task_group_decorator']) retrieved from /home/airflow/.local/lib/python3.7/site-packages/airflow/example_dags/example_task_group_decorator.py
[2023-03-09T15:44:16.257+0000] {logging_mixin.py:137} INFO - [2023-03-09T15:44:16.257+0000] {dag.py:2690} INFO - Sync 1 DAGs
[2023-03-09T15:44:16.305+0000] {logging_mixin.py:137} INFO - [2023-03-09T15:44:16.305+0000] {dag.py:3441} INFO - Setting next_dagrun for example_task_group_decorator to 2023-03-08T15:44:16.304910+00:00, run_after=2023-03-09T15:44:16.304910+00:00
[2023-03-09T15:44:16.333+0000] {processor.py:175} INFO - Processing /home/airflow/.local/lib/python3.7/site-packages/airflow/example_dags/example_task_group_decorator.py took 0.175 seconds
[2023-03-09T15:44:46.752+0000] {processor.py:153} INFO - Started process (PID=917) to work on /home/airflow/.local/lib/python3.7/site-packages/airflow/example_dags/example_task_group_decorator.py
[2023-03-09T15:44:46.753+0000] {processor.py:743} INFO - Processing file /home/airflow/.local/lib/python3.7/site-packages/airflow/example_dags/example_task_group_decorator.py for tasks to queue
[2023-03-09T15:44:46.754+0000] {logging_mixin.py:137} INFO - [2023-03-09T15:44:46.754+0000] {dagbag.py:538} INFO - Filling up the DagBag from /home/airflow/.local/lib/python3.7/site-packages/airflow/example_dags/example_task_group_decorator.py
[2023-03-09T15:44:46.808+0000] {processor.py:753} INFO - DAG(s) dict_keys(['example_task_group_decorator']) retrieved from /home/airflow/.local/lib/python3.7/site-packages/airflow/example_dags/example_task_group_decorator.py
[2023-03-09T15:44:46.872+0000] {logging_mixin.py:137} INFO - [2023-03-09T15:44:46.872+0000] {dag.py:2690} INFO - Sync 1 DAGs
[2023-03-09T15:44:46.958+0000] {logging_mixin.py:137} INFO - [2023-03-09T15:44:46.958+0000] {dag.py:3441} INFO - Setting next_dagrun for example_task_group_decorator to 2023-03-08T15:44:46.957926+00:00, run_after=2023-03-09T15:44:46.957926+00:00
[2023-03-09T15:44:47.037+0000] {processor.py:175} INFO - Processing /home/airflow/.local/lib/python3.7/site-packages/airflow/example_dags/example_task_group_decorator.py took 0.290 seconds
[2023-03-09T15:45:17.397+0000] {processor.py:153} INFO - Started process (PID=979) to work on /home/airflow/.local/lib/python3.7/site-packages/airflow/example_dags/example_task_group_decorator.py
[2023-03-09T15:45:17.398+0000] {processor.py:743} INFO - Processing file /home/airflow/.local/lib/python3.7/site-packages/airflow/example_dags/example_task_group_decorator.py for tasks to queue
[2023-03-09T15:45:17.398+0000] {logging_mixin.py:137} INFO - [2023-03-09T15:45:17.398+0000] {dagbag.py:538} INFO - Filling up the DagBag from /home/airflow/.local/lib/python3.7/site-packages/airflow/example_dags/example_task_group_decorator.py
[2023-03-09T15:45:17.447+0000] {processor.py:753} INFO - DAG(s) dict_keys(['example_task_group_decorator']) retrieved from /home/airflow/.local/lib/python3.7/site-packages/airflow/example_dags/example_task_group_decorator.py
[2023-03-09T15:45:17.492+0000] {logging_mixin.py:137} INFO - [2023-03-09T15:45:17.492+0000] {dag.py:2690} INFO - Sync 1 DAGs
[2023-03-09T15:45:17.539+0000] {logging_mixin.py:137} INFO - [2023-03-09T15:45:17.539+0000] {dag.py:3441} INFO - Setting next_dagrun for example_task_group_decorator to 2023-03-08T15:45:17.538947+00:00, run_after=2023-03-09T15:45:17.538947+00:00
[2023-03-09T15:45:17.569+0000] {processor.py:175} INFO - Processing /home/airflow/.local/lib/python3.7/site-packages/airflow/example_dags/example_task_group_decorator.py took 0.177 seconds
[2023-03-09T15:45:47.932+0000] {processor.py:153} INFO - Started process (PID=1052) to work on /home/airflow/.local/lib/python3.7/site-packages/airflow/example_dags/example_task_group_decorator.py
[2023-03-09T15:45:47.933+0000] {processor.py:743} INFO - Processing file /home/airflow/.local/lib/python3.7/site-packages/airflow/example_dags/example_task_group_decorator.py for tasks to queue
[2023-03-09T15:45:47.934+0000] {logging_mixin.py:137} INFO - [2023-03-09T15:45:47.933+0000] {dagbag.py:538} INFO - Filling up the DagBag from /home/airflow/.local/lib/python3.7/site-packages/airflow/example_dags/example_task_group_decorator.py
[2023-03-09T15:45:47.987+0000] {processor.py:753} INFO - DAG(s) dict_keys(['example_task_group_decorator']) retrieved from /home/airflow/.local/lib/python3.7/site-packages/airflow/example_dags/example_task_group_decorator.py
[2023-03-09T15:45:48.045+0000] {logging_mixin.py:137} INFO - [2023-03-09T15:45:48.044+0000] {dag.py:2690} INFO - Sync 1 DAGs
[2023-03-09T15:45:48.174+0000] {logging_mixin.py:137} INFO - [2023-03-09T15:45:48.174+0000] {dag.py:3441} INFO - Setting next_dagrun for example_task_group_decorator to 2023-03-08T15:45:48.174162+00:00, run_after=2023-03-09T15:45:48.174162+00:00
[2023-03-09T15:45:48.280+0000] {processor.py:175} INFO - Processing /home/airflow/.local/lib/python3.7/site-packages/airflow/example_dags/example_task_group_decorator.py took 0.353 seconds
[2023-03-09T15:46:18.954+0000] {processor.py:153} INFO - Started process (PID=1121) to work on /home/airflow/.local/lib/python3.7/site-packages/airflow/example_dags/example_task_group_decorator.py
[2023-03-09T15:46:18.960+0000] {processor.py:743} INFO - Processing file /home/airflow/.local/lib/python3.7/site-packages/airflow/example_dags/example_task_group_decorator.py for tasks to queue
[2023-03-09T15:46:18.961+0000] {logging_mixin.py:137} INFO - [2023-03-09T15:46:18.961+0000] {dagbag.py:538} INFO - Filling up the DagBag from /home/airflow/.local/lib/python3.7/site-packages/airflow/example_dags/example_task_group_decorator.py
[2023-03-09T15:46:19.130+0000] {processor.py:753} INFO - DAG(s) dict_keys(['example_task_group_decorator']) retrieved from /home/airflow/.local/lib/python3.7/site-packages/airflow/example_dags/example_task_group_decorator.py
[2023-03-09T15:46:19.293+0000] {logging_mixin.py:137} INFO - [2023-03-09T15:46:19.292+0000] {dag.py:2690} INFO - Sync 1 DAGs
[2023-03-09T15:46:19.375+0000] {logging_mixin.py:137} INFO - [2023-03-09T15:46:19.375+0000] {dag.py:3441} INFO - Setting next_dagrun for example_task_group_decorator to 2023-03-08T15:46:19.374678+00:00, run_after=2023-03-09T15:46:19.374678+00:00
[2023-03-09T15:46:19.423+0000] {processor.py:175} INFO - Processing /home/airflow/.local/lib/python3.7/site-packages/airflow/example_dags/example_task_group_decorator.py took 0.477 seconds
[2023-03-09T15:46:49.563+0000] {processor.py:153} INFO - Started process (PID=1184) to work on /home/airflow/.local/lib/python3.7/site-packages/airflow/example_dags/example_task_group_decorator.py
[2023-03-09T15:46:49.565+0000] {processor.py:743} INFO - Processing file /home/airflow/.local/lib/python3.7/site-packages/airflow/example_dags/example_task_group_decorator.py for tasks to queue
[2023-03-09T15:46:49.566+0000] {logging_mixin.py:137} INFO - [2023-03-09T15:46:49.565+0000] {dagbag.py:538} INFO - Filling up the DagBag from /home/airflow/.local/lib/python3.7/site-packages/airflow/example_dags/example_task_group_decorator.py
[2023-03-09T15:46:49.796+0000] {processor.py:753} INFO - DAG(s) dict_keys(['example_task_group_decorator']) retrieved from /home/airflow/.local/lib/python3.7/site-packages/airflow/example_dags/example_task_group_decorator.py
[2023-03-09T15:46:49.932+0000] {logging_mixin.py:137} INFO - [2023-03-09T15:46:49.932+0000] {dag.py:2690} INFO - Sync 1 DAGs
[2023-03-09T15:46:49.987+0000] {logging_mixin.py:137} INFO - [2023-03-09T15:46:49.987+0000] {dag.py:3441} INFO - Setting next_dagrun for example_task_group_decorator to 2023-03-08T15:46:49.987332+00:00, run_after=2023-03-09T15:46:49.987332+00:00
[2023-03-09T15:46:50.025+0000] {processor.py:175} INFO - Processing /home/airflow/.local/lib/python3.7/site-packages/airflow/example_dags/example_task_group_decorator.py took 0.505 seconds
[2023-03-09T15:47:20.170+0000] {processor.py:153} INFO - Started process (PID=1247) to work on /home/airflow/.local/lib/python3.7/site-packages/airflow/example_dags/example_task_group_decorator.py
[2023-03-09T15:47:20.171+0000] {processor.py:743} INFO - Processing file /home/airflow/.local/lib/python3.7/site-packages/airflow/example_dags/example_task_group_decorator.py for tasks to queue
[2023-03-09T15:47:20.172+0000] {logging_mixin.py:137} INFO - [2023-03-09T15:47:20.172+0000] {dagbag.py:538} INFO - Filling up the DagBag from /home/airflow/.local/lib/python3.7/site-packages/airflow/example_dags/example_task_group_decorator.py
[2023-03-09T15:47:20.284+0000] {processor.py:753} INFO - DAG(s) dict_keys(['example_task_group_decorator']) retrieved from /home/airflow/.local/lib/python3.7/site-packages/airflow/example_dags/example_task_group_decorator.py
[2023-03-09T15:47:20.344+0000] {logging_mixin.py:137} INFO - [2023-03-09T15:47:20.344+0000] {dag.py:2690} INFO - Sync 1 DAGs
[2023-03-09T15:47:20.395+0000] {logging_mixin.py:137} INFO - [2023-03-09T15:47:20.394+0000] {dag.py:3441} INFO - Setting next_dagrun for example_task_group_decorator to 2023-03-08T15:47:20.394546+00:00, run_after=2023-03-09T15:47:20.394546+00:00
[2023-03-09T15:47:20.426+0000] {processor.py:175} INFO - Processing /home/airflow/.local/lib/python3.7/site-packages/airflow/example_dags/example_task_group_decorator.py took 0.263 seconds
[2023-03-09T15:47:50.705+0000] {processor.py:153} INFO - Started process (PID=1309) to work on /home/airflow/.local/lib/python3.7/site-packages/airflow/example_dags/example_task_group_decorator.py
[2023-03-09T15:47:50.706+0000] {processor.py:743} INFO - Processing file /home/airflow/.local/lib/python3.7/site-packages/airflow/example_dags/example_task_group_decorator.py for tasks to queue
[2023-03-09T15:47:50.707+0000] {logging_mixin.py:137} INFO - [2023-03-09T15:47:50.707+0000] {dagbag.py:538} INFO - Filling up the DagBag from /home/airflow/.local/lib/python3.7/site-packages/airflow/example_dags/example_task_group_decorator.py
[2023-03-09T15:47:50.773+0000] {processor.py:753} INFO - DAG(s) dict_keys(['example_task_group_decorator']) retrieved from /home/airflow/.local/lib/python3.7/site-packages/airflow/example_dags/example_task_group_decorator.py
[2023-03-09T15:47:50.871+0000] {logging_mixin.py:137} INFO - [2023-03-09T15:47:50.871+0000] {dag.py:2690} INFO - Sync 1 DAGs
[2023-03-09T15:47:50.961+0000] {logging_mixin.py:137} INFO - [2023-03-09T15:47:50.961+0000] {dag.py:3441} INFO - Setting next_dagrun for example_task_group_decorator to 2023-03-08T15:47:50.961089+00:00, run_after=2023-03-09T15:47:50.961089+00:00
[2023-03-09T15:47:51.006+0000] {processor.py:175} INFO - Processing /home/airflow/.local/lib/python3.7/site-packages/airflow/example_dags/example_task_group_decorator.py took 0.307 seconds
[2023-03-09T15:48:21.045+0000] {processor.py:153} INFO - Started process (PID=1373) to work on /home/airflow/.local/lib/python3.7/site-packages/airflow/example_dags/example_task_group_decorator.py
[2023-03-09T15:48:21.046+0000] {processor.py:743} INFO - Processing file /home/airflow/.local/lib/python3.7/site-packages/airflow/example_dags/example_task_group_decorator.py for tasks to queue
[2023-03-09T15:48:21.047+0000] {logging_mixin.py:137} INFO - [2023-03-09T15:48:21.047+0000] {dagbag.py:538} INFO - Filling up the DagBag from /home/airflow/.local/lib/python3.7/site-packages/airflow/example_dags/example_task_group_decorator.py
[2023-03-09T15:48:21.088+0000] {processor.py:753} INFO - DAG(s) dict_keys(['example_task_group_decorator']) retrieved from /home/airflow/.local/lib/python3.7/site-packages/airflow/example_dags/example_task_group_decorator.py
[2023-03-09T15:48:21.129+0000] {logging_mixin.py:137} INFO - [2023-03-09T15:48:21.128+0000] {dag.py:2690} INFO - Sync 1 DAGs
[2023-03-09T15:48:21.181+0000] {logging_mixin.py:137} INFO - [2023-03-09T15:48:21.181+0000] {dag.py:3441} INFO - Setting next_dagrun for example_task_group_decorator to 2023-03-08T15:48:21.180752+00:00, run_after=2023-03-09T15:48:21.180752+00:00
[2023-03-09T15:48:21.228+0000] {processor.py:175} INFO - Processing /home/airflow/.local/lib/python3.7/site-packages/airflow/example_dags/example_task_group_decorator.py took 0.186 seconds
[2023-03-09T15:48:51.662+0000] {processor.py:153} INFO - Started process (PID=1434) to work on /home/airflow/.local/lib/python3.7/site-packages/airflow/example_dags/example_task_group_decorator.py
[2023-03-09T15:48:51.663+0000] {processor.py:743} INFO - Processing file /home/airflow/.local/lib/python3.7/site-packages/airflow/example_dags/example_task_group_decorator.py for tasks to queue
[2023-03-09T15:48:51.664+0000] {logging_mixin.py:137} INFO - [2023-03-09T15:48:51.664+0000] {dagbag.py:538} INFO - Filling up the DagBag from /home/airflow/.local/lib/python3.7/site-packages/airflow/example_dags/example_task_group_decorator.py
[2023-03-09T15:48:51.747+0000] {processor.py:753} INFO - DAG(s) dict_keys(['example_task_group_decorator']) retrieved from /home/airflow/.local/lib/python3.7/site-packages/airflow/example_dags/example_task_group_decorator.py
[2023-03-09T15:48:51.796+0000] {logging_mixin.py:137} INFO - [2023-03-09T15:48:51.796+0000] {dag.py:2690} INFO - Sync 1 DAGs
[2023-03-09T15:48:51.895+0000] {logging_mixin.py:137} INFO - [2023-03-09T15:48:51.894+0000] {dag.py:3441} INFO - Setting next_dagrun for example_task_group_decorator to 2023-03-08T15:48:51.894545+00:00, run_after=2023-03-09T15:48:51.894545+00:00
[2023-03-09T15:48:51.929+0000] {processor.py:175} INFO - Processing /home/airflow/.local/lib/python3.7/site-packages/airflow/example_dags/example_task_group_decorator.py took 0.271 seconds
[2023-03-09T15:49:22.134+0000] {processor.py:153} INFO - Started process (PID=1508) to work on /home/airflow/.local/lib/python3.7/site-packages/airflow/example_dags/example_task_group_decorator.py
[2023-03-09T15:49:22.135+0000] {processor.py:743} INFO - Processing file /home/airflow/.local/lib/python3.7/site-packages/airflow/example_dags/example_task_group_decorator.py for tasks to queue
[2023-03-09T15:49:22.136+0000] {logging_mixin.py:137} INFO - [2023-03-09T15:49:22.136+0000] {dagbag.py:538} INFO - Filling up the DagBag from /home/airflow/.local/lib/python3.7/site-packages/airflow/example_dags/example_task_group_decorator.py
[2023-03-09T15:49:22.191+0000] {processor.py:753} INFO - DAG(s) dict_keys(['example_task_group_decorator']) retrieved from /home/airflow/.local/lib/python3.7/site-packages/airflow/example_dags/example_task_group_decorator.py
[2023-03-09T15:49:22.245+0000] {logging_mixin.py:137} INFO - [2023-03-09T15:49:22.245+0000] {dag.py:2690} INFO - Sync 1 DAGs
[2023-03-09T15:49:22.354+0000] {logging_mixin.py:137} INFO - [2023-03-09T15:49:22.353+0000] {dag.py:3441} INFO - Setting next_dagrun for example_task_group_decorator to 2023-03-08T15:49:22.353407+00:00, run_after=2023-03-09T15:49:22.353407+00:00
[2023-03-09T15:49:22.400+0000] {processor.py:175} INFO - Processing /home/airflow/.local/lib/python3.7/site-packages/airflow/example_dags/example_task_group_decorator.py took 0.272 seconds
