[2023-03-09T15:38:05.347+0000] {processor.py:153} INFO - Started process (PID=61) to work on /home/airflow/.local/lib/python3.7/site-packages/airflow/example_dags/example_branch_python_dop_operator_3.py
[2023-03-09T15:38:05.348+0000] {processor.py:743} INFO - Processing file /home/airflow/.local/lib/python3.7/site-packages/airflow/example_dags/example_branch_python_dop_operator_3.py for tasks to queue
[2023-03-09T15:38:05.349+0000] {logging_mixin.py:137} INFO - [2023-03-09T15:38:05.349+0000] {dagbag.py:538} INFO - Filling up the DagBag from /home/airflow/.local/lib/python3.7/site-packages/airflow/example_dags/example_branch_python_dop_operator_3.py
[2023-03-09T15:38:05.481+0000] {processor.py:753} INFO - DAG(s) dict_keys(['example_branch_dop_operator_v3']) retrieved from /home/airflow/.local/lib/python3.7/site-packages/airflow/example_dags/example_branch_python_dop_operator_3.py
[2023-03-09T15:38:05.634+0000] {logging_mixin.py:137} INFO - [2023-03-09T15:38:05.634+0000] {dag.py:2690} INFO - Sync 1 DAGs
[2023-03-09T15:38:05.904+0000] {logging_mixin.py:137} INFO - [2023-03-09T15:38:05.904+0000] {dag.py:3441} INFO - Setting next_dagrun for example_branch_dop_operator_v3 to 2023-03-09T15:37:00+00:00, run_after=2023-03-09T15:38:00+00:00
[2023-03-09T15:38:06.026+0000] {processor.py:175} INFO - Processing /home/airflow/.local/lib/python3.7/site-packages/airflow/example_dags/example_branch_python_dop_operator_3.py took 0.693 seconds
[2023-03-09T15:38:36.332+0000] {processor.py:153} INFO - Started process (PID=117) to work on /home/airflow/.local/lib/python3.7/site-packages/airflow/example_dags/example_branch_python_dop_operator_3.py
[2023-03-09T15:38:36.333+0000] {processor.py:743} INFO - Processing file /home/airflow/.local/lib/python3.7/site-packages/airflow/example_dags/example_branch_python_dop_operator_3.py for tasks to queue
[2023-03-09T15:38:36.334+0000] {logging_mixin.py:137} INFO - [2023-03-09T15:38:36.333+0000] {dagbag.py:538} INFO - Filling up the DagBag from /home/airflow/.local/lib/python3.7/site-packages/airflow/example_dags/example_branch_python_dop_operator_3.py
[2023-03-09T15:38:36.378+0000] {processor.py:753} INFO - DAG(s) dict_keys(['example_branch_dop_operator_v3']) retrieved from /home/airflow/.local/lib/python3.7/site-packages/airflow/example_dags/example_branch_python_dop_operator_3.py
[2023-03-09T15:38:36.410+0000] {logging_mixin.py:137} INFO - [2023-03-09T15:38:36.410+0000] {dag.py:2690} INFO - Sync 1 DAGs
[2023-03-09T15:38:36.462+0000] {logging_mixin.py:137} INFO - [2023-03-09T15:38:36.462+0000] {dag.py:3441} INFO - Setting next_dagrun for example_branch_dop_operator_v3 to 2023-03-09T15:37:00+00:00, run_after=2023-03-09T15:38:00+00:00
[2023-03-09T15:38:36.494+0000] {processor.py:175} INFO - Processing /home/airflow/.local/lib/python3.7/site-packages/airflow/example_dags/example_branch_python_dop_operator_3.py took 0.167 seconds
[2023-03-09T15:39:07.304+0000] {processor.py:153} INFO - Started process (PID=188) to work on /home/airflow/.local/lib/python3.7/site-packages/airflow/example_dags/example_branch_python_dop_operator_3.py
[2023-03-09T15:39:07.305+0000] {processor.py:743} INFO - Processing file /home/airflow/.local/lib/python3.7/site-packages/airflow/example_dags/example_branch_python_dop_operator_3.py for tasks to queue
[2023-03-09T15:39:07.306+0000] {logging_mixin.py:137} INFO - [2023-03-09T15:39:07.306+0000] {dagbag.py:538} INFO - Filling up the DagBag from /home/airflow/.local/lib/python3.7/site-packages/airflow/example_dags/example_branch_python_dop_operator_3.py
[2023-03-09T15:39:07.375+0000] {processor.py:753} INFO - DAG(s) dict_keys(['example_branch_dop_operator_v3']) retrieved from /home/airflow/.local/lib/python3.7/site-packages/airflow/example_dags/example_branch_python_dop_operator_3.py
[2023-03-09T15:39:07.430+0000] {logging_mixin.py:137} INFO - [2023-03-09T15:39:07.430+0000] {dag.py:2690} INFO - Sync 1 DAGs
[2023-03-09T15:39:07.497+0000] {logging_mixin.py:137} INFO - [2023-03-09T15:39:07.496+0000] {dag.py:3441} INFO - Setting next_dagrun for example_branch_dop_operator_v3 to 2023-03-09T15:38:00+00:00, run_after=2023-03-09T15:39:00+00:00
[2023-03-09T15:39:07.531+0000] {processor.py:175} INFO - Processing /home/airflow/.local/lib/python3.7/site-packages/airflow/example_dags/example_branch_python_dop_operator_3.py took 0.232 seconds
[2023-03-09T15:39:37.581+0000] {processor.py:153} INFO - Started process (PID=254) to work on /home/airflow/.local/lib/python3.7/site-packages/airflow/example_dags/example_branch_python_dop_operator_3.py
[2023-03-09T15:39:37.582+0000] {processor.py:743} INFO - Processing file /home/airflow/.local/lib/python3.7/site-packages/airflow/example_dags/example_branch_python_dop_operator_3.py for tasks to queue
[2023-03-09T15:39:37.583+0000] {logging_mixin.py:137} INFO - [2023-03-09T15:39:37.582+0000] {dagbag.py:538} INFO - Filling up the DagBag from /home/airflow/.local/lib/python3.7/site-packages/airflow/example_dags/example_branch_python_dop_operator_3.py
[2023-03-09T15:39:37.613+0000] {processor.py:753} INFO - DAG(s) dict_keys(['example_branch_dop_operator_v3']) retrieved from /home/airflow/.local/lib/python3.7/site-packages/airflow/example_dags/example_branch_python_dop_operator_3.py
[2023-03-09T15:39:37.651+0000] {logging_mixin.py:137} INFO - [2023-03-09T15:39:37.650+0000] {dag.py:2690} INFO - Sync 1 DAGs
[2023-03-09T15:39:37.710+0000] {logging_mixin.py:137} INFO - [2023-03-09T15:39:37.710+0000] {dag.py:3441} INFO - Setting next_dagrun for example_branch_dop_operator_v3 to 2023-03-09T15:38:00+00:00, run_after=2023-03-09T15:39:00+00:00
[2023-03-09T15:39:37.737+0000] {processor.py:175} INFO - Processing /home/airflow/.local/lib/python3.7/site-packages/airflow/example_dags/example_branch_python_dop_operator_3.py took 0.159 seconds
[2023-03-09T15:40:08.386+0000] {processor.py:153} INFO - Started process (PID=317) to work on /home/airflow/.local/lib/python3.7/site-packages/airflow/example_dags/example_branch_python_dop_operator_3.py
[2023-03-09T15:40:08.387+0000] {processor.py:743} INFO - Processing file /home/airflow/.local/lib/python3.7/site-packages/airflow/example_dags/example_branch_python_dop_operator_3.py for tasks to queue
[2023-03-09T15:40:08.388+0000] {logging_mixin.py:137} INFO - [2023-03-09T15:40:08.388+0000] {dagbag.py:538} INFO - Filling up the DagBag from /home/airflow/.local/lib/python3.7/site-packages/airflow/example_dags/example_branch_python_dop_operator_3.py
[2023-03-09T15:40:08.420+0000] {processor.py:753} INFO - DAG(s) dict_keys(['example_branch_dop_operator_v3']) retrieved from /home/airflow/.local/lib/python3.7/site-packages/airflow/example_dags/example_branch_python_dop_operator_3.py
[2023-03-09T15:40:08.452+0000] {logging_mixin.py:137} INFO - [2023-03-09T15:40:08.452+0000] {dag.py:2690} INFO - Sync 1 DAGs
[2023-03-09T15:40:08.502+0000] {logging_mixin.py:137} INFO - [2023-03-09T15:40:08.502+0000] {dag.py:3441} INFO - Setting next_dagrun for example_branch_dop_operator_v3 to 2023-03-09T15:39:00+00:00, run_after=2023-03-09T15:40:00+00:00
[2023-03-09T15:40:08.528+0000] {processor.py:175} INFO - Processing /home/airflow/.local/lib/python3.7/site-packages/airflow/example_dags/example_branch_python_dop_operator_3.py took 0.145 seconds
[2023-03-09T15:40:38.965+0000] {processor.py:153} INFO - Started process (PID=380) to work on /home/airflow/.local/lib/python3.7/site-packages/airflow/example_dags/example_branch_python_dop_operator_3.py
[2023-03-09T15:40:38.965+0000] {processor.py:743} INFO - Processing file /home/airflow/.local/lib/python3.7/site-packages/airflow/example_dags/example_branch_python_dop_operator_3.py for tasks to queue
[2023-03-09T15:40:38.966+0000] {logging_mixin.py:137} INFO - [2023-03-09T15:40:38.966+0000] {dagbag.py:538} INFO - Filling up the DagBag from /home/airflow/.local/lib/python3.7/site-packages/airflow/example_dags/example_branch_python_dop_operator_3.py
[2023-03-09T15:40:39.009+0000] {processor.py:753} INFO - DAG(s) dict_keys(['example_branch_dop_operator_v3']) retrieved from /home/airflow/.local/lib/python3.7/site-packages/airflow/example_dags/example_branch_python_dop_operator_3.py
[2023-03-09T15:40:39.052+0000] {logging_mixin.py:137} INFO - [2023-03-09T15:40:39.051+0000] {dag.py:2690} INFO - Sync 1 DAGs
[2023-03-09T15:40:39.116+0000] {logging_mixin.py:137} INFO - [2023-03-09T15:40:39.115+0000] {dag.py:3441} INFO - Setting next_dagrun for example_branch_dop_operator_v3 to 2023-03-09T15:39:00+00:00, run_after=2023-03-09T15:40:00+00:00
[2023-03-09T15:40:39.150+0000] {processor.py:175} INFO - Processing /home/airflow/.local/lib/python3.7/site-packages/airflow/example_dags/example_branch_python_dop_operator_3.py took 0.190 seconds
[2023-03-09T15:41:09.247+0000] {processor.py:153} INFO - Started process (PID=451) to work on /home/airflow/.local/lib/python3.7/site-packages/airflow/example_dags/example_branch_python_dop_operator_3.py
[2023-03-09T15:41:09.248+0000] {processor.py:743} INFO - Processing file /home/airflow/.local/lib/python3.7/site-packages/airflow/example_dags/example_branch_python_dop_operator_3.py for tasks to queue
[2023-03-09T15:41:09.249+0000] {logging_mixin.py:137} INFO - [2023-03-09T15:41:09.249+0000] {dagbag.py:538} INFO - Filling up the DagBag from /home/airflow/.local/lib/python3.7/site-packages/airflow/example_dags/example_branch_python_dop_operator_3.py
[2023-03-09T15:41:09.292+0000] {processor.py:753} INFO - DAG(s) dict_keys(['example_branch_dop_operator_v3']) retrieved from /home/airflow/.local/lib/python3.7/site-packages/airflow/example_dags/example_branch_python_dop_operator_3.py
[2023-03-09T15:41:09.337+0000] {logging_mixin.py:137} INFO - [2023-03-09T15:41:09.337+0000] {dag.py:2690} INFO - Sync 1 DAGs
[2023-03-09T15:41:09.402+0000] {logging_mixin.py:137} INFO - [2023-03-09T15:41:09.401+0000] {dag.py:3441} INFO - Setting next_dagrun for example_branch_dop_operator_v3 to 2023-03-09T15:40:00+00:00, run_after=2023-03-09T15:41:00+00:00
[2023-03-09T15:41:09.438+0000] {processor.py:175} INFO - Processing /home/airflow/.local/lib/python3.7/site-packages/airflow/example_dags/example_branch_python_dop_operator_3.py took 0.196 seconds
[2023-03-09T15:41:40.363+0000] {processor.py:153} INFO - Started process (PID=518) to work on /home/airflow/.local/lib/python3.7/site-packages/airflow/example_dags/example_branch_python_dop_operator_3.py
[2023-03-09T15:41:40.364+0000] {processor.py:743} INFO - Processing file /home/airflow/.local/lib/python3.7/site-packages/airflow/example_dags/example_branch_python_dop_operator_3.py for tasks to queue
[2023-03-09T15:41:40.365+0000] {logging_mixin.py:137} INFO - [2023-03-09T15:41:40.365+0000] {dagbag.py:538} INFO - Filling up the DagBag from /home/airflow/.local/lib/python3.7/site-packages/airflow/example_dags/example_branch_python_dop_operator_3.py
[2023-03-09T15:41:40.401+0000] {processor.py:753} INFO - DAG(s) dict_keys(['example_branch_dop_operator_v3']) retrieved from /home/airflow/.local/lib/python3.7/site-packages/airflow/example_dags/example_branch_python_dop_operator_3.py
[2023-03-09T15:41:40.444+0000] {logging_mixin.py:137} INFO - [2023-03-09T15:41:40.444+0000] {dag.py:2690} INFO - Sync 1 DAGs
[2023-03-09T15:41:40.507+0000] {logging_mixin.py:137} INFO - [2023-03-09T15:41:40.507+0000] {dag.py:3441} INFO - Setting next_dagrun for example_branch_dop_operator_v3 to 2023-03-09T15:40:00+00:00, run_after=2023-03-09T15:41:00+00:00
[2023-03-09T15:41:40.544+0000] {processor.py:175} INFO - Processing /home/airflow/.local/lib/python3.7/site-packages/airflow/example_dags/example_branch_python_dop_operator_3.py took 0.185 seconds
[2023-03-09T15:42:11.204+0000] {processor.py:153} INFO - Started process (PID=583) to work on /home/airflow/.local/lib/python3.7/site-packages/airflow/example_dags/example_branch_python_dop_operator_3.py
[2023-03-09T15:42:11.205+0000] {processor.py:743} INFO - Processing file /home/airflow/.local/lib/python3.7/site-packages/airflow/example_dags/example_branch_python_dop_operator_3.py for tasks to queue
[2023-03-09T15:42:11.206+0000] {logging_mixin.py:137} INFO - [2023-03-09T15:42:11.205+0000] {dagbag.py:538} INFO - Filling up the DagBag from /home/airflow/.local/lib/python3.7/site-packages/airflow/example_dags/example_branch_python_dop_operator_3.py
[2023-03-09T15:42:11.240+0000] {processor.py:753} INFO - DAG(s) dict_keys(['example_branch_dop_operator_v3']) retrieved from /home/airflow/.local/lib/python3.7/site-packages/airflow/example_dags/example_branch_python_dop_operator_3.py
[2023-03-09T15:42:11.280+0000] {logging_mixin.py:137} INFO - [2023-03-09T15:42:11.279+0000] {dag.py:2690} INFO - Sync 1 DAGs
[2023-03-09T15:42:11.329+0000] {logging_mixin.py:137} INFO - [2023-03-09T15:42:11.329+0000] {dag.py:3441} INFO - Setting next_dagrun for example_branch_dop_operator_v3 to 2023-03-09T15:41:00+00:00, run_after=2023-03-09T15:42:00+00:00
[2023-03-09T15:42:11.360+0000] {processor.py:175} INFO - Processing /home/airflow/.local/lib/python3.7/site-packages/airflow/example_dags/example_branch_python_dop_operator_3.py took 0.160 seconds
[2023-03-09T15:42:41.893+0000] {processor.py:153} INFO - Started process (PID=646) to work on /home/airflow/.local/lib/python3.7/site-packages/airflow/example_dags/example_branch_python_dop_operator_3.py
[2023-03-09T15:42:41.894+0000] {processor.py:743} INFO - Processing file /home/airflow/.local/lib/python3.7/site-packages/airflow/example_dags/example_branch_python_dop_operator_3.py for tasks to queue
[2023-03-09T15:42:41.895+0000] {logging_mixin.py:137} INFO - [2023-03-09T15:42:41.895+0000] {dagbag.py:538} INFO - Filling up the DagBag from /home/airflow/.local/lib/python3.7/site-packages/airflow/example_dags/example_branch_python_dop_operator_3.py
[2023-03-09T15:42:41.938+0000] {processor.py:753} INFO - DAG(s) dict_keys(['example_branch_dop_operator_v3']) retrieved from /home/airflow/.local/lib/python3.7/site-packages/airflow/example_dags/example_branch_python_dop_operator_3.py
[2023-03-09T15:42:41.983+0000] {logging_mixin.py:137} INFO - [2023-03-09T15:42:41.983+0000] {dag.py:2690} INFO - Sync 1 DAGs
[2023-03-09T15:42:42.051+0000] {logging_mixin.py:137} INFO - [2023-03-09T15:42:42.050+0000] {dag.py:3441} INFO - Setting next_dagrun for example_branch_dop_operator_v3 to 2023-03-09T15:41:00+00:00, run_after=2023-03-09T15:42:00+00:00
[2023-03-09T15:42:42.087+0000] {processor.py:175} INFO - Processing /home/airflow/.local/lib/python3.7/site-packages/airflow/example_dags/example_branch_python_dop_operator_3.py took 0.198 seconds
[2023-03-09T15:43:12.646+0000] {processor.py:153} INFO - Started process (PID=718) to work on /home/airflow/.local/lib/python3.7/site-packages/airflow/example_dags/example_branch_python_dop_operator_3.py
[2023-03-09T15:43:12.656+0000] {processor.py:743} INFO - Processing file /home/airflow/.local/lib/python3.7/site-packages/airflow/example_dags/example_branch_python_dop_operator_3.py for tasks to queue
[2023-03-09T15:43:12.657+0000] {logging_mixin.py:137} INFO - [2023-03-09T15:43:12.657+0000] {dagbag.py:538} INFO - Filling up the DagBag from /home/airflow/.local/lib/python3.7/site-packages/airflow/example_dags/example_branch_python_dop_operator_3.py
[2023-03-09T15:43:12.744+0000] {processor.py:753} INFO - DAG(s) dict_keys(['example_branch_dop_operator_v3']) retrieved from /home/airflow/.local/lib/python3.7/site-packages/airflow/example_dags/example_branch_python_dop_operator_3.py
[2023-03-09T15:43:12.847+0000] {logging_mixin.py:137} INFO - [2023-03-09T15:43:12.846+0000] {dag.py:2690} INFO - Sync 1 DAGs
[2023-03-09T15:43:12.915+0000] {logging_mixin.py:137} INFO - [2023-03-09T15:43:12.914+0000] {dag.py:3441} INFO - Setting next_dagrun for example_branch_dop_operator_v3 to 2023-03-09T15:42:00+00:00, run_after=2023-03-09T15:43:00+00:00
[2023-03-09T15:43:12.948+0000] {processor.py:175} INFO - Processing /home/airflow/.local/lib/python3.7/site-packages/airflow/example_dags/example_branch_python_dop_operator_3.py took 0.307 seconds
[2023-03-09T15:43:43.234+0000] {processor.py:153} INFO - Started process (PID=784) to work on /home/airflow/.local/lib/python3.7/site-packages/airflow/example_dags/example_branch_python_dop_operator_3.py
[2023-03-09T15:43:43.235+0000] {processor.py:743} INFO - Processing file /home/airflow/.local/lib/python3.7/site-packages/airflow/example_dags/example_branch_python_dop_operator_3.py for tasks to queue
[2023-03-09T15:43:43.236+0000] {logging_mixin.py:137} INFO - [2023-03-09T15:43:43.236+0000] {dagbag.py:538} INFO - Filling up the DagBag from /home/airflow/.local/lib/python3.7/site-packages/airflow/example_dags/example_branch_python_dop_operator_3.py
[2023-03-09T15:43:43.267+0000] {processor.py:753} INFO - DAG(s) dict_keys(['example_branch_dop_operator_v3']) retrieved from /home/airflow/.local/lib/python3.7/site-packages/airflow/example_dags/example_branch_python_dop_operator_3.py
[2023-03-09T15:43:43.318+0000] {logging_mixin.py:137} INFO - [2023-03-09T15:43:43.317+0000] {dag.py:2690} INFO - Sync 1 DAGs
[2023-03-09T15:43:43.381+0000] {logging_mixin.py:137} INFO - [2023-03-09T15:43:43.381+0000] {dag.py:3441} INFO - Setting next_dagrun for example_branch_dop_operator_v3 to 2023-03-09T15:42:00+00:00, run_after=2023-03-09T15:43:00+00:00
[2023-03-09T15:43:43.415+0000] {processor.py:175} INFO - Processing /home/airflow/.local/lib/python3.7/site-packages/airflow/example_dags/example_branch_python_dop_operator_3.py took 0.185 seconds
[2023-03-09T15:44:13.588+0000] {processor.py:153} INFO - Started process (PID=846) to work on /home/airflow/.local/lib/python3.7/site-packages/airflow/example_dags/example_branch_python_dop_operator_3.py
[2023-03-09T15:44:13.589+0000] {processor.py:743} INFO - Processing file /home/airflow/.local/lib/python3.7/site-packages/airflow/example_dags/example_branch_python_dop_operator_3.py for tasks to queue
[2023-03-09T15:44:13.590+0000] {logging_mixin.py:137} INFO - [2023-03-09T15:44:13.590+0000] {dagbag.py:538} INFO - Filling up the DagBag from /home/airflow/.local/lib/python3.7/site-packages/airflow/example_dags/example_branch_python_dop_operator_3.py
[2023-03-09T15:44:13.621+0000] {processor.py:753} INFO - DAG(s) dict_keys(['example_branch_dop_operator_v3']) retrieved from /home/airflow/.local/lib/python3.7/site-packages/airflow/example_dags/example_branch_python_dop_operator_3.py
[2023-03-09T15:44:13.651+0000] {logging_mixin.py:137} INFO - [2023-03-09T15:44:13.651+0000] {dag.py:2690} INFO - Sync 1 DAGs
[2023-03-09T15:44:13.697+0000] {logging_mixin.py:137} INFO - [2023-03-09T15:44:13.697+0000] {dag.py:3441} INFO - Setting next_dagrun for example_branch_dop_operator_v3 to 2023-03-09T15:43:00+00:00, run_after=2023-03-09T15:44:00+00:00
[2023-03-09T15:44:13.721+0000] {processor.py:175} INFO - Processing /home/airflow/.local/lib/python3.7/site-packages/airflow/example_dags/example_branch_python_dop_operator_3.py took 0.136 seconds
[2023-03-09T15:44:44.140+0000] {processor.py:153} INFO - Started process (PID=909) to work on /home/airflow/.local/lib/python3.7/site-packages/airflow/example_dags/example_branch_python_dop_operator_3.py
[2023-03-09T15:44:44.141+0000] {processor.py:743} INFO - Processing file /home/airflow/.local/lib/python3.7/site-packages/airflow/example_dags/example_branch_python_dop_operator_3.py for tasks to queue
[2023-03-09T15:44:44.142+0000] {logging_mixin.py:137} INFO - [2023-03-09T15:44:44.142+0000] {dagbag.py:538} INFO - Filling up the DagBag from /home/airflow/.local/lib/python3.7/site-packages/airflow/example_dags/example_branch_python_dop_operator_3.py
[2023-03-09T15:44:44.184+0000] {processor.py:753} INFO - DAG(s) dict_keys(['example_branch_dop_operator_v3']) retrieved from /home/airflow/.local/lib/python3.7/site-packages/airflow/example_dags/example_branch_python_dop_operator_3.py
[2023-03-09T15:44:44.224+0000] {logging_mixin.py:137} INFO - [2023-03-09T15:44:44.224+0000] {dag.py:2690} INFO - Sync 1 DAGs
[2023-03-09T15:44:44.279+0000] {logging_mixin.py:137} INFO - [2023-03-09T15:44:44.279+0000] {dag.py:3441} INFO - Setting next_dagrun for example_branch_dop_operator_v3 to 2023-03-09T15:43:00+00:00, run_after=2023-03-09T15:44:00+00:00
[2023-03-09T15:44:44.307+0000] {processor.py:175} INFO - Processing /home/airflow/.local/lib/python3.7/site-packages/airflow/example_dags/example_branch_python_dop_operator_3.py took 0.172 seconds
[2023-03-09T15:45:14.848+0000] {processor.py:153} INFO - Started process (PID=971) to work on /home/airflow/.local/lib/python3.7/site-packages/airflow/example_dags/example_branch_python_dop_operator_3.py
[2023-03-09T15:45:14.849+0000] {processor.py:743} INFO - Processing file /home/airflow/.local/lib/python3.7/site-packages/airflow/example_dags/example_branch_python_dop_operator_3.py for tasks to queue
[2023-03-09T15:45:14.850+0000] {logging_mixin.py:137} INFO - [2023-03-09T15:45:14.849+0000] {dagbag.py:538} INFO - Filling up the DagBag from /home/airflow/.local/lib/python3.7/site-packages/airflow/example_dags/example_branch_python_dop_operator_3.py
[2023-03-09T15:45:14.880+0000] {processor.py:753} INFO - DAG(s) dict_keys(['example_branch_dop_operator_v3']) retrieved from /home/airflow/.local/lib/python3.7/site-packages/airflow/example_dags/example_branch_python_dop_operator_3.py
[2023-03-09T15:45:14.909+0000] {logging_mixin.py:137} INFO - [2023-03-09T15:45:14.909+0000] {dag.py:2690} INFO - Sync 1 DAGs
[2023-03-09T15:45:14.958+0000] {logging_mixin.py:137} INFO - [2023-03-09T15:45:14.958+0000] {dag.py:3441} INFO - Setting next_dagrun for example_branch_dop_operator_v3 to 2023-03-09T15:44:00+00:00, run_after=2023-03-09T15:45:00+00:00
[2023-03-09T15:45:14.984+0000] {processor.py:175} INFO - Processing /home/airflow/.local/lib/python3.7/site-packages/airflow/example_dags/example_branch_python_dop_operator_3.py took 0.139 seconds
[2023-03-09T15:45:45.734+0000] {processor.py:153} INFO - Started process (PID=1038) to work on /home/airflow/.local/lib/python3.7/site-packages/airflow/example_dags/example_branch_python_dop_operator_3.py
[2023-03-09T15:45:45.735+0000] {processor.py:743} INFO - Processing file /home/airflow/.local/lib/python3.7/site-packages/airflow/example_dags/example_branch_python_dop_operator_3.py for tasks to queue
[2023-03-09T15:45:45.765+0000] {logging_mixin.py:137} INFO - [2023-03-09T15:45:45.764+0000] {dagbag.py:538} INFO - Filling up the DagBag from /home/airflow/.local/lib/python3.7/site-packages/airflow/example_dags/example_branch_python_dop_operator_3.py
[2023-03-09T15:45:45.879+0000] {processor.py:753} INFO - DAG(s) dict_keys(['example_branch_dop_operator_v3']) retrieved from /home/airflow/.local/lib/python3.7/site-packages/airflow/example_dags/example_branch_python_dop_operator_3.py
[2023-03-09T15:45:46.049+0000] {logging_mixin.py:137} INFO - [2023-03-09T15:45:46.048+0000] {dag.py:2690} INFO - Sync 1 DAGs
[2023-03-09T15:45:46.220+0000] {logging_mixin.py:137} INFO - [2023-03-09T15:45:46.220+0000] {dag.py:3441} INFO - Setting next_dagrun for example_branch_dop_operator_v3 to 2023-03-09T15:44:00+00:00, run_after=2023-03-09T15:45:00+00:00
[2023-03-09T15:45:46.322+0000] {processor.py:175} INFO - Processing /home/airflow/.local/lib/python3.7/site-packages/airflow/example_dags/example_branch_python_dop_operator_3.py took 0.595 seconds
[2023-03-09T15:46:16.604+0000] {processor.py:153} INFO - Started process (PID=1110) to work on /home/airflow/.local/lib/python3.7/site-packages/airflow/example_dags/example_branch_python_dop_operator_3.py
[2023-03-09T15:46:16.607+0000] {processor.py:743} INFO - Processing file /home/airflow/.local/lib/python3.7/site-packages/airflow/example_dags/example_branch_python_dop_operator_3.py for tasks to queue
[2023-03-09T15:46:16.608+0000] {logging_mixin.py:137} INFO - [2023-03-09T15:46:16.607+0000] {dagbag.py:538} INFO - Filling up the DagBag from /home/airflow/.local/lib/python3.7/site-packages/airflow/example_dags/example_branch_python_dop_operator_3.py
[2023-03-09T15:46:16.650+0000] {processor.py:753} INFO - DAG(s) dict_keys(['example_branch_dop_operator_v3']) retrieved from /home/airflow/.local/lib/python3.7/site-packages/airflow/example_dags/example_branch_python_dop_operator_3.py
[2023-03-09T15:46:16.694+0000] {logging_mixin.py:137} INFO - [2023-03-09T15:46:16.693+0000] {dag.py:2690} INFO - Sync 1 DAGs
[2023-03-09T15:46:16.770+0000] {logging_mixin.py:137} INFO - [2023-03-09T15:46:16.769+0000] {dag.py:3441} INFO - Setting next_dagrun for example_branch_dop_operator_v3 to 2023-03-09T15:45:00+00:00, run_after=2023-03-09T15:46:00+00:00
[2023-03-09T15:46:16.882+0000] {processor.py:175} INFO - Processing /home/airflow/.local/lib/python3.7/site-packages/airflow/example_dags/example_branch_python_dop_operator_3.py took 0.283 seconds
[2023-03-09T15:46:47.374+0000] {processor.py:153} INFO - Started process (PID=1176) to work on /home/airflow/.local/lib/python3.7/site-packages/airflow/example_dags/example_branch_python_dop_operator_3.py
[2023-03-09T15:46:47.377+0000] {processor.py:743} INFO - Processing file /home/airflow/.local/lib/python3.7/site-packages/airflow/example_dags/example_branch_python_dop_operator_3.py for tasks to queue
[2023-03-09T15:46:47.378+0000] {logging_mixin.py:137} INFO - [2023-03-09T15:46:47.378+0000] {dagbag.py:538} INFO - Filling up the DagBag from /home/airflow/.local/lib/python3.7/site-packages/airflow/example_dags/example_branch_python_dop_operator_3.py
[2023-03-09T15:46:47.456+0000] {processor.py:753} INFO - DAG(s) dict_keys(['example_branch_dop_operator_v3']) retrieved from /home/airflow/.local/lib/python3.7/site-packages/airflow/example_dags/example_branch_python_dop_operator_3.py
[2023-03-09T15:46:47.541+0000] {logging_mixin.py:137} INFO - [2023-03-09T15:46:47.541+0000] {dag.py:2690} INFO - Sync 1 DAGs
[2023-03-09T15:46:47.646+0000] {logging_mixin.py:137} INFO - [2023-03-09T15:46:47.646+0000] {dag.py:3441} INFO - Setting next_dagrun for example_branch_dop_operator_v3 to 2023-03-09T15:45:00+00:00, run_after=2023-03-09T15:46:00+00:00
[2023-03-09T15:46:47.708+0000] {processor.py:175} INFO - Processing /home/airflow/.local/lib/python3.7/site-packages/airflow/example_dags/example_branch_python_dop_operator_3.py took 0.339 seconds
[2023-03-09T15:47:17.865+0000] {processor.py:153} INFO - Started process (PID=1239) to work on /home/airflow/.local/lib/python3.7/site-packages/airflow/example_dags/example_branch_python_dop_operator_3.py
[2023-03-09T15:47:17.880+0000] {processor.py:743} INFO - Processing file /home/airflow/.local/lib/python3.7/site-packages/airflow/example_dags/example_branch_python_dop_operator_3.py for tasks to queue
[2023-03-09T15:47:17.881+0000] {logging_mixin.py:137} INFO - [2023-03-09T15:47:17.881+0000] {dagbag.py:538} INFO - Filling up the DagBag from /home/airflow/.local/lib/python3.7/site-packages/airflow/example_dags/example_branch_python_dop_operator_3.py
[2023-03-09T15:47:17.930+0000] {processor.py:753} INFO - DAG(s) dict_keys(['example_branch_dop_operator_v3']) retrieved from /home/airflow/.local/lib/python3.7/site-packages/airflow/example_dags/example_branch_python_dop_operator_3.py
[2023-03-09T15:47:17.972+0000] {logging_mixin.py:137} INFO - [2023-03-09T15:47:17.972+0000] {dag.py:2690} INFO - Sync 1 DAGs
[2023-03-09T15:47:18.038+0000] {logging_mixin.py:137} INFO - [2023-03-09T15:47:18.038+0000] {dag.py:3441} INFO - Setting next_dagrun for example_branch_dop_operator_v3 to 2023-03-09T15:46:00+00:00, run_after=2023-03-09T15:47:00+00:00
[2023-03-09T15:47:18.071+0000] {processor.py:175} INFO - Processing /home/airflow/.local/lib/python3.7/site-packages/airflow/example_dags/example_branch_python_dop_operator_3.py took 0.211 seconds
[2023-03-09T15:47:48.542+0000] {processor.py:153} INFO - Started process (PID=1301) to work on /home/airflow/.local/lib/python3.7/site-packages/airflow/example_dags/example_branch_python_dop_operator_3.py
[2023-03-09T15:47:48.544+0000] {processor.py:743} INFO - Processing file /home/airflow/.local/lib/python3.7/site-packages/airflow/example_dags/example_branch_python_dop_operator_3.py for tasks to queue
[2023-03-09T15:47:48.545+0000] {logging_mixin.py:137} INFO - [2023-03-09T15:47:48.545+0000] {dagbag.py:538} INFO - Filling up the DagBag from /home/airflow/.local/lib/python3.7/site-packages/airflow/example_dags/example_branch_python_dop_operator_3.py
[2023-03-09T15:47:48.602+0000] {processor.py:753} INFO - DAG(s) dict_keys(['example_branch_dop_operator_v3']) retrieved from /home/airflow/.local/lib/python3.7/site-packages/airflow/example_dags/example_branch_python_dop_operator_3.py
[2023-03-09T15:47:48.662+0000] {logging_mixin.py:137} INFO - [2023-03-09T15:47:48.662+0000] {dag.py:2690} INFO - Sync 1 DAGs
[2023-03-09T15:47:48.770+0000] {logging_mixin.py:137} INFO - [2023-03-09T15:47:48.770+0000] {dag.py:3441} INFO - Setting next_dagrun for example_branch_dop_operator_v3 to 2023-03-09T15:46:00+00:00, run_after=2023-03-09T15:47:00+00:00
[2023-03-09T15:47:48.849+0000] {processor.py:175} INFO - Processing /home/airflow/.local/lib/python3.7/site-packages/airflow/example_dags/example_branch_python_dop_operator_3.py took 0.311 seconds
[2023-03-09T15:48:19.046+0000] {processor.py:153} INFO - Started process (PID=1365) to work on /home/airflow/.local/lib/python3.7/site-packages/airflow/example_dags/example_branch_python_dop_operator_3.py
[2023-03-09T15:48:19.047+0000] {processor.py:743} INFO - Processing file /home/airflow/.local/lib/python3.7/site-packages/airflow/example_dags/example_branch_python_dop_operator_3.py for tasks to queue
[2023-03-09T15:48:19.047+0000] {logging_mixin.py:137} INFO - [2023-03-09T15:48:19.047+0000] {dagbag.py:538} INFO - Filling up the DagBag from /home/airflow/.local/lib/python3.7/site-packages/airflow/example_dags/example_branch_python_dop_operator_3.py
[2023-03-09T15:48:19.103+0000] {processor.py:753} INFO - DAG(s) dict_keys(['example_branch_dop_operator_v3']) retrieved from /home/airflow/.local/lib/python3.7/site-packages/airflow/example_dags/example_branch_python_dop_operator_3.py
[2023-03-09T15:48:19.162+0000] {logging_mixin.py:137} INFO - [2023-03-09T15:48:19.161+0000] {dag.py:2690} INFO - Sync 1 DAGs
[2023-03-09T15:48:19.221+0000] {logging_mixin.py:137} INFO - [2023-03-09T15:48:19.221+0000] {dag.py:3441} INFO - Setting next_dagrun for example_branch_dop_operator_v3 to 2023-03-09T15:47:00+00:00, run_after=2023-03-09T15:48:00+00:00
[2023-03-09T15:48:19.251+0000] {processor.py:175} INFO - Processing /home/airflow/.local/lib/python3.7/site-packages/airflow/example_dags/example_branch_python_dop_operator_3.py took 0.209 seconds
[2023-03-09T15:48:49.917+0000] {processor.py:153} INFO - Started process (PID=1426) to work on /home/airflow/.local/lib/python3.7/site-packages/airflow/example_dags/example_branch_python_dop_operator_3.py
[2023-03-09T15:48:49.919+0000] {processor.py:743} INFO - Processing file /home/airflow/.local/lib/python3.7/site-packages/airflow/example_dags/example_branch_python_dop_operator_3.py for tasks to queue
[2023-03-09T15:48:49.920+0000] {logging_mixin.py:137} INFO - [2023-03-09T15:48:49.920+0000] {dagbag.py:538} INFO - Filling up the DagBag from /home/airflow/.local/lib/python3.7/site-packages/airflow/example_dags/example_branch_python_dop_operator_3.py
[2023-03-09T15:48:49.988+0000] {processor.py:753} INFO - DAG(s) dict_keys(['example_branch_dop_operator_v3']) retrieved from /home/airflow/.local/lib/python3.7/site-packages/airflow/example_dags/example_branch_python_dop_operator_3.py
[2023-03-09T15:48:50.026+0000] {logging_mixin.py:137} INFO - [2023-03-09T15:48:50.026+0000] {dag.py:2690} INFO - Sync 1 DAGs
[2023-03-09T15:48:50.076+0000] {logging_mixin.py:137} INFO - [2023-03-09T15:48:50.076+0000] {dag.py:3441} INFO - Setting next_dagrun for example_branch_dop_operator_v3 to 2023-03-09T15:47:00+00:00, run_after=2023-03-09T15:48:00+00:00
[2023-03-09T15:48:50.120+0000] {processor.py:175} INFO - Processing /home/airflow/.local/lib/python3.7/site-packages/airflow/example_dags/example_branch_python_dop_operator_3.py took 0.209 seconds
[2023-03-09T15:49:21.076+0000] {processor.py:153} INFO - Started process (PID=1497) to work on /home/airflow/.local/lib/python3.7/site-packages/airflow/example_dags/example_branch_python_dop_operator_3.py
[2023-03-09T15:49:21.077+0000] {processor.py:743} INFO - Processing file /home/airflow/.local/lib/python3.7/site-packages/airflow/example_dags/example_branch_python_dop_operator_3.py for tasks to queue
[2023-03-09T15:49:21.079+0000] {logging_mixin.py:137} INFO - [2023-03-09T15:49:21.079+0000] {dagbag.py:538} INFO - Filling up the DagBag from /home/airflow/.local/lib/python3.7/site-packages/airflow/example_dags/example_branch_python_dop_operator_3.py
[2023-03-09T15:49:21.122+0000] {processor.py:753} INFO - DAG(s) dict_keys(['example_branch_dop_operator_v3']) retrieved from /home/airflow/.local/lib/python3.7/site-packages/airflow/example_dags/example_branch_python_dop_operator_3.py
[2023-03-09T15:49:21.168+0000] {logging_mixin.py:137} INFO - [2023-03-09T15:49:21.168+0000] {dag.py:2690} INFO - Sync 1 DAGs
[2023-03-09T15:49:21.237+0000] {logging_mixin.py:137} INFO - [2023-03-09T15:49:21.237+0000] {dag.py:3441} INFO - Setting next_dagrun for example_branch_dop_operator_v3 to 2023-03-09T15:48:00+00:00, run_after=2023-03-09T15:49:00+00:00
[2023-03-09T15:49:21.274+0000] {processor.py:175} INFO - Processing /home/airflow/.local/lib/python3.7/site-packages/airflow/example_dags/example_branch_python_dop_operator_3.py took 0.203 seconds
