[2023-03-09T15:38:09.782+0000] {processor.py:153} INFO - Started process (PID=75) to work on /home/airflow/.local/lib/python3.7/site-packages/airflow/example_dags/example_latest_only_with_trigger.py
[2023-03-09T15:38:09.783+0000] {processor.py:743} INFO - Processing file /home/airflow/.local/lib/python3.7/site-packages/airflow/example_dags/example_latest_only_with_trigger.py for tasks to queue
[2023-03-09T15:38:09.789+0000] {logging_mixin.py:137} INFO - [2023-03-09T15:38:09.789+0000] {dagbag.py:538} INFO - Filling up the DagBag from /home/airflow/.local/lib/python3.7/site-packages/airflow/example_dags/example_latest_only_with_trigger.py
[2023-03-09T15:38:09.846+0000] {processor.py:753} INFO - DAG(s) dict_keys(['latest_only_with_trigger']) retrieved from /home/airflow/.local/lib/python3.7/site-packages/airflow/example_dags/example_latest_only_with_trigger.py
[2023-03-09T15:38:10.005+0000] {logging_mixin.py:137} INFO - [2023-03-09T15:38:10.004+0000] {dag.py:2690} INFO - Sync 1 DAGs
[2023-03-09T15:38:10.221+0000] {logging_mixin.py:137} INFO - [2023-03-09T15:38:10.221+0000] {dag.py:3441} INFO - Setting next_dagrun for latest_only_with_trigger to 2023-03-09T11:38:10.221031+00:00, run_after=2023-03-09T15:38:10.221031+00:00
[2023-03-09T15:38:10.412+0000] {processor.py:175} INFO - Processing /home/airflow/.local/lib/python3.7/site-packages/airflow/example_dags/example_latest_only_with_trigger.py took 0.653 seconds
[2023-03-09T15:38:40.666+0000] {processor.py:153} INFO - Started process (PID=141) to work on /home/airflow/.local/lib/python3.7/site-packages/airflow/example_dags/example_latest_only_with_trigger.py
[2023-03-09T15:38:40.668+0000] {processor.py:743} INFO - Processing file /home/airflow/.local/lib/python3.7/site-packages/airflow/example_dags/example_latest_only_with_trigger.py for tasks to queue
[2023-03-09T15:38:40.669+0000] {logging_mixin.py:137} INFO - [2023-03-09T15:38:40.669+0000] {dagbag.py:538} INFO - Filling up the DagBag from /home/airflow/.local/lib/python3.7/site-packages/airflow/example_dags/example_latest_only_with_trigger.py
[2023-03-09T15:38:40.694+0000] {processor.py:753} INFO - DAG(s) dict_keys(['latest_only_with_trigger']) retrieved from /home/airflow/.local/lib/python3.7/site-packages/airflow/example_dags/example_latest_only_with_trigger.py
[2023-03-09T15:38:40.752+0000] {logging_mixin.py:137} INFO - [2023-03-09T15:38:40.751+0000] {dag.py:2690} INFO - Sync 1 DAGs
[2023-03-09T15:38:40.812+0000] {logging_mixin.py:137} INFO - [2023-03-09T15:38:40.811+0000] {dag.py:3441} INFO - Setting next_dagrun for latest_only_with_trigger to 2023-03-09T11:38:40.811499+00:00, run_after=2023-03-09T15:38:40.811499+00:00
[2023-03-09T15:38:40.847+0000] {processor.py:175} INFO - Processing /home/airflow/.local/lib/python3.7/site-packages/airflow/example_dags/example_latest_only_with_trigger.py took 0.185 seconds
[2023-03-09T15:39:11.335+0000] {processor.py:153} INFO - Started process (PID=203) to work on /home/airflow/.local/lib/python3.7/site-packages/airflow/example_dags/example_latest_only_with_trigger.py
[2023-03-09T15:39:11.336+0000] {processor.py:743} INFO - Processing file /home/airflow/.local/lib/python3.7/site-packages/airflow/example_dags/example_latest_only_with_trigger.py for tasks to queue
[2023-03-09T15:39:11.337+0000] {logging_mixin.py:137} INFO - [2023-03-09T15:39:11.337+0000] {dagbag.py:538} INFO - Filling up the DagBag from /home/airflow/.local/lib/python3.7/site-packages/airflow/example_dags/example_latest_only_with_trigger.py
[2023-03-09T15:39:11.357+0000] {processor.py:753} INFO - DAG(s) dict_keys(['latest_only_with_trigger']) retrieved from /home/airflow/.local/lib/python3.7/site-packages/airflow/example_dags/example_latest_only_with_trigger.py
[2023-03-09T15:39:11.397+0000] {logging_mixin.py:137} INFO - [2023-03-09T15:39:11.397+0000] {dag.py:2690} INFO - Sync 1 DAGs
[2023-03-09T15:39:11.445+0000] {logging_mixin.py:137} INFO - [2023-03-09T15:39:11.444+0000] {dag.py:3441} INFO - Setting next_dagrun for latest_only_with_trigger to 2023-03-09T11:39:11.444532+00:00, run_after=2023-03-09T15:39:11.444532+00:00
[2023-03-09T15:39:11.475+0000] {processor.py:175} INFO - Processing /home/airflow/.local/lib/python3.7/site-packages/airflow/example_dags/example_latest_only_with_trigger.py took 0.144 seconds
[2023-03-09T15:39:41.527+0000] {processor.py:153} INFO - Started process (PID=266) to work on /home/airflow/.local/lib/python3.7/site-packages/airflow/example_dags/example_latest_only_with_trigger.py
[2023-03-09T15:39:41.529+0000] {processor.py:743} INFO - Processing file /home/airflow/.local/lib/python3.7/site-packages/airflow/example_dags/example_latest_only_with_trigger.py for tasks to queue
[2023-03-09T15:39:41.530+0000] {logging_mixin.py:137} INFO - [2023-03-09T15:39:41.530+0000] {dagbag.py:538} INFO - Filling up the DagBag from /home/airflow/.local/lib/python3.7/site-packages/airflow/example_dags/example_latest_only_with_trigger.py
[2023-03-09T15:39:41.547+0000] {processor.py:753} INFO - DAG(s) dict_keys(['latest_only_with_trigger']) retrieved from /home/airflow/.local/lib/python3.7/site-packages/airflow/example_dags/example_latest_only_with_trigger.py
[2023-03-09T15:39:41.578+0000] {logging_mixin.py:137} INFO - [2023-03-09T15:39:41.578+0000] {dag.py:2690} INFO - Sync 1 DAGs
[2023-03-09T15:39:41.615+0000] {logging_mixin.py:137} INFO - [2023-03-09T15:39:41.615+0000] {dag.py:3441} INFO - Setting next_dagrun for latest_only_with_trigger to 2023-03-09T11:39:41.614815+00:00, run_after=2023-03-09T15:39:41.614815+00:00
[2023-03-09T15:39:41.640+0000] {processor.py:175} INFO - Processing /home/airflow/.local/lib/python3.7/site-packages/airflow/example_dags/example_latest_only_with_trigger.py took 0.118 seconds
[2023-03-09T15:40:12.426+0000] {processor.py:153} INFO - Started process (PID=329) to work on /home/airflow/.local/lib/python3.7/site-packages/airflow/example_dags/example_latest_only_with_trigger.py
[2023-03-09T15:40:12.427+0000] {processor.py:743} INFO - Processing file /home/airflow/.local/lib/python3.7/site-packages/airflow/example_dags/example_latest_only_with_trigger.py for tasks to queue
[2023-03-09T15:40:12.428+0000] {logging_mixin.py:137} INFO - [2023-03-09T15:40:12.428+0000] {dagbag.py:538} INFO - Filling up the DagBag from /home/airflow/.local/lib/python3.7/site-packages/airflow/example_dags/example_latest_only_with_trigger.py
[2023-03-09T15:40:12.452+0000] {processor.py:753} INFO - DAG(s) dict_keys(['latest_only_with_trigger']) retrieved from /home/airflow/.local/lib/python3.7/site-packages/airflow/example_dags/example_latest_only_with_trigger.py
[2023-03-09T15:40:12.497+0000] {logging_mixin.py:137} INFO - [2023-03-09T15:40:12.496+0000] {dag.py:2690} INFO - Sync 1 DAGs
[2023-03-09T15:40:12.554+0000] {logging_mixin.py:137} INFO - [2023-03-09T15:40:12.554+0000] {dag.py:3441} INFO - Setting next_dagrun for latest_only_with_trigger to 2023-03-09T11:40:12.554114+00:00, run_after=2023-03-09T15:40:12.554114+00:00
[2023-03-09T15:40:12.591+0000] {processor.py:175} INFO - Processing /home/airflow/.local/lib/python3.7/site-packages/airflow/example_dags/example_latest_only_with_trigger.py took 0.170 seconds
[2023-03-09T15:40:43.288+0000] {processor.py:153} INFO - Started process (PID=404) to work on /home/airflow/.local/lib/python3.7/site-packages/airflow/example_dags/example_latest_only_with_trigger.py
[2023-03-09T15:40:43.289+0000] {processor.py:743} INFO - Processing file /home/airflow/.local/lib/python3.7/site-packages/airflow/example_dags/example_latest_only_with_trigger.py for tasks to queue
[2023-03-09T15:40:43.290+0000] {logging_mixin.py:137} INFO - [2023-03-09T15:40:43.289+0000] {dagbag.py:538} INFO - Filling up the DagBag from /home/airflow/.local/lib/python3.7/site-packages/airflow/example_dags/example_latest_only_with_trigger.py
[2023-03-09T15:40:43.307+0000] {processor.py:753} INFO - DAG(s) dict_keys(['latest_only_with_trigger']) retrieved from /home/airflow/.local/lib/python3.7/site-packages/airflow/example_dags/example_latest_only_with_trigger.py
[2023-03-09T15:40:43.338+0000] {logging_mixin.py:137} INFO - [2023-03-09T15:40:43.337+0000] {dag.py:2690} INFO - Sync 1 DAGs
[2023-03-09T15:40:43.374+0000] {logging_mixin.py:137} INFO - [2023-03-09T15:40:43.374+0000] {dag.py:3441} INFO - Setting next_dagrun for latest_only_with_trigger to 2023-03-09T11:40:43.374178+00:00, run_after=2023-03-09T15:40:43.374178+00:00
[2023-03-09T15:40:43.399+0000] {processor.py:175} INFO - Processing /home/airflow/.local/lib/python3.7/site-packages/airflow/example_dags/example_latest_only_with_trigger.py took 0.114 seconds
[2023-03-09T15:41:13.633+0000] {processor.py:153} INFO - Started process (PID=466) to work on /home/airflow/.local/lib/python3.7/site-packages/airflow/example_dags/example_latest_only_with_trigger.py
[2023-03-09T15:41:13.634+0000] {processor.py:743} INFO - Processing file /home/airflow/.local/lib/python3.7/site-packages/airflow/example_dags/example_latest_only_with_trigger.py for tasks to queue
[2023-03-09T15:41:13.635+0000] {logging_mixin.py:137} INFO - [2023-03-09T15:41:13.634+0000] {dagbag.py:538} INFO - Filling up the DagBag from /home/airflow/.local/lib/python3.7/site-packages/airflow/example_dags/example_latest_only_with_trigger.py
[2023-03-09T15:41:13.650+0000] {processor.py:753} INFO - DAG(s) dict_keys(['latest_only_with_trigger']) retrieved from /home/airflow/.local/lib/python3.7/site-packages/airflow/example_dags/example_latest_only_with_trigger.py
[2023-03-09T15:41:13.679+0000] {logging_mixin.py:137} INFO - [2023-03-09T15:41:13.679+0000] {dag.py:2690} INFO - Sync 1 DAGs
[2023-03-09T15:41:13.715+0000] {logging_mixin.py:137} INFO - [2023-03-09T15:41:13.715+0000] {dag.py:3441} INFO - Setting next_dagrun for latest_only_with_trigger to 2023-03-09T11:41:13.715235+00:00, run_after=2023-03-09T15:41:13.715235+00:00
[2023-03-09T15:41:13.739+0000] {processor.py:175} INFO - Processing /home/airflow/.local/lib/python3.7/site-packages/airflow/example_dags/example_latest_only_with_trigger.py took 0.109 seconds
[2023-03-09T15:41:44.627+0000] {processor.py:153} INFO - Started process (PID=530) to work on /home/airflow/.local/lib/python3.7/site-packages/airflow/example_dags/example_latest_only_with_trigger.py
[2023-03-09T15:41:44.628+0000] {processor.py:743} INFO - Processing file /home/airflow/.local/lib/python3.7/site-packages/airflow/example_dags/example_latest_only_with_trigger.py for tasks to queue
[2023-03-09T15:41:44.629+0000] {logging_mixin.py:137} INFO - [2023-03-09T15:41:44.629+0000] {dagbag.py:538} INFO - Filling up the DagBag from /home/airflow/.local/lib/python3.7/site-packages/airflow/example_dags/example_latest_only_with_trigger.py
[2023-03-09T15:41:44.666+0000] {processor.py:753} INFO - DAG(s) dict_keys(['latest_only_with_trigger']) retrieved from /home/airflow/.local/lib/python3.7/site-packages/airflow/example_dags/example_latest_only_with_trigger.py
[2023-03-09T15:41:44.755+0000] {logging_mixin.py:137} INFO - [2023-03-09T15:41:44.755+0000] {dag.py:2690} INFO - Sync 1 DAGs
[2023-03-09T15:41:44.819+0000] {logging_mixin.py:137} INFO - [2023-03-09T15:41:44.819+0000] {dag.py:3441} INFO - Setting next_dagrun for latest_only_with_trigger to 2023-03-09T11:41:44.818834+00:00, run_after=2023-03-09T15:41:44.818834+00:00
[2023-03-09T15:41:44.852+0000] {processor.py:175} INFO - Processing /home/airflow/.local/lib/python3.7/site-packages/airflow/example_dags/example_latest_only_with_trigger.py took 0.230 seconds
[2023-03-09T15:42:15.344+0000] {processor.py:153} INFO - Started process (PID=595) to work on /home/airflow/.local/lib/python3.7/site-packages/airflow/example_dags/example_latest_only_with_trigger.py
[2023-03-09T15:42:15.345+0000] {processor.py:743} INFO - Processing file /home/airflow/.local/lib/python3.7/site-packages/airflow/example_dags/example_latest_only_with_trigger.py for tasks to queue
[2023-03-09T15:42:15.346+0000] {logging_mixin.py:137} INFO - [2023-03-09T15:42:15.346+0000] {dagbag.py:538} INFO - Filling up the DagBag from /home/airflow/.local/lib/python3.7/site-packages/airflow/example_dags/example_latest_only_with_trigger.py
[2023-03-09T15:42:15.368+0000] {processor.py:753} INFO - DAG(s) dict_keys(['latest_only_with_trigger']) retrieved from /home/airflow/.local/lib/python3.7/site-packages/airflow/example_dags/example_latest_only_with_trigger.py
[2023-03-09T15:42:15.442+0000] {logging_mixin.py:137} INFO - [2023-03-09T15:42:15.442+0000] {dag.py:2690} INFO - Sync 1 DAGs
[2023-03-09T15:42:15.526+0000] {logging_mixin.py:137} INFO - [2023-03-09T15:42:15.526+0000] {dag.py:3441} INFO - Setting next_dagrun for latest_only_with_trigger to 2023-03-09T11:42:15.525680+00:00, run_after=2023-03-09T15:42:15.525680+00:00
[2023-03-09T15:42:15.573+0000] {processor.py:175} INFO - Processing /home/airflow/.local/lib/python3.7/site-packages/airflow/example_dags/example_latest_only_with_trigger.py took 0.233 seconds
[2023-03-09T15:42:46.362+0000] {processor.py:153} INFO - Started process (PID=669) to work on /home/airflow/.local/lib/python3.7/site-packages/airflow/example_dags/example_latest_only_with_trigger.py
[2023-03-09T15:42:46.362+0000] {processor.py:743} INFO - Processing file /home/airflow/.local/lib/python3.7/site-packages/airflow/example_dags/example_latest_only_with_trigger.py for tasks to queue
[2023-03-09T15:42:46.363+0000] {logging_mixin.py:137} INFO - [2023-03-09T15:42:46.363+0000] {dagbag.py:538} INFO - Filling up the DagBag from /home/airflow/.local/lib/python3.7/site-packages/airflow/example_dags/example_latest_only_with_trigger.py
[2023-03-09T15:42:46.379+0000] {processor.py:753} INFO - DAG(s) dict_keys(['latest_only_with_trigger']) retrieved from /home/airflow/.local/lib/python3.7/site-packages/airflow/example_dags/example_latest_only_with_trigger.py
[2023-03-09T15:42:46.411+0000] {logging_mixin.py:137} INFO - [2023-03-09T15:42:46.411+0000] {dag.py:2690} INFO - Sync 1 DAGs
[2023-03-09T15:42:46.448+0000] {logging_mixin.py:137} INFO - [2023-03-09T15:42:46.448+0000] {dag.py:3441} INFO - Setting next_dagrun for latest_only_with_trigger to 2023-03-09T11:42:46.448289+00:00, run_after=2023-03-09T15:42:46.448289+00:00
[2023-03-09T15:42:46.473+0000] {processor.py:175} INFO - Processing /home/airflow/.local/lib/python3.7/site-packages/airflow/example_dags/example_latest_only_with_trigger.py took 0.114 seconds
[2023-03-09T15:43:17.170+0000] {processor.py:153} INFO - Started process (PID=733) to work on /home/airflow/.local/lib/python3.7/site-packages/airflow/example_dags/example_latest_only_with_trigger.py
[2023-03-09T15:43:17.171+0000] {processor.py:743} INFO - Processing file /home/airflow/.local/lib/python3.7/site-packages/airflow/example_dags/example_latest_only_with_trigger.py for tasks to queue
[2023-03-09T15:43:17.172+0000] {logging_mixin.py:137} INFO - [2023-03-09T15:43:17.172+0000] {dagbag.py:538} INFO - Filling up the DagBag from /home/airflow/.local/lib/python3.7/site-packages/airflow/example_dags/example_latest_only_with_trigger.py
[2023-03-09T15:43:17.197+0000] {processor.py:753} INFO - DAG(s) dict_keys(['latest_only_with_trigger']) retrieved from /home/airflow/.local/lib/python3.7/site-packages/airflow/example_dags/example_latest_only_with_trigger.py
[2023-03-09T15:43:17.239+0000] {logging_mixin.py:137} INFO - [2023-03-09T15:43:17.239+0000] {dag.py:2690} INFO - Sync 1 DAGs
[2023-03-09T15:43:17.365+0000] {logging_mixin.py:137} INFO - [2023-03-09T15:43:17.365+0000] {dag.py:3441} INFO - Setting next_dagrun for latest_only_with_trigger to 2023-03-09T11:43:17.364878+00:00, run_after=2023-03-09T15:43:17.364878+00:00
[2023-03-09T15:43:17.394+0000] {processor.py:175} INFO - Processing /home/airflow/.local/lib/python3.7/site-packages/airflow/example_dags/example_latest_only_with_trigger.py took 0.228 seconds
[2023-03-09T15:43:47.522+0000] {processor.py:153} INFO - Started process (PID=796) to work on /home/airflow/.local/lib/python3.7/site-packages/airflow/example_dags/example_latest_only_with_trigger.py
[2023-03-09T15:43:47.524+0000] {processor.py:743} INFO - Processing file /home/airflow/.local/lib/python3.7/site-packages/airflow/example_dags/example_latest_only_with_trigger.py for tasks to queue
[2023-03-09T15:43:47.525+0000] {logging_mixin.py:137} INFO - [2023-03-09T15:43:47.525+0000] {dagbag.py:538} INFO - Filling up the DagBag from /home/airflow/.local/lib/python3.7/site-packages/airflow/example_dags/example_latest_only_with_trigger.py
[2023-03-09T15:43:47.569+0000] {processor.py:753} INFO - DAG(s) dict_keys(['latest_only_with_trigger']) retrieved from /home/airflow/.local/lib/python3.7/site-packages/airflow/example_dags/example_latest_only_with_trigger.py
[2023-03-09T15:43:47.672+0000] {logging_mixin.py:137} INFO - [2023-03-09T15:43:47.672+0000] {dag.py:2690} INFO - Sync 1 DAGs
[2023-03-09T15:43:47.760+0000] {logging_mixin.py:137} INFO - [2023-03-09T15:43:47.760+0000] {dag.py:3441} INFO - Setting next_dagrun for latest_only_with_trigger to 2023-03-09T11:43:47.760491+00:00, run_after=2023-03-09T15:43:47.760491+00:00
[2023-03-09T15:43:47.785+0000] {processor.py:175} INFO - Processing /home/airflow/.local/lib/python3.7/site-packages/airflow/example_dags/example_latest_only_with_trigger.py took 0.280 seconds
[2023-03-09T15:44:18.520+0000] {processor.py:153} INFO - Started process (PID=858) to work on /home/airflow/.local/lib/python3.7/site-packages/airflow/example_dags/example_latest_only_with_trigger.py
[2023-03-09T15:44:18.521+0000] {processor.py:743} INFO - Processing file /home/airflow/.local/lib/python3.7/site-packages/airflow/example_dags/example_latest_only_with_trigger.py for tasks to queue
[2023-03-09T15:44:18.522+0000] {logging_mixin.py:137} INFO - [2023-03-09T15:44:18.522+0000] {dagbag.py:538} INFO - Filling up the DagBag from /home/airflow/.local/lib/python3.7/site-packages/airflow/example_dags/example_latest_only_with_trigger.py
[2023-03-09T15:44:18.543+0000] {processor.py:753} INFO - DAG(s) dict_keys(['latest_only_with_trigger']) retrieved from /home/airflow/.local/lib/python3.7/site-packages/airflow/example_dags/example_latest_only_with_trigger.py
[2023-03-09T15:44:18.585+0000] {logging_mixin.py:137} INFO - [2023-03-09T15:44:18.585+0000] {dag.py:2690} INFO - Sync 1 DAGs
[2023-03-09T15:44:18.631+0000] {logging_mixin.py:137} INFO - [2023-03-09T15:44:18.631+0000] {dag.py:3441} INFO - Setting next_dagrun for latest_only_with_trigger to 2023-03-09T11:44:18.630811+00:00, run_after=2023-03-09T15:44:18.630811+00:00
[2023-03-09T15:44:18.658+0000] {processor.py:175} INFO - Processing /home/airflow/.local/lib/python3.7/site-packages/airflow/example_dags/example_latest_only_with_trigger.py took 0.143 seconds
[2023-03-09T15:44:49.357+0000] {processor.py:153} INFO - Started process (PID=921) to work on /home/airflow/.local/lib/python3.7/site-packages/airflow/example_dags/example_latest_only_with_trigger.py
[2023-03-09T15:44:49.358+0000] {processor.py:743} INFO - Processing file /home/airflow/.local/lib/python3.7/site-packages/airflow/example_dags/example_latest_only_with_trigger.py for tasks to queue
[2023-03-09T15:44:49.359+0000] {logging_mixin.py:137} INFO - [2023-03-09T15:44:49.358+0000] {dagbag.py:538} INFO - Filling up the DagBag from /home/airflow/.local/lib/python3.7/site-packages/airflow/example_dags/example_latest_only_with_trigger.py
[2023-03-09T15:44:49.393+0000] {processor.py:753} INFO - DAG(s) dict_keys(['latest_only_with_trigger']) retrieved from /home/airflow/.local/lib/python3.7/site-packages/airflow/example_dags/example_latest_only_with_trigger.py
[2023-03-09T15:44:49.434+0000] {logging_mixin.py:137} INFO - [2023-03-09T15:44:49.434+0000] {dag.py:2690} INFO - Sync 1 DAGs
[2023-03-09T15:44:49.487+0000] {logging_mixin.py:137} INFO - [2023-03-09T15:44:49.486+0000] {dag.py:3441} INFO - Setting next_dagrun for latest_only_with_trigger to 2023-03-09T11:44:49.486630+00:00, run_after=2023-03-09T15:44:49.486630+00:00
[2023-03-09T15:44:49.531+0000] {processor.py:175} INFO - Processing /home/airflow/.local/lib/python3.7/site-packages/airflow/example_dags/example_latest_only_with_trigger.py took 0.179 seconds
[2023-03-09T15:45:19.695+0000] {processor.py:153} INFO - Started process (PID=992) to work on /home/airflow/.local/lib/python3.7/site-packages/airflow/example_dags/example_latest_only_with_trigger.py
[2023-03-09T15:45:19.696+0000] {processor.py:743} INFO - Processing file /home/airflow/.local/lib/python3.7/site-packages/airflow/example_dags/example_latest_only_with_trigger.py for tasks to queue
[2023-03-09T15:45:19.697+0000] {logging_mixin.py:137} INFO - [2023-03-09T15:45:19.697+0000] {dagbag.py:538} INFO - Filling up the DagBag from /home/airflow/.local/lib/python3.7/site-packages/airflow/example_dags/example_latest_only_with_trigger.py
[2023-03-09T15:45:19.765+0000] {processor.py:753} INFO - DAG(s) dict_keys(['latest_only_with_trigger']) retrieved from /home/airflow/.local/lib/python3.7/site-packages/airflow/example_dags/example_latest_only_with_trigger.py
[2023-03-09T15:45:19.885+0000] {logging_mixin.py:137} INFO - [2023-03-09T15:45:19.885+0000] {dag.py:2690} INFO - Sync 1 DAGs
[2023-03-09T15:45:20.194+0000] {logging_mixin.py:137} INFO - [2023-03-09T15:45:20.193+0000] {dag.py:3441} INFO - Setting next_dagrun for latest_only_with_trigger to 2023-03-09T11:45:20.193495+00:00, run_after=2023-03-09T15:45:20.193495+00:00
[2023-03-09T15:45:20.341+0000] {processor.py:175} INFO - Processing /home/airflow/.local/lib/python3.7/site-packages/airflow/example_dags/example_latest_only_with_trigger.py took 0.656 seconds
[2023-03-09T15:45:50.638+0000] {processor.py:153} INFO - Started process (PID=1062) to work on /home/airflow/.local/lib/python3.7/site-packages/airflow/example_dags/example_latest_only_with_trigger.py
[2023-03-09T15:45:50.639+0000] {processor.py:743} INFO - Processing file /home/airflow/.local/lib/python3.7/site-packages/airflow/example_dags/example_latest_only_with_trigger.py for tasks to queue
[2023-03-09T15:45:50.648+0000] {logging_mixin.py:137} INFO - [2023-03-09T15:45:50.647+0000] {dagbag.py:538} INFO - Filling up the DagBag from /home/airflow/.local/lib/python3.7/site-packages/airflow/example_dags/example_latest_only_with_trigger.py
[2023-03-09T15:45:50.669+0000] {processor.py:753} INFO - DAG(s) dict_keys(['latest_only_with_trigger']) retrieved from /home/airflow/.local/lib/python3.7/site-packages/airflow/example_dags/example_latest_only_with_trigger.py
[2023-03-09T15:45:50.717+0000] {logging_mixin.py:137} INFO - [2023-03-09T15:45:50.717+0000] {dag.py:2690} INFO - Sync 1 DAGs
[2023-03-09T15:45:50.771+0000] {logging_mixin.py:137} INFO - [2023-03-09T15:45:50.771+0000] {dag.py:3441} INFO - Setting next_dagrun for latest_only_with_trigger to 2023-03-09T11:45:50.771321+00:00, run_after=2023-03-09T15:45:50.771321+00:00
[2023-03-09T15:45:50.807+0000] {processor.py:175} INFO - Processing /home/airflow/.local/lib/python3.7/site-packages/airflow/example_dags/example_latest_only_with_trigger.py took 0.173 seconds
[2023-03-09T15:46:21.653+0000] {processor.py:153} INFO - Started process (PID=1125) to work on /home/airflow/.local/lib/python3.7/site-packages/airflow/example_dags/example_latest_only_with_trigger.py
[2023-03-09T15:46:21.655+0000] {processor.py:743} INFO - Processing file /home/airflow/.local/lib/python3.7/site-packages/airflow/example_dags/example_latest_only_with_trigger.py for tasks to queue
[2023-03-09T15:46:21.656+0000] {logging_mixin.py:137} INFO - [2023-03-09T15:46:21.655+0000] {dagbag.py:538} INFO - Filling up the DagBag from /home/airflow/.local/lib/python3.7/site-packages/airflow/example_dags/example_latest_only_with_trigger.py
[2023-03-09T15:46:21.721+0000] {processor.py:753} INFO - DAG(s) dict_keys(['latest_only_with_trigger']) retrieved from /home/airflow/.local/lib/python3.7/site-packages/airflow/example_dags/example_latest_only_with_trigger.py
[2023-03-09T15:46:21.783+0000] {logging_mixin.py:137} INFO - [2023-03-09T15:46:21.783+0000] {dag.py:2690} INFO - Sync 1 DAGs
[2023-03-09T15:46:21.836+0000] {logging_mixin.py:137} INFO - [2023-03-09T15:46:21.836+0000] {dag.py:3441} INFO - Setting next_dagrun for latest_only_with_trigger to 2023-03-09T11:46:21.835847+00:00, run_after=2023-03-09T15:46:21.835847+00:00
[2023-03-09T15:46:21.876+0000] {processor.py:175} INFO - Processing /home/airflow/.local/lib/python3.7/site-packages/airflow/example_dags/example_latest_only_with_trigger.py took 0.234 seconds
[2023-03-09T15:46:52.225+0000] {processor.py:153} INFO - Started process (PID=1188) to work on /home/airflow/.local/lib/python3.7/site-packages/airflow/example_dags/example_latest_only_with_trigger.py
[2023-03-09T15:46:52.226+0000] {processor.py:743} INFO - Processing file /home/airflow/.local/lib/python3.7/site-packages/airflow/example_dags/example_latest_only_with_trigger.py for tasks to queue
[2023-03-09T15:46:52.227+0000] {logging_mixin.py:137} INFO - [2023-03-09T15:46:52.227+0000] {dagbag.py:538} INFO - Filling up the DagBag from /home/airflow/.local/lib/python3.7/site-packages/airflow/example_dags/example_latest_only_with_trigger.py
[2023-03-09T15:46:52.247+0000] {processor.py:753} INFO - DAG(s) dict_keys(['latest_only_with_trigger']) retrieved from /home/airflow/.local/lib/python3.7/site-packages/airflow/example_dags/example_latest_only_with_trigger.py
[2023-03-09T15:46:52.288+0000] {logging_mixin.py:137} INFO - [2023-03-09T15:46:52.288+0000] {dag.py:2690} INFO - Sync 1 DAGs
[2023-03-09T15:46:52.334+0000] {logging_mixin.py:137} INFO - [2023-03-09T15:46:52.334+0000] {dag.py:3441} INFO - Setting next_dagrun for latest_only_with_trigger to 2023-03-09T11:46:52.334148+00:00, run_after=2023-03-09T15:46:52.334148+00:00
[2023-03-09T15:46:52.360+0000] {processor.py:175} INFO - Processing /home/airflow/.local/lib/python3.7/site-packages/airflow/example_dags/example_latest_only_with_trigger.py took 0.138 seconds
[2023-03-09T15:47:22.561+0000] {processor.py:153} INFO - Started process (PID=1251) to work on /home/airflow/.local/lib/python3.7/site-packages/airflow/example_dags/example_latest_only_with_trigger.py
[2023-03-09T15:47:22.562+0000] {processor.py:743} INFO - Processing file /home/airflow/.local/lib/python3.7/site-packages/airflow/example_dags/example_latest_only_with_trigger.py for tasks to queue
[2023-03-09T15:47:22.562+0000] {logging_mixin.py:137} INFO - [2023-03-09T15:47:22.562+0000] {dagbag.py:538} INFO - Filling up the DagBag from /home/airflow/.local/lib/python3.7/site-packages/airflow/example_dags/example_latest_only_with_trigger.py
[2023-03-09T15:47:22.579+0000] {processor.py:753} INFO - DAG(s) dict_keys(['latest_only_with_trigger']) retrieved from /home/airflow/.local/lib/python3.7/site-packages/airflow/example_dags/example_latest_only_with_trigger.py
[2023-03-09T15:47:22.617+0000] {logging_mixin.py:137} INFO - [2023-03-09T15:47:22.617+0000] {dag.py:2690} INFO - Sync 1 DAGs
[2023-03-09T15:47:22.654+0000] {logging_mixin.py:137} INFO - [2023-03-09T15:47:22.654+0000] {dag.py:3441} INFO - Setting next_dagrun for latest_only_with_trigger to 2023-03-09T11:47:22.653995+00:00, run_after=2023-03-09T15:47:22.653995+00:00
[2023-03-09T15:47:22.682+0000] {processor.py:175} INFO - Processing /home/airflow/.local/lib/python3.7/site-packages/airflow/example_dags/example_latest_only_with_trigger.py took 0.125 seconds
[2023-03-09T15:47:53.261+0000] {processor.py:153} INFO - Started process (PID=1313) to work on /home/airflow/.local/lib/python3.7/site-packages/airflow/example_dags/example_latest_only_with_trigger.py
[2023-03-09T15:47:53.262+0000] {processor.py:743} INFO - Processing file /home/airflow/.local/lib/python3.7/site-packages/airflow/example_dags/example_latest_only_with_trigger.py for tasks to queue
[2023-03-09T15:47:53.263+0000] {logging_mixin.py:137} INFO - [2023-03-09T15:47:53.263+0000] {dagbag.py:538} INFO - Filling up the DagBag from /home/airflow/.local/lib/python3.7/site-packages/airflow/example_dags/example_latest_only_with_trigger.py
[2023-03-09T15:47:53.298+0000] {processor.py:753} INFO - DAG(s) dict_keys(['latest_only_with_trigger']) retrieved from /home/airflow/.local/lib/python3.7/site-packages/airflow/example_dags/example_latest_only_with_trigger.py
[2023-03-09T15:47:53.368+0000] {logging_mixin.py:137} INFO - [2023-03-09T15:47:53.367+0000] {dag.py:2690} INFO - Sync 1 DAGs
[2023-03-09T15:47:53.421+0000] {logging_mixin.py:137} INFO - [2023-03-09T15:47:53.420+0000] {dag.py:3441} INFO - Setting next_dagrun for latest_only_with_trigger to 2023-03-09T11:47:53.420401+00:00, run_after=2023-03-09T15:47:53.420401+00:00
[2023-03-09T15:47:53.453+0000] {processor.py:175} INFO - Processing /home/airflow/.local/lib/python3.7/site-packages/airflow/example_dags/example_latest_only_with_trigger.py took 0.197 seconds
[2023-03-09T15:48:23.549+0000] {processor.py:153} INFO - Started process (PID=1385) to work on /home/airflow/.local/lib/python3.7/site-packages/airflow/example_dags/example_latest_only_with_trigger.py
[2023-03-09T15:48:23.550+0000] {processor.py:743} INFO - Processing file /home/airflow/.local/lib/python3.7/site-packages/airflow/example_dags/example_latest_only_with_trigger.py for tasks to queue
[2023-03-09T15:48:23.551+0000] {logging_mixin.py:137} INFO - [2023-03-09T15:48:23.551+0000] {dagbag.py:538} INFO - Filling up the DagBag from /home/airflow/.local/lib/python3.7/site-packages/airflow/example_dags/example_latest_only_with_trigger.py
[2023-03-09T15:48:23.574+0000] {processor.py:753} INFO - DAG(s) dict_keys(['latest_only_with_trigger']) retrieved from /home/airflow/.local/lib/python3.7/site-packages/airflow/example_dags/example_latest_only_with_trigger.py
[2023-03-09T15:48:23.626+0000] {logging_mixin.py:137} INFO - [2023-03-09T15:48:23.626+0000] {dag.py:2690} INFO - Sync 1 DAGs
[2023-03-09T15:48:23.679+0000] {logging_mixin.py:137} INFO - [2023-03-09T15:48:23.679+0000] {dag.py:3441} INFO - Setting next_dagrun for latest_only_with_trigger to 2023-03-09T11:48:23.679125+00:00, run_after=2023-03-09T15:48:23.679125+00:00
[2023-03-09T15:48:23.712+0000] {processor.py:175} INFO - Processing /home/airflow/.local/lib/python3.7/site-packages/airflow/example_dags/example_latest_only_with_trigger.py took 0.167 seconds
[2023-03-09T15:48:54.081+0000] {processor.py:153} INFO - Started process (PID=1450) to work on /home/airflow/.local/lib/python3.7/site-packages/airflow/example_dags/example_latest_only_with_trigger.py
[2023-03-09T15:48:54.082+0000] {processor.py:743} INFO - Processing file /home/airflow/.local/lib/python3.7/site-packages/airflow/example_dags/example_latest_only_with_trigger.py for tasks to queue
[2023-03-09T15:48:54.083+0000] {logging_mixin.py:137} INFO - [2023-03-09T15:48:54.083+0000] {dagbag.py:538} INFO - Filling up the DagBag from /home/airflow/.local/lib/python3.7/site-packages/airflow/example_dags/example_latest_only_with_trigger.py
[2023-03-09T15:48:54.108+0000] {processor.py:753} INFO - DAG(s) dict_keys(['latest_only_with_trigger']) retrieved from /home/airflow/.local/lib/python3.7/site-packages/airflow/example_dags/example_latest_only_with_trigger.py
[2023-03-09T15:48:54.149+0000] {logging_mixin.py:137} INFO - [2023-03-09T15:48:54.149+0000] {dag.py:2690} INFO - Sync 1 DAGs
[2023-03-09T15:48:54.203+0000] {logging_mixin.py:137} INFO - [2023-03-09T15:48:54.203+0000] {dag.py:3441} INFO - Setting next_dagrun for latest_only_with_trigger to 2023-03-09T11:48:54.203080+00:00, run_after=2023-03-09T15:48:54.203080+00:00
[2023-03-09T15:48:54.238+0000] {processor.py:175} INFO - Processing /home/airflow/.local/lib/python3.7/site-packages/airflow/example_dags/example_latest_only_with_trigger.py took 0.160 seconds
[2023-03-09T15:49:24.776+0000] {processor.py:153} INFO - Started process (PID=1512) to work on /home/airflow/.local/lib/python3.7/site-packages/airflow/example_dags/example_latest_only_with_trigger.py
[2023-03-09T15:49:24.779+0000] {processor.py:743} INFO - Processing file /home/airflow/.local/lib/python3.7/site-packages/airflow/example_dags/example_latest_only_with_trigger.py for tasks to queue
[2023-03-09T15:49:24.780+0000] {logging_mixin.py:137} INFO - [2023-03-09T15:49:24.780+0000] {dagbag.py:538} INFO - Filling up the DagBag from /home/airflow/.local/lib/python3.7/site-packages/airflow/example_dags/example_latest_only_with_trigger.py
[2023-03-09T15:49:24.869+0000] {processor.py:753} INFO - DAG(s) dict_keys(['latest_only_with_trigger']) retrieved from /home/airflow/.local/lib/python3.7/site-packages/airflow/example_dags/example_latest_only_with_trigger.py
[2023-03-09T15:49:24.974+0000] {logging_mixin.py:137} INFO - [2023-03-09T15:49:24.974+0000] {dag.py:2690} INFO - Sync 1 DAGs
[2023-03-09T15:49:25.025+0000] {logging_mixin.py:137} INFO - [2023-03-09T15:49:25.025+0000] {dag.py:3441} INFO - Setting next_dagrun for latest_only_with_trigger to 2023-03-09T11:49:25.024846+00:00, run_after=2023-03-09T15:49:25.024846+00:00
[2023-03-09T15:49:25.079+0000] {processor.py:175} INFO - Processing /home/airflow/.local/lib/python3.7/site-packages/airflow/example_dags/example_latest_only_with_trigger.py took 0.327 seconds
