[2023-03-09T15:38:07.427+0000] {processor.py:153} INFO - Started process (PID=69) to work on /home/airflow/.local/lib/python3.7/site-packages/airflow/example_dags/example_subdag_operator.py
[2023-03-09T15:38:07.440+0000] {processor.py:743} INFO - Processing file /home/airflow/.local/lib/python3.7/site-packages/airflow/example_dags/example_subdag_operator.py for tasks to queue
[2023-03-09T15:38:07.441+0000] {logging_mixin.py:137} INFO - [2023-03-09T15:38:07.441+0000] {dagbag.py:538} INFO - Filling up the DagBag from /home/airflow/.local/lib/python3.7/site-packages/airflow/example_dags/example_subdag_operator.py
[2023-03-09T15:38:07.588+0000] {processor.py:753} INFO - DAG(s) dict_keys(['example_subdag_operator.section-1', 'example_subdag_operator.section-2', 'example_subdag_operator']) retrieved from /home/airflow/.local/lib/python3.7/site-packages/airflow/example_dags/example_subdag_operator.py
[2023-03-09T15:38:07.656+0000] {logging_mixin.py:137} INFO - [2023-03-09T15:38:07.655+0000] {dag.py:2690} INFO - Sync 3 DAGs
[2023-03-09T15:38:07.767+0000] {logging_mixin.py:137} INFO - [2023-03-09T15:38:07.766+0000] {dag.py:3441} INFO - Setting next_dagrun for example_subdag_operator to 2022-01-01T00:00:00+00:00, run_after=2022-01-01T00:00:00+00:00
[2023-03-09T15:38:07.782+0000] {logging_mixin.py:137} INFO - [2023-03-09T15:38:07.781+0000] {dag.py:3441} INFO - Setting next_dagrun for example_subdag_operator.section-1 to None, run_after=None
[2023-03-09T15:38:07.789+0000] {logging_mixin.py:137} INFO - [2023-03-09T15:38:07.789+0000] {dag.py:3441} INFO - Setting next_dagrun for example_subdag_operator.section-2 to None, run_after=None
[2023-03-09T15:38:07.814+0000] {logging_mixin.py:137} INFO - [2023-03-09T15:38:07.814+0000] {dag.py:2690} INFO - Sync 2 DAGs
[2023-03-09T15:38:07.839+0000] {logging_mixin.py:137} INFO - [2023-03-09T15:38:07.839+0000] {dag.py:3441} INFO - Setting next_dagrun for example_subdag_operator.section-1 to None, run_after=None
[2023-03-09T15:38:07.840+0000] {logging_mixin.py:137} INFO - [2023-03-09T15:38:07.840+0000] {dag.py:3441} INFO - Setting next_dagrun for example_subdag_operator.section-2 to None, run_after=None
[2023-03-09T15:38:07.899+0000] {processor.py:175} INFO - Processing /home/airflow/.local/lib/python3.7/site-packages/airflow/example_dags/example_subdag_operator.py took 0.476 seconds
[2023-03-09T15:38:38.049+0000] {processor.py:153} INFO - Started process (PID=123) to work on /home/airflow/.local/lib/python3.7/site-packages/airflow/example_dags/example_subdag_operator.py
[2023-03-09T15:38:38.050+0000] {processor.py:743} INFO - Processing file /home/airflow/.local/lib/python3.7/site-packages/airflow/example_dags/example_subdag_operator.py for tasks to queue
[2023-03-09T15:38:38.050+0000] {logging_mixin.py:137} INFO - [2023-03-09T15:38:38.050+0000] {dagbag.py:538} INFO - Filling up the DagBag from /home/airflow/.local/lib/python3.7/site-packages/airflow/example_dags/example_subdag_operator.py
[2023-03-09T15:38:38.161+0000] {processor.py:753} INFO - DAG(s) dict_keys(['example_subdag_operator.section-1', 'example_subdag_operator.section-2', 'example_subdag_operator']) retrieved from /home/airflow/.local/lib/python3.7/site-packages/airflow/example_dags/example_subdag_operator.py
[2023-03-09T15:38:38.200+0000] {logging_mixin.py:137} INFO - [2023-03-09T15:38:38.200+0000] {dag.py:2690} INFO - Sync 3 DAGs
[2023-03-09T15:38:38.251+0000] {logging_mixin.py:137} INFO - [2023-03-09T15:38:38.250+0000] {dag.py:3441} INFO - Setting next_dagrun for example_subdag_operator to 2022-01-01T00:00:00+00:00, run_after=2022-01-01T00:00:00+00:00
[2023-03-09T15:38:38.257+0000] {logging_mixin.py:137} INFO - [2023-03-09T15:38:38.257+0000] {dag.py:3441} INFO - Setting next_dagrun for example_subdag_operator.section-1 to None, run_after=None
[2023-03-09T15:38:38.259+0000] {logging_mixin.py:137} INFO - [2023-03-09T15:38:38.259+0000] {dag.py:3441} INFO - Setting next_dagrun for example_subdag_operator.section-2 to None, run_after=None
[2023-03-09T15:38:38.269+0000] {logging_mixin.py:137} INFO - [2023-03-09T15:38:38.269+0000] {dag.py:2690} INFO - Sync 2 DAGs
[2023-03-09T15:38:38.278+0000] {logging_mixin.py:137} INFO - [2023-03-09T15:38:38.278+0000] {dag.py:3441} INFO - Setting next_dagrun for example_subdag_operator.section-1 to None, run_after=None
[2023-03-09T15:38:38.278+0000] {logging_mixin.py:137} INFO - [2023-03-09T15:38:38.278+0000] {dag.py:3441} INFO - Setting next_dagrun for example_subdag_operator.section-2 to None, run_after=None
[2023-03-09T15:38:38.291+0000] {processor.py:175} INFO - Processing /home/airflow/.local/lib/python3.7/site-packages/airflow/example_dags/example_subdag_operator.py took 0.247 seconds
[2023-03-09T15:39:08.789+0000] {processor.py:153} INFO - Started process (PID=197) to work on /home/airflow/.local/lib/python3.7/site-packages/airflow/example_dags/example_subdag_operator.py
[2023-03-09T15:39:08.790+0000] {processor.py:743} INFO - Processing file /home/airflow/.local/lib/python3.7/site-packages/airflow/example_dags/example_subdag_operator.py for tasks to queue
[2023-03-09T15:39:08.790+0000] {logging_mixin.py:137} INFO - [2023-03-09T15:39:08.790+0000] {dagbag.py:538} INFO - Filling up the DagBag from /home/airflow/.local/lib/python3.7/site-packages/airflow/example_dags/example_subdag_operator.py
[2023-03-09T15:39:08.859+0000] {processor.py:753} INFO - DAG(s) dict_keys(['example_subdag_operator.section-1', 'example_subdag_operator.section-2', 'example_subdag_operator']) retrieved from /home/airflow/.local/lib/python3.7/site-packages/airflow/example_dags/example_subdag_operator.py
[2023-03-09T15:39:08.903+0000] {logging_mixin.py:137} INFO - [2023-03-09T15:39:08.903+0000] {dag.py:2690} INFO - Sync 3 DAGs
[2023-03-09T15:39:08.973+0000] {logging_mixin.py:137} INFO - [2023-03-09T15:39:08.973+0000] {dag.py:3441} INFO - Setting next_dagrun for example_subdag_operator to 2022-01-01T00:00:00+00:00, run_after=2022-01-01T00:00:00+00:00
[2023-03-09T15:39:08.980+0000] {logging_mixin.py:137} INFO - [2023-03-09T15:39:08.980+0000] {dag.py:3441} INFO - Setting next_dagrun for example_subdag_operator.section-1 to None, run_after=None
[2023-03-09T15:39:08.982+0000] {logging_mixin.py:137} INFO - [2023-03-09T15:39:08.982+0000] {dag.py:3441} INFO - Setting next_dagrun for example_subdag_operator.section-2 to None, run_after=None
[2023-03-09T15:39:09.004+0000] {logging_mixin.py:137} INFO - [2023-03-09T15:39:09.003+0000] {dag.py:2690} INFO - Sync 2 DAGs
[2023-03-09T15:39:09.016+0000] {logging_mixin.py:137} INFO - [2023-03-09T15:39:09.016+0000] {dag.py:3441} INFO - Setting next_dagrun for example_subdag_operator.section-1 to None, run_after=None
[2023-03-09T15:39:09.016+0000] {logging_mixin.py:137} INFO - [2023-03-09T15:39:09.016+0000] {dag.py:3441} INFO - Setting next_dagrun for example_subdag_operator.section-2 to None, run_after=None
[2023-03-09T15:39:09.042+0000] {processor.py:175} INFO - Processing /home/airflow/.local/lib/python3.7/site-packages/airflow/example_dags/example_subdag_operator.py took 0.256 seconds
[2023-03-09T15:39:39.175+0000] {processor.py:153} INFO - Started process (PID=260) to work on /home/airflow/.local/lib/python3.7/site-packages/airflow/example_dags/example_subdag_operator.py
[2023-03-09T15:39:39.175+0000] {processor.py:743} INFO - Processing file /home/airflow/.local/lib/python3.7/site-packages/airflow/example_dags/example_subdag_operator.py for tasks to queue
[2023-03-09T15:39:39.176+0000] {logging_mixin.py:137} INFO - [2023-03-09T15:39:39.176+0000] {dagbag.py:538} INFO - Filling up the DagBag from /home/airflow/.local/lib/python3.7/site-packages/airflow/example_dags/example_subdag_operator.py
[2023-03-09T15:39:39.218+0000] {processor.py:753} INFO - DAG(s) dict_keys(['example_subdag_operator.section-1', 'example_subdag_operator.section-2', 'example_subdag_operator']) retrieved from /home/airflow/.local/lib/python3.7/site-packages/airflow/example_dags/example_subdag_operator.py
[2023-03-09T15:39:39.240+0000] {logging_mixin.py:137} INFO - [2023-03-09T15:39:39.240+0000] {dag.py:2690} INFO - Sync 3 DAGs
[2023-03-09T15:39:39.276+0000] {logging_mixin.py:137} INFO - [2023-03-09T15:39:39.276+0000] {dag.py:3441} INFO - Setting next_dagrun for example_subdag_operator to 2022-01-01T00:00:00+00:00, run_after=2022-01-01T00:00:00+00:00
[2023-03-09T15:39:39.281+0000] {logging_mixin.py:137} INFO - [2023-03-09T15:39:39.281+0000] {dag.py:3441} INFO - Setting next_dagrun for example_subdag_operator.section-1 to None, run_after=None
[2023-03-09T15:39:39.282+0000] {logging_mixin.py:137} INFO - [2023-03-09T15:39:39.282+0000] {dag.py:3441} INFO - Setting next_dagrun for example_subdag_operator.section-2 to None, run_after=None
[2023-03-09T15:39:39.291+0000] {logging_mixin.py:137} INFO - [2023-03-09T15:39:39.291+0000] {dag.py:2690} INFO - Sync 2 DAGs
[2023-03-09T15:39:39.299+0000] {logging_mixin.py:137} INFO - [2023-03-09T15:39:39.299+0000] {dag.py:3441} INFO - Setting next_dagrun for example_subdag_operator.section-1 to None, run_after=None
[2023-03-09T15:39:39.300+0000] {logging_mixin.py:137} INFO - [2023-03-09T15:39:39.300+0000] {dag.py:3441} INFO - Setting next_dagrun for example_subdag_operator.section-2 to None, run_after=None
[2023-03-09T15:39:39.314+0000] {processor.py:175} INFO - Processing /home/airflow/.local/lib/python3.7/site-packages/airflow/example_dags/example_subdag_operator.py took 0.144 seconds
[2023-03-09T15:40:09.828+0000] {processor.py:153} INFO - Started process (PID=323) to work on /home/airflow/.local/lib/python3.7/site-packages/airflow/example_dags/example_subdag_operator.py
[2023-03-09T15:40:09.829+0000] {processor.py:743} INFO - Processing file /home/airflow/.local/lib/python3.7/site-packages/airflow/example_dags/example_subdag_operator.py for tasks to queue
[2023-03-09T15:40:09.830+0000] {logging_mixin.py:137} INFO - [2023-03-09T15:40:09.830+0000] {dagbag.py:538} INFO - Filling up the DagBag from /home/airflow/.local/lib/python3.7/site-packages/airflow/example_dags/example_subdag_operator.py
[2023-03-09T15:40:09.875+0000] {processor.py:753} INFO - DAG(s) dict_keys(['example_subdag_operator.section-1', 'example_subdag_operator.section-2', 'example_subdag_operator']) retrieved from /home/airflow/.local/lib/python3.7/site-packages/airflow/example_dags/example_subdag_operator.py
[2023-03-09T15:40:09.900+0000] {logging_mixin.py:137} INFO - [2023-03-09T15:40:09.900+0000] {dag.py:2690} INFO - Sync 3 DAGs
[2023-03-09T15:40:09.941+0000] {logging_mixin.py:137} INFO - [2023-03-09T15:40:09.941+0000] {dag.py:3441} INFO - Setting next_dagrun for example_subdag_operator to 2022-01-01T00:00:00+00:00, run_after=2022-01-01T00:00:00+00:00
[2023-03-09T15:40:09.945+0000] {logging_mixin.py:137} INFO - [2023-03-09T15:40:09.945+0000] {dag.py:3441} INFO - Setting next_dagrun for example_subdag_operator.section-1 to None, run_after=None
[2023-03-09T15:40:09.946+0000] {logging_mixin.py:137} INFO - [2023-03-09T15:40:09.946+0000] {dag.py:3441} INFO - Setting next_dagrun for example_subdag_operator.section-2 to None, run_after=None
[2023-03-09T15:40:09.958+0000] {logging_mixin.py:137} INFO - [2023-03-09T15:40:09.958+0000] {dag.py:2690} INFO - Sync 2 DAGs
[2023-03-09T15:40:09.968+0000] {logging_mixin.py:137} INFO - [2023-03-09T15:40:09.968+0000] {dag.py:3441} INFO - Setting next_dagrun for example_subdag_operator.section-1 to None, run_after=None
[2023-03-09T15:40:09.968+0000] {logging_mixin.py:137} INFO - [2023-03-09T15:40:09.968+0000] {dag.py:3441} INFO - Setting next_dagrun for example_subdag_operator.section-2 to None, run_after=None
[2023-03-09T15:40:09.981+0000] {processor.py:175} INFO - Processing /home/airflow/.local/lib/python3.7/site-packages/airflow/example_dags/example_subdag_operator.py took 0.157 seconds
[2023-03-09T15:40:40.650+0000] {processor.py:153} INFO - Started process (PID=386) to work on /home/airflow/.local/lib/python3.7/site-packages/airflow/example_dags/example_subdag_operator.py
[2023-03-09T15:40:40.651+0000] {processor.py:743} INFO - Processing file /home/airflow/.local/lib/python3.7/site-packages/airflow/example_dags/example_subdag_operator.py for tasks to queue
[2023-03-09T15:40:40.652+0000] {logging_mixin.py:137} INFO - [2023-03-09T15:40:40.652+0000] {dagbag.py:538} INFO - Filling up the DagBag from /home/airflow/.local/lib/python3.7/site-packages/airflow/example_dags/example_subdag_operator.py
[2023-03-09T15:40:40.705+0000] {processor.py:753} INFO - DAG(s) dict_keys(['example_subdag_operator.section-1', 'example_subdag_operator.section-2', 'example_subdag_operator']) retrieved from /home/airflow/.local/lib/python3.7/site-packages/airflow/example_dags/example_subdag_operator.py
[2023-03-09T15:40:40.739+0000] {logging_mixin.py:137} INFO - [2023-03-09T15:40:40.739+0000] {dag.py:2690} INFO - Sync 3 DAGs
[2023-03-09T15:40:40.797+0000] {logging_mixin.py:137} INFO - [2023-03-09T15:40:40.797+0000] {dag.py:3441} INFO - Setting next_dagrun for example_subdag_operator to 2022-01-01T00:00:00+00:00, run_after=2022-01-01T00:00:00+00:00
[2023-03-09T15:40:40.804+0000] {logging_mixin.py:137} INFO - [2023-03-09T15:40:40.804+0000] {dag.py:3441} INFO - Setting next_dagrun for example_subdag_operator.section-1 to None, run_after=None
[2023-03-09T15:40:40.807+0000] {logging_mixin.py:137} INFO - [2023-03-09T15:40:40.807+0000] {dag.py:3441} INFO - Setting next_dagrun for example_subdag_operator.section-2 to None, run_after=None
[2023-03-09T15:40:40.821+0000] {logging_mixin.py:137} INFO - [2023-03-09T15:40:40.821+0000] {dag.py:2690} INFO - Sync 2 DAGs
[2023-03-09T15:40:40.833+0000] {logging_mixin.py:137} INFO - [2023-03-09T15:40:40.833+0000] {dag.py:3441} INFO - Setting next_dagrun for example_subdag_operator.section-1 to None, run_after=None
[2023-03-09T15:40:40.834+0000] {logging_mixin.py:137} INFO - [2023-03-09T15:40:40.834+0000] {dag.py:3441} INFO - Setting next_dagrun for example_subdag_operator.section-2 to None, run_after=None
[2023-03-09T15:40:40.854+0000] {processor.py:175} INFO - Processing /home/airflow/.local/lib/python3.7/site-packages/airflow/example_dags/example_subdag_operator.py took 0.215 seconds
[2023-03-09T15:41:10.978+0000] {processor.py:153} INFO - Started process (PID=460) to work on /home/airflow/.local/lib/python3.7/site-packages/airflow/example_dags/example_subdag_operator.py
[2023-03-09T15:41:10.979+0000] {processor.py:743} INFO - Processing file /home/airflow/.local/lib/python3.7/site-packages/airflow/example_dags/example_subdag_operator.py for tasks to queue
[2023-03-09T15:41:10.980+0000] {logging_mixin.py:137} INFO - [2023-03-09T15:41:10.980+0000] {dagbag.py:538} INFO - Filling up the DagBag from /home/airflow/.local/lib/python3.7/site-packages/airflow/example_dags/example_subdag_operator.py
[2023-03-09T15:41:11.018+0000] {processor.py:753} INFO - DAG(s) dict_keys(['example_subdag_operator.section-1', 'example_subdag_operator.section-2', 'example_subdag_operator']) retrieved from /home/airflow/.local/lib/python3.7/site-packages/airflow/example_dags/example_subdag_operator.py
[2023-03-09T15:41:11.042+0000] {logging_mixin.py:137} INFO - [2023-03-09T15:41:11.042+0000] {dag.py:2690} INFO - Sync 3 DAGs
[2023-03-09T15:41:11.079+0000] {logging_mixin.py:137} INFO - [2023-03-09T15:41:11.079+0000] {dag.py:3441} INFO - Setting next_dagrun for example_subdag_operator to 2022-01-01T00:00:00+00:00, run_after=2022-01-01T00:00:00+00:00
[2023-03-09T15:41:11.084+0000] {logging_mixin.py:137} INFO - [2023-03-09T15:41:11.083+0000] {dag.py:3441} INFO - Setting next_dagrun for example_subdag_operator.section-1 to None, run_after=None
[2023-03-09T15:41:11.085+0000] {logging_mixin.py:137} INFO - [2023-03-09T15:41:11.085+0000] {dag.py:3441} INFO - Setting next_dagrun for example_subdag_operator.section-2 to None, run_after=None
[2023-03-09T15:41:11.095+0000] {logging_mixin.py:137} INFO - [2023-03-09T15:41:11.095+0000] {dag.py:2690} INFO - Sync 2 DAGs
[2023-03-09T15:41:11.103+0000] {logging_mixin.py:137} INFO - [2023-03-09T15:41:11.103+0000] {dag.py:3441} INFO - Setting next_dagrun for example_subdag_operator.section-1 to None, run_after=None
[2023-03-09T15:41:11.103+0000] {logging_mixin.py:137} INFO - [2023-03-09T15:41:11.103+0000] {dag.py:3441} INFO - Setting next_dagrun for example_subdag_operator.section-2 to None, run_after=None
[2023-03-09T15:41:11.117+0000] {processor.py:175} INFO - Processing /home/airflow/.local/lib/python3.7/site-packages/airflow/example_dags/example_subdag_operator.py took 0.142 seconds
[2023-03-09T15:41:41.882+0000] {processor.py:153} INFO - Started process (PID=524) to work on /home/airflow/.local/lib/python3.7/site-packages/airflow/example_dags/example_subdag_operator.py
[2023-03-09T15:41:41.882+0000] {processor.py:743} INFO - Processing file /home/airflow/.local/lib/python3.7/site-packages/airflow/example_dags/example_subdag_operator.py for tasks to queue
[2023-03-09T15:41:41.883+0000] {logging_mixin.py:137} INFO - [2023-03-09T15:41:41.883+0000] {dagbag.py:538} INFO - Filling up the DagBag from /home/airflow/.local/lib/python3.7/site-packages/airflow/example_dags/example_subdag_operator.py
[2023-03-09T15:41:41.923+0000] {processor.py:753} INFO - DAG(s) dict_keys(['example_subdag_operator.section-1', 'example_subdag_operator.section-2', 'example_subdag_operator']) retrieved from /home/airflow/.local/lib/python3.7/site-packages/airflow/example_dags/example_subdag_operator.py
[2023-03-09T15:41:41.947+0000] {logging_mixin.py:137} INFO - [2023-03-09T15:41:41.947+0000] {dag.py:2690} INFO - Sync 3 DAGs
[2023-03-09T15:41:41.995+0000] {logging_mixin.py:137} INFO - [2023-03-09T15:41:41.995+0000] {dag.py:3441} INFO - Setting next_dagrun for example_subdag_operator to 2022-01-01T00:00:00+00:00, run_after=2022-01-01T00:00:00+00:00
[2023-03-09T15:41:41.999+0000] {logging_mixin.py:137} INFO - [2023-03-09T15:41:41.999+0000] {dag.py:3441} INFO - Setting next_dagrun for example_subdag_operator.section-1 to None, run_after=None
[2023-03-09T15:41:42.001+0000] {logging_mixin.py:137} INFO - [2023-03-09T15:41:42.001+0000] {dag.py:3441} INFO - Setting next_dagrun for example_subdag_operator.section-2 to None, run_after=None
[2023-03-09T15:41:42.010+0000] {logging_mixin.py:137} INFO - [2023-03-09T15:41:42.010+0000] {dag.py:2690} INFO - Sync 2 DAGs
[2023-03-09T15:41:42.018+0000] {logging_mixin.py:137} INFO - [2023-03-09T15:41:42.018+0000] {dag.py:3441} INFO - Setting next_dagrun for example_subdag_operator.section-1 to None, run_after=None
[2023-03-09T15:41:42.019+0000] {logging_mixin.py:137} INFO - [2023-03-09T15:41:42.018+0000] {dag.py:3441} INFO - Setting next_dagrun for example_subdag_operator.section-2 to None, run_after=None
[2023-03-09T15:41:42.033+0000] {processor.py:175} INFO - Processing /home/airflow/.local/lib/python3.7/site-packages/airflow/example_dags/example_subdag_operator.py took 0.154 seconds
[2023-03-09T15:42:12.738+0000] {processor.py:153} INFO - Started process (PID=589) to work on /home/airflow/.local/lib/python3.7/site-packages/airflow/example_dags/example_subdag_operator.py
[2023-03-09T15:42:12.739+0000] {processor.py:743} INFO - Processing file /home/airflow/.local/lib/python3.7/site-packages/airflow/example_dags/example_subdag_operator.py for tasks to queue
[2023-03-09T15:42:12.740+0000] {logging_mixin.py:137} INFO - [2023-03-09T15:42:12.740+0000] {dagbag.py:538} INFO - Filling up the DagBag from /home/airflow/.local/lib/python3.7/site-packages/airflow/example_dags/example_subdag_operator.py
[2023-03-09T15:42:12.787+0000] {processor.py:753} INFO - DAG(s) dict_keys(['example_subdag_operator.section-1', 'example_subdag_operator.section-2', 'example_subdag_operator']) retrieved from /home/airflow/.local/lib/python3.7/site-packages/airflow/example_dags/example_subdag_operator.py
[2023-03-09T15:42:12.811+0000] {logging_mixin.py:137} INFO - [2023-03-09T15:42:12.811+0000] {dag.py:2690} INFO - Sync 3 DAGs
[2023-03-09T15:42:12.853+0000] {logging_mixin.py:137} INFO - [2023-03-09T15:42:12.853+0000] {dag.py:3441} INFO - Setting next_dagrun for example_subdag_operator to 2022-01-01T00:00:00+00:00, run_after=2022-01-01T00:00:00+00:00
[2023-03-09T15:42:12.859+0000] {logging_mixin.py:137} INFO - [2023-03-09T15:42:12.858+0000] {dag.py:3441} INFO - Setting next_dagrun for example_subdag_operator.section-1 to None, run_after=None
[2023-03-09T15:42:12.860+0000] {logging_mixin.py:137} INFO - [2023-03-09T15:42:12.860+0000] {dag.py:3441} INFO - Setting next_dagrun for example_subdag_operator.section-2 to None, run_after=None
[2023-03-09T15:42:12.870+0000] {logging_mixin.py:137} INFO - [2023-03-09T15:42:12.870+0000] {dag.py:2690} INFO - Sync 2 DAGs
[2023-03-09T15:42:12.880+0000] {logging_mixin.py:137} INFO - [2023-03-09T15:42:12.880+0000] {dag.py:3441} INFO - Setting next_dagrun for example_subdag_operator.section-1 to None, run_after=None
[2023-03-09T15:42:12.881+0000] {logging_mixin.py:137} INFO - [2023-03-09T15:42:12.881+0000] {dag.py:3441} INFO - Setting next_dagrun for example_subdag_operator.section-2 to None, run_after=None
[2023-03-09T15:42:12.899+0000] {processor.py:175} INFO - Processing /home/airflow/.local/lib/python3.7/site-packages/airflow/example_dags/example_subdag_operator.py took 0.167 seconds
[2023-03-09T15:42:43.482+0000] {processor.py:153} INFO - Started process (PID=652) to work on /home/airflow/.local/lib/python3.7/site-packages/airflow/example_dags/example_subdag_operator.py
[2023-03-09T15:42:43.483+0000] {processor.py:743} INFO - Processing file /home/airflow/.local/lib/python3.7/site-packages/airflow/example_dags/example_subdag_operator.py for tasks to queue
[2023-03-09T15:42:43.484+0000] {logging_mixin.py:137} INFO - [2023-03-09T15:42:43.484+0000] {dagbag.py:538} INFO - Filling up the DagBag from /home/airflow/.local/lib/python3.7/site-packages/airflow/example_dags/example_subdag_operator.py
[2023-03-09T15:42:43.536+0000] {processor.py:753} INFO - DAG(s) dict_keys(['example_subdag_operator.section-1', 'example_subdag_operator.section-2', 'example_subdag_operator']) retrieved from /home/airflow/.local/lib/python3.7/site-packages/airflow/example_dags/example_subdag_operator.py
[2023-03-09T15:42:43.582+0000] {logging_mixin.py:137} INFO - [2023-03-09T15:42:43.581+0000] {dag.py:2690} INFO - Sync 3 DAGs
[2023-03-09T15:42:43.635+0000] {logging_mixin.py:137} INFO - [2023-03-09T15:42:43.635+0000] {dag.py:3441} INFO - Setting next_dagrun for example_subdag_operator to 2022-01-01T00:00:00+00:00, run_after=2022-01-01T00:00:00+00:00
[2023-03-09T15:42:43.642+0000] {logging_mixin.py:137} INFO - [2023-03-09T15:42:43.642+0000] {dag.py:3441} INFO - Setting next_dagrun for example_subdag_operator.section-1 to None, run_after=None
[2023-03-09T15:42:43.644+0000] {logging_mixin.py:137} INFO - [2023-03-09T15:42:43.644+0000] {dag.py:3441} INFO - Setting next_dagrun for example_subdag_operator.section-2 to None, run_after=None
[2023-03-09T15:42:43.658+0000] {logging_mixin.py:137} INFO - [2023-03-09T15:42:43.658+0000] {dag.py:2690} INFO - Sync 2 DAGs
[2023-03-09T15:42:43.669+0000] {logging_mixin.py:137} INFO - [2023-03-09T15:42:43.669+0000] {dag.py:3441} INFO - Setting next_dagrun for example_subdag_operator.section-1 to None, run_after=None
[2023-03-09T15:42:43.670+0000] {logging_mixin.py:137} INFO - [2023-03-09T15:42:43.670+0000] {dag.py:3441} INFO - Setting next_dagrun for example_subdag_operator.section-2 to None, run_after=None
[2023-03-09T15:42:43.684+0000] {processor.py:175} INFO - Processing /home/airflow/.local/lib/python3.7/site-packages/airflow/example_dags/example_subdag_operator.py took 0.206 seconds
[2023-03-09T15:43:14.379+0000] {processor.py:153} INFO - Started process (PID=727) to work on /home/airflow/.local/lib/python3.7/site-packages/airflow/example_dags/example_subdag_operator.py
[2023-03-09T15:43:14.385+0000] {processor.py:743} INFO - Processing file /home/airflow/.local/lib/python3.7/site-packages/airflow/example_dags/example_subdag_operator.py for tasks to queue
[2023-03-09T15:43:14.386+0000] {logging_mixin.py:137} INFO - [2023-03-09T15:43:14.386+0000] {dagbag.py:538} INFO - Filling up the DagBag from /home/airflow/.local/lib/python3.7/site-packages/airflow/example_dags/example_subdag_operator.py
[2023-03-09T15:43:14.487+0000] {processor.py:753} INFO - DAG(s) dict_keys(['example_subdag_operator.section-1', 'example_subdag_operator.section-2', 'example_subdag_operator']) retrieved from /home/airflow/.local/lib/python3.7/site-packages/airflow/example_dags/example_subdag_operator.py
[2023-03-09T15:43:14.542+0000] {logging_mixin.py:137} INFO - [2023-03-09T15:43:14.541+0000] {dag.py:2690} INFO - Sync 3 DAGs
[2023-03-09T15:43:14.600+0000] {logging_mixin.py:137} INFO - [2023-03-09T15:43:14.600+0000] {dag.py:3441} INFO - Setting next_dagrun for example_subdag_operator to 2022-01-01T00:00:00+00:00, run_after=2022-01-01T00:00:00+00:00
[2023-03-09T15:43:14.607+0000] {logging_mixin.py:137} INFO - [2023-03-09T15:43:14.607+0000] {dag.py:3441} INFO - Setting next_dagrun for example_subdag_operator.section-1 to None, run_after=None
[2023-03-09T15:43:14.610+0000] {logging_mixin.py:137} INFO - [2023-03-09T15:43:14.609+0000] {dag.py:3441} INFO - Setting next_dagrun for example_subdag_operator.section-2 to None, run_after=None
[2023-03-09T15:43:14.624+0000] {logging_mixin.py:137} INFO - [2023-03-09T15:43:14.624+0000] {dag.py:2690} INFO - Sync 2 DAGs
[2023-03-09T15:43:14.636+0000] {logging_mixin.py:137} INFO - [2023-03-09T15:43:14.636+0000] {dag.py:3441} INFO - Setting next_dagrun for example_subdag_operator.section-1 to None, run_after=None
[2023-03-09T15:43:14.637+0000] {logging_mixin.py:137} INFO - [2023-03-09T15:43:14.637+0000] {dag.py:3441} INFO - Setting next_dagrun for example_subdag_operator.section-2 to None, run_after=None
[2023-03-09T15:43:14.658+0000] {processor.py:175} INFO - Processing /home/airflow/.local/lib/python3.7/site-packages/airflow/example_dags/example_subdag_operator.py took 0.283 seconds
[2023-03-09T15:43:44.792+0000] {processor.py:153} INFO - Started process (PID=790) to work on /home/airflow/.local/lib/python3.7/site-packages/airflow/example_dags/example_subdag_operator.py
[2023-03-09T15:43:44.793+0000] {processor.py:743} INFO - Processing file /home/airflow/.local/lib/python3.7/site-packages/airflow/example_dags/example_subdag_operator.py for tasks to queue
[2023-03-09T15:43:44.794+0000] {logging_mixin.py:137} INFO - [2023-03-09T15:43:44.794+0000] {dagbag.py:538} INFO - Filling up the DagBag from /home/airflow/.local/lib/python3.7/site-packages/airflow/example_dags/example_subdag_operator.py
[2023-03-09T15:43:44.846+0000] {processor.py:753} INFO - DAG(s) dict_keys(['example_subdag_operator.section-1', 'example_subdag_operator.section-2', 'example_subdag_operator']) retrieved from /home/airflow/.local/lib/python3.7/site-packages/airflow/example_dags/example_subdag_operator.py
[2023-03-09T15:43:44.880+0000] {logging_mixin.py:137} INFO - [2023-03-09T15:43:44.880+0000] {dag.py:2690} INFO - Sync 3 DAGs
[2023-03-09T15:43:44.954+0000] {logging_mixin.py:137} INFO - [2023-03-09T15:43:44.954+0000] {dag.py:3441} INFO - Setting next_dagrun for example_subdag_operator to 2022-01-01T00:00:00+00:00, run_after=2022-01-01T00:00:00+00:00
[2023-03-09T15:43:44.962+0000] {logging_mixin.py:137} INFO - [2023-03-09T15:43:44.962+0000] {dag.py:3441} INFO - Setting next_dagrun for example_subdag_operator.section-1 to None, run_after=None
[2023-03-09T15:43:44.964+0000] {logging_mixin.py:137} INFO - [2023-03-09T15:43:44.964+0000] {dag.py:3441} INFO - Setting next_dagrun for example_subdag_operator.section-2 to None, run_after=None
[2023-03-09T15:43:44.979+0000] {logging_mixin.py:137} INFO - [2023-03-09T15:43:44.979+0000] {dag.py:2690} INFO - Sync 2 DAGs
[2023-03-09T15:43:44.992+0000] {logging_mixin.py:137} INFO - [2023-03-09T15:43:44.992+0000] {dag.py:3441} INFO - Setting next_dagrun for example_subdag_operator.section-1 to None, run_after=None
[2023-03-09T15:43:44.994+0000] {logging_mixin.py:137} INFO - [2023-03-09T15:43:44.993+0000] {dag.py:3441} INFO - Setting next_dagrun for example_subdag_operator.section-2 to None, run_after=None
[2023-03-09T15:43:45.018+0000] {processor.py:175} INFO - Processing /home/airflow/.local/lib/python3.7/site-packages/airflow/example_dags/example_subdag_operator.py took 0.232 seconds
[2023-03-09T15:44:15.151+0000] {processor.py:153} INFO - Started process (PID=852) to work on /home/airflow/.local/lib/python3.7/site-packages/airflow/example_dags/example_subdag_operator.py
[2023-03-09T15:44:15.151+0000] {processor.py:743} INFO - Processing file /home/airflow/.local/lib/python3.7/site-packages/airflow/example_dags/example_subdag_operator.py for tasks to queue
[2023-03-09T15:44:15.152+0000] {logging_mixin.py:137} INFO - [2023-03-09T15:44:15.152+0000] {dagbag.py:538} INFO - Filling up the DagBag from /home/airflow/.local/lib/python3.7/site-packages/airflow/example_dags/example_subdag_operator.py
[2023-03-09T15:44:15.188+0000] {processor.py:753} INFO - DAG(s) dict_keys(['example_subdag_operator.section-1', 'example_subdag_operator.section-2', 'example_subdag_operator']) retrieved from /home/airflow/.local/lib/python3.7/site-packages/airflow/example_dags/example_subdag_operator.py
[2023-03-09T15:44:15.212+0000] {logging_mixin.py:137} INFO - [2023-03-09T15:44:15.211+0000] {dag.py:2690} INFO - Sync 3 DAGs
[2023-03-09T15:44:15.246+0000] {logging_mixin.py:137} INFO - [2023-03-09T15:44:15.246+0000] {dag.py:3441} INFO - Setting next_dagrun for example_subdag_operator to 2022-01-01T00:00:00+00:00, run_after=2022-01-01T00:00:00+00:00
[2023-03-09T15:44:15.251+0000] {logging_mixin.py:137} INFO - [2023-03-09T15:44:15.250+0000] {dag.py:3441} INFO - Setting next_dagrun for example_subdag_operator.section-1 to None, run_after=None
[2023-03-09T15:44:15.252+0000] {logging_mixin.py:137} INFO - [2023-03-09T15:44:15.252+0000] {dag.py:3441} INFO - Setting next_dagrun for example_subdag_operator.section-2 to None, run_after=None
[2023-03-09T15:44:15.262+0000] {logging_mixin.py:137} INFO - [2023-03-09T15:44:15.262+0000] {dag.py:2690} INFO - Sync 2 DAGs
[2023-03-09T15:44:15.269+0000] {logging_mixin.py:137} INFO - [2023-03-09T15:44:15.269+0000] {dag.py:3441} INFO - Setting next_dagrun for example_subdag_operator.section-1 to None, run_after=None
[2023-03-09T15:44:15.270+0000] {logging_mixin.py:137} INFO - [2023-03-09T15:44:15.270+0000] {dag.py:3441} INFO - Setting next_dagrun for example_subdag_operator.section-2 to None, run_after=None
[2023-03-09T15:44:15.285+0000] {processor.py:175} INFO - Processing /home/airflow/.local/lib/python3.7/site-packages/airflow/example_dags/example_subdag_operator.py took 0.137 seconds
[2023-03-09T15:44:45.587+0000] {processor.py:153} INFO - Started process (PID=915) to work on /home/airflow/.local/lib/python3.7/site-packages/airflow/example_dags/example_subdag_operator.py
[2023-03-09T15:44:45.588+0000] {processor.py:743} INFO - Processing file /home/airflow/.local/lib/python3.7/site-packages/airflow/example_dags/example_subdag_operator.py for tasks to queue
[2023-03-09T15:44:45.589+0000] {logging_mixin.py:137} INFO - [2023-03-09T15:44:45.588+0000] {dagbag.py:538} INFO - Filling up the DagBag from /home/airflow/.local/lib/python3.7/site-packages/airflow/example_dags/example_subdag_operator.py
[2023-03-09T15:44:45.628+0000] {processor.py:753} INFO - DAG(s) dict_keys(['example_subdag_operator.section-1', 'example_subdag_operator.section-2', 'example_subdag_operator']) retrieved from /home/airflow/.local/lib/python3.7/site-packages/airflow/example_dags/example_subdag_operator.py
[2023-03-09T15:44:45.654+0000] {logging_mixin.py:137} INFO - [2023-03-09T15:44:45.654+0000] {dag.py:2690} INFO - Sync 3 DAGs
[2023-03-09T15:44:45.693+0000] {logging_mixin.py:137} INFO - [2023-03-09T15:44:45.693+0000] {dag.py:3441} INFO - Setting next_dagrun for example_subdag_operator to 2022-01-01T00:00:00+00:00, run_after=2022-01-01T00:00:00+00:00
[2023-03-09T15:44:45.698+0000] {logging_mixin.py:137} INFO - [2023-03-09T15:44:45.698+0000] {dag.py:3441} INFO - Setting next_dagrun for example_subdag_operator.section-1 to None, run_after=None
[2023-03-09T15:44:45.700+0000] {logging_mixin.py:137} INFO - [2023-03-09T15:44:45.700+0000] {dag.py:3441} INFO - Setting next_dagrun for example_subdag_operator.section-2 to None, run_after=None
[2023-03-09T15:44:45.713+0000] {logging_mixin.py:137} INFO - [2023-03-09T15:44:45.713+0000] {dag.py:2690} INFO - Sync 2 DAGs
[2023-03-09T15:44:45.725+0000] {logging_mixin.py:137} INFO - [2023-03-09T15:44:45.724+0000] {dag.py:3441} INFO - Setting next_dagrun for example_subdag_operator.section-1 to None, run_after=None
[2023-03-09T15:44:45.725+0000] {logging_mixin.py:137} INFO - [2023-03-09T15:44:45.725+0000] {dag.py:3441} INFO - Setting next_dagrun for example_subdag_operator.section-2 to None, run_after=None
[2023-03-09T15:44:45.740+0000] {processor.py:175} INFO - Processing /home/airflow/.local/lib/python3.7/site-packages/airflow/example_dags/example_subdag_operator.py took 0.157 seconds
[2023-03-09T15:45:16.254+0000] {processor.py:153} INFO - Started process (PID=977) to work on /home/airflow/.local/lib/python3.7/site-packages/airflow/example_dags/example_subdag_operator.py
[2023-03-09T15:45:16.255+0000] {processor.py:743} INFO - Processing file /home/airflow/.local/lib/python3.7/site-packages/airflow/example_dags/example_subdag_operator.py for tasks to queue
[2023-03-09T15:45:16.255+0000] {logging_mixin.py:137} INFO - [2023-03-09T15:45:16.255+0000] {dagbag.py:538} INFO - Filling up the DagBag from /home/airflow/.local/lib/python3.7/site-packages/airflow/example_dags/example_subdag_operator.py
[2023-03-09T15:45:16.297+0000] {processor.py:753} INFO - DAG(s) dict_keys(['example_subdag_operator.section-1', 'example_subdag_operator.section-2', 'example_subdag_operator']) retrieved from /home/airflow/.local/lib/python3.7/site-packages/airflow/example_dags/example_subdag_operator.py
[2023-03-09T15:45:16.326+0000] {logging_mixin.py:137} INFO - [2023-03-09T15:45:16.326+0000] {dag.py:2690} INFO - Sync 3 DAGs
[2023-03-09T15:45:16.373+0000] {logging_mixin.py:137} INFO - [2023-03-09T15:45:16.373+0000] {dag.py:3441} INFO - Setting next_dagrun for example_subdag_operator to 2022-01-01T00:00:00+00:00, run_after=2022-01-01T00:00:00+00:00
[2023-03-09T15:45:16.379+0000] {logging_mixin.py:137} INFO - [2023-03-09T15:45:16.378+0000] {dag.py:3441} INFO - Setting next_dagrun for example_subdag_operator.section-1 to None, run_after=None
[2023-03-09T15:45:16.380+0000] {logging_mixin.py:137} INFO - [2023-03-09T15:45:16.380+0000] {dag.py:3441} INFO - Setting next_dagrun for example_subdag_operator.section-2 to None, run_after=None
[2023-03-09T15:45:16.390+0000] {logging_mixin.py:137} INFO - [2023-03-09T15:45:16.390+0000] {dag.py:2690} INFO - Sync 2 DAGs
[2023-03-09T15:45:16.398+0000] {logging_mixin.py:137} INFO - [2023-03-09T15:45:16.398+0000] {dag.py:3441} INFO - Setting next_dagrun for example_subdag_operator.section-1 to None, run_after=None
[2023-03-09T15:45:16.399+0000] {logging_mixin.py:137} INFO - [2023-03-09T15:45:16.399+0000] {dag.py:3441} INFO - Setting next_dagrun for example_subdag_operator.section-2 to None, run_after=None
[2023-03-09T15:45:16.413+0000] {processor.py:175} INFO - Processing /home/airflow/.local/lib/python3.7/site-packages/airflow/example_dags/example_subdag_operator.py took 0.163 seconds
[2023-03-09T15:45:46.803+0000] {processor.py:153} INFO - Started process (PID=1044) to work on /home/airflow/.local/lib/python3.7/site-packages/airflow/example_dags/example_subdag_operator.py
[2023-03-09T15:45:46.804+0000] {processor.py:743} INFO - Processing file /home/airflow/.local/lib/python3.7/site-packages/airflow/example_dags/example_subdag_operator.py for tasks to queue
[2023-03-09T15:45:46.805+0000] {logging_mixin.py:137} INFO - [2023-03-09T15:45:46.805+0000] {dagbag.py:538} INFO - Filling up the DagBag from /home/airflow/.local/lib/python3.7/site-packages/airflow/example_dags/example_subdag_operator.py
[2023-03-09T15:45:46.860+0000] {processor.py:753} INFO - DAG(s) dict_keys(['example_subdag_operator.section-1', 'example_subdag_operator.section-2', 'example_subdag_operator']) retrieved from /home/airflow/.local/lib/python3.7/site-packages/airflow/example_dags/example_subdag_operator.py
[2023-03-09T15:45:46.895+0000] {logging_mixin.py:137} INFO - [2023-03-09T15:45:46.895+0000] {dag.py:2690} INFO - Sync 3 DAGs
[2023-03-09T15:45:46.946+0000] {logging_mixin.py:137} INFO - [2023-03-09T15:45:46.946+0000] {dag.py:3441} INFO - Setting next_dagrun for example_subdag_operator to 2022-01-01T00:00:00+00:00, run_after=2022-01-01T00:00:00+00:00
[2023-03-09T15:45:46.953+0000] {logging_mixin.py:137} INFO - [2023-03-09T15:45:46.952+0000] {dag.py:3441} INFO - Setting next_dagrun for example_subdag_operator.section-1 to None, run_after=None
[2023-03-09T15:45:46.955+0000] {logging_mixin.py:137} INFO - [2023-03-09T15:45:46.954+0000] {dag.py:3441} INFO - Setting next_dagrun for example_subdag_operator.section-2 to None, run_after=None
[2023-03-09T15:45:46.967+0000] {logging_mixin.py:137} INFO - [2023-03-09T15:45:46.967+0000] {dag.py:2690} INFO - Sync 2 DAGs
[2023-03-09T15:45:46.978+0000] {logging_mixin.py:137} INFO - [2023-03-09T15:45:46.978+0000] {dag.py:3441} INFO - Setting next_dagrun for example_subdag_operator.section-1 to None, run_after=None
[2023-03-09T15:45:46.978+0000] {logging_mixin.py:137} INFO - [2023-03-09T15:45:46.978+0000] {dag.py:3441} INFO - Setting next_dagrun for example_subdag_operator.section-2 to None, run_after=None
[2023-03-09T15:45:46.996+0000] {processor.py:175} INFO - Processing /home/airflow/.local/lib/python3.7/site-packages/airflow/example_dags/example_subdag_operator.py took 0.198 seconds
[2023-03-09T15:46:17.763+0000] {processor.py:153} INFO - Started process (PID=1116) to work on /home/airflow/.local/lib/python3.7/site-packages/airflow/example_dags/example_subdag_operator.py
[2023-03-09T15:46:17.772+0000] {processor.py:743} INFO - Processing file /home/airflow/.local/lib/python3.7/site-packages/airflow/example_dags/example_subdag_operator.py for tasks to queue
[2023-03-09T15:46:17.773+0000] {logging_mixin.py:137} INFO - [2023-03-09T15:46:17.773+0000] {dagbag.py:538} INFO - Filling up the DagBag from /home/airflow/.local/lib/python3.7/site-packages/airflow/example_dags/example_subdag_operator.py
[2023-03-09T15:46:17.835+0000] {processor.py:753} INFO - DAG(s) dict_keys(['example_subdag_operator.section-1', 'example_subdag_operator.section-2', 'example_subdag_operator']) retrieved from /home/airflow/.local/lib/python3.7/site-packages/airflow/example_dags/example_subdag_operator.py
[2023-03-09T15:46:17.870+0000] {logging_mixin.py:137} INFO - [2023-03-09T15:46:17.870+0000] {dag.py:2690} INFO - Sync 3 DAGs
[2023-03-09T15:46:17.917+0000] {logging_mixin.py:137} INFO - [2023-03-09T15:46:17.917+0000] {dag.py:3441} INFO - Setting next_dagrun for example_subdag_operator to 2022-01-01T00:00:00+00:00, run_after=2022-01-01T00:00:00+00:00
[2023-03-09T15:46:17.924+0000] {logging_mixin.py:137} INFO - [2023-03-09T15:46:17.924+0000] {dag.py:3441} INFO - Setting next_dagrun for example_subdag_operator.section-1 to None, run_after=None
[2023-03-09T15:46:17.926+0000] {logging_mixin.py:137} INFO - [2023-03-09T15:46:17.926+0000] {dag.py:3441} INFO - Setting next_dagrun for example_subdag_operator.section-2 to None, run_after=None
[2023-03-09T15:46:17.940+0000] {logging_mixin.py:137} INFO - [2023-03-09T15:46:17.940+0000] {dag.py:2690} INFO - Sync 2 DAGs
[2023-03-09T15:46:17.951+0000] {logging_mixin.py:137} INFO - [2023-03-09T15:46:17.951+0000] {dag.py:3441} INFO - Setting next_dagrun for example_subdag_operator.section-1 to None, run_after=None
[2023-03-09T15:46:17.952+0000] {logging_mixin.py:137} INFO - [2023-03-09T15:46:17.952+0000] {dag.py:3441} INFO - Setting next_dagrun for example_subdag_operator.section-2 to None, run_after=None
[2023-03-09T15:46:17.990+0000] {processor.py:175} INFO - Processing /home/airflow/.local/lib/python3.7/site-packages/airflow/example_dags/example_subdag_operator.py took 0.235 seconds
[2023-03-09T15:46:48.300+0000] {processor.py:153} INFO - Started process (PID=1182) to work on /home/airflow/.local/lib/python3.7/site-packages/airflow/example_dags/example_subdag_operator.py
[2023-03-09T15:46:48.301+0000] {processor.py:743} INFO - Processing file /home/airflow/.local/lib/python3.7/site-packages/airflow/example_dags/example_subdag_operator.py for tasks to queue
[2023-03-09T15:46:48.302+0000] {logging_mixin.py:137} INFO - [2023-03-09T15:46:48.302+0000] {dagbag.py:538} INFO - Filling up the DagBag from /home/airflow/.local/lib/python3.7/site-packages/airflow/example_dags/example_subdag_operator.py
[2023-03-09T15:46:48.358+0000] {processor.py:753} INFO - DAG(s) dict_keys(['example_subdag_operator.section-1', 'example_subdag_operator.section-2', 'example_subdag_operator']) retrieved from /home/airflow/.local/lib/python3.7/site-packages/airflow/example_dags/example_subdag_operator.py
[2023-03-09T15:46:48.382+0000] {logging_mixin.py:137} INFO - [2023-03-09T15:46:48.382+0000] {dag.py:2690} INFO - Sync 3 DAGs
[2023-03-09T15:46:48.418+0000] {logging_mixin.py:137} INFO - [2023-03-09T15:46:48.418+0000] {dag.py:3441} INFO - Setting next_dagrun for example_subdag_operator to 2022-01-01T00:00:00+00:00, run_after=2022-01-01T00:00:00+00:00
[2023-03-09T15:46:48.425+0000] {logging_mixin.py:137} INFO - [2023-03-09T15:46:48.425+0000] {dag.py:3441} INFO - Setting next_dagrun for example_subdag_operator.section-1 to None, run_after=None
[2023-03-09T15:46:48.427+0000] {logging_mixin.py:137} INFO - [2023-03-09T15:46:48.426+0000] {dag.py:3441} INFO - Setting next_dagrun for example_subdag_operator.section-2 to None, run_after=None
[2023-03-09T15:46:48.437+0000] {logging_mixin.py:137} INFO - [2023-03-09T15:46:48.437+0000] {dag.py:2690} INFO - Sync 2 DAGs
[2023-03-09T15:46:48.447+0000] {logging_mixin.py:137} INFO - [2023-03-09T15:46:48.447+0000] {dag.py:3441} INFO - Setting next_dagrun for example_subdag_operator.section-1 to None, run_after=None
[2023-03-09T15:46:48.447+0000] {logging_mixin.py:137} INFO - [2023-03-09T15:46:48.447+0000] {dag.py:3441} INFO - Setting next_dagrun for example_subdag_operator.section-2 to None, run_after=None
[2023-03-09T15:46:48.461+0000] {processor.py:175} INFO - Processing /home/airflow/.local/lib/python3.7/site-packages/airflow/example_dags/example_subdag_operator.py took 0.168 seconds
[2023-03-09T15:47:18.853+0000] {processor.py:153} INFO - Started process (PID=1245) to work on /home/airflow/.local/lib/python3.7/site-packages/airflow/example_dags/example_subdag_operator.py
[2023-03-09T15:47:18.854+0000] {processor.py:743} INFO - Processing file /home/airflow/.local/lib/python3.7/site-packages/airflow/example_dags/example_subdag_operator.py for tasks to queue
[2023-03-09T15:47:18.855+0000] {logging_mixin.py:137} INFO - [2023-03-09T15:47:18.855+0000] {dagbag.py:538} INFO - Filling up the DagBag from /home/airflow/.local/lib/python3.7/site-packages/airflow/example_dags/example_subdag_operator.py
[2023-03-09T15:47:18.909+0000] {processor.py:753} INFO - DAG(s) dict_keys(['example_subdag_operator.section-1', 'example_subdag_operator.section-2', 'example_subdag_operator']) retrieved from /home/airflow/.local/lib/python3.7/site-packages/airflow/example_dags/example_subdag_operator.py
[2023-03-09T15:47:18.954+0000] {logging_mixin.py:137} INFO - [2023-03-09T15:47:18.954+0000] {dag.py:2690} INFO - Sync 3 DAGs
[2023-03-09T15:47:19.044+0000] {logging_mixin.py:137} INFO - [2023-03-09T15:47:19.044+0000] {dag.py:3441} INFO - Setting next_dagrun for example_subdag_operator to 2022-01-01T00:00:00+00:00, run_after=2022-01-01T00:00:00+00:00
[2023-03-09T15:47:19.057+0000] {logging_mixin.py:137} INFO - [2023-03-09T15:47:19.057+0000] {dag.py:3441} INFO - Setting next_dagrun for example_subdag_operator.section-1 to None, run_after=None
[2023-03-09T15:47:19.061+0000] {logging_mixin.py:137} INFO - [2023-03-09T15:47:19.060+0000] {dag.py:3441} INFO - Setting next_dagrun for example_subdag_operator.section-2 to None, run_after=None
[2023-03-09T15:47:19.084+0000] {logging_mixin.py:137} INFO - [2023-03-09T15:47:19.084+0000] {dag.py:2690} INFO - Sync 2 DAGs
[2023-03-09T15:47:19.098+0000] {logging_mixin.py:137} INFO - [2023-03-09T15:47:19.098+0000] {dag.py:3441} INFO - Setting next_dagrun for example_subdag_operator.section-1 to None, run_after=None
[2023-03-09T15:47:19.098+0000] {logging_mixin.py:137} INFO - [2023-03-09T15:47:19.098+0000] {dag.py:3441} INFO - Setting next_dagrun for example_subdag_operator.section-2 to None, run_after=None
[2023-03-09T15:47:19.117+0000] {processor.py:175} INFO - Processing /home/airflow/.local/lib/python3.7/site-packages/airflow/example_dags/example_subdag_operator.py took 0.269 seconds
[2023-03-09T15:47:49.594+0000] {processor.py:153} INFO - Started process (PID=1307) to work on /home/airflow/.local/lib/python3.7/site-packages/airflow/example_dags/example_subdag_operator.py
[2023-03-09T15:47:49.597+0000] {processor.py:743} INFO - Processing file /home/airflow/.local/lib/python3.7/site-packages/airflow/example_dags/example_subdag_operator.py for tasks to queue
[2023-03-09T15:47:49.598+0000] {logging_mixin.py:137} INFO - [2023-03-09T15:47:49.598+0000] {dagbag.py:538} INFO - Filling up the DagBag from /home/airflow/.local/lib/python3.7/site-packages/airflow/example_dags/example_subdag_operator.py
[2023-03-09T15:47:49.650+0000] {processor.py:753} INFO - DAG(s) dict_keys(['example_subdag_operator.section-1', 'example_subdag_operator.section-2', 'example_subdag_operator']) retrieved from /home/airflow/.local/lib/python3.7/site-packages/airflow/example_dags/example_subdag_operator.py
[2023-03-09T15:47:49.689+0000] {logging_mixin.py:137} INFO - [2023-03-09T15:47:49.688+0000] {dag.py:2690} INFO - Sync 3 DAGs
[2023-03-09T15:47:49.741+0000] {logging_mixin.py:137} INFO - [2023-03-09T15:47:49.740+0000] {dag.py:3441} INFO - Setting next_dagrun for example_subdag_operator to 2022-01-01T00:00:00+00:00, run_after=2022-01-01T00:00:00+00:00
[2023-03-09T15:47:49.748+0000] {logging_mixin.py:137} INFO - [2023-03-09T15:47:49.747+0000] {dag.py:3441} INFO - Setting next_dagrun for example_subdag_operator.section-1 to None, run_after=None
[2023-03-09T15:47:49.750+0000] {logging_mixin.py:137} INFO - [2023-03-09T15:47:49.750+0000] {dag.py:3441} INFO - Setting next_dagrun for example_subdag_operator.section-2 to None, run_after=None
[2023-03-09T15:47:49.764+0000] {logging_mixin.py:137} INFO - [2023-03-09T15:47:49.764+0000] {dag.py:2690} INFO - Sync 2 DAGs
[2023-03-09T15:47:49.774+0000] {logging_mixin.py:137} INFO - [2023-03-09T15:47:49.774+0000] {dag.py:3441} INFO - Setting next_dagrun for example_subdag_operator.section-1 to None, run_after=None
[2023-03-09T15:47:49.774+0000] {logging_mixin.py:137} INFO - [2023-03-09T15:47:49.774+0000] {dag.py:3441} INFO - Setting next_dagrun for example_subdag_operator.section-2 to None, run_after=None
[2023-03-09T15:47:49.808+0000] {processor.py:175} INFO - Processing /home/airflow/.local/lib/python3.7/site-packages/airflow/example_dags/example_subdag_operator.py took 0.218 seconds
[2023-03-09T15:48:19.876+0000] {processor.py:153} INFO - Started process (PID=1371) to work on /home/airflow/.local/lib/python3.7/site-packages/airflow/example_dags/example_subdag_operator.py
[2023-03-09T15:48:19.877+0000] {processor.py:743} INFO - Processing file /home/airflow/.local/lib/python3.7/site-packages/airflow/example_dags/example_subdag_operator.py for tasks to queue
[2023-03-09T15:48:19.878+0000] {logging_mixin.py:137} INFO - [2023-03-09T15:48:19.877+0000] {dagbag.py:538} INFO - Filling up the DagBag from /home/airflow/.local/lib/python3.7/site-packages/airflow/example_dags/example_subdag_operator.py
[2023-03-09T15:48:19.914+0000] {processor.py:753} INFO - DAG(s) dict_keys(['example_subdag_operator.section-1', 'example_subdag_operator.section-2', 'example_subdag_operator']) retrieved from /home/airflow/.local/lib/python3.7/site-packages/airflow/example_dags/example_subdag_operator.py
[2023-03-09T15:48:19.938+0000] {logging_mixin.py:137} INFO - [2023-03-09T15:48:19.937+0000] {dag.py:2690} INFO - Sync 3 DAGs
[2023-03-09T15:48:19.972+0000] {logging_mixin.py:137} INFO - [2023-03-09T15:48:19.972+0000] {dag.py:3441} INFO - Setting next_dagrun for example_subdag_operator to 2022-01-01T00:00:00+00:00, run_after=2022-01-01T00:00:00+00:00
[2023-03-09T15:48:19.977+0000] {logging_mixin.py:137} INFO - [2023-03-09T15:48:19.976+0000] {dag.py:3441} INFO - Setting next_dagrun for example_subdag_operator.section-1 to None, run_after=None
[2023-03-09T15:48:19.978+0000] {logging_mixin.py:137} INFO - [2023-03-09T15:48:19.978+0000] {dag.py:3441} INFO - Setting next_dagrun for example_subdag_operator.section-2 to None, run_after=None
[2023-03-09T15:48:19.988+0000] {logging_mixin.py:137} INFO - [2023-03-09T15:48:19.987+0000] {dag.py:2690} INFO - Sync 2 DAGs
[2023-03-09T15:48:19.995+0000] {logging_mixin.py:137} INFO - [2023-03-09T15:48:19.995+0000] {dag.py:3441} INFO - Setting next_dagrun for example_subdag_operator.section-1 to None, run_after=None
[2023-03-09T15:48:19.996+0000] {logging_mixin.py:137} INFO - [2023-03-09T15:48:19.995+0000] {dag.py:3441} INFO - Setting next_dagrun for example_subdag_operator.section-2 to None, run_after=None
[2023-03-09T15:48:20.010+0000] {processor.py:175} INFO - Processing /home/airflow/.local/lib/python3.7/site-packages/airflow/example_dags/example_subdag_operator.py took 0.137 seconds
[2023-03-09T15:48:50.648+0000] {processor.py:153} INFO - Started process (PID=1432) to work on /home/airflow/.local/lib/python3.7/site-packages/airflow/example_dags/example_subdag_operator.py
[2023-03-09T15:48:50.650+0000] {processor.py:743} INFO - Processing file /home/airflow/.local/lib/python3.7/site-packages/airflow/example_dags/example_subdag_operator.py for tasks to queue
[2023-03-09T15:48:50.651+0000] {logging_mixin.py:137} INFO - [2023-03-09T15:48:50.650+0000] {dagbag.py:538} INFO - Filling up the DagBag from /home/airflow/.local/lib/python3.7/site-packages/airflow/example_dags/example_subdag_operator.py
[2023-03-09T15:48:50.691+0000] {processor.py:753} INFO - DAG(s) dict_keys(['example_subdag_operator.section-1', 'example_subdag_operator.section-2', 'example_subdag_operator']) retrieved from /home/airflow/.local/lib/python3.7/site-packages/airflow/example_dags/example_subdag_operator.py
[2023-03-09T15:48:50.717+0000] {logging_mixin.py:137} INFO - [2023-03-09T15:48:50.717+0000] {dag.py:2690} INFO - Sync 3 DAGs
[2023-03-09T15:48:50.756+0000] {logging_mixin.py:137} INFO - [2023-03-09T15:48:50.756+0000] {dag.py:3441} INFO - Setting next_dagrun for example_subdag_operator to 2022-01-01T00:00:00+00:00, run_after=2022-01-01T00:00:00+00:00
[2023-03-09T15:48:50.760+0000] {logging_mixin.py:137} INFO - [2023-03-09T15:48:50.760+0000] {dag.py:3441} INFO - Setting next_dagrun for example_subdag_operator.section-1 to None, run_after=None
[2023-03-09T15:48:50.762+0000] {logging_mixin.py:137} INFO - [2023-03-09T15:48:50.761+0000] {dag.py:3441} INFO - Setting next_dagrun for example_subdag_operator.section-2 to None, run_after=None
[2023-03-09T15:48:50.772+0000] {logging_mixin.py:137} INFO - [2023-03-09T15:48:50.772+0000] {dag.py:2690} INFO - Sync 2 DAGs
[2023-03-09T15:48:50.781+0000] {logging_mixin.py:137} INFO - [2023-03-09T15:48:50.781+0000] {dag.py:3441} INFO - Setting next_dagrun for example_subdag_operator.section-1 to None, run_after=None
[2023-03-09T15:48:50.782+0000] {logging_mixin.py:137} INFO - [2023-03-09T15:48:50.781+0000] {dag.py:3441} INFO - Setting next_dagrun for example_subdag_operator.section-2 to None, run_after=None
[2023-03-09T15:48:50.796+0000] {processor.py:175} INFO - Processing /home/airflow/.local/lib/python3.7/site-packages/airflow/example_dags/example_subdag_operator.py took 0.152 seconds
[2023-03-09T15:49:21.851+0000] {processor.py:153} INFO - Started process (PID=1506) to work on /home/airflow/.local/lib/python3.7/site-packages/airflow/example_dags/example_subdag_operator.py
[2023-03-09T15:49:21.852+0000] {processor.py:743} INFO - Processing file /home/airflow/.local/lib/python3.7/site-packages/airflow/example_dags/example_subdag_operator.py for tasks to queue
[2023-03-09T15:49:21.853+0000] {logging_mixin.py:137} INFO - [2023-03-09T15:49:21.853+0000] {dagbag.py:538} INFO - Filling up the DagBag from /home/airflow/.local/lib/python3.7/site-packages/airflow/example_dags/example_subdag_operator.py
[2023-03-09T15:49:21.906+0000] {processor.py:753} INFO - DAG(s) dict_keys(['example_subdag_operator.section-1', 'example_subdag_operator.section-2', 'example_subdag_operator']) retrieved from /home/airflow/.local/lib/python3.7/site-packages/airflow/example_dags/example_subdag_operator.py
[2023-03-09T15:49:21.940+0000] {logging_mixin.py:137} INFO - [2023-03-09T15:49:21.940+0000] {dag.py:2690} INFO - Sync 3 DAGs
[2023-03-09T15:49:22.022+0000] {logging_mixin.py:137} INFO - [2023-03-09T15:49:22.022+0000] {dag.py:3441} INFO - Setting next_dagrun for example_subdag_operator to 2022-01-01T00:00:00+00:00, run_after=2022-01-01T00:00:00+00:00
[2023-03-09T15:49:22.036+0000] {logging_mixin.py:137} INFO - [2023-03-09T15:49:22.036+0000] {dag.py:3441} INFO - Setting next_dagrun for example_subdag_operator.section-1 to None, run_after=None
[2023-03-09T15:49:22.038+0000] {logging_mixin.py:137} INFO - [2023-03-09T15:49:22.038+0000] {dag.py:3441} INFO - Setting next_dagrun for example_subdag_operator.section-2 to None, run_after=None
[2023-03-09T15:49:22.053+0000] {logging_mixin.py:137} INFO - [2023-03-09T15:49:22.053+0000] {dag.py:2690} INFO - Sync 2 DAGs
[2023-03-09T15:49:22.075+0000] {logging_mixin.py:137} INFO - [2023-03-09T15:49:22.075+0000] {dag.py:3441} INFO - Setting next_dagrun for example_subdag_operator.section-1 to None, run_after=None
[2023-03-09T15:49:22.076+0000] {logging_mixin.py:137} INFO - [2023-03-09T15:49:22.076+0000] {dag.py:3441} INFO - Setting next_dagrun for example_subdag_operator.section-2 to None, run_after=None
[2023-03-09T15:49:22.098+0000] {processor.py:175} INFO - Processing /home/airflow/.local/lib/python3.7/site-packages/airflow/example_dags/example_subdag_operator.py took 0.251 seconds
