[2023-03-09T15:38:03.311+0000] {processor.py:153} INFO - Started process (PID=45) to work on /home/airflow/.local/lib/python3.7/site-packages/airflow/example_dags/example_external_task_marker_dag.py
[2023-03-09T15:38:03.311+0000] {processor.py:743} INFO - Processing file /home/airflow/.local/lib/python3.7/site-packages/airflow/example_dags/example_external_task_marker_dag.py for tasks to queue
[2023-03-09T15:38:03.312+0000] {logging_mixin.py:137} INFO - [2023-03-09T15:38:03.312+0000] {dagbag.py:538} INFO - Filling up the DagBag from /home/airflow/.local/lib/python3.7/site-packages/airflow/example_dags/example_external_task_marker_dag.py
[2023-03-09T15:38:03.438+0000] {processor.py:753} INFO - DAG(s) dict_keys(['example_external_task_marker_parent', 'example_external_task_marker_child']) retrieved from /home/airflow/.local/lib/python3.7/site-packages/airflow/example_dags/example_external_task_marker_dag.py
[2023-03-09T15:38:03.612+0000] {logging_mixin.py:137} INFO - [2023-03-09T15:38:03.611+0000] {dag.py:2690} INFO - Sync 2 DAGs
[2023-03-09T15:38:03.700+0000] {logging_mixin.py:137} INFO - [2023-03-09T15:38:03.700+0000] {dag.py:3441} INFO - Setting next_dagrun for example_external_task_marker_child to None, run_after=None
[2023-03-09T15:38:03.707+0000] {logging_mixin.py:137} INFO - [2023-03-09T15:38:03.706+0000] {dag.py:3441} INFO - Setting next_dagrun for example_external_task_marker_parent to None, run_after=None
[2023-03-09T15:38:03.848+0000] {processor.py:175} INFO - Processing /home/airflow/.local/lib/python3.7/site-packages/airflow/example_dags/example_external_task_marker_dag.py took 0.551 seconds
[2023-03-09T15:38:34.602+0000] {processor.py:153} INFO - Started process (PID=107) to work on /home/airflow/.local/lib/python3.7/site-packages/airflow/example_dags/example_external_task_marker_dag.py
[2023-03-09T15:38:34.603+0000] {processor.py:743} INFO - Processing file /home/airflow/.local/lib/python3.7/site-packages/airflow/example_dags/example_external_task_marker_dag.py for tasks to queue
[2023-03-09T15:38:34.603+0000] {logging_mixin.py:137} INFO - [2023-03-09T15:38:34.603+0000] {dagbag.py:538} INFO - Filling up the DagBag from /home/airflow/.local/lib/python3.7/site-packages/airflow/example_dags/example_external_task_marker_dag.py
[2023-03-09T15:38:34.620+0000] {processor.py:753} INFO - DAG(s) dict_keys(['example_external_task_marker_child', 'example_external_task_marker_parent']) retrieved from /home/airflow/.local/lib/python3.7/site-packages/airflow/example_dags/example_external_task_marker_dag.py
[2023-03-09T15:38:34.656+0000] {logging_mixin.py:137} INFO - [2023-03-09T15:38:34.656+0000] {dag.py:2690} INFO - Sync 2 DAGs
[2023-03-09T15:38:34.697+0000] {logging_mixin.py:137} INFO - [2023-03-09T15:38:34.696+0000] {dag.py:3441} INFO - Setting next_dagrun for example_external_task_marker_child to None, run_after=None
[2023-03-09T15:38:34.701+0000] {logging_mixin.py:137} INFO - [2023-03-09T15:38:34.701+0000] {dag.py:3441} INFO - Setting next_dagrun for example_external_task_marker_parent to None, run_after=None
[2023-03-09T15:38:34.728+0000] {processor.py:175} INFO - Processing /home/airflow/.local/lib/python3.7/site-packages/airflow/example_dags/example_external_task_marker_dag.py took 0.129 seconds
[2023-03-09T15:39:05.414+0000] {processor.py:153} INFO - Started process (PID=170) to work on /home/airflow/.local/lib/python3.7/site-packages/airflow/example_dags/example_external_task_marker_dag.py
[2023-03-09T15:39:05.416+0000] {processor.py:743} INFO - Processing file /home/airflow/.local/lib/python3.7/site-packages/airflow/example_dags/example_external_task_marker_dag.py for tasks to queue
[2023-03-09T15:39:05.416+0000] {logging_mixin.py:137} INFO - [2023-03-09T15:39:05.416+0000] {dagbag.py:538} INFO - Filling up the DagBag from /home/airflow/.local/lib/python3.7/site-packages/airflow/example_dags/example_external_task_marker_dag.py
[2023-03-09T15:39:05.477+0000] {processor.py:753} INFO - DAG(s) dict_keys(['example_external_task_marker_child', 'example_external_task_marker_parent']) retrieved from /home/airflow/.local/lib/python3.7/site-packages/airflow/example_dags/example_external_task_marker_dag.py
[2023-03-09T15:39:05.599+0000] {logging_mixin.py:137} INFO - [2023-03-09T15:39:05.599+0000] {dag.py:2690} INFO - Sync 2 DAGs
[2023-03-09T15:39:05.654+0000] {logging_mixin.py:137} INFO - [2023-03-09T15:39:05.654+0000] {dag.py:3441} INFO - Setting next_dagrun for example_external_task_marker_child to None, run_after=None
[2023-03-09T15:39:05.661+0000] {logging_mixin.py:137} INFO - [2023-03-09T15:39:05.661+0000] {dag.py:3441} INFO - Setting next_dagrun for example_external_task_marker_parent to None, run_after=None
[2023-03-09T15:39:05.703+0000] {processor.py:175} INFO - Processing /home/airflow/.local/lib/python3.7/site-packages/airflow/example_dags/example_external_task_marker_dag.py took 0.295 seconds
[2023-03-09T15:39:35.889+0000] {processor.py:153} INFO - Started process (PID=244) to work on /home/airflow/.local/lib/python3.7/site-packages/airflow/example_dags/example_external_task_marker_dag.py
[2023-03-09T15:39:35.889+0000] {processor.py:743} INFO - Processing file /home/airflow/.local/lib/python3.7/site-packages/airflow/example_dags/example_external_task_marker_dag.py for tasks to queue
[2023-03-09T15:39:35.890+0000] {logging_mixin.py:137} INFO - [2023-03-09T15:39:35.890+0000] {dagbag.py:538} INFO - Filling up the DagBag from /home/airflow/.local/lib/python3.7/site-packages/airflow/example_dags/example_external_task_marker_dag.py
[2023-03-09T15:39:35.909+0000] {processor.py:753} INFO - DAG(s) dict_keys(['example_external_task_marker_parent', 'example_external_task_marker_child']) retrieved from /home/airflow/.local/lib/python3.7/site-packages/airflow/example_dags/example_external_task_marker_dag.py
[2023-03-09T15:39:35.954+0000] {logging_mixin.py:137} INFO - [2023-03-09T15:39:35.954+0000] {dag.py:2690} INFO - Sync 2 DAGs
[2023-03-09T15:39:36.007+0000] {logging_mixin.py:137} INFO - [2023-03-09T15:39:36.007+0000] {dag.py:3441} INFO - Setting next_dagrun for example_external_task_marker_child to None, run_after=None
[2023-03-09T15:39:36.014+0000] {logging_mixin.py:137} INFO - [2023-03-09T15:39:36.014+0000] {dag.py:3441} INFO - Setting next_dagrun for example_external_task_marker_parent to None, run_after=None
[2023-03-09T15:39:36.056+0000] {processor.py:175} INFO - Processing /home/airflow/.local/lib/python3.7/site-packages/airflow/example_dags/example_external_task_marker_dag.py took 0.174 seconds
[2023-03-09T15:40:06.549+0000] {processor.py:153} INFO - Started process (PID=307) to work on /home/airflow/.local/lib/python3.7/site-packages/airflow/example_dags/example_external_task_marker_dag.py
[2023-03-09T15:40:06.550+0000] {processor.py:743} INFO - Processing file /home/airflow/.local/lib/python3.7/site-packages/airflow/example_dags/example_external_task_marker_dag.py for tasks to queue
[2023-03-09T15:40:06.551+0000] {logging_mixin.py:137} INFO - [2023-03-09T15:40:06.551+0000] {dagbag.py:538} INFO - Filling up the DagBag from /home/airflow/.local/lib/python3.7/site-packages/airflow/example_dags/example_external_task_marker_dag.py
[2023-03-09T15:40:06.566+0000] {processor.py:753} INFO - DAG(s) dict_keys(['example_external_task_marker_parent', 'example_external_task_marker_child']) retrieved from /home/airflow/.local/lib/python3.7/site-packages/airflow/example_dags/example_external_task_marker_dag.py
[2023-03-09T15:40:06.601+0000] {logging_mixin.py:137} INFO - [2023-03-09T15:40:06.601+0000] {dag.py:2690} INFO - Sync 2 DAGs
[2023-03-09T15:40:06.638+0000] {logging_mixin.py:137} INFO - [2023-03-09T15:40:06.638+0000] {dag.py:3441} INFO - Setting next_dagrun for example_external_task_marker_child to None, run_after=None
[2023-03-09T15:40:06.642+0000] {logging_mixin.py:137} INFO - [2023-03-09T15:40:06.642+0000] {dag.py:3441} INFO - Setting next_dagrun for example_external_task_marker_parent to None, run_after=None
[2023-03-09T15:40:06.666+0000] {processor.py:175} INFO - Processing /home/airflow/.local/lib/python3.7/site-packages/airflow/example_dags/example_external_task_marker_dag.py took 0.120 seconds
[2023-03-09T15:40:37.537+0000] {processor.py:153} INFO - Started process (PID=370) to work on /home/airflow/.local/lib/python3.7/site-packages/airflow/example_dags/example_external_task_marker_dag.py
[2023-03-09T15:40:37.538+0000] {processor.py:743} INFO - Processing file /home/airflow/.local/lib/python3.7/site-packages/airflow/example_dags/example_external_task_marker_dag.py for tasks to queue
[2023-03-09T15:40:37.538+0000] {logging_mixin.py:137} INFO - [2023-03-09T15:40:37.538+0000] {dagbag.py:538} INFO - Filling up the DagBag from /home/airflow/.local/lib/python3.7/site-packages/airflow/example_dags/example_external_task_marker_dag.py
[2023-03-09T15:40:37.554+0000] {processor.py:753} INFO - DAG(s) dict_keys(['example_external_task_marker_child', 'example_external_task_marker_parent']) retrieved from /home/airflow/.local/lib/python3.7/site-packages/airflow/example_dags/example_external_task_marker_dag.py
[2023-03-09T15:40:37.589+0000] {logging_mixin.py:137} INFO - [2023-03-09T15:40:37.589+0000] {dag.py:2690} INFO - Sync 2 DAGs
[2023-03-09T15:40:37.624+0000] {logging_mixin.py:137} INFO - [2023-03-09T15:40:37.624+0000] {dag.py:3441} INFO - Setting next_dagrun for example_external_task_marker_child to None, run_after=None
[2023-03-09T15:40:37.629+0000] {logging_mixin.py:137} INFO - [2023-03-09T15:40:37.629+0000] {dag.py:3441} INFO - Setting next_dagrun for example_external_task_marker_parent to None, run_after=None
[2023-03-09T15:40:37.655+0000] {processor.py:175} INFO - Processing /home/airflow/.local/lib/python3.7/site-packages/airflow/example_dags/example_external_task_marker_dag.py took 0.122 seconds
[2023-03-09T15:41:07.748+0000] {processor.py:153} INFO - Started process (PID=433) to work on /home/airflow/.local/lib/python3.7/site-packages/airflow/example_dags/example_external_task_marker_dag.py
[2023-03-09T15:41:07.749+0000] {processor.py:743} INFO - Processing file /home/airflow/.local/lib/python3.7/site-packages/airflow/example_dags/example_external_task_marker_dag.py for tasks to queue
[2023-03-09T15:41:07.750+0000] {logging_mixin.py:137} INFO - [2023-03-09T15:41:07.750+0000] {dagbag.py:538} INFO - Filling up the DagBag from /home/airflow/.local/lib/python3.7/site-packages/airflow/example_dags/example_external_task_marker_dag.py
[2023-03-09T15:41:07.771+0000] {processor.py:753} INFO - DAG(s) dict_keys(['example_external_task_marker_parent', 'example_external_task_marker_child']) retrieved from /home/airflow/.local/lib/python3.7/site-packages/airflow/example_dags/example_external_task_marker_dag.py
[2023-03-09T15:41:07.819+0000] {logging_mixin.py:137} INFO - [2023-03-09T15:41:07.818+0000] {dag.py:2690} INFO - Sync 2 DAGs
[2023-03-09T15:41:07.871+0000] {logging_mixin.py:137} INFO - [2023-03-09T15:41:07.870+0000] {dag.py:3441} INFO - Setting next_dagrun for example_external_task_marker_child to None, run_after=None
[2023-03-09T15:41:07.877+0000] {logging_mixin.py:137} INFO - [2023-03-09T15:41:07.877+0000] {dag.py:3441} INFO - Setting next_dagrun for example_external_task_marker_parent to None, run_after=None
[2023-03-09T15:41:07.909+0000] {processor.py:175} INFO - Processing /home/airflow/.local/lib/python3.7/site-packages/airflow/example_dags/example_external_task_marker_dag.py took 0.165 seconds
[2023-03-09T15:41:38.075+0000] {processor.py:153} INFO - Started process (PID=508) to work on /home/airflow/.local/lib/python3.7/site-packages/airflow/example_dags/example_external_task_marker_dag.py
[2023-03-09T15:41:38.076+0000] {processor.py:743} INFO - Processing file /home/airflow/.local/lib/python3.7/site-packages/airflow/example_dags/example_external_task_marker_dag.py for tasks to queue
[2023-03-09T15:41:38.077+0000] {logging_mixin.py:137} INFO - [2023-03-09T15:41:38.077+0000] {dagbag.py:538} INFO - Filling up the DagBag from /home/airflow/.local/lib/python3.7/site-packages/airflow/example_dags/example_external_task_marker_dag.py
[2023-03-09T15:41:38.098+0000] {processor.py:753} INFO - DAG(s) dict_keys(['example_external_task_marker_child', 'example_external_task_marker_parent']) retrieved from /home/airflow/.local/lib/python3.7/site-packages/airflow/example_dags/example_external_task_marker_dag.py
[2023-03-09T15:41:38.138+0000] {logging_mixin.py:137} INFO - [2023-03-09T15:41:38.138+0000] {dag.py:2690} INFO - Sync 2 DAGs
[2023-03-09T15:41:38.194+0000] {logging_mixin.py:137} INFO - [2023-03-09T15:41:38.194+0000] {dag.py:3441} INFO - Setting next_dagrun for example_external_task_marker_child to None, run_after=None
[2023-03-09T15:41:38.201+0000] {logging_mixin.py:137} INFO - [2023-03-09T15:41:38.201+0000] {dag.py:3441} INFO - Setting next_dagrun for example_external_task_marker_parent to None, run_after=None
[2023-03-09T15:41:38.233+0000] {processor.py:175} INFO - Processing /home/airflow/.local/lib/python3.7/site-packages/airflow/example_dags/example_external_task_marker_dag.py took 0.162 seconds
[2023-03-09T15:42:09.255+0000] {processor.py:153} INFO - Started process (PID=573) to work on /home/airflow/.local/lib/python3.7/site-packages/airflow/example_dags/example_external_task_marker_dag.py
[2023-03-09T15:42:09.256+0000] {processor.py:743} INFO - Processing file /home/airflow/.local/lib/python3.7/site-packages/airflow/example_dags/example_external_task_marker_dag.py for tasks to queue
[2023-03-09T15:42:09.257+0000] {logging_mixin.py:137} INFO - [2023-03-09T15:42:09.256+0000] {dagbag.py:538} INFO - Filling up the DagBag from /home/airflow/.local/lib/python3.7/site-packages/airflow/example_dags/example_external_task_marker_dag.py
[2023-03-09T15:42:09.271+0000] {processor.py:753} INFO - DAG(s) dict_keys(['example_external_task_marker_child', 'example_external_task_marker_parent']) retrieved from /home/airflow/.local/lib/python3.7/site-packages/airflow/example_dags/example_external_task_marker_dag.py
[2023-03-09T15:42:09.315+0000] {logging_mixin.py:137} INFO - [2023-03-09T15:42:09.315+0000] {dag.py:2690} INFO - Sync 2 DAGs
[2023-03-09T15:42:09.355+0000] {logging_mixin.py:137} INFO - [2023-03-09T15:42:09.355+0000] {dag.py:3441} INFO - Setting next_dagrun for example_external_task_marker_child to None, run_after=None
[2023-03-09T15:42:09.360+0000] {logging_mixin.py:137} INFO - [2023-03-09T15:42:09.360+0000] {dag.py:3441} INFO - Setting next_dagrun for example_external_task_marker_parent to None, run_after=None
[2023-03-09T15:42:09.384+0000] {processor.py:175} INFO - Processing /home/airflow/.local/lib/python3.7/site-packages/airflow/example_dags/example_external_task_marker_dag.py took 0.133 seconds
[2023-03-09T15:42:40.024+0000] {processor.py:153} INFO - Started process (PID=636) to work on /home/airflow/.local/lib/python3.7/site-packages/airflow/example_dags/example_external_task_marker_dag.py
[2023-03-09T15:42:40.025+0000] {processor.py:743} INFO - Processing file /home/airflow/.local/lib/python3.7/site-packages/airflow/example_dags/example_external_task_marker_dag.py for tasks to queue
[2023-03-09T15:42:40.026+0000] {logging_mixin.py:137} INFO - [2023-03-09T15:42:40.026+0000] {dagbag.py:538} INFO - Filling up the DagBag from /home/airflow/.local/lib/python3.7/site-packages/airflow/example_dags/example_external_task_marker_dag.py
[2023-03-09T15:42:40.044+0000] {processor.py:753} INFO - DAG(s) dict_keys(['example_external_task_marker_child', 'example_external_task_marker_parent']) retrieved from /home/airflow/.local/lib/python3.7/site-packages/airflow/example_dags/example_external_task_marker_dag.py
[2023-03-09T15:42:40.079+0000] {logging_mixin.py:137} INFO - [2023-03-09T15:42:40.079+0000] {dag.py:2690} INFO - Sync 2 DAGs
[2023-03-09T15:42:40.120+0000] {logging_mixin.py:137} INFO - [2023-03-09T15:42:40.119+0000] {dag.py:3441} INFO - Setting next_dagrun for example_external_task_marker_child to None, run_after=None
[2023-03-09T15:42:40.125+0000] {logging_mixin.py:137} INFO - [2023-03-09T15:42:40.125+0000] {dag.py:3441} INFO - Setting next_dagrun for example_external_task_marker_parent to None, run_after=None
[2023-03-09T15:42:40.149+0000] {processor.py:175} INFO - Processing /home/airflow/.local/lib/python3.7/site-packages/airflow/example_dags/example_external_task_marker_dag.py took 0.129 seconds
[2023-03-09T15:43:10.826+0000] {processor.py:153} INFO - Started process (PID=699) to work on /home/airflow/.local/lib/python3.7/site-packages/airflow/example_dags/example_external_task_marker_dag.py
[2023-03-09T15:43:10.831+0000] {processor.py:743} INFO - Processing file /home/airflow/.local/lib/python3.7/site-packages/airflow/example_dags/example_external_task_marker_dag.py for tasks to queue
[2023-03-09T15:43:10.831+0000] {logging_mixin.py:137} INFO - [2023-03-09T15:43:10.831+0000] {dagbag.py:538} INFO - Filling up the DagBag from /home/airflow/.local/lib/python3.7/site-packages/airflow/example_dags/example_external_task_marker_dag.py
[2023-03-09T15:43:10.853+0000] {processor.py:753} INFO - DAG(s) dict_keys(['example_external_task_marker_child', 'example_external_task_marker_parent']) retrieved from /home/airflow/.local/lib/python3.7/site-packages/airflow/example_dags/example_external_task_marker_dag.py
[2023-03-09T15:43:10.939+0000] {logging_mixin.py:137} INFO - [2023-03-09T15:43:10.938+0000] {dag.py:2690} INFO - Sync 2 DAGs
[2023-03-09T15:43:10.999+0000] {logging_mixin.py:137} INFO - [2023-03-09T15:43:10.998+0000] {dag.py:3441} INFO - Setting next_dagrun for example_external_task_marker_child to None, run_after=None
[2023-03-09T15:43:11.011+0000] {logging_mixin.py:137} INFO - [2023-03-09T15:43:11.011+0000] {dag.py:3441} INFO - Setting next_dagrun for example_external_task_marker_parent to None, run_after=None
[2023-03-09T15:43:11.041+0000] {processor.py:175} INFO - Processing /home/airflow/.local/lib/python3.7/site-packages/airflow/example_dags/example_external_task_marker_dag.py took 0.219 seconds
[2023-03-09T15:43:41.165+0000] {processor.py:153} INFO - Started process (PID=774) to work on /home/airflow/.local/lib/python3.7/site-packages/airflow/example_dags/example_external_task_marker_dag.py
[2023-03-09T15:43:41.171+0000] {processor.py:743} INFO - Processing file /home/airflow/.local/lib/python3.7/site-packages/airflow/example_dags/example_external_task_marker_dag.py for tasks to queue
[2023-03-09T15:43:41.173+0000] {logging_mixin.py:137} INFO - [2023-03-09T15:43:41.172+0000] {dagbag.py:538} INFO - Filling up the DagBag from /home/airflow/.local/lib/python3.7/site-packages/airflow/example_dags/example_external_task_marker_dag.py
[2023-03-09T15:43:41.207+0000] {processor.py:753} INFO - DAG(s) dict_keys(['example_external_task_marker_parent', 'example_external_task_marker_child']) retrieved from /home/airflow/.local/lib/python3.7/site-packages/airflow/example_dags/example_external_task_marker_dag.py
[2023-03-09T15:43:41.278+0000] {logging_mixin.py:137} INFO - [2023-03-09T15:43:41.278+0000] {dag.py:2690} INFO - Sync 2 DAGs
[2023-03-09T15:43:41.334+0000] {logging_mixin.py:137} INFO - [2023-03-09T15:43:41.334+0000] {dag.py:3441} INFO - Setting next_dagrun for example_external_task_marker_child to None, run_after=None
[2023-03-09T15:43:41.341+0000] {logging_mixin.py:137} INFO - [2023-03-09T15:43:41.341+0000] {dag.py:3441} INFO - Setting next_dagrun for example_external_task_marker_parent to None, run_after=None
[2023-03-09T15:43:41.367+0000] {processor.py:175} INFO - Processing /home/airflow/.local/lib/python3.7/site-packages/airflow/example_dags/example_external_task_marker_dag.py took 0.206 seconds
[2023-03-09T15:44:11.416+0000] {processor.py:153} INFO - Started process (PID=836) to work on /home/airflow/.local/lib/python3.7/site-packages/airflow/example_dags/example_external_task_marker_dag.py
[2023-03-09T15:44:11.429+0000] {processor.py:743} INFO - Processing file /home/airflow/.local/lib/python3.7/site-packages/airflow/example_dags/example_external_task_marker_dag.py for tasks to queue
[2023-03-09T15:44:11.430+0000] {logging_mixin.py:137} INFO - [2023-03-09T15:44:11.430+0000] {dagbag.py:538} INFO - Filling up the DagBag from /home/airflow/.local/lib/python3.7/site-packages/airflow/example_dags/example_external_task_marker_dag.py
[2023-03-09T15:44:11.456+0000] {processor.py:753} INFO - DAG(s) dict_keys(['example_external_task_marker_child', 'example_external_task_marker_parent']) retrieved from /home/airflow/.local/lib/python3.7/site-packages/airflow/example_dags/example_external_task_marker_dag.py
[2023-03-09T15:44:11.533+0000] {logging_mixin.py:137} INFO - [2023-03-09T15:44:11.533+0000] {dag.py:2690} INFO - Sync 2 DAGs
[2023-03-09T15:44:11.589+0000] {logging_mixin.py:137} INFO - [2023-03-09T15:44:11.589+0000] {dag.py:3441} INFO - Setting next_dagrun for example_external_task_marker_child to None, run_after=None
[2023-03-09T15:44:11.595+0000] {logging_mixin.py:137} INFO - [2023-03-09T15:44:11.595+0000] {dag.py:3441} INFO - Setting next_dagrun for example_external_task_marker_parent to None, run_after=None
[2023-03-09T15:44:11.624+0000] {processor.py:175} INFO - Processing /home/airflow/.local/lib/python3.7/site-packages/airflow/example_dags/example_external_task_marker_dag.py took 0.212 seconds
[2023-03-09T15:44:42.150+0000] {processor.py:153} INFO - Started process (PID=899) to work on /home/airflow/.local/lib/python3.7/site-packages/airflow/example_dags/example_external_task_marker_dag.py
[2023-03-09T15:44:42.151+0000] {processor.py:743} INFO - Processing file /home/airflow/.local/lib/python3.7/site-packages/airflow/example_dags/example_external_task_marker_dag.py for tasks to queue
[2023-03-09T15:44:42.152+0000] {logging_mixin.py:137} INFO - [2023-03-09T15:44:42.151+0000] {dagbag.py:538} INFO - Filling up the DagBag from /home/airflow/.local/lib/python3.7/site-packages/airflow/example_dags/example_external_task_marker_dag.py
[2023-03-09T15:44:42.173+0000] {processor.py:753} INFO - DAG(s) dict_keys(['example_external_task_marker_parent', 'example_external_task_marker_child']) retrieved from /home/airflow/.local/lib/python3.7/site-packages/airflow/example_dags/example_external_task_marker_dag.py
[2023-03-09T15:44:42.213+0000] {logging_mixin.py:137} INFO - [2023-03-09T15:44:42.212+0000] {dag.py:2690} INFO - Sync 2 DAGs
[2023-03-09T15:44:42.255+0000] {logging_mixin.py:137} INFO - [2023-03-09T15:44:42.255+0000] {dag.py:3441} INFO - Setting next_dagrun for example_external_task_marker_child to None, run_after=None
[2023-03-09T15:44:42.262+0000] {logging_mixin.py:137} INFO - [2023-03-09T15:44:42.262+0000] {dag.py:3441} INFO - Setting next_dagrun for example_external_task_marker_parent to None, run_after=None
[2023-03-09T15:44:42.291+0000] {processor.py:175} INFO - Processing /home/airflow/.local/lib/python3.7/site-packages/airflow/example_dags/example_external_task_marker_dag.py took 0.148 seconds
[2023-03-09T15:45:12.402+0000] {processor.py:153} INFO - Started process (PID=961) to work on /home/airflow/.local/lib/python3.7/site-packages/airflow/example_dags/example_external_task_marker_dag.py
[2023-03-09T15:45:12.404+0000] {processor.py:743} INFO - Processing file /home/airflow/.local/lib/python3.7/site-packages/airflow/example_dags/example_external_task_marker_dag.py for tasks to queue
[2023-03-09T15:45:12.405+0000] {logging_mixin.py:137} INFO - [2023-03-09T15:45:12.405+0000] {dagbag.py:538} INFO - Filling up the DagBag from /home/airflow/.local/lib/python3.7/site-packages/airflow/example_dags/example_external_task_marker_dag.py
[2023-03-09T15:45:12.464+0000] {processor.py:753} INFO - DAG(s) dict_keys(['example_external_task_marker_child', 'example_external_task_marker_parent']) retrieved from /home/airflow/.local/lib/python3.7/site-packages/airflow/example_dags/example_external_task_marker_dag.py
[2023-03-09T15:45:12.550+0000] {logging_mixin.py:137} INFO - [2023-03-09T15:45:12.549+0000] {dag.py:2690} INFO - Sync 2 DAGs
[2023-03-09T15:45:12.650+0000] {logging_mixin.py:137} INFO - [2023-03-09T15:45:12.650+0000] {dag.py:3441} INFO - Setting next_dagrun for example_external_task_marker_child to None, run_after=None
[2023-03-09T15:45:12.665+0000] {logging_mixin.py:137} INFO - [2023-03-09T15:45:12.664+0000] {dag.py:3441} INFO - Setting next_dagrun for example_external_task_marker_parent to None, run_after=None
[2023-03-09T15:45:12.734+0000] {processor.py:175} INFO - Processing /home/airflow/.local/lib/python3.7/site-packages/airflow/example_dags/example_external_task_marker_dag.py took 0.341 seconds
[2023-03-09T15:45:43.500+0000] {processor.py:153} INFO - Started process (PID=1028) to work on /home/airflow/.local/lib/python3.7/site-packages/airflow/example_dags/example_external_task_marker_dag.py
[2023-03-09T15:45:43.500+0000] {processor.py:743} INFO - Processing file /home/airflow/.local/lib/python3.7/site-packages/airflow/example_dags/example_external_task_marker_dag.py for tasks to queue
[2023-03-09T15:45:43.501+0000] {logging_mixin.py:137} INFO - [2023-03-09T15:45:43.501+0000] {dagbag.py:538} INFO - Filling up the DagBag from /home/airflow/.local/lib/python3.7/site-packages/airflow/example_dags/example_external_task_marker_dag.py
[2023-03-09T15:45:43.516+0000] {processor.py:753} INFO - DAG(s) dict_keys(['example_external_task_marker_child', 'example_external_task_marker_parent']) retrieved from /home/airflow/.local/lib/python3.7/site-packages/airflow/example_dags/example_external_task_marker_dag.py
[2023-03-09T15:45:43.555+0000] {logging_mixin.py:137} INFO - [2023-03-09T15:45:43.555+0000] {dag.py:2690} INFO - Sync 2 DAGs
[2023-03-09T15:45:43.591+0000] {logging_mixin.py:137} INFO - [2023-03-09T15:45:43.591+0000] {dag.py:3441} INFO - Setting next_dagrun for example_external_task_marker_child to None, run_after=None
[2023-03-09T15:45:43.596+0000] {logging_mixin.py:137} INFO - [2023-03-09T15:45:43.596+0000] {dag.py:3441} INFO - Setting next_dagrun for example_external_task_marker_parent to None, run_after=None
[2023-03-09T15:45:43.620+0000] {processor.py:175} INFO - Processing /home/airflow/.local/lib/python3.7/site-packages/airflow/example_dags/example_external_task_marker_dag.py took 0.123 seconds
[2023-03-09T15:46:14.378+0000] {processor.py:153} INFO - Started process (PID=1091) to work on /home/airflow/.local/lib/python3.7/site-packages/airflow/example_dags/example_external_task_marker_dag.py
[2023-03-09T15:46:14.379+0000] {processor.py:743} INFO - Processing file /home/airflow/.local/lib/python3.7/site-packages/airflow/example_dags/example_external_task_marker_dag.py for tasks to queue
[2023-03-09T15:46:14.380+0000] {logging_mixin.py:137} INFO - [2023-03-09T15:46:14.380+0000] {dagbag.py:538} INFO - Filling up the DagBag from /home/airflow/.local/lib/python3.7/site-packages/airflow/example_dags/example_external_task_marker_dag.py
[2023-03-09T15:46:14.409+0000] {processor.py:753} INFO - DAG(s) dict_keys(['example_external_task_marker_child', 'example_external_task_marker_parent']) retrieved from /home/airflow/.local/lib/python3.7/site-packages/airflow/example_dags/example_external_task_marker_dag.py
[2023-03-09T15:46:14.456+0000] {logging_mixin.py:137} INFO - [2023-03-09T15:46:14.455+0000] {dag.py:2690} INFO - Sync 2 DAGs
[2023-03-09T15:46:14.514+0000] {logging_mixin.py:137} INFO - [2023-03-09T15:46:14.514+0000] {dag.py:3441} INFO - Setting next_dagrun for example_external_task_marker_child to None, run_after=None
[2023-03-09T15:46:14.521+0000] {logging_mixin.py:137} INFO - [2023-03-09T15:46:14.521+0000] {dag.py:3441} INFO - Setting next_dagrun for example_external_task_marker_parent to None, run_after=None
[2023-03-09T15:46:14.551+0000] {processor.py:175} INFO - Processing /home/airflow/.local/lib/python3.7/site-packages/airflow/example_dags/example_external_task_marker_dag.py took 0.177 seconds
[2023-03-09T15:46:45.205+0000] {processor.py:153} INFO - Started process (PID=1163) to work on /home/airflow/.local/lib/python3.7/site-packages/airflow/example_dags/example_external_task_marker_dag.py
[2023-03-09T15:46:45.206+0000] {processor.py:743} INFO - Processing file /home/airflow/.local/lib/python3.7/site-packages/airflow/example_dags/example_external_task_marker_dag.py for tasks to queue
[2023-03-09T15:46:45.207+0000] {logging_mixin.py:137} INFO - [2023-03-09T15:46:45.206+0000] {dagbag.py:538} INFO - Filling up the DagBag from /home/airflow/.local/lib/python3.7/site-packages/airflow/example_dags/example_external_task_marker_dag.py
[2023-03-09T15:46:45.227+0000] {processor.py:753} INFO - DAG(s) dict_keys(['example_external_task_marker_child', 'example_external_task_marker_parent']) retrieved from /home/airflow/.local/lib/python3.7/site-packages/airflow/example_dags/example_external_task_marker_dag.py
[2023-03-09T15:46:45.274+0000] {logging_mixin.py:137} INFO - [2023-03-09T15:46:45.273+0000] {dag.py:2690} INFO - Sync 2 DAGs
[2023-03-09T15:46:45.326+0000] {logging_mixin.py:137} INFO - [2023-03-09T15:46:45.326+0000] {dag.py:3441} INFO - Setting next_dagrun for example_external_task_marker_child to None, run_after=None
[2023-03-09T15:46:45.332+0000] {logging_mixin.py:137} INFO - [2023-03-09T15:46:45.332+0000] {dag.py:3441} INFO - Setting next_dagrun for example_external_task_marker_parent to None, run_after=None
[2023-03-09T15:46:45.376+0000] {processor.py:175} INFO - Processing /home/airflow/.local/lib/python3.7/site-packages/airflow/example_dags/example_external_task_marker_dag.py took 0.175 seconds
[2023-03-09T15:47:16.282+0000] {processor.py:153} INFO - Started process (PID=1229) to work on /home/airflow/.local/lib/python3.7/site-packages/airflow/example_dags/example_external_task_marker_dag.py
[2023-03-09T15:47:16.300+0000] {processor.py:743} INFO - Processing file /home/airflow/.local/lib/python3.7/site-packages/airflow/example_dags/example_external_task_marker_dag.py for tasks to queue
[2023-03-09T15:47:16.301+0000] {logging_mixin.py:137} INFO - [2023-03-09T15:47:16.301+0000] {dagbag.py:538} INFO - Filling up the DagBag from /home/airflow/.local/lib/python3.7/site-packages/airflow/example_dags/example_external_task_marker_dag.py
[2023-03-09T15:47:16.381+0000] {processor.py:753} INFO - DAG(s) dict_keys(['example_external_task_marker_child', 'example_external_task_marker_parent']) retrieved from /home/airflow/.local/lib/python3.7/site-packages/airflow/example_dags/example_external_task_marker_dag.py
[2023-03-09T15:47:16.469+0000] {logging_mixin.py:137} INFO - [2023-03-09T15:47:16.468+0000] {dag.py:2690} INFO - Sync 2 DAGs
[2023-03-09T15:47:16.542+0000] {logging_mixin.py:137} INFO - [2023-03-09T15:47:16.541+0000] {dag.py:3441} INFO - Setting next_dagrun for example_external_task_marker_child to None, run_after=None
[2023-03-09T15:47:16.548+0000] {logging_mixin.py:137} INFO - [2023-03-09T15:47:16.547+0000] {dag.py:3441} INFO - Setting next_dagrun for example_external_task_marker_parent to None, run_after=None
[2023-03-09T15:47:16.577+0000] {processor.py:175} INFO - Processing /home/airflow/.local/lib/python3.7/site-packages/airflow/example_dags/example_external_task_marker_dag.py took 0.328 seconds
[2023-03-09T15:47:47.488+0000] {processor.py:153} INFO - Started process (PID=1291) to work on /home/airflow/.local/lib/python3.7/site-packages/airflow/example_dags/example_external_task_marker_dag.py
[2023-03-09T15:47:47.490+0000] {processor.py:743} INFO - Processing file /home/airflow/.local/lib/python3.7/site-packages/airflow/example_dags/example_external_task_marker_dag.py for tasks to queue
[2023-03-09T15:47:47.491+0000] {logging_mixin.py:137} INFO - [2023-03-09T15:47:47.490+0000] {dagbag.py:538} INFO - Filling up the DagBag from /home/airflow/.local/lib/python3.7/site-packages/airflow/example_dags/example_external_task_marker_dag.py
[2023-03-09T15:47:47.513+0000] {processor.py:753} INFO - DAG(s) dict_keys(['example_external_task_marker_parent', 'example_external_task_marker_child']) retrieved from /home/airflow/.local/lib/python3.7/site-packages/airflow/example_dags/example_external_task_marker_dag.py
[2023-03-09T15:47:47.550+0000] {logging_mixin.py:137} INFO - [2023-03-09T15:47:47.550+0000] {dag.py:2690} INFO - Sync 2 DAGs
[2023-03-09T15:47:47.588+0000] {logging_mixin.py:137} INFO - [2023-03-09T15:47:47.588+0000] {dag.py:3441} INFO - Setting next_dagrun for example_external_task_marker_child to None, run_after=None
[2023-03-09T15:47:47.593+0000] {logging_mixin.py:137} INFO - [2023-03-09T15:47:47.592+0000] {dag.py:3441} INFO - Setting next_dagrun for example_external_task_marker_parent to None, run_after=None
[2023-03-09T15:47:47.614+0000] {processor.py:175} INFO - Processing /home/airflow/.local/lib/python3.7/site-packages/airflow/example_dags/example_external_task_marker_dag.py took 0.131 seconds
[2023-03-09T15:48:18.150+0000] {processor.py:153} INFO - Started process (PID=1355) to work on /home/airflow/.local/lib/python3.7/site-packages/airflow/example_dags/example_external_task_marker_dag.py
[2023-03-09T15:48:18.151+0000] {processor.py:743} INFO - Processing file /home/airflow/.local/lib/python3.7/site-packages/airflow/example_dags/example_external_task_marker_dag.py for tasks to queue
[2023-03-09T15:48:18.152+0000] {logging_mixin.py:137} INFO - [2023-03-09T15:48:18.151+0000] {dagbag.py:538} INFO - Filling up the DagBag from /home/airflow/.local/lib/python3.7/site-packages/airflow/example_dags/example_external_task_marker_dag.py
[2023-03-09T15:48:18.167+0000] {processor.py:753} INFO - DAG(s) dict_keys(['example_external_task_marker_parent', 'example_external_task_marker_child']) retrieved from /home/airflow/.local/lib/python3.7/site-packages/airflow/example_dags/example_external_task_marker_dag.py
[2023-03-09T15:48:18.206+0000] {logging_mixin.py:137} INFO - [2023-03-09T15:48:18.206+0000] {dag.py:2690} INFO - Sync 2 DAGs
[2023-03-09T15:48:18.249+0000] {logging_mixin.py:137} INFO - [2023-03-09T15:48:18.249+0000] {dag.py:3441} INFO - Setting next_dagrun for example_external_task_marker_child to None, run_after=None
[2023-03-09T15:48:18.255+0000] {logging_mixin.py:137} INFO - [2023-03-09T15:48:18.255+0000] {dag.py:3441} INFO - Setting next_dagrun for example_external_task_marker_parent to None, run_after=None
[2023-03-09T15:48:18.281+0000] {processor.py:175} INFO - Processing /home/airflow/.local/lib/python3.7/site-packages/airflow/example_dags/example_external_task_marker_dag.py took 0.135 seconds
[2023-03-09T15:48:48.800+0000] {processor.py:153} INFO - Started process (PID=1416) to work on /home/airflow/.local/lib/python3.7/site-packages/airflow/example_dags/example_external_task_marker_dag.py
[2023-03-09T15:48:48.801+0000] {processor.py:743} INFO - Processing file /home/airflow/.local/lib/python3.7/site-packages/airflow/example_dags/example_external_task_marker_dag.py for tasks to queue
[2023-03-09T15:48:48.801+0000] {logging_mixin.py:137} INFO - [2023-03-09T15:48:48.801+0000] {dagbag.py:538} INFO - Filling up the DagBag from /home/airflow/.local/lib/python3.7/site-packages/airflow/example_dags/example_external_task_marker_dag.py
[2023-03-09T15:48:48.817+0000] {processor.py:753} INFO - DAG(s) dict_keys(['example_external_task_marker_child', 'example_external_task_marker_parent']) retrieved from /home/airflow/.local/lib/python3.7/site-packages/airflow/example_dags/example_external_task_marker_dag.py
[2023-03-09T15:48:48.858+0000] {logging_mixin.py:137} INFO - [2023-03-09T15:48:48.858+0000] {dag.py:2690} INFO - Sync 2 DAGs
[2023-03-09T15:48:48.902+0000] {logging_mixin.py:137} INFO - [2023-03-09T15:48:48.902+0000] {dag.py:3441} INFO - Setting next_dagrun for example_external_task_marker_child to None, run_after=None
[2023-03-09T15:48:48.908+0000] {logging_mixin.py:137} INFO - [2023-03-09T15:48:48.907+0000] {dag.py:3441} INFO - Setting next_dagrun for example_external_task_marker_parent to None, run_after=None
[2023-03-09T15:48:48.930+0000] {processor.py:175} INFO - Processing /home/airflow/.local/lib/python3.7/site-packages/airflow/example_dags/example_external_task_marker_dag.py took 0.133 seconds
[2023-03-09T15:49:19.770+0000] {processor.py:153} INFO - Started process (PID=1487) to work on /home/airflow/.local/lib/python3.7/site-packages/airflow/example_dags/example_external_task_marker_dag.py
[2023-03-09T15:49:19.771+0000] {processor.py:743} INFO - Processing file /home/airflow/.local/lib/python3.7/site-packages/airflow/example_dags/example_external_task_marker_dag.py for tasks to queue
[2023-03-09T15:49:19.772+0000] {logging_mixin.py:137} INFO - [2023-03-09T15:49:19.772+0000] {dagbag.py:538} INFO - Filling up the DagBag from /home/airflow/.local/lib/python3.7/site-packages/airflow/example_dags/example_external_task_marker_dag.py
[2023-03-09T15:49:19.790+0000] {processor.py:753} INFO - DAG(s) dict_keys(['example_external_task_marker_parent', 'example_external_task_marker_child']) retrieved from /home/airflow/.local/lib/python3.7/site-packages/airflow/example_dags/example_external_task_marker_dag.py
[2023-03-09T15:49:19.831+0000] {logging_mixin.py:137} INFO - [2023-03-09T15:49:19.831+0000] {dag.py:2690} INFO - Sync 2 DAGs
[2023-03-09T15:49:19.872+0000] {logging_mixin.py:137} INFO - [2023-03-09T15:49:19.872+0000] {dag.py:3441} INFO - Setting next_dagrun for example_external_task_marker_child to None, run_after=None
[2023-03-09T15:49:19.877+0000] {logging_mixin.py:137} INFO - [2023-03-09T15:49:19.876+0000] {dag.py:3441} INFO - Setting next_dagrun for example_external_task_marker_parent to None, run_after=None
[2023-03-09T15:49:19.899+0000] {processor.py:175} INFO - Processing /home/airflow/.local/lib/python3.7/site-packages/airflow/example_dags/example_external_task_marker_dag.py took 0.133 seconds
