[2023-03-09T15:38:12.057+0000] {processor.py:153} INFO - Started process (PID=81) to work on /home/airflow/.local/lib/python3.7/site-packages/airflow/example_dags/example_sensors.py
[2023-03-09T15:38:12.057+0000] {processor.py:743} INFO - Processing file /home/airflow/.local/lib/python3.7/site-packages/airflow/example_dags/example_sensors.py for tasks to queue
[2023-03-09T15:38:12.058+0000] {logging_mixin.py:137} INFO - [2023-03-09T15:38:12.058+0000] {dagbag.py:538} INFO - Filling up the DagBag from /home/airflow/.local/lib/python3.7/site-packages/airflow/example_dags/example_sensors.py
[2023-03-09T15:38:12.104+0000] {processor.py:753} INFO - DAG(s) dict_keys(['example_sensors']) retrieved from /home/airflow/.local/lib/python3.7/site-packages/airflow/example_dags/example_sensors.py
[2023-03-09T15:38:12.158+0000] {logging_mixin.py:137} INFO - [2023-03-09T15:38:12.158+0000] {dag.py:2690} INFO - Sync 1 DAGs
[2023-03-09T15:38:12.223+0000] {logging_mixin.py:137} INFO - [2023-03-09T15:38:12.223+0000] {dag.py:3441} INFO - Setting next_dagrun for example_sensors to None, run_after=None
[2023-03-09T15:38:12.258+0000] {processor.py:175} INFO - Processing /home/airflow/.local/lib/python3.7/site-packages/airflow/example_dags/example_sensors.py took 0.205 seconds
[2023-03-09T15:38:42.371+0000] {processor.py:153} INFO - Started process (PID=147) to work on /home/airflow/.local/lib/python3.7/site-packages/airflow/example_dags/example_sensors.py
[2023-03-09T15:38:42.372+0000] {processor.py:743} INFO - Processing file /home/airflow/.local/lib/python3.7/site-packages/airflow/example_dags/example_sensors.py for tasks to queue
[2023-03-09T15:38:42.373+0000] {logging_mixin.py:137} INFO - [2023-03-09T15:38:42.373+0000] {dagbag.py:538} INFO - Filling up the DagBag from /home/airflow/.local/lib/python3.7/site-packages/airflow/example_dags/example_sensors.py
[2023-03-09T15:38:42.431+0000] {processor.py:753} INFO - DAG(s) dict_keys(['example_sensors']) retrieved from /home/airflow/.local/lib/python3.7/site-packages/airflow/example_dags/example_sensors.py
[2023-03-09T15:38:42.477+0000] {logging_mixin.py:137} INFO - [2023-03-09T15:38:42.477+0000] {dag.py:2690} INFO - Sync 1 DAGs
[2023-03-09T15:38:42.513+0000] {logging_mixin.py:137} INFO - [2023-03-09T15:38:42.513+0000] {dag.py:3441} INFO - Setting next_dagrun for example_sensors to None, run_after=None
[2023-03-09T15:38:42.538+0000] {processor.py:175} INFO - Processing /home/airflow/.local/lib/python3.7/site-packages/airflow/example_dags/example_sensors.py took 0.174 seconds
[2023-03-09T15:39:12.918+0000] {processor.py:153} INFO - Started process (PID=209) to work on /home/airflow/.local/lib/python3.7/site-packages/airflow/example_dags/example_sensors.py
[2023-03-09T15:39:12.918+0000] {processor.py:743} INFO - Processing file /home/airflow/.local/lib/python3.7/site-packages/airflow/example_dags/example_sensors.py for tasks to queue
[2023-03-09T15:39:12.919+0000] {logging_mixin.py:137} INFO - [2023-03-09T15:39:12.919+0000] {dagbag.py:538} INFO - Filling up the DagBag from /home/airflow/.local/lib/python3.7/site-packages/airflow/example_dags/example_sensors.py
[2023-03-09T15:39:12.943+0000] {processor.py:753} INFO - DAG(s) dict_keys(['example_sensors']) retrieved from /home/airflow/.local/lib/python3.7/site-packages/airflow/example_dags/example_sensors.py
[2023-03-09T15:39:12.984+0000] {logging_mixin.py:137} INFO - [2023-03-09T15:39:12.984+0000] {dag.py:2690} INFO - Sync 1 DAGs
[2023-03-09T15:39:13.021+0000] {logging_mixin.py:137} INFO - [2023-03-09T15:39:13.021+0000] {dag.py:3441} INFO - Setting next_dagrun for example_sensors to None, run_after=None
[2023-03-09T15:39:13.043+0000] {processor.py:175} INFO - Processing /home/airflow/.local/lib/python3.7/site-packages/airflow/example_dags/example_sensors.py took 0.129 seconds
[2023-03-09T15:39:43.424+0000] {processor.py:153} INFO - Started process (PID=272) to work on /home/airflow/.local/lib/python3.7/site-packages/airflow/example_dags/example_sensors.py
[2023-03-09T15:39:43.424+0000] {processor.py:743} INFO - Processing file /home/airflow/.local/lib/python3.7/site-packages/airflow/example_dags/example_sensors.py for tasks to queue
[2023-03-09T15:39:43.425+0000] {logging_mixin.py:137} INFO - [2023-03-09T15:39:43.425+0000] {dagbag.py:538} INFO - Filling up the DagBag from /home/airflow/.local/lib/python3.7/site-packages/airflow/example_dags/example_sensors.py
[2023-03-09T15:39:43.449+0000] {processor.py:753} INFO - DAG(s) dict_keys(['example_sensors']) retrieved from /home/airflow/.local/lib/python3.7/site-packages/airflow/example_dags/example_sensors.py
[2023-03-09T15:39:43.485+0000] {logging_mixin.py:137} INFO - [2023-03-09T15:39:43.485+0000] {dag.py:2690} INFO - Sync 1 DAGs
[2023-03-09T15:39:43.524+0000] {logging_mixin.py:137} INFO - [2023-03-09T15:39:43.524+0000] {dag.py:3441} INFO - Setting next_dagrun for example_sensors to None, run_after=None
[2023-03-09T15:39:43.550+0000] {processor.py:175} INFO - Processing /home/airflow/.local/lib/python3.7/site-packages/airflow/example_dags/example_sensors.py took 0.129 seconds
[2023-03-09T15:40:14.302+0000] {processor.py:153} INFO - Started process (PID=335) to work on /home/airflow/.local/lib/python3.7/site-packages/airflow/example_dags/example_sensors.py
[2023-03-09T15:40:14.310+0000] {processor.py:743} INFO - Processing file /home/airflow/.local/lib/python3.7/site-packages/airflow/example_dags/example_sensors.py for tasks to queue
[2023-03-09T15:40:14.311+0000] {logging_mixin.py:137} INFO - [2023-03-09T15:40:14.311+0000] {dagbag.py:538} INFO - Filling up the DagBag from /home/airflow/.local/lib/python3.7/site-packages/airflow/example_dags/example_sensors.py
[2023-03-09T15:40:14.396+0000] {processor.py:753} INFO - DAG(s) dict_keys(['example_sensors']) retrieved from /home/airflow/.local/lib/python3.7/site-packages/airflow/example_dags/example_sensors.py
[2023-03-09T15:40:14.462+0000] {logging_mixin.py:137} INFO - [2023-03-09T15:40:14.462+0000] {dag.py:2690} INFO - Sync 1 DAGs
[2023-03-09T15:40:14.514+0000] {logging_mixin.py:137} INFO - [2023-03-09T15:40:14.514+0000] {dag.py:3441} INFO - Setting next_dagrun for example_sensors to None, run_after=None
[2023-03-09T15:40:14.547+0000] {processor.py:175} INFO - Processing /home/airflow/.local/lib/python3.7/site-packages/airflow/example_dags/example_sensors.py took 0.259 seconds
[2023-03-09T15:40:44.915+0000] {processor.py:153} INFO - Started process (PID=410) to work on /home/airflow/.local/lib/python3.7/site-packages/airflow/example_dags/example_sensors.py
[2023-03-09T15:40:44.915+0000] {processor.py:743} INFO - Processing file /home/airflow/.local/lib/python3.7/site-packages/airflow/example_dags/example_sensors.py for tasks to queue
[2023-03-09T15:40:44.916+0000] {logging_mixin.py:137} INFO - [2023-03-09T15:40:44.916+0000] {dagbag.py:538} INFO - Filling up the DagBag from /home/airflow/.local/lib/python3.7/site-packages/airflow/example_dags/example_sensors.py
[2023-03-09T15:40:44.941+0000] {processor.py:753} INFO - DAG(s) dict_keys(['example_sensors']) retrieved from /home/airflow/.local/lib/python3.7/site-packages/airflow/example_dags/example_sensors.py
[2023-03-09T15:40:44.985+0000] {logging_mixin.py:137} INFO - [2023-03-09T15:40:44.985+0000] {dag.py:2690} INFO - Sync 1 DAGs
[2023-03-09T15:40:45.019+0000] {logging_mixin.py:137} INFO - [2023-03-09T15:40:45.019+0000] {dag.py:3441} INFO - Setting next_dagrun for example_sensors to None, run_after=None
[2023-03-09T15:40:45.042+0000] {processor.py:175} INFO - Processing /home/airflow/.local/lib/python3.7/site-packages/airflow/example_dags/example_sensors.py took 0.131 seconds
[2023-03-09T15:41:15.145+0000] {processor.py:153} INFO - Started process (PID=472) to work on /home/airflow/.local/lib/python3.7/site-packages/airflow/example_dags/example_sensors.py
[2023-03-09T15:41:15.146+0000] {processor.py:743} INFO - Processing file /home/airflow/.local/lib/python3.7/site-packages/airflow/example_dags/example_sensors.py for tasks to queue
[2023-03-09T15:41:15.147+0000] {logging_mixin.py:137} INFO - [2023-03-09T15:41:15.147+0000] {dagbag.py:538} INFO - Filling up the DagBag from /home/airflow/.local/lib/python3.7/site-packages/airflow/example_dags/example_sensors.py
[2023-03-09T15:41:15.182+0000] {processor.py:753} INFO - DAG(s) dict_keys(['example_sensors']) retrieved from /home/airflow/.local/lib/python3.7/site-packages/airflow/example_dags/example_sensors.py
[2023-03-09T15:41:15.220+0000] {logging_mixin.py:137} INFO - [2023-03-09T15:41:15.219+0000] {dag.py:2690} INFO - Sync 1 DAGs
[2023-03-09T15:41:15.281+0000] {logging_mixin.py:137} INFO - [2023-03-09T15:41:15.281+0000] {dag.py:3441} INFO - Setting next_dagrun for example_sensors to None, run_after=None
[2023-03-09T15:41:15.306+0000] {processor.py:175} INFO - Processing /home/airflow/.local/lib/python3.7/site-packages/airflow/example_dags/example_sensors.py took 0.166 seconds
[2023-03-09T15:41:46.105+0000] {processor.py:153} INFO - Started process (PID=536) to work on /home/airflow/.local/lib/python3.7/site-packages/airflow/example_dags/example_sensors.py
[2023-03-09T15:41:46.105+0000] {processor.py:743} INFO - Processing file /home/airflow/.local/lib/python3.7/site-packages/airflow/example_dags/example_sensors.py for tasks to queue
[2023-03-09T15:41:46.106+0000] {logging_mixin.py:137} INFO - [2023-03-09T15:41:46.106+0000] {dagbag.py:538} INFO - Filling up the DagBag from /home/airflow/.local/lib/python3.7/site-packages/airflow/example_dags/example_sensors.py
[2023-03-09T15:41:46.142+0000] {processor.py:753} INFO - DAG(s) dict_keys(['example_sensors']) retrieved from /home/airflow/.local/lib/python3.7/site-packages/airflow/example_dags/example_sensors.py
[2023-03-09T15:41:46.185+0000] {logging_mixin.py:137} INFO - [2023-03-09T15:41:46.184+0000] {dag.py:2690} INFO - Sync 1 DAGs
[2023-03-09T15:41:46.228+0000] {logging_mixin.py:137} INFO - [2023-03-09T15:41:46.228+0000] {dag.py:3441} INFO - Setting next_dagrun for example_sensors to None, run_after=None
[2023-03-09T15:41:46.261+0000] {processor.py:175} INFO - Processing /home/airflow/.local/lib/python3.7/site-packages/airflow/example_dags/example_sensors.py took 0.161 seconds
[2023-03-09T15:42:17.164+0000] {processor.py:153} INFO - Started process (PID=608) to work on /home/airflow/.local/lib/python3.7/site-packages/airflow/example_dags/example_sensors.py
[2023-03-09T15:42:17.165+0000] {processor.py:743} INFO - Processing file /home/airflow/.local/lib/python3.7/site-packages/airflow/example_dags/example_sensors.py for tasks to queue
[2023-03-09T15:42:17.166+0000] {logging_mixin.py:137} INFO - [2023-03-09T15:42:17.166+0000] {dagbag.py:538} INFO - Filling up the DagBag from /home/airflow/.local/lib/python3.7/site-packages/airflow/example_dags/example_sensors.py
[2023-03-09T15:42:17.190+0000] {processor.py:753} INFO - DAG(s) dict_keys(['example_sensors']) retrieved from /home/airflow/.local/lib/python3.7/site-packages/airflow/example_dags/example_sensors.py
[2023-03-09T15:42:17.225+0000] {logging_mixin.py:137} INFO - [2023-03-09T15:42:17.225+0000] {dag.py:2690} INFO - Sync 1 DAGs
[2023-03-09T15:42:17.261+0000] {logging_mixin.py:137} INFO - [2023-03-09T15:42:17.261+0000] {dag.py:3441} INFO - Setting next_dagrun for example_sensors to None, run_after=None
[2023-03-09T15:42:17.295+0000] {processor.py:175} INFO - Processing /home/airflow/.local/lib/python3.7/site-packages/airflow/example_dags/example_sensors.py took 0.133 seconds
[2023-03-09T15:42:47.895+0000] {processor.py:153} INFO - Started process (PID=675) to work on /home/airflow/.local/lib/python3.7/site-packages/airflow/example_dags/example_sensors.py
[2023-03-09T15:42:47.896+0000] {processor.py:743} INFO - Processing file /home/airflow/.local/lib/python3.7/site-packages/airflow/example_dags/example_sensors.py for tasks to queue
[2023-03-09T15:42:47.897+0000] {logging_mixin.py:137} INFO - [2023-03-09T15:42:47.897+0000] {dagbag.py:538} INFO - Filling up the DagBag from /home/airflow/.local/lib/python3.7/site-packages/airflow/example_dags/example_sensors.py
[2023-03-09T15:42:47.921+0000] {processor.py:753} INFO - DAG(s) dict_keys(['example_sensors']) retrieved from /home/airflow/.local/lib/python3.7/site-packages/airflow/example_dags/example_sensors.py
[2023-03-09T15:42:47.959+0000] {logging_mixin.py:137} INFO - [2023-03-09T15:42:47.959+0000] {dag.py:2690} INFO - Sync 1 DAGs
[2023-03-09T15:42:48.008+0000] {logging_mixin.py:137} INFO - [2023-03-09T15:42:48.008+0000] {dag.py:3441} INFO - Setting next_dagrun for example_sensors to None, run_after=None
[2023-03-09T15:42:48.038+0000] {processor.py:175} INFO - Processing /home/airflow/.local/lib/python3.7/site-packages/airflow/example_dags/example_sensors.py took 0.146 seconds
[2023-03-09T15:43:18.951+0000] {processor.py:153} INFO - Started process (PID=739) to work on /home/airflow/.local/lib/python3.7/site-packages/airflow/example_dags/example_sensors.py
[2023-03-09T15:43:18.964+0000] {processor.py:743} INFO - Processing file /home/airflow/.local/lib/python3.7/site-packages/airflow/example_dags/example_sensors.py for tasks to queue
[2023-03-09T15:43:18.965+0000] {logging_mixin.py:137} INFO - [2023-03-09T15:43:18.965+0000] {dagbag.py:538} INFO - Filling up the DagBag from /home/airflow/.local/lib/python3.7/site-packages/airflow/example_dags/example_sensors.py
[2023-03-09T15:43:19.002+0000] {processor.py:753} INFO - DAG(s) dict_keys(['example_sensors']) retrieved from /home/airflow/.local/lib/python3.7/site-packages/airflow/example_dags/example_sensors.py
[2023-03-09T15:43:19.053+0000] {logging_mixin.py:137} INFO - [2023-03-09T15:43:19.053+0000] {dag.py:2690} INFO - Sync 1 DAGs
[2023-03-09T15:43:19.111+0000] {logging_mixin.py:137} INFO - [2023-03-09T15:43:19.111+0000] {dag.py:3441} INFO - Setting next_dagrun for example_sensors to None, run_after=None
[2023-03-09T15:43:19.140+0000] {processor.py:175} INFO - Processing /home/airflow/.local/lib/python3.7/site-packages/airflow/example_dags/example_sensors.py took 0.194 seconds
[2023-03-09T15:43:49.196+0000] {processor.py:153} INFO - Started process (PID=802) to work on /home/airflow/.local/lib/python3.7/site-packages/airflow/example_dags/example_sensors.py
[2023-03-09T15:43:49.197+0000] {processor.py:743} INFO - Processing file /home/airflow/.local/lib/python3.7/site-packages/airflow/example_dags/example_sensors.py for tasks to queue
[2023-03-09T15:43:49.198+0000] {logging_mixin.py:137} INFO - [2023-03-09T15:43:49.198+0000] {dagbag.py:538} INFO - Filling up the DagBag from /home/airflow/.local/lib/python3.7/site-packages/airflow/example_dags/example_sensors.py
[2023-03-09T15:43:49.232+0000] {processor.py:753} INFO - DAG(s) dict_keys(['example_sensors']) retrieved from /home/airflow/.local/lib/python3.7/site-packages/airflow/example_dags/example_sensors.py
[2023-03-09T15:43:49.283+0000] {logging_mixin.py:137} INFO - [2023-03-09T15:43:49.283+0000] {dag.py:2690} INFO - Sync 1 DAGs
[2023-03-09T15:43:49.326+0000] {logging_mixin.py:137} INFO - [2023-03-09T15:43:49.326+0000] {dag.py:3441} INFO - Setting next_dagrun for example_sensors to None, run_after=None
[2023-03-09T15:43:49.352+0000] {processor.py:175} INFO - Processing /home/airflow/.local/lib/python3.7/site-packages/airflow/example_dags/example_sensors.py took 0.160 seconds
[2023-03-09T15:44:20.155+0000] {processor.py:153} INFO - Started process (PID=864) to work on /home/airflow/.local/lib/python3.7/site-packages/airflow/example_dags/example_sensors.py
[2023-03-09T15:44:20.156+0000] {processor.py:743} INFO - Processing file /home/airflow/.local/lib/python3.7/site-packages/airflow/example_dags/example_sensors.py for tasks to queue
[2023-03-09T15:44:20.157+0000] {logging_mixin.py:137} INFO - [2023-03-09T15:44:20.157+0000] {dagbag.py:538} INFO - Filling up the DagBag from /home/airflow/.local/lib/python3.7/site-packages/airflow/example_dags/example_sensors.py
[2023-03-09T15:44:20.183+0000] {processor.py:753} INFO - DAG(s) dict_keys(['example_sensors']) retrieved from /home/airflow/.local/lib/python3.7/site-packages/airflow/example_dags/example_sensors.py
[2023-03-09T15:44:20.223+0000] {logging_mixin.py:137} INFO - [2023-03-09T15:44:20.223+0000] {dag.py:2690} INFO - Sync 1 DAGs
[2023-03-09T15:44:20.260+0000] {logging_mixin.py:137} INFO - [2023-03-09T15:44:20.260+0000] {dag.py:3441} INFO - Setting next_dagrun for example_sensors to None, run_after=None
[2023-03-09T15:44:20.288+0000] {processor.py:175} INFO - Processing /home/airflow/.local/lib/python3.7/site-packages/airflow/example_dags/example_sensors.py took 0.137 seconds
[2023-03-09T15:44:51.090+0000] {processor.py:153} INFO - Started process (PID=935) to work on /home/airflow/.local/lib/python3.7/site-packages/airflow/example_dags/example_sensors.py
[2023-03-09T15:44:51.091+0000] {processor.py:743} INFO - Processing file /home/airflow/.local/lib/python3.7/site-packages/airflow/example_dags/example_sensors.py for tasks to queue
[2023-03-09T15:44:51.093+0000] {logging_mixin.py:137} INFO - [2023-03-09T15:44:51.092+0000] {dagbag.py:538} INFO - Filling up the DagBag from /home/airflow/.local/lib/python3.7/site-packages/airflow/example_dags/example_sensors.py
[2023-03-09T15:44:51.126+0000] {processor.py:753} INFO - DAG(s) dict_keys(['example_sensors']) retrieved from /home/airflow/.local/lib/python3.7/site-packages/airflow/example_dags/example_sensors.py
[2023-03-09T15:44:51.174+0000] {logging_mixin.py:137} INFO - [2023-03-09T15:44:51.173+0000] {dag.py:2690} INFO - Sync 1 DAGs
[2023-03-09T15:44:51.227+0000] {logging_mixin.py:137} INFO - [2023-03-09T15:44:51.227+0000] {dag.py:3441} INFO - Setting next_dagrun for example_sensors to None, run_after=None
[2023-03-09T15:44:51.263+0000] {processor.py:175} INFO - Processing /home/airflow/.local/lib/python3.7/site-packages/airflow/example_dags/example_sensors.py took 0.184 seconds
[2023-03-09T15:45:22.416+0000] {processor.py:153} INFO - Started process (PID=1001) to work on /home/airflow/.local/lib/python3.7/site-packages/airflow/example_dags/example_sensors.py
[2023-03-09T15:45:22.417+0000] {processor.py:743} INFO - Processing file /home/airflow/.local/lib/python3.7/site-packages/airflow/example_dags/example_sensors.py for tasks to queue
[2023-03-09T15:45:22.418+0000] {logging_mixin.py:137} INFO - [2023-03-09T15:45:22.418+0000] {dagbag.py:538} INFO - Filling up the DagBag from /home/airflow/.local/lib/python3.7/site-packages/airflow/example_dags/example_sensors.py
[2023-03-09T15:45:22.468+0000] {processor.py:753} INFO - DAG(s) dict_keys(['example_sensors']) retrieved from /home/airflow/.local/lib/python3.7/site-packages/airflow/example_dags/example_sensors.py
[2023-03-09T15:45:22.540+0000] {logging_mixin.py:137} INFO - [2023-03-09T15:45:22.540+0000] {dag.py:2690} INFO - Sync 1 DAGs
[2023-03-09T15:45:22.604+0000] {logging_mixin.py:137} INFO - [2023-03-09T15:45:22.604+0000] {dag.py:3441} INFO - Setting next_dagrun for example_sensors to None, run_after=None
[2023-03-09T15:45:22.650+0000] {processor.py:175} INFO - Processing /home/airflow/.local/lib/python3.7/site-packages/airflow/example_dags/example_sensors.py took 0.238 seconds
[2023-03-09T15:45:53.262+0000] {processor.py:153} INFO - Started process (PID=1068) to work on /home/airflow/.local/lib/python3.7/site-packages/airflow/example_dags/example_sensors.py
[2023-03-09T15:45:53.263+0000] {processor.py:743} INFO - Processing file /home/airflow/.local/lib/python3.7/site-packages/airflow/example_dags/example_sensors.py for tasks to queue
[2023-03-09T15:45:53.264+0000] {logging_mixin.py:137} INFO - [2023-03-09T15:45:53.264+0000] {dagbag.py:538} INFO - Filling up the DagBag from /home/airflow/.local/lib/python3.7/site-packages/airflow/example_dags/example_sensors.py
[2023-03-09T15:45:53.300+0000] {processor.py:753} INFO - DAG(s) dict_keys(['example_sensors']) retrieved from /home/airflow/.local/lib/python3.7/site-packages/airflow/example_dags/example_sensors.py
[2023-03-09T15:45:53.350+0000] {logging_mixin.py:137} INFO - [2023-03-09T15:45:53.349+0000] {dag.py:2690} INFO - Sync 1 DAGs
[2023-03-09T15:45:53.401+0000] {logging_mixin.py:137} INFO - [2023-03-09T15:45:53.401+0000] {dag.py:3441} INFO - Setting next_dagrun for example_sensors to None, run_after=None
[2023-03-09T15:45:53.442+0000] {processor.py:175} INFO - Processing /home/airflow/.local/lib/python3.7/site-packages/airflow/example_dags/example_sensors.py took 0.184 seconds
[2023-03-09T15:46:24.392+0000] {processor.py:153} INFO - Started process (PID=1131) to work on /home/airflow/.local/lib/python3.7/site-packages/airflow/example_dags/example_sensors.py
[2023-03-09T15:46:24.393+0000] {processor.py:743} INFO - Processing file /home/airflow/.local/lib/python3.7/site-packages/airflow/example_dags/example_sensors.py for tasks to queue
[2023-03-09T15:46:24.394+0000] {logging_mixin.py:137} INFO - [2023-03-09T15:46:24.393+0000] {dagbag.py:538} INFO - Filling up the DagBag from /home/airflow/.local/lib/python3.7/site-packages/airflow/example_dags/example_sensors.py
[2023-03-09T15:46:24.416+0000] {processor.py:753} INFO - DAG(s) dict_keys(['example_sensors']) retrieved from /home/airflow/.local/lib/python3.7/site-packages/airflow/example_dags/example_sensors.py
[2023-03-09T15:46:24.452+0000] {logging_mixin.py:137} INFO - [2023-03-09T15:46:24.452+0000] {dag.py:2690} INFO - Sync 1 DAGs
[2023-03-09T15:46:24.487+0000] {logging_mixin.py:137} INFO - [2023-03-09T15:46:24.487+0000] {dag.py:3441} INFO - Setting next_dagrun for example_sensors to None, run_after=None
[2023-03-09T15:46:24.520+0000] {processor.py:175} INFO - Processing /home/airflow/.local/lib/python3.7/site-packages/airflow/example_dags/example_sensors.py took 0.132 seconds
[2023-03-09T15:46:55.363+0000] {processor.py:153} INFO - Started process (PID=1194) to work on /home/airflow/.local/lib/python3.7/site-packages/airflow/example_dags/example_sensors.py
[2023-03-09T15:46:55.364+0000] {processor.py:743} INFO - Processing file /home/airflow/.local/lib/python3.7/site-packages/airflow/example_dags/example_sensors.py for tasks to queue
[2023-03-09T15:46:55.365+0000] {logging_mixin.py:137} INFO - [2023-03-09T15:46:55.365+0000] {dagbag.py:538} INFO - Filling up the DagBag from /home/airflow/.local/lib/python3.7/site-packages/airflow/example_dags/example_sensors.py
[2023-03-09T15:46:55.387+0000] {processor.py:753} INFO - DAG(s) dict_keys(['example_sensors']) retrieved from /home/airflow/.local/lib/python3.7/site-packages/airflow/example_dags/example_sensors.py
[2023-03-09T15:46:55.431+0000] {logging_mixin.py:137} INFO - [2023-03-09T15:46:55.431+0000] {dag.py:2690} INFO - Sync 1 DAGs
[2023-03-09T15:46:55.477+0000] {logging_mixin.py:137} INFO - [2023-03-09T15:46:55.476+0000] {dag.py:3441} INFO - Setting next_dagrun for example_sensors to None, run_after=None
[2023-03-09T15:46:55.507+0000] {processor.py:175} INFO - Processing /home/airflow/.local/lib/python3.7/site-packages/airflow/example_dags/example_sensors.py took 0.147 seconds
[2023-03-09T15:47:26.351+0000] {processor.py:153} INFO - Started process (PID=1257) to work on /home/airflow/.local/lib/python3.7/site-packages/airflow/example_dags/example_sensors.py
[2023-03-09T15:47:26.352+0000] {processor.py:743} INFO - Processing file /home/airflow/.local/lib/python3.7/site-packages/airflow/example_dags/example_sensors.py for tasks to queue
[2023-03-09T15:47:26.353+0000] {logging_mixin.py:137} INFO - [2023-03-09T15:47:26.353+0000] {dagbag.py:538} INFO - Filling up the DagBag from /home/airflow/.local/lib/python3.7/site-packages/airflow/example_dags/example_sensors.py
[2023-03-09T15:47:26.377+0000] {processor.py:753} INFO - DAG(s) dict_keys(['example_sensors']) retrieved from /home/airflow/.local/lib/python3.7/site-packages/airflow/example_dags/example_sensors.py
[2023-03-09T15:47:26.413+0000] {logging_mixin.py:137} INFO - [2023-03-09T15:47:26.413+0000] {dag.py:2690} INFO - Sync 1 DAGs
[2023-03-09T15:47:26.457+0000] {logging_mixin.py:137} INFO - [2023-03-09T15:47:26.457+0000] {dag.py:3441} INFO - Setting next_dagrun for example_sensors to None, run_after=None
[2023-03-09T15:47:26.485+0000] {processor.py:175} INFO - Processing /home/airflow/.local/lib/python3.7/site-packages/airflow/example_dags/example_sensors.py took 0.137 seconds
[2023-03-09T15:47:56.930+0000] {processor.py:153} INFO - Started process (PID=1331) to work on /home/airflow/.local/lib/python3.7/site-packages/airflow/example_dags/example_sensors.py
[2023-03-09T15:47:56.930+0000] {processor.py:743} INFO - Processing file /home/airflow/.local/lib/python3.7/site-packages/airflow/example_dags/example_sensors.py for tasks to queue
[2023-03-09T15:47:56.932+0000] {logging_mixin.py:137} INFO - [2023-03-09T15:47:56.932+0000] {dagbag.py:538} INFO - Filling up the DagBag from /home/airflow/.local/lib/python3.7/site-packages/airflow/example_dags/example_sensors.py
[2023-03-09T15:47:56.964+0000] {processor.py:753} INFO - DAG(s) dict_keys(['example_sensors']) retrieved from /home/airflow/.local/lib/python3.7/site-packages/airflow/example_dags/example_sensors.py
[2023-03-09T15:47:57.075+0000] {logging_mixin.py:137} INFO - [2023-03-09T15:47:57.075+0000] {dag.py:2690} INFO - Sync 1 DAGs
[2023-03-09T15:47:57.151+0000] {logging_mixin.py:137} INFO - [2023-03-09T15:47:57.151+0000] {dag.py:3441} INFO - Setting next_dagrun for example_sensors to None, run_after=None
[2023-03-09T15:47:57.242+0000] {processor.py:175} INFO - Processing /home/airflow/.local/lib/python3.7/site-packages/airflow/example_dags/example_sensors.py took 0.318 seconds
[2023-03-09T15:48:28.429+0000] {processor.py:153} INFO - Started process (PID=1394) to work on /home/airflow/.local/lib/python3.7/site-packages/airflow/example_dags/example_sensors.py
[2023-03-09T15:48:28.440+0000] {processor.py:743} INFO - Processing file /home/airflow/.local/lib/python3.7/site-packages/airflow/example_dags/example_sensors.py for tasks to queue
[2023-03-09T15:48:28.441+0000] {logging_mixin.py:137} INFO - [2023-03-09T15:48:28.441+0000] {dagbag.py:538} INFO - Filling up the DagBag from /home/airflow/.local/lib/python3.7/site-packages/airflow/example_dags/example_sensors.py
[2023-03-09T15:48:28.510+0000] {processor.py:753} INFO - DAG(s) dict_keys(['example_sensors']) retrieved from /home/airflow/.local/lib/python3.7/site-packages/airflow/example_dags/example_sensors.py
[2023-03-09T15:48:28.569+0000] {logging_mixin.py:137} INFO - [2023-03-09T15:48:28.569+0000] {dag.py:2690} INFO - Sync 1 DAGs
[2023-03-09T15:48:28.637+0000] {logging_mixin.py:137} INFO - [2023-03-09T15:48:28.636+0000] {dag.py:3441} INFO - Setting next_dagrun for example_sensors to None, run_after=None
[2023-03-09T15:48:28.704+0000] {processor.py:175} INFO - Processing /home/airflow/.local/lib/python3.7/site-packages/airflow/example_dags/example_sensors.py took 0.280 seconds
[2023-03-09T15:48:58.762+0000] {processor.py:153} INFO - Started process (PID=1456) to work on /home/airflow/.local/lib/python3.7/site-packages/airflow/example_dags/example_sensors.py
[2023-03-09T15:48:58.763+0000] {processor.py:743} INFO - Processing file /home/airflow/.local/lib/python3.7/site-packages/airflow/example_dags/example_sensors.py for tasks to queue
[2023-03-09T15:48:58.763+0000] {logging_mixin.py:137} INFO - [2023-03-09T15:48:58.763+0000] {dagbag.py:538} INFO - Filling up the DagBag from /home/airflow/.local/lib/python3.7/site-packages/airflow/example_dags/example_sensors.py
[2023-03-09T15:48:58.790+0000] {processor.py:753} INFO - DAG(s) dict_keys(['example_sensors']) retrieved from /home/airflow/.local/lib/python3.7/site-packages/airflow/example_dags/example_sensors.py
[2023-03-09T15:48:58.831+0000] {logging_mixin.py:137} INFO - [2023-03-09T15:48:58.830+0000] {dag.py:2690} INFO - Sync 1 DAGs
[2023-03-09T15:48:58.866+0000] {logging_mixin.py:137} INFO - [2023-03-09T15:48:58.866+0000] {dag.py:3441} INFO - Setting next_dagrun for example_sensors to None, run_after=None
[2023-03-09T15:48:58.889+0000] {processor.py:175} INFO - Processing /home/airflow/.local/lib/python3.7/site-packages/airflow/example_dags/example_sensors.py took 0.131 seconds
[2023-03-09T15:49:29.631+0000] {processor.py:153} INFO - Started process (PID=1518) to work on /home/airflow/.local/lib/python3.7/site-packages/airflow/example_dags/example_sensors.py
[2023-03-09T15:49:29.632+0000] {processor.py:743} INFO - Processing file /home/airflow/.local/lib/python3.7/site-packages/airflow/example_dags/example_sensors.py for tasks to queue
[2023-03-09T15:49:29.633+0000] {logging_mixin.py:137} INFO - [2023-03-09T15:49:29.633+0000] {dagbag.py:538} INFO - Filling up the DagBag from /home/airflow/.local/lib/python3.7/site-packages/airflow/example_dags/example_sensors.py
[2023-03-09T15:49:29.656+0000] {processor.py:753} INFO - DAG(s) dict_keys(['example_sensors']) retrieved from /home/airflow/.local/lib/python3.7/site-packages/airflow/example_dags/example_sensors.py
[2023-03-09T15:49:29.698+0000] {logging_mixin.py:137} INFO - [2023-03-09T15:49:29.698+0000] {dag.py:2690} INFO - Sync 1 DAGs
[2023-03-09T15:49:29.746+0000] {logging_mixin.py:137} INFO - [2023-03-09T15:49:29.746+0000] {dag.py:3441} INFO - Setting next_dagrun for example_sensors to None, run_after=None
[2023-03-09T15:49:29.772+0000] {processor.py:175} INFO - Processing /home/airflow/.local/lib/python3.7/site-packages/airflow/example_dags/example_sensors.py took 0.144 seconds
