[2023-03-09T15:38:12.714+0000] {processor.py:153} INFO - Started process (PID=87) to work on /home/airflow/.local/lib/python3.7/site-packages/airflow/example_dags/example_short_circuit_operator.py
[2023-03-09T15:38:12.715+0000] {processor.py:743} INFO - Processing file /home/airflow/.local/lib/python3.7/site-packages/airflow/example_dags/example_short_circuit_operator.py for tasks to queue
[2023-03-09T15:38:12.716+0000] {logging_mixin.py:137} INFO - [2023-03-09T15:38:12.716+0000] {dagbag.py:538} INFO - Filling up the DagBag from /home/airflow/.local/lib/python3.7/site-packages/airflow/example_dags/example_short_circuit_operator.py
[2023-03-09T15:38:12.788+0000] {processor.py:753} INFO - DAG(s) dict_keys(['example_short_circuit_operator']) retrieved from /home/airflow/.local/lib/python3.7/site-packages/airflow/example_dags/example_short_circuit_operator.py
[2023-03-09T15:38:12.844+0000] {logging_mixin.py:137} INFO - [2023-03-09T15:38:12.844+0000] {dag.py:2690} INFO - Sync 1 DAGs
[2023-03-09T15:38:12.920+0000] {logging_mixin.py:137} INFO - [2023-03-09T15:38:12.919+0000] {dag.py:3441} INFO - Setting next_dagrun for example_short_circuit_operator to 2023-03-08T15:38:12.919646+00:00, run_after=2023-03-09T15:38:12.919646+00:00
[2023-03-09T15:38:12.998+0000] {processor.py:175} INFO - Processing /home/airflow/.local/lib/python3.7/site-packages/airflow/example_dags/example_short_circuit_operator.py took 0.289 seconds
[2023-03-09T15:38:43.721+0000] {processor.py:153} INFO - Started process (PID=150) to work on /home/airflow/.local/lib/python3.7/site-packages/airflow/example_dags/example_short_circuit_operator.py
[2023-03-09T15:38:43.722+0000] {processor.py:743} INFO - Processing file /home/airflow/.local/lib/python3.7/site-packages/airflow/example_dags/example_short_circuit_operator.py for tasks to queue
[2023-03-09T15:38:43.722+0000] {logging_mixin.py:137} INFO - [2023-03-09T15:38:43.722+0000] {dagbag.py:538} INFO - Filling up the DagBag from /home/airflow/.local/lib/python3.7/site-packages/airflow/example_dags/example_short_circuit_operator.py
[2023-03-09T15:38:43.742+0000] {processor.py:753} INFO - DAG(s) dict_keys(['example_short_circuit_operator']) retrieved from /home/airflow/.local/lib/python3.7/site-packages/airflow/example_dags/example_short_circuit_operator.py
[2023-03-09T15:38:43.775+0000] {logging_mixin.py:137} INFO - [2023-03-09T15:38:43.775+0000] {dag.py:2690} INFO - Sync 1 DAGs
[2023-03-09T15:38:43.809+0000] {logging_mixin.py:137} INFO - [2023-03-09T15:38:43.809+0000] {dag.py:3441} INFO - Setting next_dagrun for example_short_circuit_operator to 2023-03-08T15:38:43.808961+00:00, run_after=2023-03-09T15:38:43.808961+00:00
[2023-03-09T15:38:43.832+0000] {processor.py:175} INFO - Processing /home/airflow/.local/lib/python3.7/site-packages/airflow/example_dags/example_short_circuit_operator.py took 0.114 seconds
[2023-03-09T15:39:14.200+0000] {processor.py:153} INFO - Started process (PID=212) to work on /home/airflow/.local/lib/python3.7/site-packages/airflow/example_dags/example_short_circuit_operator.py
[2023-03-09T15:39:14.201+0000] {processor.py:743} INFO - Processing file /home/airflow/.local/lib/python3.7/site-packages/airflow/example_dags/example_short_circuit_operator.py for tasks to queue
[2023-03-09T15:39:14.202+0000] {logging_mixin.py:137} INFO - [2023-03-09T15:39:14.201+0000] {dagbag.py:538} INFO - Filling up the DagBag from /home/airflow/.local/lib/python3.7/site-packages/airflow/example_dags/example_short_circuit_operator.py
[2023-03-09T15:39:14.220+0000] {processor.py:753} INFO - DAG(s) dict_keys(['example_short_circuit_operator']) retrieved from /home/airflow/.local/lib/python3.7/site-packages/airflow/example_dags/example_short_circuit_operator.py
[2023-03-09T15:39:14.251+0000] {logging_mixin.py:137} INFO - [2023-03-09T15:39:14.251+0000] {dag.py:2690} INFO - Sync 1 DAGs
[2023-03-09T15:39:14.287+0000] {logging_mixin.py:137} INFO - [2023-03-09T15:39:14.286+0000] {dag.py:3441} INFO - Setting next_dagrun for example_short_circuit_operator to 2023-03-08T15:39:14.286675+00:00, run_after=2023-03-09T15:39:14.286675+00:00
[2023-03-09T15:39:14.313+0000] {processor.py:175} INFO - Processing /home/airflow/.local/lib/python3.7/site-packages/airflow/example_dags/example_short_circuit_operator.py took 0.117 seconds
[2023-03-09T15:39:44.605+0000] {processor.py:153} INFO - Started process (PID=275) to work on /home/airflow/.local/lib/python3.7/site-packages/airflow/example_dags/example_short_circuit_operator.py
[2023-03-09T15:39:44.606+0000] {processor.py:743} INFO - Processing file /home/airflow/.local/lib/python3.7/site-packages/airflow/example_dags/example_short_circuit_operator.py for tasks to queue
[2023-03-09T15:39:44.607+0000] {logging_mixin.py:137} INFO - [2023-03-09T15:39:44.606+0000] {dagbag.py:538} INFO - Filling up the DagBag from /home/airflow/.local/lib/python3.7/site-packages/airflow/example_dags/example_short_circuit_operator.py
[2023-03-09T15:39:44.634+0000] {processor.py:753} INFO - DAG(s) dict_keys(['example_short_circuit_operator']) retrieved from /home/airflow/.local/lib/python3.7/site-packages/airflow/example_dags/example_short_circuit_operator.py
[2023-03-09T15:39:44.678+0000] {logging_mixin.py:137} INFO - [2023-03-09T15:39:44.678+0000] {dag.py:2690} INFO - Sync 1 DAGs
[2023-03-09T15:39:44.738+0000] {logging_mixin.py:137} INFO - [2023-03-09T15:39:44.738+0000] {dag.py:3441} INFO - Setting next_dagrun for example_short_circuit_operator to 2023-03-08T15:39:44.737492+00:00, run_after=2023-03-09T15:39:44.737492+00:00
[2023-03-09T15:39:44.876+0000] {processor.py:175} INFO - Processing /home/airflow/.local/lib/python3.7/site-packages/airflow/example_dags/example_short_circuit_operator.py took 0.270 seconds
[2023-03-09T15:40:15.778+0000] {processor.py:153} INFO - Started process (PID=347) to work on /home/airflow/.local/lib/python3.7/site-packages/airflow/example_dags/example_short_circuit_operator.py
[2023-03-09T15:40:15.779+0000] {processor.py:743} INFO - Processing file /home/airflow/.local/lib/python3.7/site-packages/airflow/example_dags/example_short_circuit_operator.py for tasks to queue
[2023-03-09T15:40:15.780+0000] {logging_mixin.py:137} INFO - [2023-03-09T15:40:15.780+0000] {dagbag.py:538} INFO - Filling up the DagBag from /home/airflow/.local/lib/python3.7/site-packages/airflow/example_dags/example_short_circuit_operator.py
[2023-03-09T15:40:15.807+0000] {processor.py:753} INFO - DAG(s) dict_keys(['example_short_circuit_operator']) retrieved from /home/airflow/.local/lib/python3.7/site-packages/airflow/example_dags/example_short_circuit_operator.py
[2023-03-09T15:40:15.850+0000] {logging_mixin.py:137} INFO - [2023-03-09T15:40:15.850+0000] {dag.py:2690} INFO - Sync 1 DAGs
[2023-03-09T15:40:15.899+0000] {logging_mixin.py:137} INFO - [2023-03-09T15:40:15.899+0000] {dag.py:3441} INFO - Setting next_dagrun for example_short_circuit_operator to 2023-03-08T15:40:15.899231+00:00, run_after=2023-03-09T15:40:15.899231+00:00
[2023-03-09T15:40:15.927+0000] {processor.py:175} INFO - Processing /home/airflow/.local/lib/python3.7/site-packages/airflow/example_dags/example_short_circuit_operator.py took 0.157 seconds
[2023-03-09T15:40:46.158+0000] {processor.py:153} INFO - Started process (PID=413) to work on /home/airflow/.local/lib/python3.7/site-packages/airflow/example_dags/example_short_circuit_operator.py
[2023-03-09T15:40:46.159+0000] {processor.py:743} INFO - Processing file /home/airflow/.local/lib/python3.7/site-packages/airflow/example_dags/example_short_circuit_operator.py for tasks to queue
[2023-03-09T15:40:46.159+0000] {logging_mixin.py:137} INFO - [2023-03-09T15:40:46.159+0000] {dagbag.py:538} INFO - Filling up the DagBag from /home/airflow/.local/lib/python3.7/site-packages/airflow/example_dags/example_short_circuit_operator.py
[2023-03-09T15:40:46.179+0000] {processor.py:753} INFO - DAG(s) dict_keys(['example_short_circuit_operator']) retrieved from /home/airflow/.local/lib/python3.7/site-packages/airflow/example_dags/example_short_circuit_operator.py
[2023-03-09T15:40:46.213+0000] {logging_mixin.py:137} INFO - [2023-03-09T15:40:46.212+0000] {dag.py:2690} INFO - Sync 1 DAGs
[2023-03-09T15:40:46.247+0000] {logging_mixin.py:137} INFO - [2023-03-09T15:40:46.247+0000] {dag.py:3441} INFO - Setting next_dagrun for example_short_circuit_operator to 2023-03-08T15:40:46.247469+00:00, run_after=2023-03-09T15:40:46.247469+00:00
[2023-03-09T15:40:46.272+0000] {processor.py:175} INFO - Processing /home/airflow/.local/lib/python3.7/site-packages/airflow/example_dags/example_short_circuit_operator.py took 0.117 seconds
[2023-03-09T15:41:16.472+0000] {processor.py:153} INFO - Started process (PID=475) to work on /home/airflow/.local/lib/python3.7/site-packages/airflow/example_dags/example_short_circuit_operator.py
[2023-03-09T15:41:16.473+0000] {processor.py:743} INFO - Processing file /home/airflow/.local/lib/python3.7/site-packages/airflow/example_dags/example_short_circuit_operator.py for tasks to queue
[2023-03-09T15:41:16.474+0000] {logging_mixin.py:137} INFO - [2023-03-09T15:41:16.474+0000] {dagbag.py:538} INFO - Filling up the DagBag from /home/airflow/.local/lib/python3.7/site-packages/airflow/example_dags/example_short_circuit_operator.py
[2023-03-09T15:41:16.493+0000] {processor.py:753} INFO - DAG(s) dict_keys(['example_short_circuit_operator']) retrieved from /home/airflow/.local/lib/python3.7/site-packages/airflow/example_dags/example_short_circuit_operator.py
[2023-03-09T15:41:16.527+0000] {logging_mixin.py:137} INFO - [2023-03-09T15:41:16.527+0000] {dag.py:2690} INFO - Sync 1 DAGs
[2023-03-09T15:41:16.565+0000] {logging_mixin.py:137} INFO - [2023-03-09T15:41:16.564+0000] {dag.py:3441} INFO - Setting next_dagrun for example_short_circuit_operator to 2023-03-08T15:41:16.564692+00:00, run_after=2023-03-09T15:41:16.564692+00:00
[2023-03-09T15:41:16.590+0000] {processor.py:175} INFO - Processing /home/airflow/.local/lib/python3.7/site-packages/airflow/example_dags/example_short_circuit_operator.py took 0.121 seconds
[2023-03-09T15:41:47.532+0000] {processor.py:153} INFO - Started process (PID=539) to work on /home/airflow/.local/lib/python3.7/site-packages/airflow/example_dags/example_short_circuit_operator.py
[2023-03-09T15:41:47.533+0000] {processor.py:743} INFO - Processing file /home/airflow/.local/lib/python3.7/site-packages/airflow/example_dags/example_short_circuit_operator.py for tasks to queue
[2023-03-09T15:41:47.533+0000] {logging_mixin.py:137} INFO - [2023-03-09T15:41:47.533+0000] {dagbag.py:538} INFO - Filling up the DagBag from /home/airflow/.local/lib/python3.7/site-packages/airflow/example_dags/example_short_circuit_operator.py
[2023-03-09T15:41:47.553+0000] {processor.py:753} INFO - DAG(s) dict_keys(['example_short_circuit_operator']) retrieved from /home/airflow/.local/lib/python3.7/site-packages/airflow/example_dags/example_short_circuit_operator.py
[2023-03-09T15:41:47.588+0000] {logging_mixin.py:137} INFO - [2023-03-09T15:41:47.587+0000] {dag.py:2690} INFO - Sync 1 DAGs
[2023-03-09T15:41:47.626+0000] {logging_mixin.py:137} INFO - [2023-03-09T15:41:47.626+0000] {dag.py:3441} INFO - Setting next_dagrun for example_short_circuit_operator to 2023-03-08T15:41:47.626466+00:00, run_after=2023-03-09T15:41:47.626466+00:00
[2023-03-09T15:41:47.652+0000] {processor.py:175} INFO - Processing /home/airflow/.local/lib/python3.7/site-packages/airflow/example_dags/example_short_circuit_operator.py took 0.123 seconds
[2023-03-09T15:42:18.341+0000] {processor.py:153} INFO - Started process (PID=613) to work on /home/airflow/.local/lib/python3.7/site-packages/airflow/example_dags/example_short_circuit_operator.py
[2023-03-09T15:42:18.342+0000] {processor.py:743} INFO - Processing file /home/airflow/.local/lib/python3.7/site-packages/airflow/example_dags/example_short_circuit_operator.py for tasks to queue
[2023-03-09T15:42:18.343+0000] {logging_mixin.py:137} INFO - [2023-03-09T15:42:18.343+0000] {dagbag.py:538} INFO - Filling up the DagBag from /home/airflow/.local/lib/python3.7/site-packages/airflow/example_dags/example_short_circuit_operator.py
[2023-03-09T15:42:18.365+0000] {processor.py:753} INFO - DAG(s) dict_keys(['example_short_circuit_operator']) retrieved from /home/airflow/.local/lib/python3.7/site-packages/airflow/example_dags/example_short_circuit_operator.py
[2023-03-09T15:42:18.411+0000] {logging_mixin.py:137} INFO - [2023-03-09T15:42:18.411+0000] {dag.py:2690} INFO - Sync 1 DAGs
[2023-03-09T15:42:18.473+0000] {logging_mixin.py:137} INFO - [2023-03-09T15:42:18.473+0000] {dag.py:3441} INFO - Setting next_dagrun for example_short_circuit_operator to 2023-03-08T15:42:18.473021+00:00, run_after=2023-03-09T15:42:18.473021+00:00
[2023-03-09T15:42:18.514+0000] {processor.py:175} INFO - Processing /home/airflow/.local/lib/python3.7/site-packages/airflow/example_dags/example_short_circuit_operator.py took 0.177 seconds
[2023-03-09T15:42:49.147+0000] {processor.py:153} INFO - Started process (PID=678) to work on /home/airflow/.local/lib/python3.7/site-packages/airflow/example_dags/example_short_circuit_operator.py
[2023-03-09T15:42:49.148+0000] {processor.py:743} INFO - Processing file /home/airflow/.local/lib/python3.7/site-packages/airflow/example_dags/example_short_circuit_operator.py for tasks to queue
[2023-03-09T15:42:49.149+0000] {logging_mixin.py:137} INFO - [2023-03-09T15:42:49.149+0000] {dagbag.py:538} INFO - Filling up the DagBag from /home/airflow/.local/lib/python3.7/site-packages/airflow/example_dags/example_short_circuit_operator.py
[2023-03-09T15:42:49.171+0000] {processor.py:753} INFO - DAG(s) dict_keys(['example_short_circuit_operator']) retrieved from /home/airflow/.local/lib/python3.7/site-packages/airflow/example_dags/example_short_circuit_operator.py
[2023-03-09T15:42:49.205+0000] {logging_mixin.py:137} INFO - [2023-03-09T15:42:49.205+0000] {dag.py:2690} INFO - Sync 1 DAGs
[2023-03-09T15:42:49.250+0000] {logging_mixin.py:137} INFO - [2023-03-09T15:42:49.250+0000] {dag.py:3441} INFO - Setting next_dagrun for example_short_circuit_operator to 2023-03-08T15:42:49.250239+00:00, run_after=2023-03-09T15:42:49.250239+00:00
[2023-03-09T15:42:49.282+0000] {processor.py:175} INFO - Processing /home/airflow/.local/lib/python3.7/site-packages/airflow/example_dags/example_short_circuit_operator.py took 0.139 seconds
[2023-03-09T15:43:19.359+0000] {processor.py:153} INFO - Started process (PID=742) to work on /home/airflow/.local/lib/python3.7/site-packages/airflow/example_dags/example_short_circuit_operator.py
[2023-03-09T15:43:19.360+0000] {processor.py:743} INFO - Processing file /home/airflow/.local/lib/python3.7/site-packages/airflow/example_dags/example_short_circuit_operator.py for tasks to queue
[2023-03-09T15:43:19.360+0000] {logging_mixin.py:137} INFO - [2023-03-09T15:43:19.360+0000] {dagbag.py:538} INFO - Filling up the DagBag from /home/airflow/.local/lib/python3.7/site-packages/airflow/example_dags/example_short_circuit_operator.py
[2023-03-09T15:43:19.379+0000] {processor.py:753} INFO - DAG(s) dict_keys(['example_short_circuit_operator']) retrieved from /home/airflow/.local/lib/python3.7/site-packages/airflow/example_dags/example_short_circuit_operator.py
[2023-03-09T15:43:19.410+0000] {logging_mixin.py:137} INFO - [2023-03-09T15:43:19.409+0000] {dag.py:2690} INFO - Sync 1 DAGs
[2023-03-09T15:43:19.444+0000] {logging_mixin.py:137} INFO - [2023-03-09T15:43:19.444+0000] {dag.py:3441} INFO - Setting next_dagrun for example_short_circuit_operator to 2023-03-08T15:43:19.444231+00:00, run_after=2023-03-09T15:43:19.444231+00:00
[2023-03-09T15:43:19.467+0000] {processor.py:175} INFO - Processing /home/airflow/.local/lib/python3.7/site-packages/airflow/example_dags/example_short_circuit_operator.py took 0.111 seconds
[2023-03-09T15:43:49.581+0000] {processor.py:153} INFO - Started process (PID=805) to work on /home/airflow/.local/lib/python3.7/site-packages/airflow/example_dags/example_short_circuit_operator.py
[2023-03-09T15:43:49.582+0000] {processor.py:743} INFO - Processing file /home/airflow/.local/lib/python3.7/site-packages/airflow/example_dags/example_short_circuit_operator.py for tasks to queue
[2023-03-09T15:43:49.583+0000] {logging_mixin.py:137} INFO - [2023-03-09T15:43:49.583+0000] {dagbag.py:538} INFO - Filling up the DagBag from /home/airflow/.local/lib/python3.7/site-packages/airflow/example_dags/example_short_circuit_operator.py
[2023-03-09T15:43:49.610+0000] {processor.py:753} INFO - DAG(s) dict_keys(['example_short_circuit_operator']) retrieved from /home/airflow/.local/lib/python3.7/site-packages/airflow/example_dags/example_short_circuit_operator.py
[2023-03-09T15:43:49.646+0000] {logging_mixin.py:137} INFO - [2023-03-09T15:43:49.645+0000] {dag.py:2690} INFO - Sync 1 DAGs
[2023-03-09T15:43:49.711+0000] {logging_mixin.py:137} INFO - [2023-03-09T15:43:49.711+0000] {dag.py:3441} INFO - Setting next_dagrun for example_short_circuit_operator to 2023-03-08T15:43:49.710680+00:00, run_after=2023-03-09T15:43:49.710680+00:00
[2023-03-09T15:43:49.744+0000] {processor.py:175} INFO - Processing /home/airflow/.local/lib/python3.7/site-packages/airflow/example_dags/example_short_circuit_operator.py took 0.166 seconds
[2023-03-09T15:44:20.396+0000] {processor.py:153} INFO - Started process (PID=867) to work on /home/airflow/.local/lib/python3.7/site-packages/airflow/example_dags/example_short_circuit_operator.py
[2023-03-09T15:44:20.397+0000] {processor.py:743} INFO - Processing file /home/airflow/.local/lib/python3.7/site-packages/airflow/example_dags/example_short_circuit_operator.py for tasks to queue
[2023-03-09T15:44:20.398+0000] {logging_mixin.py:137} INFO - [2023-03-09T15:44:20.397+0000] {dagbag.py:538} INFO - Filling up the DagBag from /home/airflow/.local/lib/python3.7/site-packages/airflow/example_dags/example_short_circuit_operator.py
[2023-03-09T15:44:20.427+0000] {processor.py:753} INFO - DAG(s) dict_keys(['example_short_circuit_operator']) retrieved from /home/airflow/.local/lib/python3.7/site-packages/airflow/example_dags/example_short_circuit_operator.py
[2023-03-09T15:44:20.495+0000] {logging_mixin.py:137} INFO - [2023-03-09T15:44:20.495+0000] {dag.py:2690} INFO - Sync 1 DAGs
[2023-03-09T15:44:20.544+0000] {logging_mixin.py:137} INFO - [2023-03-09T15:44:20.544+0000] {dag.py:3441} INFO - Setting next_dagrun for example_short_circuit_operator to 2023-03-08T15:44:20.543977+00:00, run_after=2023-03-09T15:44:20.543977+00:00
[2023-03-09T15:44:20.569+0000] {processor.py:175} INFO - Processing /home/airflow/.local/lib/python3.7/site-packages/airflow/example_dags/example_short_circuit_operator.py took 0.176 seconds
[2023-03-09T15:44:51.506+0000] {processor.py:153} INFO - Started process (PID=938) to work on /home/airflow/.local/lib/python3.7/site-packages/airflow/example_dags/example_short_circuit_operator.py
[2023-03-09T15:44:51.507+0000] {processor.py:743} INFO - Processing file /home/airflow/.local/lib/python3.7/site-packages/airflow/example_dags/example_short_circuit_operator.py for tasks to queue
[2023-03-09T15:44:51.508+0000] {logging_mixin.py:137} INFO - [2023-03-09T15:44:51.508+0000] {dagbag.py:538} INFO - Filling up the DagBag from /home/airflow/.local/lib/python3.7/site-packages/airflow/example_dags/example_short_circuit_operator.py
[2023-03-09T15:44:51.543+0000] {processor.py:753} INFO - DAG(s) dict_keys(['example_short_circuit_operator']) retrieved from /home/airflow/.local/lib/python3.7/site-packages/airflow/example_dags/example_short_circuit_operator.py
[2023-03-09T15:44:51.627+0000] {logging_mixin.py:137} INFO - [2023-03-09T15:44:51.617+0000] {dag.py:2690} INFO - Sync 1 DAGs
[2023-03-09T15:44:51.702+0000] {logging_mixin.py:137} INFO - [2023-03-09T15:44:51.702+0000] {dag.py:3441} INFO - Setting next_dagrun for example_short_circuit_operator to 2023-03-08T15:44:51.701893+00:00, run_after=2023-03-09T15:44:51.701893+00:00
[2023-03-09T15:44:51.737+0000] {processor.py:175} INFO - Processing /home/airflow/.local/lib/python3.7/site-packages/airflow/example_dags/example_short_circuit_operator.py took 0.235 seconds
[2023-03-09T15:45:22.831+0000] {processor.py:153} INFO - Started process (PID=1004) to work on /home/airflow/.local/lib/python3.7/site-packages/airflow/example_dags/example_short_circuit_operator.py
[2023-03-09T15:45:22.832+0000] {processor.py:743} INFO - Processing file /home/airflow/.local/lib/python3.7/site-packages/airflow/example_dags/example_short_circuit_operator.py for tasks to queue
[2023-03-09T15:45:22.833+0000] {logging_mixin.py:137} INFO - [2023-03-09T15:45:22.833+0000] {dagbag.py:538} INFO - Filling up the DagBag from /home/airflow/.local/lib/python3.7/site-packages/airflow/example_dags/example_short_circuit_operator.py
[2023-03-09T15:45:22.859+0000] {processor.py:753} INFO - DAG(s) dict_keys(['example_short_circuit_operator']) retrieved from /home/airflow/.local/lib/python3.7/site-packages/airflow/example_dags/example_short_circuit_operator.py
[2023-03-09T15:45:22.904+0000] {logging_mixin.py:137} INFO - [2023-03-09T15:45:22.903+0000] {dag.py:2690} INFO - Sync 1 DAGs
[2023-03-09T15:45:22.956+0000] {logging_mixin.py:137} INFO - [2023-03-09T15:45:22.956+0000] {dag.py:3441} INFO - Setting next_dagrun for example_short_circuit_operator to 2023-03-08T15:45:22.955894+00:00, run_after=2023-03-09T15:45:22.955894+00:00
[2023-03-09T15:45:22.996+0000] {processor.py:175} INFO - Processing /home/airflow/.local/lib/python3.7/site-packages/airflow/example_dags/example_short_circuit_operator.py took 0.170 seconds
[2023-03-09T15:45:53.656+0000] {processor.py:153} INFO - Started process (PID=1071) to work on /home/airflow/.local/lib/python3.7/site-packages/airflow/example_dags/example_short_circuit_operator.py
[2023-03-09T15:45:53.656+0000] {processor.py:743} INFO - Processing file /home/airflow/.local/lib/python3.7/site-packages/airflow/example_dags/example_short_circuit_operator.py for tasks to queue
[2023-03-09T15:45:53.657+0000] {logging_mixin.py:137} INFO - [2023-03-09T15:45:53.657+0000] {dagbag.py:538} INFO - Filling up the DagBag from /home/airflow/.local/lib/python3.7/site-packages/airflow/example_dags/example_short_circuit_operator.py
[2023-03-09T15:45:53.675+0000] {processor.py:753} INFO - DAG(s) dict_keys(['example_short_circuit_operator']) retrieved from /home/airflow/.local/lib/python3.7/site-packages/airflow/example_dags/example_short_circuit_operator.py
[2023-03-09T15:45:53.718+0000] {logging_mixin.py:137} INFO - [2023-03-09T15:45:53.717+0000] {dag.py:2690} INFO - Sync 1 DAGs
[2023-03-09T15:45:53.768+0000] {logging_mixin.py:137} INFO - [2023-03-09T15:45:53.768+0000] {dag.py:3441} INFO - Setting next_dagrun for example_short_circuit_operator to 2023-03-08T15:45:53.768286+00:00, run_after=2023-03-09T15:45:53.768286+00:00
[2023-03-09T15:45:53.802+0000] {processor.py:175} INFO - Processing /home/airflow/.local/lib/python3.7/site-packages/airflow/example_dags/example_short_circuit_operator.py took 0.150 seconds
[2023-03-09T15:46:24.605+0000] {processor.py:153} INFO - Started process (PID=1134) to work on /home/airflow/.local/lib/python3.7/site-packages/airflow/example_dags/example_short_circuit_operator.py
[2023-03-09T15:46:24.607+0000] {processor.py:743} INFO - Processing file /home/airflow/.local/lib/python3.7/site-packages/airflow/example_dags/example_short_circuit_operator.py for tasks to queue
[2023-03-09T15:46:24.608+0000] {logging_mixin.py:137} INFO - [2023-03-09T15:46:24.607+0000] {dagbag.py:538} INFO - Filling up the DagBag from /home/airflow/.local/lib/python3.7/site-packages/airflow/example_dags/example_short_circuit_operator.py
[2023-03-09T15:46:24.630+0000] {processor.py:753} INFO - DAG(s) dict_keys(['example_short_circuit_operator']) retrieved from /home/airflow/.local/lib/python3.7/site-packages/airflow/example_dags/example_short_circuit_operator.py
[2023-03-09T15:46:24.663+0000] {logging_mixin.py:137} INFO - [2023-03-09T15:46:24.662+0000] {dag.py:2690} INFO - Sync 1 DAGs
[2023-03-09T15:46:24.699+0000] {logging_mixin.py:137} INFO - [2023-03-09T15:46:24.698+0000] {dag.py:3441} INFO - Setting next_dagrun for example_short_circuit_operator to 2023-03-08T15:46:24.698651+00:00, run_after=2023-03-09T15:46:24.698651+00:00
[2023-03-09T15:46:24.725+0000] {processor.py:175} INFO - Processing /home/airflow/.local/lib/python3.7/site-packages/airflow/example_dags/example_short_circuit_operator.py took 0.123 seconds
[2023-03-09T15:46:55.550+0000] {processor.py:153} INFO - Started process (PID=1197) to work on /home/airflow/.local/lib/python3.7/site-packages/airflow/example_dags/example_short_circuit_operator.py
[2023-03-09T15:46:55.550+0000] {processor.py:743} INFO - Processing file /home/airflow/.local/lib/python3.7/site-packages/airflow/example_dags/example_short_circuit_operator.py for tasks to queue
[2023-03-09T15:46:55.551+0000] {logging_mixin.py:137} INFO - [2023-03-09T15:46:55.551+0000] {dagbag.py:538} INFO - Filling up the DagBag from /home/airflow/.local/lib/python3.7/site-packages/airflow/example_dags/example_short_circuit_operator.py
[2023-03-09T15:46:55.571+0000] {processor.py:753} INFO - DAG(s) dict_keys(['example_short_circuit_operator']) retrieved from /home/airflow/.local/lib/python3.7/site-packages/airflow/example_dags/example_short_circuit_operator.py
[2023-03-09T15:46:55.612+0000] {logging_mixin.py:137} INFO - [2023-03-09T15:46:55.612+0000] {dag.py:2690} INFO - Sync 1 DAGs
[2023-03-09T15:46:55.653+0000] {logging_mixin.py:137} INFO - [2023-03-09T15:46:55.653+0000] {dag.py:3441} INFO - Setting next_dagrun for example_short_circuit_operator to 2023-03-08T15:46:55.652701+00:00, run_after=2023-03-09T15:46:55.652701+00:00
[2023-03-09T15:46:55.682+0000] {processor.py:175} INFO - Processing /home/airflow/.local/lib/python3.7/site-packages/airflow/example_dags/example_short_circuit_operator.py took 0.136 seconds
[2023-03-09T15:47:26.714+0000] {processor.py:153} INFO - Started process (PID=1266) to work on /home/airflow/.local/lib/python3.7/site-packages/airflow/example_dags/example_short_circuit_operator.py
[2023-03-09T15:47:26.717+0000] {processor.py:743} INFO - Processing file /home/airflow/.local/lib/python3.7/site-packages/airflow/example_dags/example_short_circuit_operator.py for tasks to queue
[2023-03-09T15:47:26.718+0000] {logging_mixin.py:137} INFO - [2023-03-09T15:47:26.718+0000] {dagbag.py:538} INFO - Filling up the DagBag from /home/airflow/.local/lib/python3.7/site-packages/airflow/example_dags/example_short_circuit_operator.py
[2023-03-09T15:47:26.745+0000] {processor.py:753} INFO - DAG(s) dict_keys(['example_short_circuit_operator']) retrieved from /home/airflow/.local/lib/python3.7/site-packages/airflow/example_dags/example_short_circuit_operator.py
[2023-03-09T15:47:26.790+0000] {logging_mixin.py:137} INFO - [2023-03-09T15:47:26.790+0000] {dag.py:2690} INFO - Sync 1 DAGs
[2023-03-09T15:47:26.845+0000] {logging_mixin.py:137} INFO - [2023-03-09T15:47:26.845+0000] {dag.py:3441} INFO - Setting next_dagrun for example_short_circuit_operator to 2023-03-08T15:47:26.844841+00:00, run_after=2023-03-09T15:47:26.844841+00:00
[2023-03-09T15:47:26.878+0000] {processor.py:175} INFO - Processing /home/airflow/.local/lib/python3.7/site-packages/airflow/example_dags/example_short_circuit_operator.py took 0.169 seconds
[2023-03-09T15:47:57.411+0000] {processor.py:153} INFO - Started process (PID=1334) to work on /home/airflow/.local/lib/python3.7/site-packages/airflow/example_dags/example_short_circuit_operator.py
[2023-03-09T15:47:57.432+0000] {processor.py:743} INFO - Processing file /home/airflow/.local/lib/python3.7/site-packages/airflow/example_dags/example_short_circuit_operator.py for tasks to queue
[2023-03-09T15:47:57.433+0000] {logging_mixin.py:137} INFO - [2023-03-09T15:47:57.433+0000] {dagbag.py:538} INFO - Filling up the DagBag from /home/airflow/.local/lib/python3.7/site-packages/airflow/example_dags/example_short_circuit_operator.py
[2023-03-09T15:47:57.507+0000] {processor.py:753} INFO - DAG(s) dict_keys(['example_short_circuit_operator']) retrieved from /home/airflow/.local/lib/python3.7/site-packages/airflow/example_dags/example_short_circuit_operator.py
[2023-03-09T15:47:57.713+0000] {logging_mixin.py:137} INFO - [2023-03-09T15:47:57.712+0000] {dag.py:2690} INFO - Sync 1 DAGs
[2023-03-09T15:47:57.937+0000] {logging_mixin.py:137} INFO - [2023-03-09T15:47:57.937+0000] {dag.py:3441} INFO - Setting next_dagrun for example_short_circuit_operator to 2023-03-08T15:47:57.937389+00:00, run_after=2023-03-09T15:47:57.937389+00:00
[2023-03-09T15:47:58.094+0000] {processor.py:175} INFO - Processing /home/airflow/.local/lib/python3.7/site-packages/airflow/example_dags/example_short_circuit_operator.py took 0.690 seconds
[2023-03-09T15:48:28.847+0000] {processor.py:153} INFO - Started process (PID=1397) to work on /home/airflow/.local/lib/python3.7/site-packages/airflow/example_dags/example_short_circuit_operator.py
[2023-03-09T15:48:28.848+0000] {processor.py:743} INFO - Processing file /home/airflow/.local/lib/python3.7/site-packages/airflow/example_dags/example_short_circuit_operator.py for tasks to queue
[2023-03-09T15:48:28.849+0000] {logging_mixin.py:137} INFO - [2023-03-09T15:48:28.849+0000] {dagbag.py:538} INFO - Filling up the DagBag from /home/airflow/.local/lib/python3.7/site-packages/airflow/example_dags/example_short_circuit_operator.py
[2023-03-09T15:48:28.879+0000] {processor.py:753} INFO - DAG(s) dict_keys(['example_short_circuit_operator']) retrieved from /home/airflow/.local/lib/python3.7/site-packages/airflow/example_dags/example_short_circuit_operator.py
[2023-03-09T15:48:28.926+0000] {logging_mixin.py:137} INFO - [2023-03-09T15:48:28.926+0000] {dag.py:2690} INFO - Sync 1 DAGs
[2023-03-09T15:48:28.989+0000] {logging_mixin.py:137} INFO - [2023-03-09T15:48:28.989+0000] {dag.py:3441} INFO - Setting next_dagrun for example_short_circuit_operator to 2023-03-08T15:48:28.989120+00:00, run_after=2023-03-09T15:48:28.989120+00:00
[2023-03-09T15:48:29.042+0000] {processor.py:175} INFO - Processing /home/airflow/.local/lib/python3.7/site-packages/airflow/example_dags/example_short_circuit_operator.py took 0.200 seconds
[2023-03-09T15:48:59.189+0000] {processor.py:153} INFO - Started process (PID=1459) to work on /home/airflow/.local/lib/python3.7/site-packages/airflow/example_dags/example_short_circuit_operator.py
[2023-03-09T15:48:59.190+0000] {processor.py:743} INFO - Processing file /home/airflow/.local/lib/python3.7/site-packages/airflow/example_dags/example_short_circuit_operator.py for tasks to queue
[2023-03-09T15:48:59.191+0000] {logging_mixin.py:137} INFO - [2023-03-09T15:48:59.190+0000] {dagbag.py:538} INFO - Filling up the DagBag from /home/airflow/.local/lib/python3.7/site-packages/airflow/example_dags/example_short_circuit_operator.py
[2023-03-09T15:48:59.210+0000] {processor.py:753} INFO - DAG(s) dict_keys(['example_short_circuit_operator']) retrieved from /home/airflow/.local/lib/python3.7/site-packages/airflow/example_dags/example_short_circuit_operator.py
[2023-03-09T15:48:59.243+0000] {logging_mixin.py:137} INFO - [2023-03-09T15:48:59.243+0000] {dag.py:2690} INFO - Sync 1 DAGs
[2023-03-09T15:48:59.280+0000] {logging_mixin.py:137} INFO - [2023-03-09T15:48:59.280+0000] {dag.py:3441} INFO - Setting next_dagrun for example_short_circuit_operator to 2023-03-08T15:48:59.280391+00:00, run_after=2023-03-09T15:48:59.280391+00:00
[2023-03-09T15:48:59.305+0000] {processor.py:175} INFO - Processing /home/airflow/.local/lib/python3.7/site-packages/airflow/example_dags/example_short_circuit_operator.py took 0.119 seconds
[2023-03-09T15:49:29.819+0000] {processor.py:153} INFO - Started process (PID=1521) to work on /home/airflow/.local/lib/python3.7/site-packages/airflow/example_dags/example_short_circuit_operator.py
[2023-03-09T15:49:29.820+0000] {processor.py:743} INFO - Processing file /home/airflow/.local/lib/python3.7/site-packages/airflow/example_dags/example_short_circuit_operator.py for tasks to queue
[2023-03-09T15:49:29.821+0000] {logging_mixin.py:137} INFO - [2023-03-09T15:49:29.821+0000] {dagbag.py:538} INFO - Filling up the DagBag from /home/airflow/.local/lib/python3.7/site-packages/airflow/example_dags/example_short_circuit_operator.py
[2023-03-09T15:49:29.842+0000] {processor.py:753} INFO - DAG(s) dict_keys(['example_short_circuit_operator']) retrieved from /home/airflow/.local/lib/python3.7/site-packages/airflow/example_dags/example_short_circuit_operator.py
[2023-03-09T15:49:29.876+0000] {logging_mixin.py:137} INFO - [2023-03-09T15:49:29.876+0000] {dag.py:2690} INFO - Sync 1 DAGs
[2023-03-09T15:49:29.914+0000] {logging_mixin.py:137} INFO - [2023-03-09T15:49:29.914+0000] {dag.py:3441} INFO - Setting next_dagrun for example_short_circuit_operator to 2023-03-08T15:49:29.914297+00:00, run_after=2023-03-09T15:49:29.914297+00:00
[2023-03-09T15:49:29.943+0000] {processor.py:175} INFO - Processing /home/airflow/.local/lib/python3.7/site-packages/airflow/example_dags/example_short_circuit_operator.py took 0.127 seconds
