[2023-03-09T15:38:10.385+0000] {processor.py:153} INFO - Started process (PID=76) to work on /home/airflow/.local/lib/python3.7/site-packages/airflow/example_dags/example_branch_datetime_operator.py
[2023-03-09T15:38:10.386+0000] {processor.py:743} INFO - Processing file /home/airflow/.local/lib/python3.7/site-packages/airflow/example_dags/example_branch_datetime_operator.py for tasks to queue
[2023-03-09T15:38:10.387+0000] {logging_mixin.py:137} INFO - [2023-03-09T15:38:10.387+0000] {dagbag.py:538} INFO - Filling up the DagBag from /home/airflow/.local/lib/python3.7/site-packages/airflow/example_dags/example_branch_datetime_operator.py
[2023-03-09T15:38:10.570+0000] {processor.py:753} INFO - DAG(s) dict_keys(['example_branch_datetime_operator_2', 'example_branch_datetime_operator', 'example_branch_datetime_operator_3']) retrieved from /home/airflow/.local/lib/python3.7/site-packages/airflow/example_dags/example_branch_datetime_operator.py
[2023-03-09T15:38:10.817+0000] {logging_mixin.py:137} INFO - [2023-03-09T15:38:10.817+0000] {dag.py:2690} INFO - Sync 3 DAGs
[2023-03-09T15:38:10.992+0000] {logging_mixin.py:137} INFO - [2023-03-09T15:38:10.992+0000] {dag.py:3441} INFO - Setting next_dagrun for example_branch_datetime_operator to 2023-03-08T00:00:00+00:00, run_after=2023-03-09T00:00:00+00:00
[2023-03-09T15:38:11.024+0000] {logging_mixin.py:137} INFO - [2023-03-09T15:38:11.024+0000] {dag.py:3441} INFO - Setting next_dagrun for example_branch_datetime_operator_2 to 2023-03-08T00:00:00+00:00, run_after=2023-03-09T00:00:00+00:00
[2023-03-09T15:38:11.038+0000] {logging_mixin.py:137} INFO - [2023-03-09T15:38:11.038+0000] {dag.py:3441} INFO - Setting next_dagrun for example_branch_datetime_operator_3 to 2023-03-08T00:00:00+00:00, run_after=2023-03-09T00:00:00+00:00
[2023-03-09T15:38:11.144+0000] {processor.py:175} INFO - Processing /home/airflow/.local/lib/python3.7/site-packages/airflow/example_dags/example_branch_datetime_operator.py took 0.792 seconds
[2023-03-09T15:38:41.812+0000] {processor.py:153} INFO - Started process (PID=142) to work on /home/airflow/.local/lib/python3.7/site-packages/airflow/example_dags/example_branch_datetime_operator.py
[2023-03-09T15:38:41.813+0000] {processor.py:743} INFO - Processing file /home/airflow/.local/lib/python3.7/site-packages/airflow/example_dags/example_branch_datetime_operator.py for tasks to queue
[2023-03-09T15:38:41.813+0000] {logging_mixin.py:137} INFO - [2023-03-09T15:38:41.813+0000] {dagbag.py:538} INFO - Filling up the DagBag from /home/airflow/.local/lib/python3.7/site-packages/airflow/example_dags/example_branch_datetime_operator.py
[2023-03-09T15:38:41.836+0000] {processor.py:753} INFO - DAG(s) dict_keys(['example_branch_datetime_operator_2', 'example_branch_datetime_operator', 'example_branch_datetime_operator_3']) retrieved from /home/airflow/.local/lib/python3.7/site-packages/airflow/example_dags/example_branch_datetime_operator.py
[2023-03-09T15:38:41.879+0000] {logging_mixin.py:137} INFO - [2023-03-09T15:38:41.878+0000] {dag.py:2690} INFO - Sync 3 DAGs
[2023-03-09T15:38:41.918+0000] {logging_mixin.py:137} INFO - [2023-03-09T15:38:41.918+0000] {dag.py:3441} INFO - Setting next_dagrun for example_branch_datetime_operator to 2023-03-08T00:00:00+00:00, run_after=2023-03-09T00:00:00+00:00
[2023-03-09T15:38:41.925+0000] {logging_mixin.py:137} INFO - [2023-03-09T15:38:41.925+0000] {dag.py:3441} INFO - Setting next_dagrun for example_branch_datetime_operator_2 to 2023-03-08T00:00:00+00:00, run_after=2023-03-09T00:00:00+00:00
[2023-03-09T15:38:41.929+0000] {logging_mixin.py:137} INFO - [2023-03-09T15:38:41.929+0000] {dag.py:3441} INFO - Setting next_dagrun for example_branch_datetime_operator_3 to 2023-03-08T00:00:00+00:00, run_after=2023-03-09T00:00:00+00:00
[2023-03-09T15:38:41.955+0000] {processor.py:175} INFO - Processing /home/airflow/.local/lib/python3.7/site-packages/airflow/example_dags/example_branch_datetime_operator.py took 0.147 seconds
[2023-03-09T15:39:12.483+0000] {processor.py:153} INFO - Started process (PID=204) to work on /home/airflow/.local/lib/python3.7/site-packages/airflow/example_dags/example_branch_datetime_operator.py
[2023-03-09T15:39:12.483+0000] {processor.py:743} INFO - Processing file /home/airflow/.local/lib/python3.7/site-packages/airflow/example_dags/example_branch_datetime_operator.py for tasks to queue
[2023-03-09T15:39:12.484+0000] {logging_mixin.py:137} INFO - [2023-03-09T15:39:12.484+0000] {dagbag.py:538} INFO - Filling up the DagBag from /home/airflow/.local/lib/python3.7/site-packages/airflow/example_dags/example_branch_datetime_operator.py
[2023-03-09T15:39:12.507+0000] {processor.py:753} INFO - DAG(s) dict_keys(['example_branch_datetime_operator_2', 'example_branch_datetime_operator_3', 'example_branch_datetime_operator']) retrieved from /home/airflow/.local/lib/python3.7/site-packages/airflow/example_dags/example_branch_datetime_operator.py
[2023-03-09T15:39:12.554+0000] {logging_mixin.py:137} INFO - [2023-03-09T15:39:12.554+0000] {dag.py:2690} INFO - Sync 3 DAGs
[2023-03-09T15:39:12.596+0000] {logging_mixin.py:137} INFO - [2023-03-09T15:39:12.596+0000] {dag.py:3441} INFO - Setting next_dagrun for example_branch_datetime_operator to 2023-03-08T00:00:00+00:00, run_after=2023-03-09T00:00:00+00:00
[2023-03-09T15:39:12.603+0000] {logging_mixin.py:137} INFO - [2023-03-09T15:39:12.603+0000] {dag.py:3441} INFO - Setting next_dagrun for example_branch_datetime_operator_2 to 2023-03-08T00:00:00+00:00, run_after=2023-03-09T00:00:00+00:00
[2023-03-09T15:39:12.607+0000] {logging_mixin.py:137} INFO - [2023-03-09T15:39:12.607+0000] {dag.py:3441} INFO - Setting next_dagrun for example_branch_datetime_operator_3 to 2023-03-08T00:00:00+00:00, run_after=2023-03-09T00:00:00+00:00
[2023-03-09T15:39:12.631+0000] {processor.py:175} INFO - Processing /home/airflow/.local/lib/python3.7/site-packages/airflow/example_dags/example_branch_datetime_operator.py took 0.152 seconds
[2023-03-09T15:39:42.664+0000] {processor.py:153} INFO - Started process (PID=267) to work on /home/airflow/.local/lib/python3.7/site-packages/airflow/example_dags/example_branch_datetime_operator.py
[2023-03-09T15:39:42.665+0000] {processor.py:743} INFO - Processing file /home/airflow/.local/lib/python3.7/site-packages/airflow/example_dags/example_branch_datetime_operator.py for tasks to queue
[2023-03-09T15:39:42.665+0000] {logging_mixin.py:137} INFO - [2023-03-09T15:39:42.665+0000] {dagbag.py:538} INFO - Filling up the DagBag from /home/airflow/.local/lib/python3.7/site-packages/airflow/example_dags/example_branch_datetime_operator.py
[2023-03-09T15:39:42.686+0000] {processor.py:753} INFO - DAG(s) dict_keys(['example_branch_datetime_operator_3', 'example_branch_datetime_operator', 'example_branch_datetime_operator_2']) retrieved from /home/airflow/.local/lib/python3.7/site-packages/airflow/example_dags/example_branch_datetime_operator.py
[2023-03-09T15:39:42.723+0000] {logging_mixin.py:137} INFO - [2023-03-09T15:39:42.723+0000] {dag.py:2690} INFO - Sync 3 DAGs
[2023-03-09T15:39:42.761+0000] {logging_mixin.py:137} INFO - [2023-03-09T15:39:42.761+0000] {dag.py:3441} INFO - Setting next_dagrun for example_branch_datetime_operator to 2023-03-08T00:00:00+00:00, run_after=2023-03-09T00:00:00+00:00
[2023-03-09T15:39:42.768+0000] {logging_mixin.py:137} INFO - [2023-03-09T15:39:42.767+0000] {dag.py:3441} INFO - Setting next_dagrun for example_branch_datetime_operator_2 to 2023-03-08T00:00:00+00:00, run_after=2023-03-09T00:00:00+00:00
[2023-03-09T15:39:42.771+0000] {logging_mixin.py:137} INFO - [2023-03-09T15:39:42.771+0000] {dag.py:3441} INFO - Setting next_dagrun for example_branch_datetime_operator_3 to 2023-03-08T00:00:00+00:00, run_after=2023-03-09T00:00:00+00:00
[2023-03-09T15:39:42.796+0000] {processor.py:175} INFO - Processing /home/airflow/.local/lib/python3.7/site-packages/airflow/example_dags/example_branch_datetime_operator.py took 0.135 seconds
[2023-03-09T15:40:13.606+0000] {processor.py:153} INFO - Started process (PID=330) to work on /home/airflow/.local/lib/python3.7/site-packages/airflow/example_dags/example_branch_datetime_operator.py
[2023-03-09T15:40:13.608+0000] {processor.py:743} INFO - Processing file /home/airflow/.local/lib/python3.7/site-packages/airflow/example_dags/example_branch_datetime_operator.py for tasks to queue
[2023-03-09T15:40:13.609+0000] {logging_mixin.py:137} INFO - [2023-03-09T15:40:13.609+0000] {dagbag.py:538} INFO - Filling up the DagBag from /home/airflow/.local/lib/python3.7/site-packages/airflow/example_dags/example_branch_datetime_operator.py
[2023-03-09T15:40:13.715+0000] {processor.py:753} INFO - DAG(s) dict_keys(['example_branch_datetime_operator', 'example_branch_datetime_operator_3', 'example_branch_datetime_operator_2']) retrieved from /home/airflow/.local/lib/python3.7/site-packages/airflow/example_dags/example_branch_datetime_operator.py
[2023-03-09T15:40:13.803+0000] {logging_mixin.py:137} INFO - [2023-03-09T15:40:13.803+0000] {dag.py:2690} INFO - Sync 3 DAGs
[2023-03-09T15:40:13.868+0000] {logging_mixin.py:137} INFO - [2023-03-09T15:40:13.868+0000] {dag.py:3441} INFO - Setting next_dagrun for example_branch_datetime_operator to 2023-03-08T00:00:00+00:00, run_after=2023-03-09T00:00:00+00:00
[2023-03-09T15:40:13.879+0000] {logging_mixin.py:137} INFO - [2023-03-09T15:40:13.879+0000] {dag.py:3441} INFO - Setting next_dagrun for example_branch_datetime_operator_2 to 2023-03-08T00:00:00+00:00, run_after=2023-03-09T00:00:00+00:00
[2023-03-09T15:40:13.885+0000] {logging_mixin.py:137} INFO - [2023-03-09T15:40:13.885+0000] {dag.py:3441} INFO - Setting next_dagrun for example_branch_datetime_operator_3 to 2023-03-08T00:00:00+00:00, run_after=2023-03-09T00:00:00+00:00
[2023-03-09T15:40:13.916+0000] {processor.py:175} INFO - Processing /home/airflow/.local/lib/python3.7/site-packages/airflow/example_dags/example_branch_datetime_operator.py took 0.316 seconds
[2023-03-09T15:40:44.430+0000] {processor.py:153} INFO - Started process (PID=405) to work on /home/airflow/.local/lib/python3.7/site-packages/airflow/example_dags/example_branch_datetime_operator.py
[2023-03-09T15:40:44.430+0000] {processor.py:743} INFO - Processing file /home/airflow/.local/lib/python3.7/site-packages/airflow/example_dags/example_branch_datetime_operator.py for tasks to queue
[2023-03-09T15:40:44.431+0000] {logging_mixin.py:137} INFO - [2023-03-09T15:40:44.431+0000] {dagbag.py:538} INFO - Filling up the DagBag from /home/airflow/.local/lib/python3.7/site-packages/airflow/example_dags/example_branch_datetime_operator.py
[2023-03-09T15:40:44.455+0000] {processor.py:753} INFO - DAG(s) dict_keys(['example_branch_datetime_operator', 'example_branch_datetime_operator_3', 'example_branch_datetime_operator_2']) retrieved from /home/airflow/.local/lib/python3.7/site-packages/airflow/example_dags/example_branch_datetime_operator.py
[2023-03-09T15:40:44.498+0000] {logging_mixin.py:137} INFO - [2023-03-09T15:40:44.498+0000] {dag.py:2690} INFO - Sync 3 DAGs
[2023-03-09T15:40:44.554+0000] {logging_mixin.py:137} INFO - [2023-03-09T15:40:44.553+0000] {dag.py:3441} INFO - Setting next_dagrun for example_branch_datetime_operator to 2023-03-08T00:00:00+00:00, run_after=2023-03-09T00:00:00+00:00
[2023-03-09T15:40:44.565+0000] {logging_mixin.py:137} INFO - [2023-03-09T15:40:44.564+0000] {dag.py:3441} INFO - Setting next_dagrun for example_branch_datetime_operator_2 to 2023-03-08T00:00:00+00:00, run_after=2023-03-09T00:00:00+00:00
[2023-03-09T15:40:44.573+0000] {logging_mixin.py:137} INFO - [2023-03-09T15:40:44.572+0000] {dag.py:3441} INFO - Setting next_dagrun for example_branch_datetime_operator_3 to 2023-03-08T00:00:00+00:00, run_after=2023-03-09T00:00:00+00:00
[2023-03-09T15:40:44.625+0000] {processor.py:175} INFO - Processing /home/airflow/.local/lib/python3.7/site-packages/airflow/example_dags/example_branch_datetime_operator.py took 0.199 seconds
[2023-03-09T15:41:14.765+0000] {processor.py:153} INFO - Started process (PID=467) to work on /home/airflow/.local/lib/python3.7/site-packages/airflow/example_dags/example_branch_datetime_operator.py
[2023-03-09T15:41:14.766+0000] {processor.py:743} INFO - Processing file /home/airflow/.local/lib/python3.7/site-packages/airflow/example_dags/example_branch_datetime_operator.py for tasks to queue
[2023-03-09T15:41:14.767+0000] {logging_mixin.py:137} INFO - [2023-03-09T15:41:14.766+0000] {dagbag.py:538} INFO - Filling up the DagBag from /home/airflow/.local/lib/python3.7/site-packages/airflow/example_dags/example_branch_datetime_operator.py
[2023-03-09T15:41:14.789+0000] {processor.py:753} INFO - DAG(s) dict_keys(['example_branch_datetime_operator_2', 'example_branch_datetime_operator', 'example_branch_datetime_operator_3']) retrieved from /home/airflow/.local/lib/python3.7/site-packages/airflow/example_dags/example_branch_datetime_operator.py
[2023-03-09T15:41:14.830+0000] {logging_mixin.py:137} INFO - [2023-03-09T15:41:14.829+0000] {dag.py:2690} INFO - Sync 3 DAGs
[2023-03-09T15:41:14.871+0000] {logging_mixin.py:137} INFO - [2023-03-09T15:41:14.871+0000] {dag.py:3441} INFO - Setting next_dagrun for example_branch_datetime_operator to 2023-03-08T00:00:00+00:00, run_after=2023-03-09T00:00:00+00:00
[2023-03-09T15:41:14.878+0000] {logging_mixin.py:137} INFO - [2023-03-09T15:41:14.878+0000] {dag.py:3441} INFO - Setting next_dagrun for example_branch_datetime_operator_2 to 2023-03-08T00:00:00+00:00, run_after=2023-03-09T00:00:00+00:00
[2023-03-09T15:41:14.882+0000] {logging_mixin.py:137} INFO - [2023-03-09T15:41:14.882+0000] {dag.py:3441} INFO - Setting next_dagrun for example_branch_datetime_operator_3 to 2023-03-08T00:00:00+00:00, run_after=2023-03-09T00:00:00+00:00
[2023-03-09T15:41:14.905+0000] {processor.py:175} INFO - Processing /home/airflow/.local/lib/python3.7/site-packages/airflow/example_dags/example_branch_datetime_operator.py took 0.143 seconds
[2023-03-09T15:41:45.636+0000] {processor.py:153} INFO - Started process (PID=531) to work on /home/airflow/.local/lib/python3.7/site-packages/airflow/example_dags/example_branch_datetime_operator.py
[2023-03-09T15:41:45.637+0000] {processor.py:743} INFO - Processing file /home/airflow/.local/lib/python3.7/site-packages/airflow/example_dags/example_branch_datetime_operator.py for tasks to queue
[2023-03-09T15:41:45.637+0000] {logging_mixin.py:137} INFO - [2023-03-09T15:41:45.637+0000] {dagbag.py:538} INFO - Filling up the DagBag from /home/airflow/.local/lib/python3.7/site-packages/airflow/example_dags/example_branch_datetime_operator.py
[2023-03-09T15:41:45.660+0000] {processor.py:753} INFO - DAG(s) dict_keys(['example_branch_datetime_operator_3', 'example_branch_datetime_operator', 'example_branch_datetime_operator_2']) retrieved from /home/airflow/.local/lib/python3.7/site-packages/airflow/example_dags/example_branch_datetime_operator.py
[2023-03-09T15:41:45.720+0000] {logging_mixin.py:137} INFO - [2023-03-09T15:41:45.720+0000] {dag.py:2690} INFO - Sync 3 DAGs
[2023-03-09T15:41:45.772+0000] {logging_mixin.py:137} INFO - [2023-03-09T15:41:45.772+0000] {dag.py:3441} INFO - Setting next_dagrun for example_branch_datetime_operator to 2023-03-08T00:00:00+00:00, run_after=2023-03-09T00:00:00+00:00
[2023-03-09T15:41:45.779+0000] {logging_mixin.py:137} INFO - [2023-03-09T15:41:45.779+0000] {dag.py:3441} INFO - Setting next_dagrun for example_branch_datetime_operator_2 to 2023-03-08T00:00:00+00:00, run_after=2023-03-09T00:00:00+00:00
[2023-03-09T15:41:45.783+0000] {logging_mixin.py:137} INFO - [2023-03-09T15:41:45.783+0000] {dag.py:3441} INFO - Setting next_dagrun for example_branch_datetime_operator_3 to 2023-03-08T00:00:00+00:00, run_after=2023-03-09T00:00:00+00:00
[2023-03-09T15:41:45.807+0000] {processor.py:175} INFO - Processing /home/airflow/.local/lib/python3.7/site-packages/airflow/example_dags/example_branch_datetime_operator.py took 0.176 seconds
[2023-03-09T15:42:16.526+0000] {processor.py:153} INFO - Started process (PID=596) to work on /home/airflow/.local/lib/python3.7/site-packages/airflow/example_dags/example_branch_datetime_operator.py
[2023-03-09T15:42:16.527+0000] {processor.py:743} INFO - Processing file /home/airflow/.local/lib/python3.7/site-packages/airflow/example_dags/example_branch_datetime_operator.py for tasks to queue
[2023-03-09T15:42:16.528+0000] {logging_mixin.py:137} INFO - [2023-03-09T15:42:16.528+0000] {dagbag.py:538} INFO - Filling up the DagBag from /home/airflow/.local/lib/python3.7/site-packages/airflow/example_dags/example_branch_datetime_operator.py
[2023-03-09T15:42:16.550+0000] {processor.py:753} INFO - DAG(s) dict_keys(['example_branch_datetime_operator', 'example_branch_datetime_operator_3', 'example_branch_datetime_operator_2']) retrieved from /home/airflow/.local/lib/python3.7/site-packages/airflow/example_dags/example_branch_datetime_operator.py
[2023-03-09T15:42:16.594+0000] {logging_mixin.py:137} INFO - [2023-03-09T15:42:16.594+0000] {dag.py:2690} INFO - Sync 3 DAGs
[2023-03-09T15:42:16.637+0000] {logging_mixin.py:137} INFO - [2023-03-09T15:42:16.636+0000] {dag.py:3441} INFO - Setting next_dagrun for example_branch_datetime_operator to 2023-03-08T00:00:00+00:00, run_after=2023-03-09T00:00:00+00:00
[2023-03-09T15:42:16.644+0000] {logging_mixin.py:137} INFO - [2023-03-09T15:42:16.644+0000] {dag.py:3441} INFO - Setting next_dagrun for example_branch_datetime_operator_2 to 2023-03-08T00:00:00+00:00, run_after=2023-03-09T00:00:00+00:00
[2023-03-09T15:42:16.648+0000] {logging_mixin.py:137} INFO - [2023-03-09T15:42:16.648+0000] {dag.py:3441} INFO - Setting next_dagrun for example_branch_datetime_operator_3 to 2023-03-08T00:00:00+00:00, run_after=2023-03-09T00:00:00+00:00
[2023-03-09T15:42:16.673+0000] {processor.py:175} INFO - Processing /home/airflow/.local/lib/python3.7/site-packages/airflow/example_dags/example_branch_datetime_operator.py took 0.151 seconds
[2023-03-09T15:42:47.373+0000] {processor.py:153} INFO - Started process (PID=670) to work on /home/airflow/.local/lib/python3.7/site-packages/airflow/example_dags/example_branch_datetime_operator.py
[2023-03-09T15:42:47.374+0000] {processor.py:743} INFO - Processing file /home/airflow/.local/lib/python3.7/site-packages/airflow/example_dags/example_branch_datetime_operator.py for tasks to queue
[2023-03-09T15:42:47.375+0000] {logging_mixin.py:137} INFO - [2023-03-09T15:42:47.374+0000] {dagbag.py:538} INFO - Filling up the DagBag from /home/airflow/.local/lib/python3.7/site-packages/airflow/example_dags/example_branch_datetime_operator.py
[2023-03-09T15:42:47.405+0000] {processor.py:753} INFO - DAG(s) dict_keys(['example_branch_datetime_operator_3', 'example_branch_datetime_operator_2', 'example_branch_datetime_operator']) retrieved from /home/airflow/.local/lib/python3.7/site-packages/airflow/example_dags/example_branch_datetime_operator.py
[2023-03-09T15:42:47.460+0000] {logging_mixin.py:137} INFO - [2023-03-09T15:42:47.460+0000] {dag.py:2690} INFO - Sync 3 DAGs
[2023-03-09T15:42:47.519+0000] {logging_mixin.py:137} INFO - [2023-03-09T15:42:47.519+0000] {dag.py:3441} INFO - Setting next_dagrun for example_branch_datetime_operator to 2023-03-08T00:00:00+00:00, run_after=2023-03-09T00:00:00+00:00
[2023-03-09T15:42:47.532+0000] {logging_mixin.py:137} INFO - [2023-03-09T15:42:47.531+0000] {dag.py:3441} INFO - Setting next_dagrun for example_branch_datetime_operator_2 to 2023-03-08T00:00:00+00:00, run_after=2023-03-09T00:00:00+00:00
[2023-03-09T15:42:47.540+0000] {logging_mixin.py:137} INFO - [2023-03-09T15:42:47.539+0000] {dag.py:3441} INFO - Setting next_dagrun for example_branch_datetime_operator_3 to 2023-03-08T00:00:00+00:00, run_after=2023-03-09T00:00:00+00:00
[2023-03-09T15:42:47.576+0000] {processor.py:175} INFO - Processing /home/airflow/.local/lib/python3.7/site-packages/airflow/example_dags/example_branch_datetime_operator.py took 0.207 seconds
[2023-03-09T15:43:18.378+0000] {processor.py:153} INFO - Started process (PID=734) to work on /home/airflow/.local/lib/python3.7/site-packages/airflow/example_dags/example_branch_datetime_operator.py
[2023-03-09T15:43:18.380+0000] {processor.py:743} INFO - Processing file /home/airflow/.local/lib/python3.7/site-packages/airflow/example_dags/example_branch_datetime_operator.py for tasks to queue
[2023-03-09T15:43:18.380+0000] {logging_mixin.py:137} INFO - [2023-03-09T15:43:18.380+0000] {dagbag.py:538} INFO - Filling up the DagBag from /home/airflow/.local/lib/python3.7/site-packages/airflow/example_dags/example_branch_datetime_operator.py
[2023-03-09T15:43:18.419+0000] {processor.py:753} INFO - DAG(s) dict_keys(['example_branch_datetime_operator_3', 'example_branch_datetime_operator', 'example_branch_datetime_operator_2']) retrieved from /home/airflow/.local/lib/python3.7/site-packages/airflow/example_dags/example_branch_datetime_operator.py
[2023-03-09T15:43:18.480+0000] {logging_mixin.py:137} INFO - [2023-03-09T15:43:18.480+0000] {dag.py:2690} INFO - Sync 3 DAGs
[2023-03-09T15:43:18.550+0000] {logging_mixin.py:137} INFO - [2023-03-09T15:43:18.550+0000] {dag.py:3441} INFO - Setting next_dagrun for example_branch_datetime_operator to 2023-03-08T00:00:00+00:00, run_after=2023-03-09T00:00:00+00:00
[2023-03-09T15:43:18.560+0000] {logging_mixin.py:137} INFO - [2023-03-09T15:43:18.560+0000] {dag.py:3441} INFO - Setting next_dagrun for example_branch_datetime_operator_2 to 2023-03-08T00:00:00+00:00, run_after=2023-03-09T00:00:00+00:00
[2023-03-09T15:43:18.566+0000] {logging_mixin.py:137} INFO - [2023-03-09T15:43:18.566+0000] {dag.py:3441} INFO - Setting next_dagrun for example_branch_datetime_operator_3 to 2023-03-08T00:00:00+00:00, run_after=2023-03-09T00:00:00+00:00
[2023-03-09T15:43:18.596+0000] {processor.py:175} INFO - Processing /home/airflow/.local/lib/python3.7/site-packages/airflow/example_dags/example_branch_datetime_operator.py took 0.221 seconds
[2023-03-09T15:43:48.776+0000] {processor.py:153} INFO - Started process (PID=797) to work on /home/airflow/.local/lib/python3.7/site-packages/airflow/example_dags/example_branch_datetime_operator.py
[2023-03-09T15:43:48.777+0000] {processor.py:743} INFO - Processing file /home/airflow/.local/lib/python3.7/site-packages/airflow/example_dags/example_branch_datetime_operator.py for tasks to queue
[2023-03-09T15:43:48.778+0000] {logging_mixin.py:137} INFO - [2023-03-09T15:43:48.778+0000] {dagbag.py:538} INFO - Filling up the DagBag from /home/airflow/.local/lib/python3.7/site-packages/airflow/example_dags/example_branch_datetime_operator.py
[2023-03-09T15:43:48.809+0000] {processor.py:753} INFO - DAG(s) dict_keys(['example_branch_datetime_operator', 'example_branch_datetime_operator_2', 'example_branch_datetime_operator_3']) retrieved from /home/airflow/.local/lib/python3.7/site-packages/airflow/example_dags/example_branch_datetime_operator.py
[2023-03-09T15:43:48.866+0000] {logging_mixin.py:137} INFO - [2023-03-09T15:43:48.866+0000] {dag.py:2690} INFO - Sync 3 DAGs
[2023-03-09T15:43:48.922+0000] {logging_mixin.py:137} INFO - [2023-03-09T15:43:48.922+0000] {dag.py:3441} INFO - Setting next_dagrun for example_branch_datetime_operator to 2023-03-08T00:00:00+00:00, run_after=2023-03-09T00:00:00+00:00
[2023-03-09T15:43:48.932+0000] {logging_mixin.py:137} INFO - [2023-03-09T15:43:48.932+0000] {dag.py:3441} INFO - Setting next_dagrun for example_branch_datetime_operator_2 to 2023-03-08T00:00:00+00:00, run_after=2023-03-09T00:00:00+00:00
[2023-03-09T15:43:48.939+0000] {logging_mixin.py:137} INFO - [2023-03-09T15:43:48.939+0000] {dag.py:3441} INFO - Setting next_dagrun for example_branch_datetime_operator_3 to 2023-03-08T00:00:00+00:00, run_after=2023-03-09T00:00:00+00:00
[2023-03-09T15:43:48.971+0000] {processor.py:175} INFO - Processing /home/airflow/.local/lib/python3.7/site-packages/airflow/example_dags/example_branch_datetime_operator.py took 0.199 seconds
[2023-03-09T15:44:19.665+0000] {processor.py:153} INFO - Started process (PID=859) to work on /home/airflow/.local/lib/python3.7/site-packages/airflow/example_dags/example_branch_datetime_operator.py
[2023-03-09T15:44:19.665+0000] {processor.py:743} INFO - Processing file /home/airflow/.local/lib/python3.7/site-packages/airflow/example_dags/example_branch_datetime_operator.py for tasks to queue
[2023-03-09T15:44:19.666+0000] {logging_mixin.py:137} INFO - [2023-03-09T15:44:19.666+0000] {dagbag.py:538} INFO - Filling up the DagBag from /home/airflow/.local/lib/python3.7/site-packages/airflow/example_dags/example_branch_datetime_operator.py
[2023-03-09T15:44:19.690+0000] {processor.py:753} INFO - DAG(s) dict_keys(['example_branch_datetime_operator_2', 'example_branch_datetime_operator_3', 'example_branch_datetime_operator']) retrieved from /home/airflow/.local/lib/python3.7/site-packages/airflow/example_dags/example_branch_datetime_operator.py
[2023-03-09T15:44:19.733+0000] {logging_mixin.py:137} INFO - [2023-03-09T15:44:19.733+0000] {dag.py:2690} INFO - Sync 3 DAGs
[2023-03-09T15:44:19.775+0000] {logging_mixin.py:137} INFO - [2023-03-09T15:44:19.775+0000] {dag.py:3441} INFO - Setting next_dagrun for example_branch_datetime_operator to 2023-03-08T00:00:00+00:00, run_after=2023-03-09T00:00:00+00:00
[2023-03-09T15:44:19.784+0000] {logging_mixin.py:137} INFO - [2023-03-09T15:44:19.784+0000] {dag.py:3441} INFO - Setting next_dagrun for example_branch_datetime_operator_2 to 2023-03-08T00:00:00+00:00, run_after=2023-03-09T00:00:00+00:00
[2023-03-09T15:44:19.800+0000] {logging_mixin.py:137} INFO - [2023-03-09T15:44:19.800+0000] {dag.py:3441} INFO - Setting next_dagrun for example_branch_datetime_operator_3 to 2023-03-08T00:00:00+00:00, run_after=2023-03-09T00:00:00+00:00
[2023-03-09T15:44:19.829+0000] {processor.py:175} INFO - Processing /home/airflow/.local/lib/python3.7/site-packages/airflow/example_dags/example_branch_datetime_operator.py took 0.169 seconds
[2023-03-09T15:44:50.573+0000] {processor.py:153} INFO - Started process (PID=930) to work on /home/airflow/.local/lib/python3.7/site-packages/airflow/example_dags/example_branch_datetime_operator.py
[2023-03-09T15:44:50.581+0000] {processor.py:743} INFO - Processing file /home/airflow/.local/lib/python3.7/site-packages/airflow/example_dags/example_branch_datetime_operator.py for tasks to queue
[2023-03-09T15:44:50.582+0000] {logging_mixin.py:137} INFO - [2023-03-09T15:44:50.582+0000] {dagbag.py:538} INFO - Filling up the DagBag from /home/airflow/.local/lib/python3.7/site-packages/airflow/example_dags/example_branch_datetime_operator.py
[2023-03-09T15:44:50.615+0000] {processor.py:753} INFO - DAG(s) dict_keys(['example_branch_datetime_operator', 'example_branch_datetime_operator_2', 'example_branch_datetime_operator_3']) retrieved from /home/airflow/.local/lib/python3.7/site-packages/airflow/example_dags/example_branch_datetime_operator.py
[2023-03-09T15:44:50.670+0000] {logging_mixin.py:137} INFO - [2023-03-09T15:44:50.670+0000] {dag.py:2690} INFO - Sync 3 DAGs
[2023-03-09T15:44:50.732+0000] {logging_mixin.py:137} INFO - [2023-03-09T15:44:50.731+0000] {dag.py:3441} INFO - Setting next_dagrun for example_branch_datetime_operator to 2023-03-08T00:00:00+00:00, run_after=2023-03-09T00:00:00+00:00
[2023-03-09T15:44:50.744+0000] {logging_mixin.py:137} INFO - [2023-03-09T15:44:50.743+0000] {dag.py:3441} INFO - Setting next_dagrun for example_branch_datetime_operator_2 to 2023-03-08T00:00:00+00:00, run_after=2023-03-09T00:00:00+00:00
[2023-03-09T15:44:50.750+0000] {logging_mixin.py:137} INFO - [2023-03-09T15:44:50.749+0000] {dag.py:3441} INFO - Setting next_dagrun for example_branch_datetime_operator_3 to 2023-03-08T00:00:00+00:00, run_after=2023-03-09T00:00:00+00:00
[2023-03-09T15:44:50.794+0000] {processor.py:175} INFO - Processing /home/airflow/.local/lib/python3.7/site-packages/airflow/example_dags/example_branch_datetime_operator.py took 0.226 seconds
[2023-03-09T15:45:21.415+0000] {processor.py:153} INFO - Started process (PID=996) to work on /home/airflow/.local/lib/python3.7/site-packages/airflow/example_dags/example_branch_datetime_operator.py
[2023-03-09T15:45:21.424+0000] {processor.py:743} INFO - Processing file /home/airflow/.local/lib/python3.7/site-packages/airflow/example_dags/example_branch_datetime_operator.py for tasks to queue
[2023-03-09T15:45:21.425+0000] {logging_mixin.py:137} INFO - [2023-03-09T15:45:21.425+0000] {dagbag.py:538} INFO - Filling up the DagBag from /home/airflow/.local/lib/python3.7/site-packages/airflow/example_dags/example_branch_datetime_operator.py
[2023-03-09T15:45:21.484+0000] {processor.py:753} INFO - DAG(s) dict_keys(['example_branch_datetime_operator_3', 'example_branch_datetime_operator', 'example_branch_datetime_operator_2']) retrieved from /home/airflow/.local/lib/python3.7/site-packages/airflow/example_dags/example_branch_datetime_operator.py
[2023-03-09T15:45:21.700+0000] {logging_mixin.py:137} INFO - [2023-03-09T15:45:21.700+0000] {dag.py:2690} INFO - Sync 3 DAGs
[2023-03-09T15:45:21.773+0000] {logging_mixin.py:137} INFO - [2023-03-09T15:45:21.772+0000] {dag.py:3441} INFO - Setting next_dagrun for example_branch_datetime_operator to 2023-03-08T00:00:00+00:00, run_after=2023-03-09T00:00:00+00:00
[2023-03-09T15:45:21.783+0000] {logging_mixin.py:137} INFO - [2023-03-09T15:45:21.782+0000] {dag.py:3441} INFO - Setting next_dagrun for example_branch_datetime_operator_2 to 2023-03-08T00:00:00+00:00, run_after=2023-03-09T00:00:00+00:00
[2023-03-09T15:45:21.789+0000] {logging_mixin.py:137} INFO - [2023-03-09T15:45:21.789+0000] {dag.py:3441} INFO - Setting next_dagrun for example_branch_datetime_operator_3 to 2023-03-08T00:00:00+00:00, run_after=2023-03-09T00:00:00+00:00
[2023-03-09T15:45:21.820+0000] {processor.py:175} INFO - Processing /home/airflow/.local/lib/python3.7/site-packages/airflow/example_dags/example_branch_datetime_operator.py took 0.409 seconds
[2023-03-09T15:45:51.851+0000] {processor.py:153} INFO - Started process (PID=1064) to work on /home/airflow/.local/lib/python3.7/site-packages/airflow/example_dags/example_branch_datetime_operator.py
[2023-03-09T15:45:51.852+0000] {processor.py:743} INFO - Processing file /home/airflow/.local/lib/python3.7/site-packages/airflow/example_dags/example_branch_datetime_operator.py for tasks to queue
[2023-03-09T15:45:51.853+0000] {logging_mixin.py:137} INFO - [2023-03-09T15:45:51.853+0000] {dagbag.py:538} INFO - Filling up the DagBag from /home/airflow/.local/lib/python3.7/site-packages/airflow/example_dags/example_branch_datetime_operator.py
[2023-03-09T15:45:51.884+0000] {processor.py:753} INFO - DAG(s) dict_keys(['example_branch_datetime_operator_2', 'example_branch_datetime_operator', 'example_branch_datetime_operator_3']) retrieved from /home/airflow/.local/lib/python3.7/site-packages/airflow/example_dags/example_branch_datetime_operator.py
[2023-03-09T15:45:51.940+0000] {logging_mixin.py:137} INFO - [2023-03-09T15:45:51.940+0000] {dag.py:2690} INFO - Sync 3 DAGs
[2023-03-09T15:45:51.995+0000] {logging_mixin.py:137} INFO - [2023-03-09T15:45:51.994+0000] {dag.py:3441} INFO - Setting next_dagrun for example_branch_datetime_operator to 2023-03-08T00:00:00+00:00, run_after=2023-03-09T00:00:00+00:00
[2023-03-09T15:45:52.005+0000] {logging_mixin.py:137} INFO - [2023-03-09T15:45:52.005+0000] {dag.py:3441} INFO - Setting next_dagrun for example_branch_datetime_operator_2 to 2023-03-08T00:00:00+00:00, run_after=2023-03-09T00:00:00+00:00
[2023-03-09T15:45:52.011+0000] {logging_mixin.py:137} INFO - [2023-03-09T15:45:52.011+0000] {dag.py:3441} INFO - Setting next_dagrun for example_branch_datetime_operator_3 to 2023-03-08T00:00:00+00:00, run_after=2023-03-09T00:00:00+00:00
[2023-03-09T15:45:52.042+0000] {processor.py:175} INFO - Processing /home/airflow/.local/lib/python3.7/site-packages/airflow/example_dags/example_branch_datetime_operator.py took 0.196 seconds
[2023-03-09T15:46:22.885+0000] {processor.py:153} INFO - Started process (PID=1126) to work on /home/airflow/.local/lib/python3.7/site-packages/airflow/example_dags/example_branch_datetime_operator.py
[2023-03-09T15:46:22.886+0000] {processor.py:743} INFO - Processing file /home/airflow/.local/lib/python3.7/site-packages/airflow/example_dags/example_branch_datetime_operator.py for tasks to queue
[2023-03-09T15:46:22.887+0000] {logging_mixin.py:137} INFO - [2023-03-09T15:46:22.887+0000] {dagbag.py:538} INFO - Filling up the DagBag from /home/airflow/.local/lib/python3.7/site-packages/airflow/example_dags/example_branch_datetime_operator.py
[2023-03-09T15:46:22.910+0000] {processor.py:753} INFO - DAG(s) dict_keys(['example_branch_datetime_operator_2', 'example_branch_datetime_operator', 'example_branch_datetime_operator_3']) retrieved from /home/airflow/.local/lib/python3.7/site-packages/airflow/example_dags/example_branch_datetime_operator.py
[2023-03-09T15:46:22.951+0000] {logging_mixin.py:137} INFO - [2023-03-09T15:46:22.950+0000] {dag.py:2690} INFO - Sync 3 DAGs
[2023-03-09T15:46:22.994+0000] {logging_mixin.py:137} INFO - [2023-03-09T15:46:22.993+0000] {dag.py:3441} INFO - Setting next_dagrun for example_branch_datetime_operator to 2023-03-08T00:00:00+00:00, run_after=2023-03-09T00:00:00+00:00
[2023-03-09T15:46:23.003+0000] {logging_mixin.py:137} INFO - [2023-03-09T15:46:23.003+0000] {dag.py:3441} INFO - Setting next_dagrun for example_branch_datetime_operator_2 to 2023-03-08T00:00:00+00:00, run_after=2023-03-09T00:00:00+00:00
[2023-03-09T15:46:23.008+0000] {logging_mixin.py:137} INFO - [2023-03-09T15:46:23.008+0000] {dag.py:3441} INFO - Setting next_dagrun for example_branch_datetime_operator_3 to 2023-03-08T00:00:00+00:00, run_after=2023-03-09T00:00:00+00:00
[2023-03-09T15:46:23.082+0000] {processor.py:175} INFO - Processing /home/airflow/.local/lib/python3.7/site-packages/airflow/example_dags/example_branch_datetime_operator.py took 0.200 seconds
[2023-03-09T15:46:53.381+0000] {processor.py:153} INFO - Started process (PID=1189) to work on /home/airflow/.local/lib/python3.7/site-packages/airflow/example_dags/example_branch_datetime_operator.py
[2023-03-09T15:46:53.387+0000] {processor.py:743} INFO - Processing file /home/airflow/.local/lib/python3.7/site-packages/airflow/example_dags/example_branch_datetime_operator.py for tasks to queue
[2023-03-09T15:46:53.390+0000] {logging_mixin.py:137} INFO - [2023-03-09T15:46:53.389+0000] {dagbag.py:538} INFO - Filling up the DagBag from /home/airflow/.local/lib/python3.7/site-packages/airflow/example_dags/example_branch_datetime_operator.py
[2023-03-09T15:46:53.527+0000] {processor.py:753} INFO - DAG(s) dict_keys(['example_branch_datetime_operator_3', 'example_branch_datetime_operator_2', 'example_branch_datetime_operator']) retrieved from /home/airflow/.local/lib/python3.7/site-packages/airflow/example_dags/example_branch_datetime_operator.py
[2023-03-09T15:46:53.689+0000] {logging_mixin.py:137} INFO - [2023-03-09T15:46:53.689+0000] {dag.py:2690} INFO - Sync 3 DAGs
[2023-03-09T15:46:53.807+0000] {logging_mixin.py:137} INFO - [2023-03-09T15:46:53.807+0000] {dag.py:3441} INFO - Setting next_dagrun for example_branch_datetime_operator to 2023-03-08T00:00:00+00:00, run_after=2023-03-09T00:00:00+00:00
[2023-03-09T15:46:53.888+0000] {logging_mixin.py:137} INFO - [2023-03-09T15:46:53.887+0000] {dag.py:3441} INFO - Setting next_dagrun for example_branch_datetime_operator_2 to 2023-03-08T00:00:00+00:00, run_after=2023-03-09T00:00:00+00:00
[2023-03-09T15:46:53.897+0000] {logging_mixin.py:137} INFO - [2023-03-09T15:46:53.897+0000] {dag.py:3441} INFO - Setting next_dagrun for example_branch_datetime_operator_3 to 2023-03-08T00:00:00+00:00, run_after=2023-03-09T00:00:00+00:00
[2023-03-09T15:46:54.026+0000] {processor.py:175} INFO - Processing /home/airflow/.local/lib/python3.7/site-packages/airflow/example_dags/example_branch_datetime_operator.py took 0.649 seconds
[2023-03-09T15:47:24.716+0000] {processor.py:153} INFO - Started process (PID=1252) to work on /home/airflow/.local/lib/python3.7/site-packages/airflow/example_dags/example_branch_datetime_operator.py
[2023-03-09T15:47:24.719+0000] {processor.py:743} INFO - Processing file /home/airflow/.local/lib/python3.7/site-packages/airflow/example_dags/example_branch_datetime_operator.py for tasks to queue
[2023-03-09T15:47:24.720+0000] {logging_mixin.py:137} INFO - [2023-03-09T15:47:24.719+0000] {dagbag.py:538} INFO - Filling up the DagBag from /home/airflow/.local/lib/python3.7/site-packages/airflow/example_dags/example_branch_datetime_operator.py
[2023-03-09T15:47:24.783+0000] {processor.py:753} INFO - DAG(s) dict_keys(['example_branch_datetime_operator_2', 'example_branch_datetime_operator', 'example_branch_datetime_operator_3']) retrieved from /home/airflow/.local/lib/python3.7/site-packages/airflow/example_dags/example_branch_datetime_operator.py
[2023-03-09T15:47:24.910+0000] {logging_mixin.py:137} INFO - [2023-03-09T15:47:24.910+0000] {dag.py:2690} INFO - Sync 3 DAGs
[2023-03-09T15:47:25.015+0000] {logging_mixin.py:137} INFO - [2023-03-09T15:47:25.015+0000] {dag.py:3441} INFO - Setting next_dagrun for example_branch_datetime_operator to 2023-03-08T00:00:00+00:00, run_after=2023-03-09T00:00:00+00:00
[2023-03-09T15:47:25.045+0000] {logging_mixin.py:137} INFO - [2023-03-09T15:47:25.045+0000] {dag.py:3441} INFO - Setting next_dagrun for example_branch_datetime_operator_2 to 2023-03-08T00:00:00+00:00, run_after=2023-03-09T00:00:00+00:00
[2023-03-09T15:47:25.071+0000] {logging_mixin.py:137} INFO - [2023-03-09T15:47:25.071+0000] {dag.py:3441} INFO - Setting next_dagrun for example_branch_datetime_operator_3 to 2023-03-08T00:00:00+00:00, run_after=2023-03-09T00:00:00+00:00
[2023-03-09T15:47:25.110+0000] {processor.py:175} INFO - Processing /home/airflow/.local/lib/python3.7/site-packages/airflow/example_dags/example_branch_datetime_operator.py took 0.399 seconds
[2023-03-09T15:47:55.491+0000] {processor.py:153} INFO - Started process (PID=1323) to work on /home/airflow/.local/lib/python3.7/site-packages/airflow/example_dags/example_branch_datetime_operator.py
[2023-03-09T15:47:55.492+0000] {processor.py:743} INFO - Processing file /home/airflow/.local/lib/python3.7/site-packages/airflow/example_dags/example_branch_datetime_operator.py for tasks to queue
[2023-03-09T15:47:55.493+0000] {logging_mixin.py:137} INFO - [2023-03-09T15:47:55.493+0000] {dagbag.py:538} INFO - Filling up the DagBag from /home/airflow/.local/lib/python3.7/site-packages/airflow/example_dags/example_branch_datetime_operator.py
[2023-03-09T15:47:55.517+0000] {processor.py:753} INFO - DAG(s) dict_keys(['example_branch_datetime_operator_3', 'example_branch_datetime_operator_2', 'example_branch_datetime_operator']) retrieved from /home/airflow/.local/lib/python3.7/site-packages/airflow/example_dags/example_branch_datetime_operator.py
[2023-03-09T15:47:55.569+0000] {logging_mixin.py:137} INFO - [2023-03-09T15:47:55.569+0000] {dag.py:2690} INFO - Sync 3 DAGs
[2023-03-09T15:47:55.627+0000] {logging_mixin.py:137} INFO - [2023-03-09T15:47:55.627+0000] {dag.py:3441} INFO - Setting next_dagrun for example_branch_datetime_operator to 2023-03-08T00:00:00+00:00, run_after=2023-03-09T00:00:00+00:00
[2023-03-09T15:47:55.638+0000] {logging_mixin.py:137} INFO - [2023-03-09T15:47:55.638+0000] {dag.py:3441} INFO - Setting next_dagrun for example_branch_datetime_operator_2 to 2023-03-08T00:00:00+00:00, run_after=2023-03-09T00:00:00+00:00
[2023-03-09T15:47:55.644+0000] {logging_mixin.py:137} INFO - [2023-03-09T15:47:55.643+0000] {dag.py:3441} INFO - Setting next_dagrun for example_branch_datetime_operator_3 to 2023-03-08T00:00:00+00:00, run_after=2023-03-09T00:00:00+00:00
[2023-03-09T15:47:55.675+0000] {processor.py:175} INFO - Processing /home/airflow/.local/lib/python3.7/site-packages/airflow/example_dags/example_branch_datetime_operator.py took 0.187 seconds
[2023-03-09T15:48:25.759+0000] {processor.py:153} INFO - Started process (PID=1389) to work on /home/airflow/.local/lib/python3.7/site-packages/airflow/example_dags/example_branch_datetime_operator.py
[2023-03-09T15:48:25.773+0000] {processor.py:743} INFO - Processing file /home/airflow/.local/lib/python3.7/site-packages/airflow/example_dags/example_branch_datetime_operator.py for tasks to queue
[2023-03-09T15:48:25.774+0000] {logging_mixin.py:137} INFO - [2023-03-09T15:48:25.773+0000] {dagbag.py:538} INFO - Filling up the DagBag from /home/airflow/.local/lib/python3.7/site-packages/airflow/example_dags/example_branch_datetime_operator.py
[2023-03-09T15:48:25.926+0000] {processor.py:753} INFO - DAG(s) dict_keys(['example_branch_datetime_operator_3', 'example_branch_datetime_operator', 'example_branch_datetime_operator_2']) retrieved from /home/airflow/.local/lib/python3.7/site-packages/airflow/example_dags/example_branch_datetime_operator.py
[2023-03-09T15:48:26.088+0000] {logging_mixin.py:137} INFO - [2023-03-09T15:48:26.088+0000] {dag.py:2690} INFO - Sync 3 DAGs
[2023-03-09T15:48:26.355+0000] {logging_mixin.py:137} INFO - [2023-03-09T15:48:26.355+0000] {dag.py:3441} INFO - Setting next_dagrun for example_branch_datetime_operator to 2023-03-08T00:00:00+00:00, run_after=2023-03-09T00:00:00+00:00
[2023-03-09T15:48:26.379+0000] {logging_mixin.py:137} INFO - [2023-03-09T15:48:26.379+0000] {dag.py:3441} INFO - Setting next_dagrun for example_branch_datetime_operator_2 to 2023-03-08T00:00:00+00:00, run_after=2023-03-09T00:00:00+00:00
[2023-03-09T15:48:26.399+0000] {logging_mixin.py:137} INFO - [2023-03-09T15:48:26.399+0000] {dag.py:3441} INFO - Setting next_dagrun for example_branch_datetime_operator_3 to 2023-03-08T00:00:00+00:00, run_after=2023-03-09T00:00:00+00:00
[2023-03-09T15:48:26.552+0000] {processor.py:175} INFO - Processing /home/airflow/.local/lib/python3.7/site-packages/airflow/example_dags/example_branch_datetime_operator.py took 0.823 seconds
[2023-03-09T15:48:57.176+0000] {processor.py:153} INFO - Started process (PID=1451) to work on /home/airflow/.local/lib/python3.7/site-packages/airflow/example_dags/example_branch_datetime_operator.py
[2023-03-09T15:48:57.177+0000] {processor.py:743} INFO - Processing file /home/airflow/.local/lib/python3.7/site-packages/airflow/example_dags/example_branch_datetime_operator.py for tasks to queue
[2023-03-09T15:48:57.197+0000] {logging_mixin.py:137} INFO - [2023-03-09T15:48:57.196+0000] {dagbag.py:538} INFO - Filling up the DagBag from /home/airflow/.local/lib/python3.7/site-packages/airflow/example_dags/example_branch_datetime_operator.py
[2023-03-09T15:48:57.258+0000] {processor.py:753} INFO - DAG(s) dict_keys(['example_branch_datetime_operator', 'example_branch_datetime_operator_2', 'example_branch_datetime_operator_3']) retrieved from /home/airflow/.local/lib/python3.7/site-packages/airflow/example_dags/example_branch_datetime_operator.py
[2023-03-09T15:48:57.337+0000] {logging_mixin.py:137} INFO - [2023-03-09T15:48:57.337+0000] {dag.py:2690} INFO - Sync 3 DAGs
[2023-03-09T15:48:57.403+0000] {logging_mixin.py:137} INFO - [2023-03-09T15:48:57.402+0000] {dag.py:3441} INFO - Setting next_dagrun for example_branch_datetime_operator to 2023-03-08T00:00:00+00:00, run_after=2023-03-09T00:00:00+00:00
[2023-03-09T15:48:57.414+0000] {logging_mixin.py:137} INFO - [2023-03-09T15:48:57.413+0000] {dag.py:3441} INFO - Setting next_dagrun for example_branch_datetime_operator_2 to 2023-03-08T00:00:00+00:00, run_after=2023-03-09T00:00:00+00:00
[2023-03-09T15:48:57.420+0000] {logging_mixin.py:137} INFO - [2023-03-09T15:48:57.420+0000] {dag.py:3441} INFO - Setting next_dagrun for example_branch_datetime_operator_3 to 2023-03-08T00:00:00+00:00, run_after=2023-03-09T00:00:00+00:00
[2023-03-09T15:48:57.452+0000] {processor.py:175} INFO - Processing /home/airflow/.local/lib/python3.7/site-packages/airflow/example_dags/example_branch_datetime_operator.py took 0.287 seconds
[2023-03-09T15:49:28.129+0000] {processor.py:153} INFO - Started process (PID=1513) to work on /home/airflow/.local/lib/python3.7/site-packages/airflow/example_dags/example_branch_datetime_operator.py
[2023-03-09T15:49:28.130+0000] {processor.py:743} INFO - Processing file /home/airflow/.local/lib/python3.7/site-packages/airflow/example_dags/example_branch_datetime_operator.py for tasks to queue
[2023-03-09T15:49:28.130+0000] {logging_mixin.py:137} INFO - [2023-03-09T15:49:28.130+0000] {dagbag.py:538} INFO - Filling up the DagBag from /home/airflow/.local/lib/python3.7/site-packages/airflow/example_dags/example_branch_datetime_operator.py
[2023-03-09T15:49:28.156+0000] {processor.py:753} INFO - DAG(s) dict_keys(['example_branch_datetime_operator_2', 'example_branch_datetime_operator_3', 'example_branch_datetime_operator']) retrieved from /home/airflow/.local/lib/python3.7/site-packages/airflow/example_dags/example_branch_datetime_operator.py
[2023-03-09T15:49:28.206+0000] {logging_mixin.py:137} INFO - [2023-03-09T15:49:28.206+0000] {dag.py:2690} INFO - Sync 3 DAGs
[2023-03-09T15:49:28.254+0000] {logging_mixin.py:137} INFO - [2023-03-09T15:49:28.254+0000] {dag.py:3441} INFO - Setting next_dagrun for example_branch_datetime_operator to 2023-03-08T00:00:00+00:00, run_after=2023-03-09T00:00:00+00:00
[2023-03-09T15:49:28.265+0000] {logging_mixin.py:137} INFO - [2023-03-09T15:49:28.265+0000] {dag.py:3441} INFO - Setting next_dagrun for example_branch_datetime_operator_2 to 2023-03-08T00:00:00+00:00, run_after=2023-03-09T00:00:00+00:00
[2023-03-09T15:49:28.271+0000] {logging_mixin.py:137} INFO - [2023-03-09T15:49:28.271+0000] {dag.py:3441} INFO - Setting next_dagrun for example_branch_datetime_operator_3 to 2023-03-08T00:00:00+00:00, run_after=2023-03-09T00:00:00+00:00
[2023-03-09T15:49:28.301+0000] {processor.py:175} INFO - Processing /home/airflow/.local/lib/python3.7/site-packages/airflow/example_dags/example_branch_datetime_operator.py took 0.176 seconds
