[2023-03-09T15:38:09.056+0000] {processor.py:153} INFO - Started process (PID=73) to work on /home/airflow/.local/lib/python3.7/site-packages/airflow/example_dags/example_task_group.py
[2023-03-09T15:38:09.057+0000] {processor.py:743} INFO - Processing file /home/airflow/.local/lib/python3.7/site-packages/airflow/example_dags/example_task_group.py for tasks to queue
[2023-03-09T15:38:09.074+0000] {logging_mixin.py:137} INFO - [2023-03-09T15:38:09.058+0000] {dagbag.py:538} INFO - Filling up the DagBag from /home/airflow/.local/lib/python3.7/site-packages/airflow/example_dags/example_task_group.py
[2023-03-09T15:38:09.183+0000] {processor.py:753} INFO - DAG(s) dict_keys(['example_task_group']) retrieved from /home/airflow/.local/lib/python3.7/site-packages/airflow/example_dags/example_task_group.py
[2023-03-09T15:38:09.366+0000] {logging_mixin.py:137} INFO - [2023-03-09T15:38:09.366+0000] {dag.py:2690} INFO - Sync 1 DAGs
[2023-03-09T15:38:09.536+0000] {logging_mixin.py:137} INFO - [2023-03-09T15:38:09.536+0000] {dag.py:3441} INFO - Setting next_dagrun for example_task_group to 2023-03-08T15:38:09.536232+00:00, run_after=2023-03-09T15:38:09.536232+00:00
[2023-03-09T15:38:09.680+0000] {processor.py:175} INFO - Processing /home/airflow/.local/lib/python3.7/site-packages/airflow/example_dags/example_task_group.py took 0.628 seconds
[2023-03-09T15:38:40.395+0000] {processor.py:153} INFO - Started process (PID=136) to work on /home/airflow/.local/lib/python3.7/site-packages/airflow/example_dags/example_task_group.py
[2023-03-09T15:38:40.397+0000] {processor.py:743} INFO - Processing file /home/airflow/.local/lib/python3.7/site-packages/airflow/example_dags/example_task_group.py for tasks to queue
[2023-03-09T15:38:40.399+0000] {logging_mixin.py:137} INFO - [2023-03-09T15:38:40.399+0000] {dagbag.py:538} INFO - Filling up the DagBag from /home/airflow/.local/lib/python3.7/site-packages/airflow/example_dags/example_task_group.py
[2023-03-09T15:38:40.427+0000] {processor.py:753} INFO - DAG(s) dict_keys(['example_task_group']) retrieved from /home/airflow/.local/lib/python3.7/site-packages/airflow/example_dags/example_task_group.py
[2023-03-09T15:38:40.472+0000] {logging_mixin.py:137} INFO - [2023-03-09T15:38:40.472+0000] {dag.py:2690} INFO - Sync 1 DAGs
[2023-03-09T15:38:40.555+0000] {logging_mixin.py:137} INFO - [2023-03-09T15:38:40.555+0000] {dag.py:3441} INFO - Setting next_dagrun for example_task_group to 2023-03-08T15:38:40.555146+00:00, run_after=2023-03-09T15:38:40.555146+00:00
[2023-03-09T15:38:40.627+0000] {processor.py:175} INFO - Processing /home/airflow/.local/lib/python3.7/site-packages/airflow/example_dags/example_task_group.py took 0.236 seconds
[2023-03-09T15:39:11.171+0000] {processor.py:153} INFO - Started process (PID=201) to work on /home/airflow/.local/lib/python3.7/site-packages/airflow/example_dags/example_task_group.py
[2023-03-09T15:39:11.172+0000] {processor.py:743} INFO - Processing file /home/airflow/.local/lib/python3.7/site-packages/airflow/example_dags/example_task_group.py for tasks to queue
[2023-03-09T15:39:11.172+0000] {logging_mixin.py:137} INFO - [2023-03-09T15:39:11.172+0000] {dagbag.py:538} INFO - Filling up the DagBag from /home/airflow/.local/lib/python3.7/site-packages/airflow/example_dags/example_task_group.py
[2023-03-09T15:39:11.193+0000] {processor.py:753} INFO - DAG(s) dict_keys(['example_task_group']) retrieved from /home/airflow/.local/lib/python3.7/site-packages/airflow/example_dags/example_task_group.py
[2023-03-09T15:39:11.229+0000] {logging_mixin.py:137} INFO - [2023-03-09T15:39:11.229+0000] {dag.py:2690} INFO - Sync 1 DAGs
[2023-03-09T15:39:11.264+0000] {logging_mixin.py:137} INFO - [2023-03-09T15:39:11.264+0000] {dag.py:3441} INFO - Setting next_dagrun for example_task_group to 2023-03-08T15:39:11.264153+00:00, run_after=2023-03-09T15:39:11.264153+00:00
[2023-03-09T15:39:11.290+0000] {processor.py:175} INFO - Processing /home/airflow/.local/lib/python3.7/site-packages/airflow/example_dags/example_task_group.py took 0.123 seconds
[2023-03-09T15:39:41.343+0000] {processor.py:153} INFO - Started process (PID=264) to work on /home/airflow/.local/lib/python3.7/site-packages/airflow/example_dags/example_task_group.py
[2023-03-09T15:39:41.344+0000] {processor.py:743} INFO - Processing file /home/airflow/.local/lib/python3.7/site-packages/airflow/example_dags/example_task_group.py for tasks to queue
[2023-03-09T15:39:41.345+0000] {logging_mixin.py:137} INFO - [2023-03-09T15:39:41.345+0000] {dagbag.py:538} INFO - Filling up the DagBag from /home/airflow/.local/lib/python3.7/site-packages/airflow/example_dags/example_task_group.py
[2023-03-09T15:39:41.362+0000] {processor.py:753} INFO - DAG(s) dict_keys(['example_task_group']) retrieved from /home/airflow/.local/lib/python3.7/site-packages/airflow/example_dags/example_task_group.py
[2023-03-09T15:39:41.402+0000] {logging_mixin.py:137} INFO - [2023-03-09T15:39:41.402+0000] {dag.py:2690} INFO - Sync 1 DAGs
[2023-03-09T15:39:41.447+0000] {logging_mixin.py:137} INFO - [2023-03-09T15:39:41.447+0000] {dag.py:3441} INFO - Setting next_dagrun for example_task_group to 2023-03-08T15:39:41.447083+00:00, run_after=2023-03-09T15:39:41.447083+00:00
[2023-03-09T15:39:41.477+0000] {processor.py:175} INFO - Processing /home/airflow/.local/lib/python3.7/site-packages/airflow/example_dags/example_task_group.py took 0.137 seconds
[2023-03-09T15:40:12.188+0000] {processor.py:153} INFO - Started process (PID=327) to work on /home/airflow/.local/lib/python3.7/site-packages/airflow/example_dags/example_task_group.py
[2023-03-09T15:40:12.196+0000] {processor.py:743} INFO - Processing file /home/airflow/.local/lib/python3.7/site-packages/airflow/example_dags/example_task_group.py for tasks to queue
[2023-03-09T15:40:12.197+0000] {logging_mixin.py:137} INFO - [2023-03-09T15:40:12.197+0000] {dagbag.py:538} INFO - Filling up the DagBag from /home/airflow/.local/lib/python3.7/site-packages/airflow/example_dags/example_task_group.py
[2023-03-09T15:40:12.237+0000] {processor.py:753} INFO - DAG(s) dict_keys(['example_task_group']) retrieved from /home/airflow/.local/lib/python3.7/site-packages/airflow/example_dags/example_task_group.py
[2023-03-09T15:40:12.297+0000] {logging_mixin.py:137} INFO - [2023-03-09T15:40:12.297+0000] {dag.py:2690} INFO - Sync 1 DAGs
[2023-03-09T15:40:12.353+0000] {logging_mixin.py:137} INFO - [2023-03-09T15:40:12.353+0000] {dag.py:3441} INFO - Setting next_dagrun for example_task_group to 2023-03-08T15:40:12.352752+00:00, run_after=2023-03-09T15:40:12.352752+00:00
[2023-03-09T15:40:12.391+0000] {processor.py:175} INFO - Processing /home/airflow/.local/lib/python3.7/site-packages/airflow/example_dags/example_task_group.py took 0.223 seconds
[2023-03-09T15:40:43.093+0000] {processor.py:153} INFO - Started process (PID=402) to work on /home/airflow/.local/lib/python3.7/site-packages/airflow/example_dags/example_task_group.py
[2023-03-09T15:40:43.095+0000] {processor.py:743} INFO - Processing file /home/airflow/.local/lib/python3.7/site-packages/airflow/example_dags/example_task_group.py for tasks to queue
[2023-03-09T15:40:43.095+0000] {logging_mixin.py:137} INFO - [2023-03-09T15:40:43.095+0000] {dagbag.py:538} INFO - Filling up the DagBag from /home/airflow/.local/lib/python3.7/site-packages/airflow/example_dags/example_task_group.py
[2023-03-09T15:40:43.123+0000] {processor.py:753} INFO - DAG(s) dict_keys(['example_task_group']) retrieved from /home/airflow/.local/lib/python3.7/site-packages/airflow/example_dags/example_task_group.py
[2023-03-09T15:40:43.165+0000] {logging_mixin.py:137} INFO - [2023-03-09T15:40:43.165+0000] {dag.py:2690} INFO - Sync 1 DAGs
[2023-03-09T15:40:43.219+0000] {logging_mixin.py:137} INFO - [2023-03-09T15:40:43.218+0000] {dag.py:3441} INFO - Setting next_dagrun for example_task_group to 2023-03-08T15:40:43.218611+00:00, run_after=2023-03-09T15:40:43.218611+00:00
[2023-03-09T15:40:43.247+0000] {processor.py:175} INFO - Processing /home/airflow/.local/lib/python3.7/site-packages/airflow/example_dags/example_task_group.py took 0.158 seconds
[2023-03-09T15:41:13.373+0000] {processor.py:153} INFO - Started process (PID=464) to work on /home/airflow/.local/lib/python3.7/site-packages/airflow/example_dags/example_task_group.py
[2023-03-09T15:41:13.374+0000] {processor.py:743} INFO - Processing file /home/airflow/.local/lib/python3.7/site-packages/airflow/example_dags/example_task_group.py for tasks to queue
[2023-03-09T15:41:13.375+0000] {logging_mixin.py:137} INFO - [2023-03-09T15:41:13.375+0000] {dagbag.py:538} INFO - Filling up the DagBag from /home/airflow/.local/lib/python3.7/site-packages/airflow/example_dags/example_task_group.py
[2023-03-09T15:41:13.393+0000] {processor.py:753} INFO - DAG(s) dict_keys(['example_task_group']) retrieved from /home/airflow/.local/lib/python3.7/site-packages/airflow/example_dags/example_task_group.py
[2023-03-09T15:41:13.425+0000] {logging_mixin.py:137} INFO - [2023-03-09T15:41:13.425+0000] {dag.py:2690} INFO - Sync 1 DAGs
[2023-03-09T15:41:13.463+0000] {logging_mixin.py:137} INFO - [2023-03-09T15:41:13.463+0000] {dag.py:3441} INFO - Setting next_dagrun for example_task_group to 2023-03-08T15:41:13.462996+00:00, run_after=2023-03-09T15:41:13.462996+00:00
[2023-03-09T15:41:13.488+0000] {processor.py:175} INFO - Processing /home/airflow/.local/lib/python3.7/site-packages/airflow/example_dags/example_task_group.py took 0.119 seconds
[2023-03-09T15:41:44.242+0000] {processor.py:153} INFO - Started process (PID=528) to work on /home/airflow/.local/lib/python3.7/site-packages/airflow/example_dags/example_task_group.py
[2023-03-09T15:41:44.243+0000] {processor.py:743} INFO - Processing file /home/airflow/.local/lib/python3.7/site-packages/airflow/example_dags/example_task_group.py for tasks to queue
[2023-03-09T15:41:44.244+0000] {logging_mixin.py:137} INFO - [2023-03-09T15:41:44.243+0000] {dagbag.py:538} INFO - Filling up the DagBag from /home/airflow/.local/lib/python3.7/site-packages/airflow/example_dags/example_task_group.py
[2023-03-09T15:41:44.268+0000] {processor.py:753} INFO - DAG(s) dict_keys(['example_task_group']) retrieved from /home/airflow/.local/lib/python3.7/site-packages/airflow/example_dags/example_task_group.py
[2023-03-09T15:41:44.310+0000] {logging_mixin.py:137} INFO - [2023-03-09T15:41:44.309+0000] {dag.py:2690} INFO - Sync 1 DAGs
[2023-03-09T15:41:44.363+0000] {logging_mixin.py:137} INFO - [2023-03-09T15:41:44.363+0000] {dag.py:3441} INFO - Setting next_dagrun for example_task_group to 2023-03-08T15:41:44.362727+00:00, run_after=2023-03-09T15:41:44.362727+00:00
[2023-03-09T15:41:44.417+0000] {processor.py:175} INFO - Processing /home/airflow/.local/lib/python3.7/site-packages/airflow/example_dags/example_task_group.py took 0.180 seconds
[2023-03-09T15:42:15.143+0000] {processor.py:153} INFO - Started process (PID=593) to work on /home/airflow/.local/lib/python3.7/site-packages/airflow/example_dags/example_task_group.py
[2023-03-09T15:42:15.144+0000] {processor.py:743} INFO - Processing file /home/airflow/.local/lib/python3.7/site-packages/airflow/example_dags/example_task_group.py for tasks to queue
[2023-03-09T15:42:15.145+0000] {logging_mixin.py:137} INFO - [2023-03-09T15:42:15.145+0000] {dagbag.py:538} INFO - Filling up the DagBag from /home/airflow/.local/lib/python3.7/site-packages/airflow/example_dags/example_task_group.py
[2023-03-09T15:42:15.170+0000] {processor.py:753} INFO - DAG(s) dict_keys(['example_task_group']) retrieved from /home/airflow/.local/lib/python3.7/site-packages/airflow/example_dags/example_task_group.py
[2023-03-09T15:42:15.216+0000] {logging_mixin.py:137} INFO - [2023-03-09T15:42:15.216+0000] {dag.py:2690} INFO - Sync 1 DAGs
[2023-03-09T15:42:15.254+0000] {logging_mixin.py:137} INFO - [2023-03-09T15:42:15.254+0000] {dag.py:3441} INFO - Setting next_dagrun for example_task_group to 2023-03-08T15:42:15.254375+00:00, run_after=2023-03-09T15:42:15.254375+00:00
[2023-03-09T15:42:15.280+0000] {processor.py:175} INFO - Processing /home/airflow/.local/lib/python3.7/site-packages/airflow/example_dags/example_task_group.py took 0.141 seconds
[2023-03-09T15:42:45.979+0000] {processor.py:153} INFO - Started process (PID=667) to work on /home/airflow/.local/lib/python3.7/site-packages/airflow/example_dags/example_task_group.py
[2023-03-09T15:42:45.980+0000] {processor.py:743} INFO - Processing file /home/airflow/.local/lib/python3.7/site-packages/airflow/example_dags/example_task_group.py for tasks to queue
[2023-03-09T15:42:45.981+0000] {logging_mixin.py:137} INFO - [2023-03-09T15:42:45.981+0000] {dagbag.py:538} INFO - Filling up the DagBag from /home/airflow/.local/lib/python3.7/site-packages/airflow/example_dags/example_task_group.py
[2023-03-09T15:42:46.021+0000] {processor.py:753} INFO - DAG(s) dict_keys(['example_task_group']) retrieved from /home/airflow/.local/lib/python3.7/site-packages/airflow/example_dags/example_task_group.py
[2023-03-09T15:42:46.094+0000] {logging_mixin.py:137} INFO - [2023-03-09T15:42:46.093+0000] {dag.py:2690} INFO - Sync 1 DAGs
[2023-03-09T15:42:46.148+0000] {logging_mixin.py:137} INFO - [2023-03-09T15:42:46.148+0000] {dag.py:3441} INFO - Setting next_dagrun for example_task_group to 2023-03-08T15:42:46.147689+00:00, run_after=2023-03-09T15:42:46.147689+00:00
[2023-03-09T15:42:46.183+0000] {processor.py:175} INFO - Processing /home/airflow/.local/lib/python3.7/site-packages/airflow/example_dags/example_task_group.py took 0.212 seconds
[2023-03-09T15:43:16.944+0000] {processor.py:153} INFO - Started process (PID=731) to work on /home/airflow/.local/lib/python3.7/site-packages/airflow/example_dags/example_task_group.py
[2023-03-09T15:43:16.951+0000] {processor.py:743} INFO - Processing file /home/airflow/.local/lib/python3.7/site-packages/airflow/example_dags/example_task_group.py for tasks to queue
[2023-03-09T15:43:16.952+0000] {logging_mixin.py:137} INFO - [2023-03-09T15:43:16.952+0000] {dagbag.py:538} INFO - Filling up the DagBag from /home/airflow/.local/lib/python3.7/site-packages/airflow/example_dags/example_task_group.py
[2023-03-09T15:43:16.977+0000] {processor.py:753} INFO - DAG(s) dict_keys(['example_task_group']) retrieved from /home/airflow/.local/lib/python3.7/site-packages/airflow/example_dags/example_task_group.py
[2023-03-09T15:43:17.021+0000] {logging_mixin.py:137} INFO - [2023-03-09T15:43:17.021+0000] {dag.py:2690} INFO - Sync 1 DAGs
[2023-03-09T15:43:17.077+0000] {logging_mixin.py:137} INFO - [2023-03-09T15:43:17.077+0000] {dag.py:3441} INFO - Setting next_dagrun for example_task_group to 2023-03-08T15:43:17.077310+00:00, run_after=2023-03-09T15:43:17.077310+00:00
[2023-03-09T15:43:17.113+0000] {processor.py:175} INFO - Processing /home/airflow/.local/lib/python3.7/site-packages/airflow/example_dags/example_task_group.py took 0.174 seconds
[2023-03-09T15:43:47.139+0000] {processor.py:153} INFO - Started process (PID=793) to work on /home/airflow/.local/lib/python3.7/site-packages/airflow/example_dags/example_task_group.py
[2023-03-09T15:43:47.140+0000] {processor.py:743} INFO - Processing file /home/airflow/.local/lib/python3.7/site-packages/airflow/example_dags/example_task_group.py for tasks to queue
[2023-03-09T15:43:47.140+0000] {logging_mixin.py:137} INFO - [2023-03-09T15:43:47.140+0000] {dagbag.py:538} INFO - Filling up the DagBag from /home/airflow/.local/lib/python3.7/site-packages/airflow/example_dags/example_task_group.py
[2023-03-09T15:43:47.158+0000] {processor.py:753} INFO - DAG(s) dict_keys(['example_task_group']) retrieved from /home/airflow/.local/lib/python3.7/site-packages/airflow/example_dags/example_task_group.py
[2023-03-09T15:43:47.197+0000] {logging_mixin.py:137} INFO - [2023-03-09T15:43:47.197+0000] {dag.py:2690} INFO - Sync 1 DAGs
[2023-03-09T15:43:47.241+0000] {logging_mixin.py:137} INFO - [2023-03-09T15:43:47.240+0000] {dag.py:3441} INFO - Setting next_dagrun for example_task_group to 2023-03-08T15:43:47.240727+00:00, run_after=2023-03-09T15:43:47.240727+00:00
[2023-03-09T15:43:47.265+0000] {processor.py:175} INFO - Processing /home/airflow/.local/lib/python3.7/site-packages/airflow/example_dags/example_task_group.py took 0.130 seconds
[2023-03-09T15:44:17.366+0000] {processor.py:153} INFO - Started process (PID=855) to work on /home/airflow/.local/lib/python3.7/site-packages/airflow/example_dags/example_task_group.py
[2023-03-09T15:44:17.367+0000] {processor.py:743} INFO - Processing file /home/airflow/.local/lib/python3.7/site-packages/airflow/example_dags/example_task_group.py for tasks to queue
[2023-03-09T15:44:17.367+0000] {logging_mixin.py:137} INFO - [2023-03-09T15:44:17.367+0000] {dagbag.py:538} INFO - Filling up the DagBag from /home/airflow/.local/lib/python3.7/site-packages/airflow/example_dags/example_task_group.py
[2023-03-09T15:44:17.386+0000] {processor.py:753} INFO - DAG(s) dict_keys(['example_task_group']) retrieved from /home/airflow/.local/lib/python3.7/site-packages/airflow/example_dags/example_task_group.py
[2023-03-09T15:44:17.416+0000] {logging_mixin.py:137} INFO - [2023-03-09T15:44:17.416+0000] {dag.py:2690} INFO - Sync 1 DAGs
[2023-03-09T15:44:17.452+0000] {logging_mixin.py:137} INFO - [2023-03-09T15:44:17.451+0000] {dag.py:3441} INFO - Setting next_dagrun for example_task_group to 2023-03-08T15:44:17.451599+00:00, run_after=2023-03-09T15:44:17.451599+00:00
[2023-03-09T15:44:17.477+0000] {processor.py:175} INFO - Processing /home/airflow/.local/lib/python3.7/site-packages/airflow/example_dags/example_task_group.py took 0.114 seconds
[2023-03-09T15:44:48.089+0000] {processor.py:153} INFO - Started process (PID=919) to work on /home/airflow/.local/lib/python3.7/site-packages/airflow/example_dags/example_task_group.py
[2023-03-09T15:44:48.090+0000] {processor.py:743} INFO - Processing file /home/airflow/.local/lib/python3.7/site-packages/airflow/example_dags/example_task_group.py for tasks to queue
[2023-03-09T15:44:48.091+0000] {logging_mixin.py:137} INFO - [2023-03-09T15:44:48.091+0000] {dagbag.py:538} INFO - Filling up the DagBag from /home/airflow/.local/lib/python3.7/site-packages/airflow/example_dags/example_task_group.py
[2023-03-09T15:44:48.122+0000] {processor.py:753} INFO - DAG(s) dict_keys(['example_task_group']) retrieved from /home/airflow/.local/lib/python3.7/site-packages/airflow/example_dags/example_task_group.py
[2023-03-09T15:44:48.232+0000] {logging_mixin.py:137} INFO - [2023-03-09T15:44:48.231+0000] {dag.py:2690} INFO - Sync 1 DAGs
[2023-03-09T15:44:48.279+0000] {logging_mixin.py:137} INFO - [2023-03-09T15:44:48.278+0000] {dag.py:3441} INFO - Setting next_dagrun for example_task_group to 2023-03-08T15:44:48.278450+00:00, run_after=2023-03-09T15:44:48.278450+00:00
[2023-03-09T15:44:48.310+0000] {processor.py:175} INFO - Processing /home/airflow/.local/lib/python3.7/site-packages/airflow/example_dags/example_task_group.py took 0.226 seconds
[2023-03-09T15:45:18.612+0000] {processor.py:153} INFO - Started process (PID=988) to work on /home/airflow/.local/lib/python3.7/site-packages/airflow/example_dags/example_task_group.py
[2023-03-09T15:45:18.620+0000] {processor.py:743} INFO - Processing file /home/airflow/.local/lib/python3.7/site-packages/airflow/example_dags/example_task_group.py for tasks to queue
[2023-03-09T15:45:18.622+0000] {logging_mixin.py:137} INFO - [2023-03-09T15:45:18.621+0000] {dagbag.py:538} INFO - Filling up the DagBag from /home/airflow/.local/lib/python3.7/site-packages/airflow/example_dags/example_task_group.py
[2023-03-09T15:45:18.664+0000] {processor.py:753} INFO - DAG(s) dict_keys(['example_task_group']) retrieved from /home/airflow/.local/lib/python3.7/site-packages/airflow/example_dags/example_task_group.py
[2023-03-09T15:45:18.709+0000] {logging_mixin.py:137} INFO - [2023-03-09T15:45:18.709+0000] {dag.py:2690} INFO - Sync 1 DAGs
[2023-03-09T15:45:18.762+0000] {logging_mixin.py:137} INFO - [2023-03-09T15:45:18.762+0000] {dag.py:3441} INFO - Setting next_dagrun for example_task_group to 2023-03-08T15:45:18.762034+00:00, run_after=2023-03-09T15:45:18.762034+00:00
[2023-03-09T15:45:18.796+0000] {processor.py:175} INFO - Processing /home/airflow/.local/lib/python3.7/site-packages/airflow/example_dags/example_task_group.py took 0.189 seconds
[2023-03-09T15:45:49.349+0000] {processor.py:153} INFO - Started process (PID=1057) to work on /home/airflow/.local/lib/python3.7/site-packages/airflow/example_dags/example_task_group.py
[2023-03-09T15:45:49.350+0000] {processor.py:743} INFO - Processing file /home/airflow/.local/lib/python3.7/site-packages/airflow/example_dags/example_task_group.py for tasks to queue
[2023-03-09T15:45:49.350+0000] {logging_mixin.py:137} INFO - [2023-03-09T15:45:49.350+0000] {dagbag.py:538} INFO - Filling up the DagBag from /home/airflow/.local/lib/python3.7/site-packages/airflow/example_dags/example_task_group.py
[2023-03-09T15:45:49.377+0000] {processor.py:753} INFO - DAG(s) dict_keys(['example_task_group']) retrieved from /home/airflow/.local/lib/python3.7/site-packages/airflow/example_dags/example_task_group.py
[2023-03-09T15:45:49.450+0000] {logging_mixin.py:137} INFO - [2023-03-09T15:45:49.450+0000] {dag.py:2690} INFO - Sync 1 DAGs
[2023-03-09T15:45:49.543+0000] {logging_mixin.py:137} INFO - [2023-03-09T15:45:49.543+0000] {dag.py:3441} INFO - Setting next_dagrun for example_task_group to 2023-03-08T15:45:49.543323+00:00, run_after=2023-03-09T15:45:49.543323+00:00
[2023-03-09T15:45:49.579+0000] {processor.py:175} INFO - Processing /home/airflow/.local/lib/python3.7/site-packages/airflow/example_dags/example_task_group.py took 0.234 seconds
[2023-03-09T15:46:20.432+0000] {processor.py:153} INFO - Started process (PID=1123) to work on /home/airflow/.local/lib/python3.7/site-packages/airflow/example_dags/example_task_group.py
[2023-03-09T15:46:20.433+0000] {processor.py:743} INFO - Processing file /home/airflow/.local/lib/python3.7/site-packages/airflow/example_dags/example_task_group.py for tasks to queue
[2023-03-09T15:46:20.435+0000] {logging_mixin.py:137} INFO - [2023-03-09T15:46:20.434+0000] {dagbag.py:538} INFO - Filling up the DagBag from /home/airflow/.local/lib/python3.7/site-packages/airflow/example_dags/example_task_group.py
[2023-03-09T15:46:20.462+0000] {processor.py:753} INFO - DAG(s) dict_keys(['example_task_group']) retrieved from /home/airflow/.local/lib/python3.7/site-packages/airflow/example_dags/example_task_group.py
[2023-03-09T15:46:20.507+0000] {logging_mixin.py:137} INFO - [2023-03-09T15:46:20.506+0000] {dag.py:2690} INFO - Sync 1 DAGs
[2023-03-09T15:46:20.560+0000] {logging_mixin.py:137} INFO - [2023-03-09T15:46:20.560+0000] {dag.py:3441} INFO - Setting next_dagrun for example_task_group to 2023-03-08T15:46:20.560372+00:00, run_after=2023-03-09T15:46:20.560372+00:00
[2023-03-09T15:46:20.595+0000] {processor.py:175} INFO - Processing /home/airflow/.local/lib/python3.7/site-packages/airflow/example_dags/example_task_group.py took 0.168 seconds
[2023-03-09T15:46:51.066+0000] {processor.py:153} INFO - Started process (PID=1186) to work on /home/airflow/.local/lib/python3.7/site-packages/airflow/example_dags/example_task_group.py
[2023-03-09T15:46:51.067+0000] {processor.py:743} INFO - Processing file /home/airflow/.local/lib/python3.7/site-packages/airflow/example_dags/example_task_group.py for tasks to queue
[2023-03-09T15:46:51.067+0000] {logging_mixin.py:137} INFO - [2023-03-09T15:46:51.067+0000] {dagbag.py:538} INFO - Filling up the DagBag from /home/airflow/.local/lib/python3.7/site-packages/airflow/example_dags/example_task_group.py
[2023-03-09T15:46:51.087+0000] {processor.py:753} INFO - DAG(s) dict_keys(['example_task_group']) retrieved from /home/airflow/.local/lib/python3.7/site-packages/airflow/example_dags/example_task_group.py
[2023-03-09T15:46:51.119+0000] {logging_mixin.py:137} INFO - [2023-03-09T15:46:51.119+0000] {dag.py:2690} INFO - Sync 1 DAGs
[2023-03-09T15:46:51.156+0000] {logging_mixin.py:137} INFO - [2023-03-09T15:46:51.156+0000] {dag.py:3441} INFO - Setting next_dagrun for example_task_group to 2023-03-08T15:46:51.155946+00:00, run_after=2023-03-09T15:46:51.155946+00:00
[2023-03-09T15:46:51.186+0000] {processor.py:175} INFO - Processing /home/airflow/.local/lib/python3.7/site-packages/airflow/example_dags/example_task_group.py took 0.123 seconds
[2023-03-09T15:47:21.409+0000] {processor.py:153} INFO - Started process (PID=1249) to work on /home/airflow/.local/lib/python3.7/site-packages/airflow/example_dags/example_task_group.py
[2023-03-09T15:47:21.410+0000] {processor.py:743} INFO - Processing file /home/airflow/.local/lib/python3.7/site-packages/airflow/example_dags/example_task_group.py for tasks to queue
[2023-03-09T15:47:21.411+0000] {logging_mixin.py:137} INFO - [2023-03-09T15:47:21.410+0000] {dagbag.py:538} INFO - Filling up the DagBag from /home/airflow/.local/lib/python3.7/site-packages/airflow/example_dags/example_task_group.py
[2023-03-09T15:47:21.428+0000] {processor.py:753} INFO - DAG(s) dict_keys(['example_task_group']) retrieved from /home/airflow/.local/lib/python3.7/site-packages/airflow/example_dags/example_task_group.py
[2023-03-09T15:47:21.461+0000] {logging_mixin.py:137} INFO - [2023-03-09T15:47:21.461+0000] {dag.py:2690} INFO - Sync 1 DAGs
[2023-03-09T15:47:21.498+0000] {logging_mixin.py:137} INFO - [2023-03-09T15:47:21.498+0000] {dag.py:3441} INFO - Setting next_dagrun for example_task_group to 2023-03-08T15:47:21.498274+00:00, run_after=2023-03-09T15:47:21.498274+00:00
[2023-03-09T15:47:21.527+0000] {processor.py:175} INFO - Processing /home/airflow/.local/lib/python3.7/site-packages/airflow/example_dags/example_task_group.py took 0.121 seconds
[2023-03-09T15:47:52.026+0000] {processor.py:153} INFO - Started process (PID=1311) to work on /home/airflow/.local/lib/python3.7/site-packages/airflow/example_dags/example_task_group.py
[2023-03-09T15:47:52.031+0000] {processor.py:743} INFO - Processing file /home/airflow/.local/lib/python3.7/site-packages/airflow/example_dags/example_task_group.py for tasks to queue
[2023-03-09T15:47:52.032+0000] {logging_mixin.py:137} INFO - [2023-03-09T15:47:52.031+0000] {dagbag.py:538} INFO - Filling up the DagBag from /home/airflow/.local/lib/python3.7/site-packages/airflow/example_dags/example_task_group.py
[2023-03-09T15:47:52.054+0000] {processor.py:753} INFO - DAG(s) dict_keys(['example_task_group']) retrieved from /home/airflow/.local/lib/python3.7/site-packages/airflow/example_dags/example_task_group.py
[2023-03-09T15:47:52.115+0000] {logging_mixin.py:137} INFO - [2023-03-09T15:47:52.115+0000] {dag.py:2690} INFO - Sync 1 DAGs
[2023-03-09T15:47:52.169+0000] {logging_mixin.py:137} INFO - [2023-03-09T15:47:52.167+0000] {dag.py:3441} INFO - Setting next_dagrun for example_task_group to 2023-03-08T15:47:52.167317+00:00, run_after=2023-03-09T15:47:52.167317+00:00
[2023-03-09T15:47:52.215+0000] {processor.py:175} INFO - Processing /home/airflow/.local/lib/python3.7/site-packages/airflow/example_dags/example_task_group.py took 0.193 seconds
[2023-03-09T15:48:22.257+0000] {processor.py:153} INFO - Started process (PID=1374) to work on /home/airflow/.local/lib/python3.7/site-packages/airflow/example_dags/example_task_group.py
[2023-03-09T15:48:22.258+0000] {processor.py:743} INFO - Processing file /home/airflow/.local/lib/python3.7/site-packages/airflow/example_dags/example_task_group.py for tasks to queue
[2023-03-09T15:48:22.258+0000] {logging_mixin.py:137} INFO - [2023-03-09T15:48:22.258+0000] {dagbag.py:538} INFO - Filling up the DagBag from /home/airflow/.local/lib/python3.7/site-packages/airflow/example_dags/example_task_group.py
[2023-03-09T15:48:22.275+0000] {processor.py:753} INFO - DAG(s) dict_keys(['example_task_group']) retrieved from /home/airflow/.local/lib/python3.7/site-packages/airflow/example_dags/example_task_group.py
[2023-03-09T15:48:22.304+0000] {logging_mixin.py:137} INFO - [2023-03-09T15:48:22.304+0000] {dag.py:2690} INFO - Sync 1 DAGs
[2023-03-09T15:48:22.338+0000] {logging_mixin.py:137} INFO - [2023-03-09T15:48:22.338+0000] {dag.py:3441} INFO - Setting next_dagrun for example_task_group to 2023-03-08T15:48:22.337964+00:00, run_after=2023-03-09T15:48:22.337964+00:00
[2023-03-09T15:48:22.362+0000] {processor.py:175} INFO - Processing /home/airflow/.local/lib/python3.7/site-packages/airflow/example_dags/example_task_group.py took 0.109 seconds
[2023-03-09T15:48:52.893+0000] {processor.py:153} INFO - Started process (PID=1445) to work on /home/airflow/.local/lib/python3.7/site-packages/airflow/example_dags/example_task_group.py
[2023-03-09T15:48:52.894+0000] {processor.py:743} INFO - Processing file /home/airflow/.local/lib/python3.7/site-packages/airflow/example_dags/example_task_group.py for tasks to queue
[2023-03-09T15:48:52.895+0000] {logging_mixin.py:137} INFO - [2023-03-09T15:48:52.895+0000] {dagbag.py:538} INFO - Filling up the DagBag from /home/airflow/.local/lib/python3.7/site-packages/airflow/example_dags/example_task_group.py
[2023-03-09T15:48:52.921+0000] {processor.py:753} INFO - DAG(s) dict_keys(['example_task_group']) retrieved from /home/airflow/.local/lib/python3.7/site-packages/airflow/example_dags/example_task_group.py
[2023-03-09T15:48:52.957+0000] {logging_mixin.py:137} INFO - [2023-03-09T15:48:52.957+0000] {dag.py:2690} INFO - Sync 1 DAGs
[2023-03-09T15:48:52.999+0000] {logging_mixin.py:137} INFO - [2023-03-09T15:48:52.999+0000] {dag.py:3441} INFO - Setting next_dagrun for example_task_group to 2023-03-08T15:48:52.999148+00:00, run_after=2023-03-09T15:48:52.999148+00:00
[2023-03-09T15:48:53.038+0000] {processor.py:175} INFO - Processing /home/airflow/.local/lib/python3.7/site-packages/airflow/example_dags/example_task_group.py took 0.150 seconds
[2023-03-09T15:49:23.279+0000] {processor.py:153} INFO - Started process (PID=1510) to work on /home/airflow/.local/lib/python3.7/site-packages/airflow/example_dags/example_task_group.py
[2023-03-09T15:49:23.312+0000] {processor.py:743} INFO - Processing file /home/airflow/.local/lib/python3.7/site-packages/airflow/example_dags/example_task_group.py for tasks to queue
[2023-03-09T15:49:23.313+0000] {logging_mixin.py:137} INFO - [2023-03-09T15:49:23.313+0000] {dagbag.py:538} INFO - Filling up the DagBag from /home/airflow/.local/lib/python3.7/site-packages/airflow/example_dags/example_task_group.py
[2023-03-09T15:49:23.440+0000] {processor.py:753} INFO - DAG(s) dict_keys(['example_task_group']) retrieved from /home/airflow/.local/lib/python3.7/site-packages/airflow/example_dags/example_task_group.py
[2023-03-09T15:49:23.515+0000] {logging_mixin.py:137} INFO - [2023-03-09T15:49:23.514+0000] {dag.py:2690} INFO - Sync 1 DAGs
[2023-03-09T15:49:23.654+0000] {logging_mixin.py:137} INFO - [2023-03-09T15:49:23.654+0000] {dag.py:3441} INFO - Setting next_dagrun for example_task_group to 2023-03-08T15:49:23.654010+00:00, run_after=2023-03-09T15:49:23.654010+00:00
[2023-03-09T15:49:23.711+0000] {processor.py:175} INFO - Processing /home/airflow/.local/lib/python3.7/site-packages/airflow/example_dags/example_task_group.py took 0.481 seconds
