[2023-03-09T15:38:10.572+0000] {processor.py:153} INFO - Started process (PID=77) to work on /home/airflow/.local/lib/python3.7/site-packages/airflow/example_dags/example_datasets.py
[2023-03-09T15:38:10.573+0000] {processor.py:743} INFO - Processing file /home/airflow/.local/lib/python3.7/site-packages/airflow/example_dags/example_datasets.py for tasks to queue
[2023-03-09T15:38:10.588+0000] {logging_mixin.py:137} INFO - [2023-03-09T15:38:10.574+0000] {dagbag.py:538} INFO - Filling up the DagBag from /home/airflow/.local/lib/python3.7/site-packages/airflow/example_dags/example_datasets.py
[2023-03-09T15:38:10.781+0000] {processor.py:753} INFO - DAG(s) dict_keys(['dataset_produces_1', 'dataset_consumes_1_and_2', 'dataset_consumes_unknown_never_scheduled', 'dataset_consumes_1', 'dataset_produces_2', 'dataset_consumes_1_never_scheduled']) retrieved from /home/airflow/.local/lib/python3.7/site-packages/airflow/example_dags/example_datasets.py
[2023-03-09T15:38:11.125+0000] {logging_mixin.py:137} INFO - [2023-03-09T15:38:11.125+0000] {dag.py:2690} INFO - Sync 6 DAGs
[2023-03-09T15:38:11.225+0000] {logging_mixin.py:137} INFO - [2023-03-09T15:38:11.225+0000] {dag.py:3441} INFO - Setting next_dagrun for dataset_consumes_1 to None, run_after=None
[2023-03-09T15:38:11.253+0000] {logging_mixin.py:137} INFO - [2023-03-09T15:38:11.253+0000] {dag.py:3441} INFO - Setting next_dagrun for dataset_consumes_1_and_2 to None, run_after=None
[2023-03-09T15:38:11.255+0000] {logging_mixin.py:137} INFO - [2023-03-09T15:38:11.255+0000] {dag.py:3441} INFO - Setting next_dagrun for dataset_consumes_1_never_scheduled to None, run_after=None
[2023-03-09T15:38:11.261+0000] {logging_mixin.py:137} INFO - [2023-03-09T15:38:11.260+0000] {dag.py:3441} INFO - Setting next_dagrun for dataset_consumes_unknown_never_scheduled to None, run_after=None
[2023-03-09T15:38:11.267+0000] {logging_mixin.py:137} INFO - [2023-03-09T15:38:11.267+0000] {dag.py:3441} INFO - Setting next_dagrun for dataset_produces_1 to 2023-03-08T00:00:00+00:00, run_after=2023-03-09T00:00:00+00:00
[2023-03-09T15:38:11.278+0000] {logging_mixin.py:137} INFO - [2023-03-09T15:38:11.277+0000] {dag.py:3441} INFO - Setting next_dagrun for dataset_produces_2 to None, run_after=None
[2023-03-09T15:38:11.450+0000] {processor.py:175} INFO - Processing /home/airflow/.local/lib/python3.7/site-packages/airflow/example_dags/example_datasets.py took 0.899 seconds
[2023-03-09T15:38:41.819+0000] {processor.py:153} INFO - Started process (PID=143) to work on /home/airflow/.local/lib/python3.7/site-packages/airflow/example_dags/example_datasets.py
[2023-03-09T15:38:41.820+0000] {processor.py:743} INFO - Processing file /home/airflow/.local/lib/python3.7/site-packages/airflow/example_dags/example_datasets.py for tasks to queue
[2023-03-09T15:38:41.821+0000] {logging_mixin.py:137} INFO - [2023-03-09T15:38:41.820+0000] {dagbag.py:538} INFO - Filling up the DagBag from /home/airflow/.local/lib/python3.7/site-packages/airflow/example_dags/example_datasets.py
[2023-03-09T15:38:41.858+0000] {processor.py:753} INFO - DAG(s) dict_keys(['dataset_produces_1', 'dataset_consumes_1', 'dataset_consumes_unknown_never_scheduled', 'dataset_consumes_1_and_2', 'dataset_produces_2', 'dataset_consumes_1_never_scheduled']) retrieved from /home/airflow/.local/lib/python3.7/site-packages/airflow/example_dags/example_datasets.py
[2023-03-09T15:38:41.946+0000] {logging_mixin.py:137} INFO - [2023-03-09T15:38:41.945+0000] {dag.py:2690} INFO - Sync 6 DAGs
[2023-03-09T15:38:42.001+0000] {logging_mixin.py:137} INFO - [2023-03-09T15:38:42.000+0000] {dag.py:3441} INFO - Setting next_dagrun for dataset_consumes_1 to None, run_after=None
[2023-03-09T15:38:42.007+0000] {logging_mixin.py:137} INFO - [2023-03-09T15:38:42.007+0000] {dag.py:3441} INFO - Setting next_dagrun for dataset_consumes_1_and_2 to None, run_after=None
[2023-03-09T15:38:42.010+0000] {logging_mixin.py:137} INFO - [2023-03-09T15:38:42.010+0000] {dag.py:3441} INFO - Setting next_dagrun for dataset_consumes_1_never_scheduled to None, run_after=None
[2023-03-09T15:38:42.012+0000] {logging_mixin.py:137} INFO - [2023-03-09T15:38:42.012+0000] {dag.py:3441} INFO - Setting next_dagrun for dataset_consumes_unknown_never_scheduled to None, run_after=None
[2023-03-09T15:38:42.018+0000] {logging_mixin.py:137} INFO - [2023-03-09T15:38:42.018+0000] {dag.py:3441} INFO - Setting next_dagrun for dataset_produces_1 to 2023-03-08T00:00:00+00:00, run_after=2023-03-09T00:00:00+00:00
[2023-03-09T15:38:42.020+0000] {logging_mixin.py:137} INFO - [2023-03-09T15:38:42.020+0000] {dag.py:3441} INFO - Setting next_dagrun for dataset_produces_2 to None, run_after=None
[2023-03-09T15:38:42.087+0000] {processor.py:175} INFO - Processing /home/airflow/.local/lib/python3.7/site-packages/airflow/example_dags/example_datasets.py took 0.272 seconds
[2023-03-09T15:39:12.489+0000] {processor.py:153} INFO - Started process (PID=205) to work on /home/airflow/.local/lib/python3.7/site-packages/airflow/example_dags/example_datasets.py
[2023-03-09T15:39:12.490+0000] {processor.py:743} INFO - Processing file /home/airflow/.local/lib/python3.7/site-packages/airflow/example_dags/example_datasets.py for tasks to queue
[2023-03-09T15:39:12.491+0000] {logging_mixin.py:137} INFO - [2023-03-09T15:39:12.491+0000] {dagbag.py:538} INFO - Filling up the DagBag from /home/airflow/.local/lib/python3.7/site-packages/airflow/example_dags/example_datasets.py
[2023-03-09T15:39:12.510+0000] {processor.py:753} INFO - DAG(s) dict_keys(['dataset_consumes_1_and_2', 'dataset_produces_2', 'dataset_consumes_1', 'dataset_consumes_unknown_never_scheduled', 'dataset_consumes_1_never_scheduled', 'dataset_produces_1']) retrieved from /home/airflow/.local/lib/python3.7/site-packages/airflow/example_dags/example_datasets.py
[2023-03-09T15:39:12.569+0000] {logging_mixin.py:137} INFO - [2023-03-09T15:39:12.569+0000] {dag.py:2690} INFO - Sync 6 DAGs
[2023-03-09T15:39:12.610+0000] {logging_mixin.py:137} INFO - [2023-03-09T15:39:12.610+0000] {dag.py:3441} INFO - Setting next_dagrun for dataset_consumes_1 to None, run_after=None
[2023-03-09T15:39:12.615+0000] {logging_mixin.py:137} INFO - [2023-03-09T15:39:12.615+0000] {dag.py:3441} INFO - Setting next_dagrun for dataset_consumes_1_and_2 to None, run_after=None
[2023-03-09T15:39:12.617+0000] {logging_mixin.py:137} INFO - [2023-03-09T15:39:12.617+0000] {dag.py:3441} INFO - Setting next_dagrun for dataset_consumes_1_never_scheduled to None, run_after=None
[2023-03-09T15:39:12.618+0000] {logging_mixin.py:137} INFO - [2023-03-09T15:39:12.618+0000] {dag.py:3441} INFO - Setting next_dagrun for dataset_consumes_unknown_never_scheduled to None, run_after=None
[2023-03-09T15:39:12.623+0000] {logging_mixin.py:137} INFO - [2023-03-09T15:39:12.623+0000] {dag.py:3441} INFO - Setting next_dagrun for dataset_produces_1 to 2023-03-08T00:00:00+00:00, run_after=2023-03-09T00:00:00+00:00
[2023-03-09T15:39:12.625+0000] {logging_mixin.py:137} INFO - [2023-03-09T15:39:12.624+0000] {dag.py:3441} INFO - Setting next_dagrun for dataset_produces_2 to None, run_after=None
[2023-03-09T15:39:12.678+0000] {processor.py:175} INFO - Processing /home/airflow/.local/lib/python3.7/site-packages/airflow/example_dags/example_datasets.py took 0.192 seconds
[2023-03-09T15:39:42.821+0000] {processor.py:153} INFO - Started process (PID=268) to work on /home/airflow/.local/lib/python3.7/site-packages/airflow/example_dags/example_datasets.py
[2023-03-09T15:39:42.822+0000] {processor.py:743} INFO - Processing file /home/airflow/.local/lib/python3.7/site-packages/airflow/example_dags/example_datasets.py for tasks to queue
[2023-03-09T15:39:42.823+0000] {logging_mixin.py:137} INFO - [2023-03-09T15:39:42.822+0000] {dagbag.py:538} INFO - Filling up the DagBag from /home/airflow/.local/lib/python3.7/site-packages/airflow/example_dags/example_datasets.py
[2023-03-09T15:39:42.842+0000] {processor.py:753} INFO - DAG(s) dict_keys(['dataset_consumes_1_never_scheduled', 'dataset_produces_1', 'dataset_produces_2', 'dataset_consumes_1', 'dataset_consumes_unknown_never_scheduled', 'dataset_consumes_1_and_2']) retrieved from /home/airflow/.local/lib/python3.7/site-packages/airflow/example_dags/example_datasets.py
[2023-03-09T15:39:42.893+0000] {logging_mixin.py:137} INFO - [2023-03-09T15:39:42.892+0000] {dag.py:2690} INFO - Sync 6 DAGs
[2023-03-09T15:39:42.930+0000] {logging_mixin.py:137} INFO - [2023-03-09T15:39:42.929+0000] {dag.py:3441} INFO - Setting next_dagrun for dataset_consumes_1 to None, run_after=None
[2023-03-09T15:39:42.934+0000] {logging_mixin.py:137} INFO - [2023-03-09T15:39:42.934+0000] {dag.py:3441} INFO - Setting next_dagrun for dataset_consumes_1_and_2 to None, run_after=None
[2023-03-09T15:39:42.936+0000] {logging_mixin.py:137} INFO - [2023-03-09T15:39:42.936+0000] {dag.py:3441} INFO - Setting next_dagrun for dataset_consumes_1_never_scheduled to None, run_after=None
[2023-03-09T15:39:42.937+0000] {logging_mixin.py:137} INFO - [2023-03-09T15:39:42.937+0000] {dag.py:3441} INFO - Setting next_dagrun for dataset_consumes_unknown_never_scheduled to None, run_after=None
[2023-03-09T15:39:42.941+0000] {logging_mixin.py:137} INFO - [2023-03-09T15:39:42.941+0000] {dag.py:3441} INFO - Setting next_dagrun for dataset_produces_1 to 2023-03-08T00:00:00+00:00, run_after=2023-03-09T00:00:00+00:00
[2023-03-09T15:39:42.942+0000] {logging_mixin.py:137} INFO - [2023-03-09T15:39:42.942+0000] {dag.py:3441} INFO - Setting next_dagrun for dataset_produces_2 to None, run_after=None
[2023-03-09T15:39:42.988+0000] {processor.py:175} INFO - Processing /home/airflow/.local/lib/python3.7/site-packages/airflow/example_dags/example_datasets.py took 0.170 seconds
[2023-03-09T15:40:13.621+0000] {processor.py:153} INFO - Started process (PID=331) to work on /home/airflow/.local/lib/python3.7/site-packages/airflow/example_dags/example_datasets.py
[2023-03-09T15:40:13.622+0000] {processor.py:743} INFO - Processing file /home/airflow/.local/lib/python3.7/site-packages/airflow/example_dags/example_datasets.py for tasks to queue
[2023-03-09T15:40:13.623+0000] {logging_mixin.py:137} INFO - [2023-03-09T15:40:13.623+0000] {dagbag.py:538} INFO - Filling up the DagBag from /home/airflow/.local/lib/python3.7/site-packages/airflow/example_dags/example_datasets.py
[2023-03-09T15:40:13.668+0000] {processor.py:753} INFO - DAG(s) dict_keys(['dataset_consumes_1_never_scheduled', 'dataset_consumes_unknown_never_scheduled', 'dataset_produces_1', 'dataset_consumes_1', 'dataset_consumes_1_and_2', 'dataset_produces_2']) retrieved from /home/airflow/.local/lib/python3.7/site-packages/airflow/example_dags/example_datasets.py
[2023-03-09T15:40:13.799+0000] {logging_mixin.py:137} INFO - [2023-03-09T15:40:13.799+0000] {dag.py:2690} INFO - Sync 6 DAGs
[2023-03-09T15:40:13.878+0000] {logging_mixin.py:137} INFO - [2023-03-09T15:40:13.877+0000] {dag.py:3441} INFO - Setting next_dagrun for dataset_consumes_1 to None, run_after=None
[2023-03-09T15:40:13.885+0000] {logging_mixin.py:137} INFO - [2023-03-09T15:40:13.885+0000] {dag.py:3441} INFO - Setting next_dagrun for dataset_consumes_1_and_2 to None, run_after=None
[2023-03-09T15:40:13.887+0000] {logging_mixin.py:137} INFO - [2023-03-09T15:40:13.887+0000] {dag.py:3441} INFO - Setting next_dagrun for dataset_consumes_1_never_scheduled to None, run_after=None
[2023-03-09T15:40:13.889+0000] {logging_mixin.py:137} INFO - [2023-03-09T15:40:13.889+0000] {dag.py:3441} INFO - Setting next_dagrun for dataset_consumes_unknown_never_scheduled to None, run_after=None
[2023-03-09T15:40:13.896+0000] {logging_mixin.py:137} INFO - [2023-03-09T15:40:13.895+0000] {dag.py:3441} INFO - Setting next_dagrun for dataset_produces_1 to 2023-03-08T00:00:00+00:00, run_after=2023-03-09T00:00:00+00:00
[2023-03-09T15:40:13.898+0000] {logging_mixin.py:137} INFO - [2023-03-09T15:40:13.898+0000] {dag.py:3441} INFO - Setting next_dagrun for dataset_produces_2 to None, run_after=None
[2023-03-09T15:40:13.970+0000] {processor.py:175} INFO - Processing /home/airflow/.local/lib/python3.7/site-packages/airflow/example_dags/example_datasets.py took 0.353 seconds
[2023-03-09T15:40:44.437+0000] {processor.py:153} INFO - Started process (PID=406) to work on /home/airflow/.local/lib/python3.7/site-packages/airflow/example_dags/example_datasets.py
[2023-03-09T15:40:44.438+0000] {processor.py:743} INFO - Processing file /home/airflow/.local/lib/python3.7/site-packages/airflow/example_dags/example_datasets.py for tasks to queue
[2023-03-09T15:40:44.439+0000] {logging_mixin.py:137} INFO - [2023-03-09T15:40:44.438+0000] {dagbag.py:538} INFO - Filling up the DagBag from /home/airflow/.local/lib/python3.7/site-packages/airflow/example_dags/example_datasets.py
[2023-03-09T15:40:44.466+0000] {processor.py:753} INFO - DAG(s) dict_keys(['dataset_consumes_unknown_never_scheduled', 'dataset_produces_1', 'dataset_consumes_1_never_scheduled', 'dataset_produces_2', 'dataset_consumes_1_and_2', 'dataset_consumes_1']) retrieved from /home/airflow/.local/lib/python3.7/site-packages/airflow/example_dags/example_datasets.py
[2023-03-09T15:40:44.539+0000] {logging_mixin.py:137} INFO - [2023-03-09T15:40:44.538+0000] {dag.py:2690} INFO - Sync 6 DAGs
[2023-03-09T15:40:44.584+0000] {logging_mixin.py:137} INFO - [2023-03-09T15:40:44.584+0000] {dag.py:3441} INFO - Setting next_dagrun for dataset_consumes_1 to None, run_after=None
[2023-03-09T15:40:44.589+0000] {logging_mixin.py:137} INFO - [2023-03-09T15:40:44.589+0000] {dag.py:3441} INFO - Setting next_dagrun for dataset_consumes_1_and_2 to None, run_after=None
[2023-03-09T15:40:44.591+0000] {logging_mixin.py:137} INFO - [2023-03-09T15:40:44.591+0000] {dag.py:3441} INFO - Setting next_dagrun for dataset_consumes_1_never_scheduled to None, run_after=None
[2023-03-09T15:40:44.593+0000] {logging_mixin.py:137} INFO - [2023-03-09T15:40:44.593+0000] {dag.py:3441} INFO - Setting next_dagrun for dataset_consumes_unknown_never_scheduled to None, run_after=None
[2023-03-09T15:40:44.597+0000] {logging_mixin.py:137} INFO - [2023-03-09T15:40:44.597+0000] {dag.py:3441} INFO - Setting next_dagrun for dataset_produces_1 to 2023-03-08T00:00:00+00:00, run_after=2023-03-09T00:00:00+00:00
[2023-03-09T15:40:44.599+0000] {logging_mixin.py:137} INFO - [2023-03-09T15:40:44.599+0000] {dag.py:3441} INFO - Setting next_dagrun for dataset_produces_2 to None, run_after=None
[2023-03-09T15:40:44.657+0000] {processor.py:175} INFO - Processing /home/airflow/.local/lib/python3.7/site-packages/airflow/example_dags/example_datasets.py took 0.225 seconds
[2023-03-09T15:41:14.771+0000] {processor.py:153} INFO - Started process (PID=468) to work on /home/airflow/.local/lib/python3.7/site-packages/airflow/example_dags/example_datasets.py
[2023-03-09T15:41:14.771+0000] {processor.py:743} INFO - Processing file /home/airflow/.local/lib/python3.7/site-packages/airflow/example_dags/example_datasets.py for tasks to queue
[2023-03-09T15:41:14.772+0000] {logging_mixin.py:137} INFO - [2023-03-09T15:41:14.772+0000] {dagbag.py:538} INFO - Filling up the DagBag from /home/airflow/.local/lib/python3.7/site-packages/airflow/example_dags/example_datasets.py
[2023-03-09T15:41:14.791+0000] {processor.py:753} INFO - DAG(s) dict_keys(['dataset_produces_2', 'dataset_consumes_unknown_never_scheduled', 'dataset_consumes_1_and_2', 'dataset_consumes_1', 'dataset_consumes_1_never_scheduled', 'dataset_produces_1']) retrieved from /home/airflow/.local/lib/python3.7/site-packages/airflow/example_dags/example_datasets.py
[2023-03-09T15:41:14.845+0000] {logging_mixin.py:137} INFO - [2023-03-09T15:41:14.844+0000] {dag.py:2690} INFO - Sync 6 DAGs
[2023-03-09T15:41:14.885+0000] {logging_mixin.py:137} INFO - [2023-03-09T15:41:14.885+0000] {dag.py:3441} INFO - Setting next_dagrun for dataset_consumes_1 to None, run_after=None
[2023-03-09T15:41:14.890+0000] {logging_mixin.py:137} INFO - [2023-03-09T15:41:14.890+0000] {dag.py:3441} INFO - Setting next_dagrun for dataset_consumes_1_and_2 to None, run_after=None
[2023-03-09T15:41:14.891+0000] {logging_mixin.py:137} INFO - [2023-03-09T15:41:14.891+0000] {dag.py:3441} INFO - Setting next_dagrun for dataset_consumes_1_never_scheduled to None, run_after=None
[2023-03-09T15:41:14.893+0000] {logging_mixin.py:137} INFO - [2023-03-09T15:41:14.893+0000] {dag.py:3441} INFO - Setting next_dagrun for dataset_consumes_unknown_never_scheduled to None, run_after=None
[2023-03-09T15:41:14.897+0000] {logging_mixin.py:137} INFO - [2023-03-09T15:41:14.897+0000] {dag.py:3441} INFO - Setting next_dagrun for dataset_produces_1 to 2023-03-08T00:00:00+00:00, run_after=2023-03-09T00:00:00+00:00
[2023-03-09T15:41:14.899+0000] {logging_mixin.py:137} INFO - [2023-03-09T15:41:14.899+0000] {dag.py:3441} INFO - Setting next_dagrun for dataset_produces_2 to None, run_after=None
[2023-03-09T15:41:14.948+0000] {processor.py:175} INFO - Processing /home/airflow/.local/lib/python3.7/site-packages/airflow/example_dags/example_datasets.py took 0.181 seconds
[2023-03-09T15:41:45.643+0000] {processor.py:153} INFO - Started process (PID=532) to work on /home/airflow/.local/lib/python3.7/site-packages/airflow/example_dags/example_datasets.py
[2023-03-09T15:41:45.644+0000] {processor.py:743} INFO - Processing file /home/airflow/.local/lib/python3.7/site-packages/airflow/example_dags/example_datasets.py for tasks to queue
[2023-03-09T15:41:45.645+0000] {logging_mixin.py:137} INFO - [2023-03-09T15:41:45.645+0000] {dagbag.py:538} INFO - Filling up the DagBag from /home/airflow/.local/lib/python3.7/site-packages/airflow/example_dags/example_datasets.py
[2023-03-09T15:41:45.672+0000] {processor.py:753} INFO - DAG(s) dict_keys(['dataset_consumes_1_and_2', 'dataset_consumes_1', 'dataset_produces_2', 'dataset_produces_1', 'dataset_consumes_1_never_scheduled', 'dataset_consumes_unknown_never_scheduled']) retrieved from /home/airflow/.local/lib/python3.7/site-packages/airflow/example_dags/example_datasets.py
[2023-03-09T15:41:45.777+0000] {logging_mixin.py:137} INFO - [2023-03-09T15:41:45.777+0000] {dag.py:2690} INFO - Sync 6 DAGs
[2023-03-09T15:41:45.835+0000] {logging_mixin.py:137} INFO - [2023-03-09T15:41:45.835+0000] {dag.py:3441} INFO - Setting next_dagrun for dataset_consumes_1 to None, run_after=None
[2023-03-09T15:41:45.843+0000] {logging_mixin.py:137} INFO - [2023-03-09T15:41:45.843+0000] {dag.py:3441} INFO - Setting next_dagrun for dataset_consumes_1_and_2 to None, run_after=None
[2023-03-09T15:41:45.846+0000] {logging_mixin.py:137} INFO - [2023-03-09T15:41:45.845+0000] {dag.py:3441} INFO - Setting next_dagrun for dataset_consumes_1_never_scheduled to None, run_after=None
[2023-03-09T15:41:45.848+0000] {logging_mixin.py:137} INFO - [2023-03-09T15:41:45.848+0000] {dag.py:3441} INFO - Setting next_dagrun for dataset_consumes_unknown_never_scheduled to None, run_after=None
[2023-03-09T15:41:45.854+0000] {logging_mixin.py:137} INFO - [2023-03-09T15:41:45.853+0000] {dag.py:3441} INFO - Setting next_dagrun for dataset_produces_1 to 2023-03-08T00:00:00+00:00, run_after=2023-03-09T00:00:00+00:00
[2023-03-09T15:41:45.856+0000] {logging_mixin.py:137} INFO - [2023-03-09T15:41:45.856+0000] {dag.py:3441} INFO - Setting next_dagrun for dataset_produces_2 to None, run_after=None
[2023-03-09T15:41:45.909+0000] {processor.py:175} INFO - Processing /home/airflow/.local/lib/python3.7/site-packages/airflow/example_dags/example_datasets.py took 0.270 seconds
[2023-03-09T15:42:16.534+0000] {processor.py:153} INFO - Started process (PID=597) to work on /home/airflow/.local/lib/python3.7/site-packages/airflow/example_dags/example_datasets.py
[2023-03-09T15:42:16.535+0000] {processor.py:743} INFO - Processing file /home/airflow/.local/lib/python3.7/site-packages/airflow/example_dags/example_datasets.py for tasks to queue
[2023-03-09T15:42:16.535+0000] {logging_mixin.py:137} INFO - [2023-03-09T15:42:16.535+0000] {dagbag.py:538} INFO - Filling up the DagBag from /home/airflow/.local/lib/python3.7/site-packages/airflow/example_dags/example_datasets.py
[2023-03-09T15:42:16.563+0000] {processor.py:753} INFO - DAG(s) dict_keys(['dataset_consumes_1_and_2', 'dataset_consumes_unknown_never_scheduled', 'dataset_produces_1', 'dataset_produces_2', 'dataset_consumes_1', 'dataset_consumes_1_never_scheduled']) retrieved from /home/airflow/.local/lib/python3.7/site-packages/airflow/example_dags/example_datasets.py
[2023-03-09T15:42:16.642+0000] {logging_mixin.py:137} INFO - [2023-03-09T15:42:16.641+0000] {dag.py:2690} INFO - Sync 6 DAGs
[2023-03-09T15:42:16.697+0000] {logging_mixin.py:137} INFO - [2023-03-09T15:42:16.696+0000] {dag.py:3441} INFO - Setting next_dagrun for dataset_consumes_1 to None, run_after=None
[2023-03-09T15:42:16.704+0000] {logging_mixin.py:137} INFO - [2023-03-09T15:42:16.703+0000] {dag.py:3441} INFO - Setting next_dagrun for dataset_consumes_1_and_2 to None, run_after=None
[2023-03-09T15:42:16.706+0000] {logging_mixin.py:137} INFO - [2023-03-09T15:42:16.706+0000] {dag.py:3441} INFO - Setting next_dagrun for dataset_consumes_1_never_scheduled to None, run_after=None
[2023-03-09T15:42:16.709+0000] {logging_mixin.py:137} INFO - [2023-03-09T15:42:16.708+0000] {dag.py:3441} INFO - Setting next_dagrun for dataset_consumes_unknown_never_scheduled to None, run_after=None
[2023-03-09T15:42:16.715+0000] {logging_mixin.py:137} INFO - [2023-03-09T15:42:16.714+0000] {dag.py:3441} INFO - Setting next_dagrun for dataset_produces_1 to 2023-03-08T00:00:00+00:00, run_after=2023-03-09T00:00:00+00:00
[2023-03-09T15:42:16.717+0000] {logging_mixin.py:137} INFO - [2023-03-09T15:42:16.717+0000] {dag.py:3441} INFO - Setting next_dagrun for dataset_produces_2 to None, run_after=None
[2023-03-09T15:42:16.788+0000] {processor.py:175} INFO - Processing /home/airflow/.local/lib/python3.7/site-packages/airflow/example_dags/example_datasets.py took 0.258 seconds
[2023-03-09T15:42:47.382+0000] {processor.py:153} INFO - Started process (PID=671) to work on /home/airflow/.local/lib/python3.7/site-packages/airflow/example_dags/example_datasets.py
[2023-03-09T15:42:47.383+0000] {processor.py:743} INFO - Processing file /home/airflow/.local/lib/python3.7/site-packages/airflow/example_dags/example_datasets.py for tasks to queue
[2023-03-09T15:42:47.384+0000] {logging_mixin.py:137} INFO - [2023-03-09T15:42:47.383+0000] {dagbag.py:538} INFO - Filling up the DagBag from /home/airflow/.local/lib/python3.7/site-packages/airflow/example_dags/example_datasets.py
[2023-03-09T15:42:47.410+0000] {processor.py:753} INFO - DAG(s) dict_keys(['dataset_consumes_1_and_2', 'dataset_produces_2', 'dataset_consumes_unknown_never_scheduled', 'dataset_produces_1', 'dataset_consumes_1', 'dataset_consumes_1_never_scheduled']) retrieved from /home/airflow/.local/lib/python3.7/site-packages/airflow/example_dags/example_datasets.py
[2023-03-09T15:42:47.493+0000] {logging_mixin.py:137} INFO - [2023-03-09T15:42:47.493+0000] {dag.py:2690} INFO - Sync 6 DAGs
[2023-03-09T15:42:47.554+0000] {logging_mixin.py:137} INFO - [2023-03-09T15:42:47.554+0000] {dag.py:3441} INFO - Setting next_dagrun for dataset_consumes_1 to None, run_after=None
[2023-03-09T15:42:47.560+0000] {logging_mixin.py:137} INFO - [2023-03-09T15:42:47.559+0000] {dag.py:3441} INFO - Setting next_dagrun for dataset_consumes_1_and_2 to None, run_after=None
[2023-03-09T15:42:47.562+0000] {logging_mixin.py:137} INFO - [2023-03-09T15:42:47.561+0000] {dag.py:3441} INFO - Setting next_dagrun for dataset_consumes_1_never_scheduled to None, run_after=None
[2023-03-09T15:42:47.563+0000] {logging_mixin.py:137} INFO - [2023-03-09T15:42:47.563+0000] {dag.py:3441} INFO - Setting next_dagrun for dataset_consumes_unknown_never_scheduled to None, run_after=None
[2023-03-09T15:42:47.568+0000] {logging_mixin.py:137} INFO - [2023-03-09T15:42:47.567+0000] {dag.py:3441} INFO - Setting next_dagrun for dataset_produces_1 to 2023-03-08T00:00:00+00:00, run_after=2023-03-09T00:00:00+00:00
[2023-03-09T15:42:47.570+0000] {logging_mixin.py:137} INFO - [2023-03-09T15:42:47.569+0000] {dag.py:3441} INFO - Setting next_dagrun for dataset_produces_2 to None, run_after=None
[2023-03-09T15:42:47.621+0000] {processor.py:175} INFO - Processing /home/airflow/.local/lib/python3.7/site-packages/airflow/example_dags/example_datasets.py took 0.244 seconds
[2023-03-09T15:43:18.388+0000] {processor.py:153} INFO - Started process (PID=735) to work on /home/airflow/.local/lib/python3.7/site-packages/airflow/example_dags/example_datasets.py
[2023-03-09T15:43:18.389+0000] {processor.py:743} INFO - Processing file /home/airflow/.local/lib/python3.7/site-packages/airflow/example_dags/example_datasets.py for tasks to queue
[2023-03-09T15:43:18.390+0000] {logging_mixin.py:137} INFO - [2023-03-09T15:43:18.390+0000] {dagbag.py:538} INFO - Filling up the DagBag from /home/airflow/.local/lib/python3.7/site-packages/airflow/example_dags/example_datasets.py
[2023-03-09T15:43:18.419+0000] {processor.py:753} INFO - DAG(s) dict_keys(['dataset_produces_1', 'dataset_consumes_1_never_scheduled', 'dataset_consumes_unknown_never_scheduled', 'dataset_consumes_1', 'dataset_produces_2', 'dataset_consumes_1_and_2']) retrieved from /home/airflow/.local/lib/python3.7/site-packages/airflow/example_dags/example_datasets.py
[2023-03-09T15:43:18.553+0000] {logging_mixin.py:137} INFO - [2023-03-09T15:43:18.552+0000] {dag.py:2690} INFO - Sync 6 DAGs
[2023-03-09T15:43:18.612+0000] {logging_mixin.py:137} INFO - [2023-03-09T15:43:18.611+0000] {dag.py:3441} INFO - Setting next_dagrun for dataset_consumes_1 to None, run_after=None
[2023-03-09T15:43:18.619+0000] {logging_mixin.py:137} INFO - [2023-03-09T15:43:18.618+0000] {dag.py:3441} INFO - Setting next_dagrun for dataset_consumes_1_and_2 to None, run_after=None
[2023-03-09T15:43:18.621+0000] {logging_mixin.py:137} INFO - [2023-03-09T15:43:18.621+0000] {dag.py:3441} INFO - Setting next_dagrun for dataset_consumes_1_never_scheduled to None, run_after=None
[2023-03-09T15:43:18.624+0000] {logging_mixin.py:137} INFO - [2023-03-09T15:43:18.623+0000] {dag.py:3441} INFO - Setting next_dagrun for dataset_consumes_unknown_never_scheduled to None, run_after=None
[2023-03-09T15:43:18.630+0000] {logging_mixin.py:137} INFO - [2023-03-09T15:43:18.629+0000] {dag.py:3441} INFO - Setting next_dagrun for dataset_produces_1 to 2023-03-08T00:00:00+00:00, run_after=2023-03-09T00:00:00+00:00
[2023-03-09T15:43:18.632+0000] {logging_mixin.py:137} INFO - [2023-03-09T15:43:18.632+0000] {dag.py:3441} INFO - Setting next_dagrun for dataset_produces_2 to None, run_after=None
[2023-03-09T15:43:18.697+0000] {processor.py:175} INFO - Processing /home/airflow/.local/lib/python3.7/site-packages/airflow/example_dags/example_datasets.py took 0.314 seconds
[2023-03-09T15:43:48.790+0000] {processor.py:153} INFO - Started process (PID=798) to work on /home/airflow/.local/lib/python3.7/site-packages/airflow/example_dags/example_datasets.py
[2023-03-09T15:43:48.791+0000] {processor.py:743} INFO - Processing file /home/airflow/.local/lib/python3.7/site-packages/airflow/example_dags/example_datasets.py for tasks to queue
[2023-03-09T15:43:48.792+0000] {logging_mixin.py:137} INFO - [2023-03-09T15:43:48.792+0000] {dagbag.py:538} INFO - Filling up the DagBag from /home/airflow/.local/lib/python3.7/site-packages/airflow/example_dags/example_datasets.py
[2023-03-09T15:43:48.816+0000] {processor.py:753} INFO - DAG(s) dict_keys(['dataset_consumes_1_never_scheduled', 'dataset_produces_1', 'dataset_produces_2', 'dataset_consumes_unknown_never_scheduled', 'dataset_consumes_1', 'dataset_consumes_1_and_2']) retrieved from /home/airflow/.local/lib/python3.7/site-packages/airflow/example_dags/example_datasets.py
[2023-03-09T15:43:48.885+0000] {logging_mixin.py:137} INFO - [2023-03-09T15:43:48.885+0000] {dag.py:2690} INFO - Sync 6 DAGs
[2023-03-09T15:43:48.935+0000] {logging_mixin.py:137} INFO - [2023-03-09T15:43:48.934+0000] {dag.py:3441} INFO - Setting next_dagrun for dataset_consumes_1 to None, run_after=None
[2023-03-09T15:43:48.941+0000] {logging_mixin.py:137} INFO - [2023-03-09T15:43:48.941+0000] {dag.py:3441} INFO - Setting next_dagrun for dataset_consumes_1_and_2 to None, run_after=None
[2023-03-09T15:43:48.944+0000] {logging_mixin.py:137} INFO - [2023-03-09T15:43:48.943+0000] {dag.py:3441} INFO - Setting next_dagrun for dataset_consumes_1_never_scheduled to None, run_after=None
[2023-03-09T15:43:48.945+0000] {logging_mixin.py:137} INFO - [2023-03-09T15:43:48.945+0000] {dag.py:3441} INFO - Setting next_dagrun for dataset_consumes_unknown_never_scheduled to None, run_after=None
[2023-03-09T15:43:48.950+0000] {logging_mixin.py:137} INFO - [2023-03-09T15:43:48.949+0000] {dag.py:3441} INFO - Setting next_dagrun for dataset_produces_1 to 2023-03-08T00:00:00+00:00, run_after=2023-03-09T00:00:00+00:00
[2023-03-09T15:43:48.951+0000] {logging_mixin.py:137} INFO - [2023-03-09T15:43:48.951+0000] {dag.py:3441} INFO - Setting next_dagrun for dataset_produces_2 to None, run_after=None
[2023-03-09T15:43:49.004+0000] {processor.py:175} INFO - Processing /home/airflow/.local/lib/python3.7/site-packages/airflow/example_dags/example_datasets.py took 0.217 seconds
[2023-03-09T15:44:19.673+0000] {processor.py:153} INFO - Started process (PID=860) to work on /home/airflow/.local/lib/python3.7/site-packages/airflow/example_dags/example_datasets.py
[2023-03-09T15:44:19.674+0000] {processor.py:743} INFO - Processing file /home/airflow/.local/lib/python3.7/site-packages/airflow/example_dags/example_datasets.py for tasks to queue
[2023-03-09T15:44:19.675+0000] {logging_mixin.py:137} INFO - [2023-03-09T15:44:19.674+0000] {dagbag.py:538} INFO - Filling up the DagBag from /home/airflow/.local/lib/python3.7/site-packages/airflow/example_dags/example_datasets.py
[2023-03-09T15:44:19.702+0000] {processor.py:753} INFO - DAG(s) dict_keys(['dataset_consumes_unknown_never_scheduled', 'dataset_produces_1', 'dataset_produces_2', 'dataset_consumes_1_and_2', 'dataset_consumes_1_never_scheduled', 'dataset_consumes_1']) retrieved from /home/airflow/.local/lib/python3.7/site-packages/airflow/example_dags/example_datasets.py
[2023-03-09T15:44:19.773+0000] {logging_mixin.py:137} INFO - [2023-03-09T15:44:19.773+0000] {dag.py:2690} INFO - Sync 6 DAGs
[2023-03-09T15:44:19.820+0000] {logging_mixin.py:137} INFO - [2023-03-09T15:44:19.820+0000] {dag.py:3441} INFO - Setting next_dagrun for dataset_consumes_1 to None, run_after=None
[2023-03-09T15:44:19.829+0000] {logging_mixin.py:137} INFO - [2023-03-09T15:44:19.829+0000] {dag.py:3441} INFO - Setting next_dagrun for dataset_consumes_1_and_2 to None, run_after=None
[2023-03-09T15:44:19.832+0000] {logging_mixin.py:137} INFO - [2023-03-09T15:44:19.832+0000] {dag.py:3441} INFO - Setting next_dagrun for dataset_consumes_1_never_scheduled to None, run_after=None
[2023-03-09T15:44:19.835+0000] {logging_mixin.py:137} INFO - [2023-03-09T15:44:19.835+0000] {dag.py:3441} INFO - Setting next_dagrun for dataset_consumes_unknown_never_scheduled to None, run_after=None
[2023-03-09T15:44:19.849+0000] {logging_mixin.py:137} INFO - [2023-03-09T15:44:19.848+0000] {dag.py:3441} INFO - Setting next_dagrun for dataset_produces_1 to 2023-03-08T00:00:00+00:00, run_after=2023-03-09T00:00:00+00:00
[2023-03-09T15:44:19.852+0000] {logging_mixin.py:137} INFO - [2023-03-09T15:44:19.852+0000] {dag.py:3441} INFO - Setting next_dagrun for dataset_produces_2 to None, run_after=None
[2023-03-09T15:44:19.904+0000] {processor.py:175} INFO - Processing /home/airflow/.local/lib/python3.7/site-packages/airflow/example_dags/example_datasets.py took 0.237 seconds
[2023-03-09T15:44:50.601+0000] {processor.py:153} INFO - Started process (PID=931) to work on /home/airflow/.local/lib/python3.7/site-packages/airflow/example_dags/example_datasets.py
[2023-03-09T15:44:50.602+0000] {processor.py:743} INFO - Processing file /home/airflow/.local/lib/python3.7/site-packages/airflow/example_dags/example_datasets.py for tasks to queue
[2023-03-09T15:44:50.603+0000] {logging_mixin.py:137} INFO - [2023-03-09T15:44:50.602+0000] {dagbag.py:538} INFO - Filling up the DagBag from /home/airflow/.local/lib/python3.7/site-packages/airflow/example_dags/example_datasets.py
[2023-03-09T15:44:50.630+0000] {processor.py:753} INFO - DAG(s) dict_keys(['dataset_produces_1', 'dataset_consumes_unknown_never_scheduled', 'dataset_consumes_1', 'dataset_consumes_1_never_scheduled', 'dataset_produces_2', 'dataset_consumes_1_and_2']) retrieved from /home/airflow/.local/lib/python3.7/site-packages/airflow/example_dags/example_datasets.py
[2023-03-09T15:44:50.710+0000] {logging_mixin.py:137} INFO - [2023-03-09T15:44:50.710+0000] {dag.py:2690} INFO - Sync 6 DAGs
[2023-03-09T15:44:50.768+0000] {logging_mixin.py:137} INFO - [2023-03-09T15:44:50.768+0000] {dag.py:3441} INFO - Setting next_dagrun for dataset_consumes_1 to None, run_after=None
[2023-03-09T15:44:50.775+0000] {logging_mixin.py:137} INFO - [2023-03-09T15:44:50.774+0000] {dag.py:3441} INFO - Setting next_dagrun for dataset_consumes_1_and_2 to None, run_after=None
[2023-03-09T15:44:50.777+0000] {logging_mixin.py:137} INFO - [2023-03-09T15:44:50.777+0000] {dag.py:3441} INFO - Setting next_dagrun for dataset_consumes_1_never_scheduled to None, run_after=None
[2023-03-09T15:44:50.779+0000] {logging_mixin.py:137} INFO - [2023-03-09T15:44:50.779+0000] {dag.py:3441} INFO - Setting next_dagrun for dataset_consumes_unknown_never_scheduled to None, run_after=None
[2023-03-09T15:44:50.785+0000] {logging_mixin.py:137} INFO - [2023-03-09T15:44:50.785+0000] {dag.py:3441} INFO - Setting next_dagrun for dataset_produces_1 to 2023-03-08T00:00:00+00:00, run_after=2023-03-09T00:00:00+00:00
[2023-03-09T15:44:50.787+0000] {logging_mixin.py:137} INFO - [2023-03-09T15:44:50.787+0000] {dag.py:3441} INFO - Setting next_dagrun for dataset_produces_2 to None, run_after=None
[2023-03-09T15:44:50.857+0000] {processor.py:175} INFO - Processing /home/airflow/.local/lib/python3.7/site-packages/airflow/example_dags/example_datasets.py took 0.262 seconds
[2023-03-09T15:45:21.448+0000] {processor.py:153} INFO - Started process (PID=997) to work on /home/airflow/.local/lib/python3.7/site-packages/airflow/example_dags/example_datasets.py
[2023-03-09T15:45:21.459+0000] {processor.py:743} INFO - Processing file /home/airflow/.local/lib/python3.7/site-packages/airflow/example_dags/example_datasets.py for tasks to queue
[2023-03-09T15:45:21.464+0000] {logging_mixin.py:137} INFO - [2023-03-09T15:45:21.460+0000] {dagbag.py:538} INFO - Filling up the DagBag from /home/airflow/.local/lib/python3.7/site-packages/airflow/example_dags/example_datasets.py
[2023-03-09T15:45:21.504+0000] {processor.py:753} INFO - DAG(s) dict_keys(['dataset_consumes_unknown_never_scheduled', 'dataset_produces_2', 'dataset_consumes_1_and_2', 'dataset_consumes_1', 'dataset_consumes_1_never_scheduled', 'dataset_produces_1']) retrieved from /home/airflow/.local/lib/python3.7/site-packages/airflow/example_dags/example_datasets.py
[2023-03-09T15:45:21.606+0000] {logging_mixin.py:137} INFO - [2023-03-09T15:45:21.605+0000] {dag.py:2690} INFO - Sync 6 DAGs
[2023-03-09T15:45:21.676+0000] {logging_mixin.py:137} INFO - [2023-03-09T15:45:21.676+0000] {dag.py:3441} INFO - Setting next_dagrun for dataset_consumes_1 to None, run_after=None
[2023-03-09T15:45:21.682+0000] {logging_mixin.py:137} INFO - [2023-03-09T15:45:21.682+0000] {dag.py:3441} INFO - Setting next_dagrun for dataset_consumes_1_and_2 to None, run_after=None
[2023-03-09T15:45:21.684+0000] {logging_mixin.py:137} INFO - [2023-03-09T15:45:21.684+0000] {dag.py:3441} INFO - Setting next_dagrun for dataset_consumes_1_never_scheduled to None, run_after=None
[2023-03-09T15:45:21.686+0000] {logging_mixin.py:137} INFO - [2023-03-09T15:45:21.686+0000] {dag.py:3441} INFO - Setting next_dagrun for dataset_consumes_unknown_never_scheduled to None, run_after=None
[2023-03-09T15:45:21.701+0000] {logging_mixin.py:137} INFO - [2023-03-09T15:45:21.700+0000] {dag.py:3441} INFO - Setting next_dagrun for dataset_produces_1 to 2023-03-08T00:00:00+00:00, run_after=2023-03-09T00:00:00+00:00
[2023-03-09T15:45:21.707+0000] {logging_mixin.py:137} INFO - [2023-03-09T15:45:21.706+0000] {dag.py:3441} INFO - Setting next_dagrun for dataset_produces_2 to None, run_after=None
[2023-03-09T15:45:21.782+0000] {processor.py:175} INFO - Processing /home/airflow/.local/lib/python3.7/site-packages/airflow/example_dags/example_datasets.py took 0.346 seconds
[2023-03-09T15:45:51.834+0000] {processor.py:153} INFO - Started process (PID=1063) to work on /home/airflow/.local/lib/python3.7/site-packages/airflow/example_dags/example_datasets.py
[2023-03-09T15:45:51.835+0000] {processor.py:743} INFO - Processing file /home/airflow/.local/lib/python3.7/site-packages/airflow/example_dags/example_datasets.py for tasks to queue
[2023-03-09T15:45:51.836+0000] {logging_mixin.py:137} INFO - [2023-03-09T15:45:51.836+0000] {dagbag.py:538} INFO - Filling up the DagBag from /home/airflow/.local/lib/python3.7/site-packages/airflow/example_dags/example_datasets.py
[2023-03-09T15:45:51.858+0000] {processor.py:753} INFO - DAG(s) dict_keys(['dataset_produces_2', 'dataset_consumes_unknown_never_scheduled', 'dataset_consumes_1_and_2', 'dataset_produces_1', 'dataset_consumes_1_never_scheduled', 'dataset_consumes_1']) retrieved from /home/airflow/.local/lib/python3.7/site-packages/airflow/example_dags/example_datasets.py
[2023-03-09T15:45:51.919+0000] {logging_mixin.py:137} INFO - [2023-03-09T15:45:51.919+0000] {dag.py:2690} INFO - Sync 6 DAGs
[2023-03-09T15:45:51.959+0000] {logging_mixin.py:137} INFO - [2023-03-09T15:45:51.959+0000] {dag.py:3441} INFO - Setting next_dagrun for dataset_consumes_1 to None, run_after=None
[2023-03-09T15:45:51.964+0000] {logging_mixin.py:137} INFO - [2023-03-09T15:45:51.963+0000] {dag.py:3441} INFO - Setting next_dagrun for dataset_consumes_1_and_2 to None, run_after=None
[2023-03-09T15:45:51.965+0000] {logging_mixin.py:137} INFO - [2023-03-09T15:45:51.965+0000] {dag.py:3441} INFO - Setting next_dagrun for dataset_consumes_1_never_scheduled to None, run_after=None
[2023-03-09T15:45:51.967+0000] {logging_mixin.py:137} INFO - [2023-03-09T15:45:51.967+0000] {dag.py:3441} INFO - Setting next_dagrun for dataset_consumes_unknown_never_scheduled to None, run_after=None
[2023-03-09T15:45:51.973+0000] {logging_mixin.py:137} INFO - [2023-03-09T15:45:51.973+0000] {dag.py:3441} INFO - Setting next_dagrun for dataset_produces_1 to 2023-03-08T00:00:00+00:00, run_after=2023-03-09T00:00:00+00:00
[2023-03-09T15:45:51.975+0000] {logging_mixin.py:137} INFO - [2023-03-09T15:45:51.975+0000] {dag.py:3441} INFO - Setting next_dagrun for dataset_produces_2 to None, run_after=None
[2023-03-09T15:45:52.034+0000] {processor.py:175} INFO - Processing /home/airflow/.local/lib/python3.7/site-packages/airflow/example_dags/example_datasets.py took 0.204 seconds
[2023-03-09T15:46:22.891+0000] {processor.py:153} INFO - Started process (PID=1127) to work on /home/airflow/.local/lib/python3.7/site-packages/airflow/example_dags/example_datasets.py
[2023-03-09T15:46:22.892+0000] {processor.py:743} INFO - Processing file /home/airflow/.local/lib/python3.7/site-packages/airflow/example_dags/example_datasets.py for tasks to queue
[2023-03-09T15:46:22.892+0000] {logging_mixin.py:137} INFO - [2023-03-09T15:46:22.892+0000] {dagbag.py:538} INFO - Filling up the DagBag from /home/airflow/.local/lib/python3.7/site-packages/airflow/example_dags/example_datasets.py
[2023-03-09T15:46:22.913+0000] {processor.py:753} INFO - DAG(s) dict_keys(['dataset_consumes_1_and_2', 'dataset_produces_2', 'dataset_consumes_unknown_never_scheduled', 'dataset_consumes_1', 'dataset_consumes_1_never_scheduled', 'dataset_produces_1']) retrieved from /home/airflow/.local/lib/python3.7/site-packages/airflow/example_dags/example_datasets.py
[2023-03-09T15:46:22.966+0000] {logging_mixin.py:137} INFO - [2023-03-09T15:46:22.965+0000] {dag.py:2690} INFO - Sync 6 DAGs
[2023-03-09T15:46:23.013+0000] {logging_mixin.py:137} INFO - [2023-03-09T15:46:23.013+0000] {dag.py:3441} INFO - Setting next_dagrun for dataset_consumes_1 to None, run_after=None
[2023-03-09T15:46:23.039+0000] {logging_mixin.py:137} INFO - [2023-03-09T15:46:23.039+0000] {dag.py:3441} INFO - Setting next_dagrun for dataset_consumes_1_and_2 to None, run_after=None
[2023-03-09T15:46:23.042+0000] {logging_mixin.py:137} INFO - [2023-03-09T15:46:23.042+0000] {dag.py:3441} INFO - Setting next_dagrun for dataset_consumes_1_never_scheduled to None, run_after=None
[2023-03-09T15:46:23.043+0000] {logging_mixin.py:137} INFO - [2023-03-09T15:46:23.043+0000] {dag.py:3441} INFO - Setting next_dagrun for dataset_consumes_unknown_never_scheduled to None, run_after=None
[2023-03-09T15:46:23.049+0000] {logging_mixin.py:137} INFO - [2023-03-09T15:46:23.049+0000] {dag.py:3441} INFO - Setting next_dagrun for dataset_produces_1 to 2023-03-08T00:00:00+00:00, run_after=2023-03-09T00:00:00+00:00
[2023-03-09T15:46:23.051+0000] {logging_mixin.py:137} INFO - [2023-03-09T15:46:23.051+0000] {dag.py:3441} INFO - Setting next_dagrun for dataset_produces_2 to None, run_after=None
[2023-03-09T15:46:23.117+0000] {processor.py:175} INFO - Processing /home/airflow/.local/lib/python3.7/site-packages/airflow/example_dags/example_datasets.py took 0.229 seconds
[2023-03-09T15:46:53.409+0000] {processor.py:153} INFO - Started process (PID=1190) to work on /home/airflow/.local/lib/python3.7/site-packages/airflow/example_dags/example_datasets.py
[2023-03-09T15:46:53.425+0000] {processor.py:743} INFO - Processing file /home/airflow/.local/lib/python3.7/site-packages/airflow/example_dags/example_datasets.py for tasks to queue
[2023-03-09T15:46:53.426+0000] {logging_mixin.py:137} INFO - [2023-03-09T15:46:53.426+0000] {dagbag.py:538} INFO - Filling up the DagBag from /home/airflow/.local/lib/python3.7/site-packages/airflow/example_dags/example_datasets.py
[2023-03-09T15:46:53.516+0000] {processor.py:753} INFO - DAG(s) dict_keys(['dataset_consumes_1_and_2', 'dataset_consumes_unknown_never_scheduled', 'dataset_produces_1', 'dataset_produces_2', 'dataset_consumes_1_never_scheduled', 'dataset_consumes_1']) retrieved from /home/airflow/.local/lib/python3.7/site-packages/airflow/example_dags/example_datasets.py
[2023-03-09T15:46:53.763+0000] {logging_mixin.py:137} INFO - [2023-03-09T15:46:53.762+0000] {dag.py:2690} INFO - Sync 6 DAGs
[2023-03-09T15:46:53.990+0000] {logging_mixin.py:137} INFO - [2023-03-09T15:46:53.990+0000] {dag.py:3441} INFO - Setting next_dagrun for dataset_consumes_1 to None, run_after=None
[2023-03-09T15:46:54.011+0000] {logging_mixin.py:137} INFO - [2023-03-09T15:46:54.011+0000] {dag.py:3441} INFO - Setting next_dagrun for dataset_consumes_1_and_2 to None, run_after=None
[2023-03-09T15:46:54.021+0000] {logging_mixin.py:137} INFO - [2023-03-09T15:46:54.020+0000] {dag.py:3441} INFO - Setting next_dagrun for dataset_consumes_1_never_scheduled to None, run_after=None
[2023-03-09T15:46:54.038+0000] {logging_mixin.py:137} INFO - [2023-03-09T15:46:54.038+0000] {dag.py:3441} INFO - Setting next_dagrun for dataset_consumes_unknown_never_scheduled to None, run_after=None
[2023-03-09T15:46:54.057+0000] {logging_mixin.py:137} INFO - [2023-03-09T15:46:54.057+0000] {dag.py:3441} INFO - Setting next_dagrun for dataset_produces_1 to 2023-03-08T00:00:00+00:00, run_after=2023-03-09T00:00:00+00:00
[2023-03-09T15:46:54.061+0000] {logging_mixin.py:137} INFO - [2023-03-09T15:46:54.061+0000] {dag.py:3441} INFO - Setting next_dagrun for dataset_produces_2 to None, run_after=None
[2023-03-09T15:46:54.167+0000] {processor.py:175} INFO - Processing /home/airflow/.local/lib/python3.7/site-packages/airflow/example_dags/example_datasets.py took 0.767 seconds
[2023-03-09T15:47:24.764+0000] {processor.py:153} INFO - Started process (PID=1253) to work on /home/airflow/.local/lib/python3.7/site-packages/airflow/example_dags/example_datasets.py
[2023-03-09T15:47:24.769+0000] {processor.py:743} INFO - Processing file /home/airflow/.local/lib/python3.7/site-packages/airflow/example_dags/example_datasets.py for tasks to queue
[2023-03-09T15:47:24.772+0000] {logging_mixin.py:137} INFO - [2023-03-09T15:47:24.772+0000] {dagbag.py:538} INFO - Filling up the DagBag from /home/airflow/.local/lib/python3.7/site-packages/airflow/example_dags/example_datasets.py
[2023-03-09T15:47:24.817+0000] {processor.py:753} INFO - DAG(s) dict_keys(['dataset_consumes_1_never_scheduled', 'dataset_consumes_unknown_never_scheduled', 'dataset_produces_1', 'dataset_consumes_1', 'dataset_produces_2', 'dataset_consumes_1_and_2']) retrieved from /home/airflow/.local/lib/python3.7/site-packages/airflow/example_dags/example_datasets.py
[2023-03-09T15:47:24.996+0000] {logging_mixin.py:137} INFO - [2023-03-09T15:47:24.996+0000] {dag.py:2690} INFO - Sync 6 DAGs
[2023-03-09T15:47:25.082+0000] {logging_mixin.py:137} INFO - [2023-03-09T15:47:25.081+0000] {dag.py:3441} INFO - Setting next_dagrun for dataset_consumes_1 to None, run_after=None
[2023-03-09T15:47:25.090+0000] {logging_mixin.py:137} INFO - [2023-03-09T15:47:25.090+0000] {dag.py:3441} INFO - Setting next_dagrun for dataset_consumes_1_and_2 to None, run_after=None
[2023-03-09T15:47:25.093+0000] {logging_mixin.py:137} INFO - [2023-03-09T15:47:25.093+0000] {dag.py:3441} INFO - Setting next_dagrun for dataset_consumes_1_never_scheduled to None, run_after=None
[2023-03-09T15:47:25.098+0000] {logging_mixin.py:137} INFO - [2023-03-09T15:47:25.096+0000] {dag.py:3441} INFO - Setting next_dagrun for dataset_consumes_unknown_never_scheduled to None, run_after=None
[2023-03-09T15:47:25.105+0000] {logging_mixin.py:137} INFO - [2023-03-09T15:47:25.104+0000] {dag.py:3441} INFO - Setting next_dagrun for dataset_produces_1 to 2023-03-08T00:00:00+00:00, run_after=2023-03-09T00:00:00+00:00
[2023-03-09T15:47:25.107+0000] {logging_mixin.py:137} INFO - [2023-03-09T15:47:25.106+0000] {dag.py:3441} INFO - Setting next_dagrun for dataset_produces_2 to None, run_after=None
[2023-03-09T15:47:25.160+0000] {processor.py:175} INFO - Processing /home/airflow/.local/lib/python3.7/site-packages/airflow/example_dags/example_datasets.py took 0.402 seconds
[2023-03-09T15:47:55.499+0000] {processor.py:153} INFO - Started process (PID=1324) to work on /home/airflow/.local/lib/python3.7/site-packages/airflow/example_dags/example_datasets.py
[2023-03-09T15:47:55.500+0000] {processor.py:743} INFO - Processing file /home/airflow/.local/lib/python3.7/site-packages/airflow/example_dags/example_datasets.py for tasks to queue
[2023-03-09T15:47:55.501+0000] {logging_mixin.py:137} INFO - [2023-03-09T15:47:55.501+0000] {dagbag.py:538} INFO - Filling up the DagBag from /home/airflow/.local/lib/python3.7/site-packages/airflow/example_dags/example_datasets.py
[2023-03-09T15:47:55.528+0000] {processor.py:753} INFO - DAG(s) dict_keys(['dataset_consumes_1', 'dataset_consumes_1_never_scheduled', 'dataset_consumes_1_and_2', 'dataset_produces_2', 'dataset_produces_1', 'dataset_consumes_unknown_never_scheduled']) retrieved from /home/airflow/.local/lib/python3.7/site-packages/airflow/example_dags/example_datasets.py
[2023-03-09T15:47:55.599+0000] {logging_mixin.py:137} INFO - [2023-03-09T15:47:55.599+0000] {dag.py:2690} INFO - Sync 6 DAGs
[2023-03-09T15:47:55.637+0000] {logging_mixin.py:137} INFO - [2023-03-09T15:47:55.637+0000] {dag.py:3441} INFO - Setting next_dagrun for dataset_consumes_1 to None, run_after=None
[2023-03-09T15:47:55.642+0000] {logging_mixin.py:137} INFO - [2023-03-09T15:47:55.642+0000] {dag.py:3441} INFO - Setting next_dagrun for dataset_consumes_1_and_2 to None, run_after=None
[2023-03-09T15:47:55.643+0000] {logging_mixin.py:137} INFO - [2023-03-09T15:47:55.643+0000] {dag.py:3441} INFO - Setting next_dagrun for dataset_consumes_1_never_scheduled to None, run_after=None
[2023-03-09T15:47:55.645+0000] {logging_mixin.py:137} INFO - [2023-03-09T15:47:55.645+0000] {dag.py:3441} INFO - Setting next_dagrun for dataset_consumes_unknown_never_scheduled to None, run_after=None
[2023-03-09T15:47:55.649+0000] {logging_mixin.py:137} INFO - [2023-03-09T15:47:55.649+0000] {dag.py:3441} INFO - Setting next_dagrun for dataset_produces_1 to 2023-03-08T00:00:00+00:00, run_after=2023-03-09T00:00:00+00:00
[2023-03-09T15:47:55.651+0000] {logging_mixin.py:137} INFO - [2023-03-09T15:47:55.650+0000] {dag.py:3441} INFO - Setting next_dagrun for dataset_produces_2 to None, run_after=None
[2023-03-09T15:47:55.703+0000] {processor.py:175} INFO - Processing /home/airflow/.local/lib/python3.7/site-packages/airflow/example_dags/example_datasets.py took 0.208 seconds
[2023-03-09T15:48:25.779+0000] {processor.py:153} INFO - Started process (PID=1390) to work on /home/airflow/.local/lib/python3.7/site-packages/airflow/example_dags/example_datasets.py
[2023-03-09T15:48:25.800+0000] {processor.py:743} INFO - Processing file /home/airflow/.local/lib/python3.7/site-packages/airflow/example_dags/example_datasets.py for tasks to queue
[2023-03-09T15:48:25.801+0000] {logging_mixin.py:137} INFO - [2023-03-09T15:48:25.801+0000] {dagbag.py:538} INFO - Filling up the DagBag from /home/airflow/.local/lib/python3.7/site-packages/airflow/example_dags/example_datasets.py
[2023-03-09T15:48:25.927+0000] {processor.py:753} INFO - DAG(s) dict_keys(['dataset_consumes_1_and_2', 'dataset_produces_2', 'dataset_produces_1', 'dataset_consumes_1', 'dataset_consumes_unknown_never_scheduled', 'dataset_consumes_1_never_scheduled']) retrieved from /home/airflow/.local/lib/python3.7/site-packages/airflow/example_dags/example_datasets.py
[2023-03-09T15:48:26.269+0000] {logging_mixin.py:137} INFO - [2023-03-09T15:48:26.269+0000] {dag.py:2690} INFO - Sync 6 DAGs
[2023-03-09T15:48:26.491+0000] {logging_mixin.py:137} INFO - [2023-03-09T15:48:26.491+0000] {dag.py:3441} INFO - Setting next_dagrun for dataset_consumes_1 to None, run_after=None
[2023-03-09T15:48:26.521+0000] {logging_mixin.py:137} INFO - [2023-03-09T15:48:26.521+0000] {dag.py:3441} INFO - Setting next_dagrun for dataset_consumes_1_and_2 to None, run_after=None
[2023-03-09T15:48:26.534+0000] {logging_mixin.py:137} INFO - [2023-03-09T15:48:26.533+0000] {dag.py:3441} INFO - Setting next_dagrun for dataset_consumes_1_never_scheduled to None, run_after=None
[2023-03-09T15:48:26.537+0000] {logging_mixin.py:137} INFO - [2023-03-09T15:48:26.536+0000] {dag.py:3441} INFO - Setting next_dagrun for dataset_consumes_unknown_never_scheduled to None, run_after=None
[2023-03-09T15:48:26.561+0000] {logging_mixin.py:137} INFO - [2023-03-09T15:48:26.560+0000] {dag.py:3441} INFO - Setting next_dagrun for dataset_produces_1 to 2023-03-08T00:00:00+00:00, run_after=2023-03-09T00:00:00+00:00
[2023-03-09T15:48:26.579+0000] {logging_mixin.py:137} INFO - [2023-03-09T15:48:26.579+0000] {dag.py:3441} INFO - Setting next_dagrun for dataset_produces_2 to None, run_after=None
[2023-03-09T15:48:26.763+0000] {processor.py:175} INFO - Processing /home/airflow/.local/lib/python3.7/site-packages/airflow/example_dags/example_datasets.py took 1.002 seconds
[2023-03-09T15:48:57.232+0000] {processor.py:153} INFO - Started process (PID=1452) to work on /home/airflow/.local/lib/python3.7/site-packages/airflow/example_dags/example_datasets.py
[2023-03-09T15:48:57.233+0000] {processor.py:743} INFO - Processing file /home/airflow/.local/lib/python3.7/site-packages/airflow/example_dags/example_datasets.py for tasks to queue
[2023-03-09T15:48:57.234+0000] {logging_mixin.py:137} INFO - [2023-03-09T15:48:57.234+0000] {dagbag.py:538} INFO - Filling up the DagBag from /home/airflow/.local/lib/python3.7/site-packages/airflow/example_dags/example_datasets.py
[2023-03-09T15:48:57.280+0000] {processor.py:753} INFO - DAG(s) dict_keys(['dataset_consumes_unknown_never_scheduled', 'dataset_produces_2', 'dataset_consumes_1_never_scheduled', 'dataset_consumes_1_and_2', 'dataset_consumes_1', 'dataset_produces_1']) retrieved from /home/airflow/.local/lib/python3.7/site-packages/airflow/example_dags/example_datasets.py
[2023-03-09T15:48:57.383+0000] {logging_mixin.py:137} INFO - [2023-03-09T15:48:57.383+0000] {dag.py:2690} INFO - Sync 6 DAGs
[2023-03-09T15:48:57.438+0000] {logging_mixin.py:137} INFO - [2023-03-09T15:48:57.437+0000] {dag.py:3441} INFO - Setting next_dagrun for dataset_consumes_1 to None, run_after=None
[2023-03-09T15:48:57.443+0000] {logging_mixin.py:137} INFO - [2023-03-09T15:48:57.443+0000] {dag.py:3441} INFO - Setting next_dagrun for dataset_consumes_1_and_2 to None, run_after=None
[2023-03-09T15:48:57.445+0000] {logging_mixin.py:137} INFO - [2023-03-09T15:48:57.445+0000] {dag.py:3441} INFO - Setting next_dagrun for dataset_consumes_1_never_scheduled to None, run_after=None
[2023-03-09T15:48:57.449+0000] {logging_mixin.py:137} INFO - [2023-03-09T15:48:57.449+0000] {dag.py:3441} INFO - Setting next_dagrun for dataset_consumes_unknown_never_scheduled to None, run_after=None
[2023-03-09T15:48:57.454+0000] {logging_mixin.py:137} INFO - [2023-03-09T15:48:57.453+0000] {dag.py:3441} INFO - Setting next_dagrun for dataset_produces_1 to 2023-03-08T00:00:00+00:00, run_after=2023-03-09T00:00:00+00:00
[2023-03-09T15:48:57.455+0000] {logging_mixin.py:137} INFO - [2023-03-09T15:48:57.455+0000] {dag.py:3441} INFO - Setting next_dagrun for dataset_produces_2 to None, run_after=None
[2023-03-09T15:48:57.523+0000] {processor.py:175} INFO - Processing /home/airflow/.local/lib/python3.7/site-packages/airflow/example_dags/example_datasets.py took 0.351 seconds
[2023-03-09T15:49:28.134+0000] {processor.py:153} INFO - Started process (PID=1514) to work on /home/airflow/.local/lib/python3.7/site-packages/airflow/example_dags/example_datasets.py
[2023-03-09T15:49:28.136+0000] {processor.py:743} INFO - Processing file /home/airflow/.local/lib/python3.7/site-packages/airflow/example_dags/example_datasets.py for tasks to queue
[2023-03-09T15:49:28.137+0000] {logging_mixin.py:137} INFO - [2023-03-09T15:49:28.137+0000] {dagbag.py:538} INFO - Filling up the DagBag from /home/airflow/.local/lib/python3.7/site-packages/airflow/example_dags/example_datasets.py
[2023-03-09T15:49:28.161+0000] {processor.py:753} INFO - DAG(s) dict_keys(['dataset_consumes_1_and_2', 'dataset_produces_1', 'dataset_consumes_unknown_never_scheduled', 'dataset_produces_2', 'dataset_consumes_1', 'dataset_consumes_1_never_scheduled']) retrieved from /home/airflow/.local/lib/python3.7/site-packages/airflow/example_dags/example_datasets.py
[2023-03-09T15:49:28.227+0000] {logging_mixin.py:137} INFO - [2023-03-09T15:49:28.227+0000] {dag.py:2690} INFO - Sync 6 DAGs
[2023-03-09T15:49:28.274+0000] {logging_mixin.py:137} INFO - [2023-03-09T15:49:28.274+0000] {dag.py:3441} INFO - Setting next_dagrun for dataset_consumes_1 to None, run_after=None
[2023-03-09T15:49:28.280+0000] {logging_mixin.py:137} INFO - [2023-03-09T15:49:28.280+0000] {dag.py:3441} INFO - Setting next_dagrun for dataset_consumes_1_and_2 to None, run_after=None
[2023-03-09T15:49:28.282+0000] {logging_mixin.py:137} INFO - [2023-03-09T15:49:28.282+0000] {dag.py:3441} INFO - Setting next_dagrun for dataset_consumes_1_never_scheduled to None, run_after=None
[2023-03-09T15:49:28.284+0000] {logging_mixin.py:137} INFO - [2023-03-09T15:49:28.284+0000] {dag.py:3441} INFO - Setting next_dagrun for dataset_consumes_unknown_never_scheduled to None, run_after=None
[2023-03-09T15:49:28.289+0000] {logging_mixin.py:137} INFO - [2023-03-09T15:49:28.289+0000] {dag.py:3441} INFO - Setting next_dagrun for dataset_produces_1 to 2023-03-08T00:00:00+00:00, run_after=2023-03-09T00:00:00+00:00
[2023-03-09T15:49:28.292+0000] {logging_mixin.py:137} INFO - [2023-03-09T15:49:28.291+0000] {dag.py:3441} INFO - Setting next_dagrun for dataset_produces_2 to None, run_after=None
[2023-03-09T15:49:28.341+0000] {processor.py:175} INFO - Processing /home/airflow/.local/lib/python3.7/site-packages/airflow/example_dags/example_datasets.py took 0.210 seconds
