[2023-03-09T15:38:06.508+0000] {processor.py:153} INFO - Started process (PID=64) to work on /home/airflow/.local/lib/python3.7/site-packages/airflow/example_dags/example_skip_dag.py
[2023-03-09T15:38:06.510+0000] {processor.py:743} INFO - Processing file /home/airflow/.local/lib/python3.7/site-packages/airflow/example_dags/example_skip_dag.py for tasks to queue
[2023-03-09T15:38:06.511+0000] {logging_mixin.py:137} INFO - [2023-03-09T15:38:06.510+0000] {dagbag.py:538} INFO - Filling up the DagBag from /home/airflow/.local/lib/python3.7/site-packages/airflow/example_dags/example_skip_dag.py
[2023-03-09T15:38:06.615+0000] {processor.py:753} INFO - DAG(s) dict_keys(['example_skip_dag']) retrieved from /home/airflow/.local/lib/python3.7/site-packages/airflow/example_dags/example_skip_dag.py
[2023-03-09T15:38:06.847+0000] {logging_mixin.py:137} INFO - [2023-03-09T15:38:06.846+0000] {dag.py:2690} INFO - Sync 1 DAGs
[2023-03-09T15:38:06.937+0000] {logging_mixin.py:137} INFO - [2023-03-09T15:38:06.937+0000] {dag.py:3441} INFO - Setting next_dagrun for example_skip_dag to 2023-03-08T15:38:06.936844+00:00, run_after=2023-03-09T15:38:06.936844+00:00
[2023-03-09T15:38:06.991+0000] {processor.py:175} INFO - Processing /home/airflow/.local/lib/python3.7/site-packages/airflow/example_dags/example_skip_dag.py took 0.503 seconds
[2023-03-09T15:38:37.671+0000] {processor.py:153} INFO - Started process (PID=120) to work on /home/airflow/.local/lib/python3.7/site-packages/airflow/example_dags/example_skip_dag.py
[2023-03-09T15:38:37.672+0000] {processor.py:743} INFO - Processing file /home/airflow/.local/lib/python3.7/site-packages/airflow/example_dags/example_skip_dag.py for tasks to queue
[2023-03-09T15:38:37.673+0000] {logging_mixin.py:137} INFO - [2023-03-09T15:38:37.673+0000] {dagbag.py:538} INFO - Filling up the DagBag from /home/airflow/.local/lib/python3.7/site-packages/airflow/example_dags/example_skip_dag.py
[2023-03-09T15:38:37.702+0000] {processor.py:753} INFO - DAG(s) dict_keys(['example_skip_dag']) retrieved from /home/airflow/.local/lib/python3.7/site-packages/airflow/example_dags/example_skip_dag.py
[2023-03-09T15:38:37.743+0000] {logging_mixin.py:137} INFO - [2023-03-09T15:38:37.743+0000] {dag.py:2690} INFO - Sync 1 DAGs
[2023-03-09T15:38:37.800+0000] {logging_mixin.py:137} INFO - [2023-03-09T15:38:37.800+0000] {dag.py:3441} INFO - Setting next_dagrun for example_skip_dag to 2023-03-08T15:38:37.799988+00:00, run_after=2023-03-09T15:38:37.799988+00:00
[2023-03-09T15:38:37.834+0000] {processor.py:175} INFO - Processing /home/airflow/.local/lib/python3.7/site-packages/airflow/example_dags/example_skip_dag.py took 0.172 seconds
[2023-03-09T15:39:08.568+0000] {processor.py:153} INFO - Started process (PID=194) to work on /home/airflow/.local/lib/python3.7/site-packages/airflow/example_dags/example_skip_dag.py
[2023-03-09T15:39:08.569+0000] {processor.py:743} INFO - Processing file /home/airflow/.local/lib/python3.7/site-packages/airflow/example_dags/example_skip_dag.py for tasks to queue
[2023-03-09T15:39:08.570+0000] {logging_mixin.py:137} INFO - [2023-03-09T15:39:08.570+0000] {dagbag.py:538} INFO - Filling up the DagBag from /home/airflow/.local/lib/python3.7/site-packages/airflow/example_dags/example_skip_dag.py
[2023-03-09T15:39:08.586+0000] {processor.py:753} INFO - DAG(s) dict_keys(['example_skip_dag']) retrieved from /home/airflow/.local/lib/python3.7/site-packages/airflow/example_dags/example_skip_dag.py
[2023-03-09T15:39:08.616+0000] {logging_mixin.py:137} INFO - [2023-03-09T15:39:08.616+0000] {dag.py:2690} INFO - Sync 1 DAGs
[2023-03-09T15:39:08.655+0000] {logging_mixin.py:137} INFO - [2023-03-09T15:39:08.655+0000] {dag.py:3441} INFO - Setting next_dagrun for example_skip_dag to 2023-03-08T15:39:08.654953+00:00, run_after=2023-03-09T15:39:08.654953+00:00
[2023-03-09T15:39:08.684+0000] {processor.py:175} INFO - Processing /home/airflow/.local/lib/python3.7/site-packages/airflow/example_dags/example_skip_dag.py took 0.120 seconds
[2023-03-09T15:39:38.767+0000] {processor.py:153} INFO - Started process (PID=257) to work on /home/airflow/.local/lib/python3.7/site-packages/airflow/example_dags/example_skip_dag.py
[2023-03-09T15:39:38.767+0000] {processor.py:743} INFO - Processing file /home/airflow/.local/lib/python3.7/site-packages/airflow/example_dags/example_skip_dag.py for tasks to queue
[2023-03-09T15:39:38.768+0000] {logging_mixin.py:137} INFO - [2023-03-09T15:39:38.768+0000] {dagbag.py:538} INFO - Filling up the DagBag from /home/airflow/.local/lib/python3.7/site-packages/airflow/example_dags/example_skip_dag.py
[2023-03-09T15:39:38.783+0000] {processor.py:753} INFO - DAG(s) dict_keys(['example_skip_dag']) retrieved from /home/airflow/.local/lib/python3.7/site-packages/airflow/example_dags/example_skip_dag.py
[2023-03-09T15:39:38.812+0000] {logging_mixin.py:137} INFO - [2023-03-09T15:39:38.812+0000] {dag.py:2690} INFO - Sync 1 DAGs
[2023-03-09T15:39:38.847+0000] {logging_mixin.py:137} INFO - [2023-03-09T15:39:38.847+0000] {dag.py:3441} INFO - Setting next_dagrun for example_skip_dag to 2023-03-08T15:39:38.846982+00:00, run_after=2023-03-09T15:39:38.846982+00:00
[2023-03-09T15:39:38.873+0000] {processor.py:175} INFO - Processing /home/airflow/.local/lib/python3.7/site-packages/airflow/example_dags/example_skip_dag.py took 0.109 seconds
[2023-03-09T15:40:09.643+0000] {processor.py:153} INFO - Started process (PID=320) to work on /home/airflow/.local/lib/python3.7/site-packages/airflow/example_dags/example_skip_dag.py
[2023-03-09T15:40:09.644+0000] {processor.py:743} INFO - Processing file /home/airflow/.local/lib/python3.7/site-packages/airflow/example_dags/example_skip_dag.py for tasks to queue
[2023-03-09T15:40:09.645+0000] {logging_mixin.py:137} INFO - [2023-03-09T15:40:09.645+0000] {dagbag.py:538} INFO - Filling up the DagBag from /home/airflow/.local/lib/python3.7/site-packages/airflow/example_dags/example_skip_dag.py
[2023-03-09T15:40:09.660+0000] {processor.py:753} INFO - DAG(s) dict_keys(['example_skip_dag']) retrieved from /home/airflow/.local/lib/python3.7/site-packages/airflow/example_dags/example_skip_dag.py
[2023-03-09T15:40:09.698+0000] {logging_mixin.py:137} INFO - [2023-03-09T15:40:09.698+0000] {dag.py:2690} INFO - Sync 1 DAGs
[2023-03-09T15:40:09.741+0000] {logging_mixin.py:137} INFO - [2023-03-09T15:40:09.740+0000] {dag.py:3441} INFO - Setting next_dagrun for example_skip_dag to 2023-03-08T15:40:09.740525+00:00, run_after=2023-03-09T15:40:09.740525+00:00
[2023-03-09T15:40:09.771+0000] {processor.py:175} INFO - Processing /home/airflow/.local/lib/python3.7/site-packages/airflow/example_dags/example_skip_dag.py took 0.132 seconds
[2023-03-09T15:40:40.347+0000] {processor.py:153} INFO - Started process (PID=383) to work on /home/airflow/.local/lib/python3.7/site-packages/airflow/example_dags/example_skip_dag.py
[2023-03-09T15:40:40.348+0000] {processor.py:743} INFO - Processing file /home/airflow/.local/lib/python3.7/site-packages/airflow/example_dags/example_skip_dag.py for tasks to queue
[2023-03-09T15:40:40.349+0000] {logging_mixin.py:137} INFO - [2023-03-09T15:40:40.349+0000] {dagbag.py:538} INFO - Filling up the DagBag from /home/airflow/.local/lib/python3.7/site-packages/airflow/example_dags/example_skip_dag.py
[2023-03-09T15:40:40.381+0000] {processor.py:753} INFO - DAG(s) dict_keys(['example_skip_dag']) retrieved from /home/airflow/.local/lib/python3.7/site-packages/airflow/example_dags/example_skip_dag.py
[2023-03-09T15:40:40.475+0000] {logging_mixin.py:137} INFO - [2023-03-09T15:40:40.475+0000] {dag.py:2690} INFO - Sync 1 DAGs
[2023-03-09T15:40:40.569+0000] {logging_mixin.py:137} INFO - [2023-03-09T15:40:40.569+0000] {dag.py:3441} INFO - Setting next_dagrun for example_skip_dag to 2023-03-08T15:40:40.568847+00:00, run_after=2023-03-09T15:40:40.568847+00:00
[2023-03-09T15:40:40.606+0000] {processor.py:175} INFO - Processing /home/airflow/.local/lib/python3.7/site-packages/airflow/example_dags/example_skip_dag.py took 0.264 seconds
[2023-03-09T15:41:10.641+0000] {processor.py:153} INFO - Started process (PID=457) to work on /home/airflow/.local/lib/python3.7/site-packages/airflow/example_dags/example_skip_dag.py
[2023-03-09T15:41:10.643+0000] {processor.py:743} INFO - Processing file /home/airflow/.local/lib/python3.7/site-packages/airflow/example_dags/example_skip_dag.py for tasks to queue
[2023-03-09T15:41:10.644+0000] {logging_mixin.py:137} INFO - [2023-03-09T15:41:10.643+0000] {dagbag.py:538} INFO - Filling up the DagBag from /home/airflow/.local/lib/python3.7/site-packages/airflow/example_dags/example_skip_dag.py
[2023-03-09T15:41:10.666+0000] {processor.py:753} INFO - DAG(s) dict_keys(['example_skip_dag']) retrieved from /home/airflow/.local/lib/python3.7/site-packages/airflow/example_dags/example_skip_dag.py
[2023-03-09T15:41:10.709+0000] {logging_mixin.py:137} INFO - [2023-03-09T15:41:10.709+0000] {dag.py:2690} INFO - Sync 1 DAGs
[2023-03-09T15:41:10.761+0000] {logging_mixin.py:137} INFO - [2023-03-09T15:41:10.761+0000] {dag.py:3441} INFO - Setting next_dagrun for example_skip_dag to 2023-03-08T15:41:10.761185+00:00, run_after=2023-03-09T15:41:10.761185+00:00
[2023-03-09T15:41:10.799+0000] {processor.py:175} INFO - Processing /home/airflow/.local/lib/python3.7/site-packages/airflow/example_dags/example_skip_dag.py took 0.163 seconds
[2023-03-09T15:41:41.708+0000] {processor.py:153} INFO - Started process (PID=521) to work on /home/airflow/.local/lib/python3.7/site-packages/airflow/example_dags/example_skip_dag.py
[2023-03-09T15:41:41.709+0000] {processor.py:743} INFO - Processing file /home/airflow/.local/lib/python3.7/site-packages/airflow/example_dags/example_skip_dag.py for tasks to queue
[2023-03-09T15:41:41.709+0000] {logging_mixin.py:137} INFO - [2023-03-09T15:41:41.709+0000] {dagbag.py:538} INFO - Filling up the DagBag from /home/airflow/.local/lib/python3.7/site-packages/airflow/example_dags/example_skip_dag.py
[2023-03-09T15:41:41.726+0000] {processor.py:753} INFO - DAG(s) dict_keys(['example_skip_dag']) retrieved from /home/airflow/.local/lib/python3.7/site-packages/airflow/example_dags/example_skip_dag.py
[2023-03-09T15:41:41.762+0000] {logging_mixin.py:137} INFO - [2023-03-09T15:41:41.761+0000] {dag.py:2690} INFO - Sync 1 DAGs
[2023-03-09T15:41:41.799+0000] {logging_mixin.py:137} INFO - [2023-03-09T15:41:41.799+0000] {dag.py:3441} INFO - Setting next_dagrun for example_skip_dag to 2023-03-08T15:41:41.799368+00:00, run_after=2023-03-09T15:41:41.799368+00:00
[2023-03-09T15:41:41.826+0000] {processor.py:175} INFO - Processing /home/airflow/.local/lib/python3.7/site-packages/airflow/example_dags/example_skip_dag.py took 0.121 seconds
[2023-03-09T15:42:12.523+0000] {processor.py:153} INFO - Started process (PID=586) to work on /home/airflow/.local/lib/python3.7/site-packages/airflow/example_dags/example_skip_dag.py
[2023-03-09T15:42:12.524+0000] {processor.py:743} INFO - Processing file /home/airflow/.local/lib/python3.7/site-packages/airflow/example_dags/example_skip_dag.py for tasks to queue
[2023-03-09T15:42:12.525+0000] {logging_mixin.py:137} INFO - [2023-03-09T15:42:12.525+0000] {dagbag.py:538} INFO - Filling up the DagBag from /home/airflow/.local/lib/python3.7/site-packages/airflow/example_dags/example_skip_dag.py
[2023-03-09T15:42:12.558+0000] {processor.py:753} INFO - DAG(s) dict_keys(['example_skip_dag']) retrieved from /home/airflow/.local/lib/python3.7/site-packages/airflow/example_dags/example_skip_dag.py
[2023-03-09T15:42:12.604+0000] {logging_mixin.py:137} INFO - [2023-03-09T15:42:12.603+0000] {dag.py:2690} INFO - Sync 1 DAGs
[2023-03-09T15:42:12.657+0000] {logging_mixin.py:137} INFO - [2023-03-09T15:42:12.657+0000] {dag.py:3441} INFO - Setting next_dagrun for example_skip_dag to 2023-03-08T15:42:12.656724+00:00, run_after=2023-03-09T15:42:12.656724+00:00
[2023-03-09T15:42:12.696+0000] {processor.py:175} INFO - Processing /home/airflow/.local/lib/python3.7/site-packages/airflow/example_dags/example_skip_dag.py took 0.178 seconds
[2023-03-09T15:42:43.209+0000] {processor.py:153} INFO - Started process (PID=649) to work on /home/airflow/.local/lib/python3.7/site-packages/airflow/example_dags/example_skip_dag.py
[2023-03-09T15:42:43.209+0000] {processor.py:743} INFO - Processing file /home/airflow/.local/lib/python3.7/site-packages/airflow/example_dags/example_skip_dag.py for tasks to queue
[2023-03-09T15:42:43.210+0000] {logging_mixin.py:137} INFO - [2023-03-09T15:42:43.210+0000] {dagbag.py:538} INFO - Filling up the DagBag from /home/airflow/.local/lib/python3.7/site-packages/airflow/example_dags/example_skip_dag.py
[2023-03-09T15:42:43.228+0000] {processor.py:753} INFO - DAG(s) dict_keys(['example_skip_dag']) retrieved from /home/airflow/.local/lib/python3.7/site-packages/airflow/example_dags/example_skip_dag.py
[2023-03-09T15:42:43.313+0000] {logging_mixin.py:137} INFO - [2023-03-09T15:42:43.313+0000] {dag.py:2690} INFO - Sync 1 DAGs
[2023-03-09T15:42:43.368+0000] {logging_mixin.py:137} INFO - [2023-03-09T15:42:43.368+0000] {dag.py:3441} INFO - Setting next_dagrun for example_skip_dag to 2023-03-08T15:42:43.367822+00:00, run_after=2023-03-09T15:42:43.367822+00:00
[2023-03-09T15:42:43.411+0000] {processor.py:175} INFO - Processing /home/airflow/.local/lib/python3.7/site-packages/airflow/example_dags/example_skip_dag.py took 0.211 seconds
[2023-03-09T15:43:14.051+0000] {processor.py:153} INFO - Started process (PID=724) to work on /home/airflow/.local/lib/python3.7/site-packages/airflow/example_dags/example_skip_dag.py
[2023-03-09T15:43:14.052+0000] {processor.py:743} INFO - Processing file /home/airflow/.local/lib/python3.7/site-packages/airflow/example_dags/example_skip_dag.py for tasks to queue
[2023-03-09T15:43:14.053+0000] {logging_mixin.py:137} INFO - [2023-03-09T15:43:14.053+0000] {dagbag.py:538} INFO - Filling up the DagBag from /home/airflow/.local/lib/python3.7/site-packages/airflow/example_dags/example_skip_dag.py
[2023-03-09T15:43:14.076+0000] {processor.py:753} INFO - DAG(s) dict_keys(['example_skip_dag']) retrieved from /home/airflow/.local/lib/python3.7/site-packages/airflow/example_dags/example_skip_dag.py
[2023-03-09T15:43:14.117+0000] {logging_mixin.py:137} INFO - [2023-03-09T15:43:14.116+0000] {dag.py:2690} INFO - Sync 1 DAGs
[2023-03-09T15:43:14.171+0000] {logging_mixin.py:137} INFO - [2023-03-09T15:43:14.170+0000] {dag.py:3441} INFO - Setting next_dagrun for example_skip_dag to 2023-03-08T15:43:14.170456+00:00, run_after=2023-03-09T15:43:14.170456+00:00
[2023-03-09T15:43:14.218+0000] {processor.py:175} INFO - Processing /home/airflow/.local/lib/python3.7/site-packages/airflow/example_dags/example_skip_dag.py took 0.172 seconds
[2023-03-09T15:43:44.492+0000] {processor.py:153} INFO - Started process (PID=787) to work on /home/airflow/.local/lib/python3.7/site-packages/airflow/example_dags/example_skip_dag.py
[2023-03-09T15:43:44.493+0000] {processor.py:743} INFO - Processing file /home/airflow/.local/lib/python3.7/site-packages/airflow/example_dags/example_skip_dag.py for tasks to queue
[2023-03-09T15:43:44.494+0000] {logging_mixin.py:137} INFO - [2023-03-09T15:43:44.494+0000] {dagbag.py:538} INFO - Filling up the DagBag from /home/airflow/.local/lib/python3.7/site-packages/airflow/example_dags/example_skip_dag.py
[2023-03-09T15:43:44.518+0000] {processor.py:753} INFO - DAG(s) dict_keys(['example_skip_dag']) retrieved from /home/airflow/.local/lib/python3.7/site-packages/airflow/example_dags/example_skip_dag.py
[2023-03-09T15:43:44.560+0000] {logging_mixin.py:137} INFO - [2023-03-09T15:43:44.560+0000] {dag.py:2690} INFO - Sync 1 DAGs
[2023-03-09T15:43:44.627+0000] {logging_mixin.py:137} INFO - [2023-03-09T15:43:44.627+0000] {dag.py:3441} INFO - Setting next_dagrun for example_skip_dag to 2023-03-08T15:43:44.627135+00:00, run_after=2023-03-09T15:43:44.627135+00:00
[2023-03-09T15:43:44.667+0000] {processor.py:175} INFO - Processing /home/airflow/.local/lib/python3.7/site-packages/airflow/example_dags/example_skip_dag.py took 0.179 seconds
[2023-03-09T15:44:14.758+0000] {processor.py:153} INFO - Started process (PID=849) to work on /home/airflow/.local/lib/python3.7/site-packages/airflow/example_dags/example_skip_dag.py
[2023-03-09T15:44:14.759+0000] {processor.py:743} INFO - Processing file /home/airflow/.local/lib/python3.7/site-packages/airflow/example_dags/example_skip_dag.py for tasks to queue
[2023-03-09T15:44:14.759+0000] {logging_mixin.py:137} INFO - [2023-03-09T15:44:14.759+0000] {dagbag.py:538} INFO - Filling up the DagBag from /home/airflow/.local/lib/python3.7/site-packages/airflow/example_dags/example_skip_dag.py
[2023-03-09T15:44:14.775+0000] {processor.py:753} INFO - DAG(s) dict_keys(['example_skip_dag']) retrieved from /home/airflow/.local/lib/python3.7/site-packages/airflow/example_dags/example_skip_dag.py
[2023-03-09T15:44:14.804+0000] {logging_mixin.py:137} INFO - [2023-03-09T15:44:14.804+0000] {dag.py:2690} INFO - Sync 1 DAGs
[2023-03-09T15:44:14.845+0000] {logging_mixin.py:137} INFO - [2023-03-09T15:44:14.844+0000] {dag.py:3441} INFO - Setting next_dagrun for example_skip_dag to 2023-03-08T15:44:14.844487+00:00, run_after=2023-03-09T15:44:14.844487+00:00
[2023-03-09T15:44:14.869+0000] {processor.py:175} INFO - Processing /home/airflow/.local/lib/python3.7/site-packages/airflow/example_dags/example_skip_dag.py took 0.114 seconds
[2023-03-09T15:44:45.386+0000] {processor.py:153} INFO - Started process (PID=912) to work on /home/airflow/.local/lib/python3.7/site-packages/airflow/example_dags/example_skip_dag.py
[2023-03-09T15:44:45.387+0000] {processor.py:743} INFO - Processing file /home/airflow/.local/lib/python3.7/site-packages/airflow/example_dags/example_skip_dag.py for tasks to queue
[2023-03-09T15:44:45.388+0000] {logging_mixin.py:137} INFO - [2023-03-09T15:44:45.388+0000] {dagbag.py:538} INFO - Filling up the DagBag from /home/airflow/.local/lib/python3.7/site-packages/airflow/example_dags/example_skip_dag.py
[2023-03-09T15:44:45.405+0000] {processor.py:753} INFO - DAG(s) dict_keys(['example_skip_dag']) retrieved from /home/airflow/.local/lib/python3.7/site-packages/airflow/example_dags/example_skip_dag.py
[2023-03-09T15:44:45.436+0000] {logging_mixin.py:137} INFO - [2023-03-09T15:44:45.435+0000] {dag.py:2690} INFO - Sync 1 DAGs
[2023-03-09T15:44:45.484+0000] {logging_mixin.py:137} INFO - [2023-03-09T15:44:45.484+0000] {dag.py:3441} INFO - Setting next_dagrun for example_skip_dag to 2023-03-08T15:44:45.483866+00:00, run_after=2023-03-09T15:44:45.483866+00:00
[2023-03-09T15:44:45.522+0000] {processor.py:175} INFO - Processing /home/airflow/.local/lib/python3.7/site-packages/airflow/example_dags/example_skip_dag.py took 0.140 seconds
[2023-03-09T15:45:16.081+0000] {processor.py:153} INFO - Started process (PID=974) to work on /home/airflow/.local/lib/python3.7/site-packages/airflow/example_dags/example_skip_dag.py
[2023-03-09T15:45:16.082+0000] {processor.py:743} INFO - Processing file /home/airflow/.local/lib/python3.7/site-packages/airflow/example_dags/example_skip_dag.py for tasks to queue
[2023-03-09T15:45:16.082+0000] {logging_mixin.py:137} INFO - [2023-03-09T15:45:16.082+0000] {dagbag.py:538} INFO - Filling up the DagBag from /home/airflow/.local/lib/python3.7/site-packages/airflow/example_dags/example_skip_dag.py
[2023-03-09T15:45:16.098+0000] {processor.py:753} INFO - DAG(s) dict_keys(['example_skip_dag']) retrieved from /home/airflow/.local/lib/python3.7/site-packages/airflow/example_dags/example_skip_dag.py
[2023-03-09T15:45:16.135+0000] {logging_mixin.py:137} INFO - [2023-03-09T15:45:16.134+0000] {dag.py:2690} INFO - Sync 1 DAGs
[2023-03-09T15:45:16.172+0000] {logging_mixin.py:137} INFO - [2023-03-09T15:45:16.172+0000] {dag.py:3441} INFO - Setting next_dagrun for example_skip_dag to 2023-03-08T15:45:16.172241+00:00, run_after=2023-03-09T15:45:16.172241+00:00
[2023-03-09T15:45:16.198+0000] {processor.py:175} INFO - Processing /home/airflow/.local/lib/python3.7/site-packages/airflow/example_dags/example_skip_dag.py took 0.120 seconds
[2023-03-09T15:45:46.579+0000] {processor.py:153} INFO - Started process (PID=1041) to work on /home/airflow/.local/lib/python3.7/site-packages/airflow/example_dags/example_skip_dag.py
[2023-03-09T15:45:46.586+0000] {processor.py:743} INFO - Processing file /home/airflow/.local/lib/python3.7/site-packages/airflow/example_dags/example_skip_dag.py for tasks to queue
[2023-03-09T15:45:46.588+0000] {logging_mixin.py:137} INFO - [2023-03-09T15:45:46.588+0000] {dagbag.py:538} INFO - Filling up the DagBag from /home/airflow/.local/lib/python3.7/site-packages/airflow/example_dags/example_skip_dag.py
[2023-03-09T15:45:46.610+0000] {processor.py:753} INFO - DAG(s) dict_keys(['example_skip_dag']) retrieved from /home/airflow/.local/lib/python3.7/site-packages/airflow/example_dags/example_skip_dag.py
[2023-03-09T15:45:46.655+0000] {logging_mixin.py:137} INFO - [2023-03-09T15:45:46.654+0000] {dag.py:2690} INFO - Sync 1 DAGs
[2023-03-09T15:45:46.693+0000] {logging_mixin.py:137} INFO - [2023-03-09T15:45:46.693+0000] {dag.py:3441} INFO - Setting next_dagrun for example_skip_dag to 2023-03-08T15:45:46.692856+00:00, run_after=2023-03-09T15:45:46.692856+00:00
[2023-03-09T15:45:46.727+0000] {processor.py:175} INFO - Processing /home/airflow/.local/lib/python3.7/site-packages/airflow/example_dags/example_skip_dag.py took 0.152 seconds
[2023-03-09T15:46:17.182+0000] {processor.py:153} INFO - Started process (PID=1113) to work on /home/airflow/.local/lib/python3.7/site-packages/airflow/example_dags/example_skip_dag.py
[2023-03-09T15:46:17.183+0000] {processor.py:743} INFO - Processing file /home/airflow/.local/lib/python3.7/site-packages/airflow/example_dags/example_skip_dag.py for tasks to queue
[2023-03-09T15:46:17.188+0000] {logging_mixin.py:137} INFO - [2023-03-09T15:46:17.188+0000] {dagbag.py:538} INFO - Filling up the DagBag from /home/airflow/.local/lib/python3.7/site-packages/airflow/example_dags/example_skip_dag.py
[2023-03-09T15:46:17.249+0000] {processor.py:753} INFO - DAG(s) dict_keys(['example_skip_dag']) retrieved from /home/airflow/.local/lib/python3.7/site-packages/airflow/example_dags/example_skip_dag.py
[2023-03-09T15:46:17.352+0000] {logging_mixin.py:137} INFO - [2023-03-09T15:46:17.352+0000] {dag.py:2690} INFO - Sync 1 DAGs
[2023-03-09T15:46:17.458+0000] {logging_mixin.py:137} INFO - [2023-03-09T15:46:17.458+0000] {dag.py:3441} INFO - Setting next_dagrun for example_skip_dag to 2023-03-08T15:46:17.457727+00:00, run_after=2023-03-09T15:46:17.457727+00:00
[2023-03-09T15:46:17.538+0000] {processor.py:175} INFO - Processing /home/airflow/.local/lib/python3.7/site-packages/airflow/example_dags/example_skip_dag.py took 0.371 seconds
[2023-03-09T15:46:47.874+0000] {processor.py:153} INFO - Started process (PID=1179) to work on /home/airflow/.local/lib/python3.7/site-packages/airflow/example_dags/example_skip_dag.py
[2023-03-09T15:46:47.875+0000] {processor.py:743} INFO - Processing file /home/airflow/.local/lib/python3.7/site-packages/airflow/example_dags/example_skip_dag.py for tasks to queue
[2023-03-09T15:46:47.876+0000] {logging_mixin.py:137} INFO - [2023-03-09T15:46:47.876+0000] {dagbag.py:538} INFO - Filling up the DagBag from /home/airflow/.local/lib/python3.7/site-packages/airflow/example_dags/example_skip_dag.py
[2023-03-09T15:46:47.906+0000] {processor.py:753} INFO - DAG(s) dict_keys(['example_skip_dag']) retrieved from /home/airflow/.local/lib/python3.7/site-packages/airflow/example_dags/example_skip_dag.py
[2023-03-09T15:46:48.027+0000] {logging_mixin.py:137} INFO - [2023-03-09T15:46:48.026+0000] {dag.py:2690} INFO - Sync 1 DAGs
[2023-03-09T15:46:48.097+0000] {logging_mixin.py:137} INFO - [2023-03-09T15:46:48.096+0000] {dag.py:3441} INFO - Setting next_dagrun for example_skip_dag to 2023-03-08T15:46:48.096491+00:00, run_after=2023-03-09T15:46:48.096491+00:00
[2023-03-09T15:46:48.134+0000] {processor.py:175} INFO - Processing /home/airflow/.local/lib/python3.7/site-packages/airflow/example_dags/example_skip_dag.py took 0.268 seconds
[2023-03-09T15:47:18.282+0000] {processor.py:153} INFO - Started process (PID=1242) to work on /home/airflow/.local/lib/python3.7/site-packages/airflow/example_dags/example_skip_dag.py
[2023-03-09T15:47:18.283+0000] {processor.py:743} INFO - Processing file /home/airflow/.local/lib/python3.7/site-packages/airflow/example_dags/example_skip_dag.py for tasks to queue
[2023-03-09T15:47:18.284+0000] {logging_mixin.py:137} INFO - [2023-03-09T15:47:18.284+0000] {dagbag.py:538} INFO - Filling up the DagBag from /home/airflow/.local/lib/python3.7/site-packages/airflow/example_dags/example_skip_dag.py
[2023-03-09T15:47:18.307+0000] {processor.py:753} INFO - DAG(s) dict_keys(['example_skip_dag']) retrieved from /home/airflow/.local/lib/python3.7/site-packages/airflow/example_dags/example_skip_dag.py
[2023-03-09T15:47:18.358+0000] {logging_mixin.py:137} INFO - [2023-03-09T15:47:18.356+0000] {dag.py:2690} INFO - Sync 1 DAGs
[2023-03-09T15:47:18.433+0000] {logging_mixin.py:137} INFO - [2023-03-09T15:47:18.432+0000] {dag.py:3441} INFO - Setting next_dagrun for example_skip_dag to 2023-03-08T15:47:18.432295+00:00, run_after=2023-03-09T15:47:18.432295+00:00
[2023-03-09T15:47:18.482+0000] {processor.py:175} INFO - Processing /home/airflow/.local/lib/python3.7/site-packages/airflow/example_dags/example_skip_dag.py took 0.204 seconds
[2023-03-09T15:47:49.194+0000] {processor.py:153} INFO - Started process (PID=1304) to work on /home/airflow/.local/lib/python3.7/site-packages/airflow/example_dags/example_skip_dag.py
[2023-03-09T15:47:49.195+0000] {processor.py:743} INFO - Processing file /home/airflow/.local/lib/python3.7/site-packages/airflow/example_dags/example_skip_dag.py for tasks to queue
[2023-03-09T15:47:49.212+0000] {logging_mixin.py:137} INFO - [2023-03-09T15:47:49.212+0000] {dagbag.py:538} INFO - Filling up the DagBag from /home/airflow/.local/lib/python3.7/site-packages/airflow/example_dags/example_skip_dag.py
[2023-03-09T15:47:49.259+0000] {processor.py:753} INFO - DAG(s) dict_keys(['example_skip_dag']) retrieved from /home/airflow/.local/lib/python3.7/site-packages/airflow/example_dags/example_skip_dag.py
[2023-03-09T15:47:49.305+0000] {logging_mixin.py:137} INFO - [2023-03-09T15:47:49.305+0000] {dag.py:2690} INFO - Sync 1 DAGs
[2023-03-09T15:47:49.359+0000] {logging_mixin.py:137} INFO - [2023-03-09T15:47:49.359+0000] {dag.py:3441} INFO - Setting next_dagrun for example_skip_dag to 2023-03-08T15:47:49.359319+00:00, run_after=2023-03-09T15:47:49.359319+00:00
[2023-03-09T15:47:49.397+0000] {processor.py:175} INFO - Processing /home/airflow/.local/lib/python3.7/site-packages/airflow/example_dags/example_skip_dag.py took 0.208 seconds
[2023-03-09T15:48:19.474+0000] {processor.py:153} INFO - Started process (PID=1368) to work on /home/airflow/.local/lib/python3.7/site-packages/airflow/example_dags/example_skip_dag.py
[2023-03-09T15:48:19.475+0000] {processor.py:743} INFO - Processing file /home/airflow/.local/lib/python3.7/site-packages/airflow/example_dags/example_skip_dag.py for tasks to queue
[2023-03-09T15:48:19.476+0000] {logging_mixin.py:137} INFO - [2023-03-09T15:48:19.476+0000] {dagbag.py:538} INFO - Filling up the DagBag from /home/airflow/.local/lib/python3.7/site-packages/airflow/example_dags/example_skip_dag.py
[2023-03-09T15:48:19.491+0000] {processor.py:753} INFO - DAG(s) dict_keys(['example_skip_dag']) retrieved from /home/airflow/.local/lib/python3.7/site-packages/airflow/example_dags/example_skip_dag.py
[2023-03-09T15:48:19.520+0000] {logging_mixin.py:137} INFO - [2023-03-09T15:48:19.520+0000] {dag.py:2690} INFO - Sync 1 DAGs
[2023-03-09T15:48:19.555+0000] {logging_mixin.py:137} INFO - [2023-03-09T15:48:19.554+0000] {dag.py:3441} INFO - Setting next_dagrun for example_skip_dag to 2023-03-08T15:48:19.554731+00:00, run_after=2023-03-09T15:48:19.554731+00:00
[2023-03-09T15:48:19.578+0000] {processor.py:175} INFO - Processing /home/airflow/.local/lib/python3.7/site-packages/airflow/example_dags/example_skip_dag.py took 0.107 seconds
[2023-03-09T15:48:50.281+0000] {processor.py:153} INFO - Started process (PID=1429) to work on /home/airflow/.local/lib/python3.7/site-packages/airflow/example_dags/example_skip_dag.py
[2023-03-09T15:48:50.282+0000] {processor.py:743} INFO - Processing file /home/airflow/.local/lib/python3.7/site-packages/airflow/example_dags/example_skip_dag.py for tasks to queue
[2023-03-09T15:48:50.283+0000] {logging_mixin.py:137} INFO - [2023-03-09T15:48:50.283+0000] {dagbag.py:538} INFO - Filling up the DagBag from /home/airflow/.local/lib/python3.7/site-packages/airflow/example_dags/example_skip_dag.py
[2023-03-09T15:48:50.302+0000] {processor.py:753} INFO - DAG(s) dict_keys(['example_skip_dag']) retrieved from /home/airflow/.local/lib/python3.7/site-packages/airflow/example_dags/example_skip_dag.py
[2023-03-09T15:48:50.340+0000] {logging_mixin.py:137} INFO - [2023-03-09T15:48:50.339+0000] {dag.py:2690} INFO - Sync 1 DAGs
[2023-03-09T15:48:50.398+0000] {logging_mixin.py:137} INFO - [2023-03-09T15:48:50.397+0000] {dag.py:3441} INFO - Setting next_dagrun for example_skip_dag to 2023-03-08T15:48:50.397590+00:00, run_after=2023-03-09T15:48:50.397590+00:00
[2023-03-09T15:48:50.433+0000] {processor.py:175} INFO - Processing /home/airflow/.local/lib/python3.7/site-packages/airflow/example_dags/example_skip_dag.py took 0.155 seconds
[2023-03-09T15:49:21.319+0000] {processor.py:153} INFO - Started process (PID=1503) to work on /home/airflow/.local/lib/python3.7/site-packages/airflow/example_dags/example_skip_dag.py
[2023-03-09T15:49:21.337+0000] {processor.py:743} INFO - Processing file /home/airflow/.local/lib/python3.7/site-packages/airflow/example_dags/example_skip_dag.py for tasks to queue
[2023-03-09T15:49:21.339+0000] {logging_mixin.py:137} INFO - [2023-03-09T15:49:21.338+0000] {dagbag.py:538} INFO - Filling up the DagBag from /home/airflow/.local/lib/python3.7/site-packages/airflow/example_dags/example_skip_dag.py
[2023-03-09T15:49:21.410+0000] {processor.py:753} INFO - DAG(s) dict_keys(['example_skip_dag']) retrieved from /home/airflow/.local/lib/python3.7/site-packages/airflow/example_dags/example_skip_dag.py
[2023-03-09T15:49:21.459+0000] {logging_mixin.py:137} INFO - [2023-03-09T15:49:21.459+0000] {dag.py:2690} INFO - Sync 1 DAGs
[2023-03-09T15:49:21.523+0000] {logging_mixin.py:137} INFO - [2023-03-09T15:49:21.523+0000] {dag.py:3441} INFO - Setting next_dagrun for example_skip_dag to 2023-03-08T15:49:21.523402+00:00, run_after=2023-03-09T15:49:21.523402+00:00
[2023-03-09T15:49:21.569+0000] {processor.py:175} INFO - Processing /home/airflow/.local/lib/python3.7/site-packages/airflow/example_dags/example_skip_dag.py took 0.254 seconds
