[2023-03-09T15:38:08.408+0000] {processor.py:153} INFO - Started process (PID=72) to work on /home/airflow/.local/lib/python3.7/site-packages/airflow/example_dags/example_nested_branch_dag.py
[2023-03-09T15:38:08.409+0000] {processor.py:743} INFO - Processing file /home/airflow/.local/lib/python3.7/site-packages/airflow/example_dags/example_nested_branch_dag.py for tasks to queue
[2023-03-09T15:38:08.410+0000] {logging_mixin.py:137} INFO - [2023-03-09T15:38:08.410+0000] {dagbag.py:538} INFO - Filling up the DagBag from /home/airflow/.local/lib/python3.7/site-packages/airflow/example_dags/example_nested_branch_dag.py
[2023-03-09T15:38:08.739+0000] {processor.py:753} INFO - DAG(s) dict_keys(['example_nested_branch_dag']) retrieved from /home/airflow/.local/lib/python3.7/site-packages/airflow/example_dags/example_nested_branch_dag.py
[2023-03-09T15:38:08.975+0000] {logging_mixin.py:137} INFO - [2023-03-09T15:38:08.975+0000] {dag.py:2690} INFO - Sync 1 DAGs
[2023-03-09T15:38:09.259+0000] {logging_mixin.py:137} INFO - [2023-03-09T15:38:09.259+0000] {dag.py:3441} INFO - Setting next_dagrun for example_nested_branch_dag to 2023-03-08T00:00:00+00:00, run_after=2023-03-09T00:00:00+00:00
[2023-03-09T15:38:09.420+0000] {processor.py:175} INFO - Processing /home/airflow/.local/lib/python3.7/site-packages/airflow/example_dags/example_nested_branch_dag.py took 1.032 seconds
[2023-03-09T15:38:40.385+0000] {processor.py:153} INFO - Started process (PID=135) to work on /home/airflow/.local/lib/python3.7/site-packages/airflow/example_dags/example_nested_branch_dag.py
[2023-03-09T15:38:40.388+0000] {processor.py:743} INFO - Processing file /home/airflow/.local/lib/python3.7/site-packages/airflow/example_dags/example_nested_branch_dag.py for tasks to queue
[2023-03-09T15:38:40.389+0000] {logging_mixin.py:137} INFO - [2023-03-09T15:38:40.389+0000] {dagbag.py:538} INFO - Filling up the DagBag from /home/airflow/.local/lib/python3.7/site-packages/airflow/example_dags/example_nested_branch_dag.py
[2023-03-09T15:38:40.442+0000] {processor.py:753} INFO - DAG(s) dict_keys(['example_nested_branch_dag']) retrieved from /home/airflow/.local/lib/python3.7/site-packages/airflow/example_dags/example_nested_branch_dag.py
[2023-03-09T15:38:40.488+0000] {logging_mixin.py:137} INFO - [2023-03-09T15:38:40.487+0000] {dag.py:2690} INFO - Sync 1 DAGs
[2023-03-09T15:38:40.544+0000] {logging_mixin.py:137} INFO - [2023-03-09T15:38:40.544+0000] {dag.py:3441} INFO - Setting next_dagrun for example_nested_branch_dag to 2023-03-08T00:00:00+00:00, run_after=2023-03-09T00:00:00+00:00
[2023-03-09T15:38:40.577+0000] {processor.py:175} INFO - Processing /home/airflow/.local/lib/python3.7/site-packages/airflow/example_dags/example_nested_branch_dag.py took 0.197 seconds
[2023-03-09T15:39:11.165+0000] {processor.py:153} INFO - Started process (PID=200) to work on /home/airflow/.local/lib/python3.7/site-packages/airflow/example_dags/example_nested_branch_dag.py
[2023-03-09T15:39:11.166+0000] {processor.py:743} INFO - Processing file /home/airflow/.local/lib/python3.7/site-packages/airflow/example_dags/example_nested_branch_dag.py for tasks to queue
[2023-03-09T15:39:11.167+0000] {logging_mixin.py:137} INFO - [2023-03-09T15:39:11.167+0000] {dagbag.py:538} INFO - Filling up the DagBag from /home/airflow/.local/lib/python3.7/site-packages/airflow/example_dags/example_nested_branch_dag.py
[2023-03-09T15:39:11.208+0000] {processor.py:753} INFO - DAG(s) dict_keys(['example_nested_branch_dag']) retrieved from /home/airflow/.local/lib/python3.7/site-packages/airflow/example_dags/example_nested_branch_dag.py
[2023-03-09T15:39:11.240+0000] {logging_mixin.py:137} INFO - [2023-03-09T15:39:11.239+0000] {dag.py:2690} INFO - Sync 1 DAGs
[2023-03-09T15:39:11.278+0000] {logging_mixin.py:137} INFO - [2023-03-09T15:39:11.278+0000] {dag.py:3441} INFO - Setting next_dagrun for example_nested_branch_dag to 2023-03-08T00:00:00+00:00, run_after=2023-03-09T00:00:00+00:00
[2023-03-09T15:39:11.306+0000] {processor.py:175} INFO - Processing /home/airflow/.local/lib/python3.7/site-packages/airflow/example_dags/example_nested_branch_dag.py took 0.144 seconds
[2023-03-09T15:39:41.338+0000] {processor.py:153} INFO - Started process (PID=263) to work on /home/airflow/.local/lib/python3.7/site-packages/airflow/example_dags/example_nested_branch_dag.py
[2023-03-09T15:39:41.339+0000] {processor.py:743} INFO - Processing file /home/airflow/.local/lib/python3.7/site-packages/airflow/example_dags/example_nested_branch_dag.py for tasks to queue
[2023-03-09T15:39:41.340+0000] {logging_mixin.py:137} INFO - [2023-03-09T15:39:41.340+0000] {dagbag.py:538} INFO - Filling up the DagBag from /home/airflow/.local/lib/python3.7/site-packages/airflow/example_dags/example_nested_branch_dag.py
[2023-03-09T15:39:41.372+0000] {processor.py:753} INFO - DAG(s) dict_keys(['example_nested_branch_dag']) retrieved from /home/airflow/.local/lib/python3.7/site-packages/airflow/example_dags/example_nested_branch_dag.py
[2023-03-09T15:39:41.418+0000] {logging_mixin.py:137} INFO - [2023-03-09T15:39:41.417+0000] {dag.py:2690} INFO - Sync 1 DAGs
[2023-03-09T15:39:41.462+0000] {logging_mixin.py:137} INFO - [2023-03-09T15:39:41.461+0000] {dag.py:3441} INFO - Setting next_dagrun for example_nested_branch_dag to 2023-03-08T00:00:00+00:00, run_after=2023-03-09T00:00:00+00:00
[2023-03-09T15:39:41.490+0000] {processor.py:175} INFO - Processing /home/airflow/.local/lib/python3.7/site-packages/airflow/example_dags/example_nested_branch_dag.py took 0.155 seconds
[2023-03-09T15:40:12.165+0000] {processor.py:153} INFO - Started process (PID=326) to work on /home/airflow/.local/lib/python3.7/site-packages/airflow/example_dags/example_nested_branch_dag.py
[2023-03-09T15:40:12.166+0000] {processor.py:743} INFO - Processing file /home/airflow/.local/lib/python3.7/site-packages/airflow/example_dags/example_nested_branch_dag.py for tasks to queue
[2023-03-09T15:40:12.167+0000] {logging_mixin.py:137} INFO - [2023-03-09T15:40:12.167+0000] {dagbag.py:538} INFO - Filling up the DagBag from /home/airflow/.local/lib/python3.7/site-packages/airflow/example_dags/example_nested_branch_dag.py
[2023-03-09T15:40:12.233+0000] {processor.py:753} INFO - DAG(s) dict_keys(['example_nested_branch_dag']) retrieved from /home/airflow/.local/lib/python3.7/site-packages/airflow/example_dags/example_nested_branch_dag.py
[2023-03-09T15:40:12.277+0000] {logging_mixin.py:137} INFO - [2023-03-09T15:40:12.276+0000] {dag.py:2690} INFO - Sync 1 DAGs
[2023-03-09T15:40:12.332+0000] {logging_mixin.py:137} INFO - [2023-03-09T15:40:12.331+0000] {dag.py:3441} INFO - Setting next_dagrun for example_nested_branch_dag to 2023-03-08T00:00:00+00:00, run_after=2023-03-09T00:00:00+00:00
[2023-03-09T15:40:12.366+0000] {processor.py:175} INFO - Processing /home/airflow/.local/lib/python3.7/site-packages/airflow/example_dags/example_nested_branch_dag.py took 0.205 seconds
[2023-03-09T15:40:43.084+0000] {processor.py:153} INFO - Started process (PID=401) to work on /home/airflow/.local/lib/python3.7/site-packages/airflow/example_dags/example_nested_branch_dag.py
[2023-03-09T15:40:43.085+0000] {processor.py:743} INFO - Processing file /home/airflow/.local/lib/python3.7/site-packages/airflow/example_dags/example_nested_branch_dag.py for tasks to queue
[2023-03-09T15:40:43.086+0000] {logging_mixin.py:137} INFO - [2023-03-09T15:40:43.086+0000] {dagbag.py:538} INFO - Filling up the DagBag from /home/airflow/.local/lib/python3.7/site-packages/airflow/example_dags/example_nested_branch_dag.py
[2023-03-09T15:40:43.131+0000] {processor.py:753} INFO - DAG(s) dict_keys(['example_nested_branch_dag']) retrieved from /home/airflow/.local/lib/python3.7/site-packages/airflow/example_dags/example_nested_branch_dag.py
[2023-03-09T15:40:43.174+0000] {logging_mixin.py:137} INFO - [2023-03-09T15:40:43.174+0000] {dag.py:2690} INFO - Sync 1 DAGs
[2023-03-09T15:40:43.228+0000] {logging_mixin.py:137} INFO - [2023-03-09T15:40:43.228+0000] {dag.py:3441} INFO - Setting next_dagrun for example_nested_branch_dag to 2023-03-08T00:00:00+00:00, run_after=2023-03-09T00:00:00+00:00
[2023-03-09T15:40:43.264+0000] {processor.py:175} INFO - Processing /home/airflow/.local/lib/python3.7/site-packages/airflow/example_dags/example_nested_branch_dag.py took 0.183 seconds
[2023-03-09T15:41:13.367+0000] {processor.py:153} INFO - Started process (PID=463) to work on /home/airflow/.local/lib/python3.7/site-packages/airflow/example_dags/example_nested_branch_dag.py
[2023-03-09T15:41:13.368+0000] {processor.py:743} INFO - Processing file /home/airflow/.local/lib/python3.7/site-packages/airflow/example_dags/example_nested_branch_dag.py for tasks to queue
[2023-03-09T15:41:13.368+0000] {logging_mixin.py:137} INFO - [2023-03-09T15:41:13.368+0000] {dagbag.py:538} INFO - Filling up the DagBag from /home/airflow/.local/lib/python3.7/site-packages/airflow/example_dags/example_nested_branch_dag.py
[2023-03-09T15:41:13.400+0000] {processor.py:753} INFO - DAG(s) dict_keys(['example_nested_branch_dag']) retrieved from /home/airflow/.local/lib/python3.7/site-packages/airflow/example_dags/example_nested_branch_dag.py
[2023-03-09T15:41:13.431+0000] {logging_mixin.py:137} INFO - [2023-03-09T15:41:13.431+0000] {dag.py:2690} INFO - Sync 1 DAGs
[2023-03-09T15:41:13.470+0000] {logging_mixin.py:137} INFO - [2023-03-09T15:41:13.470+0000] {dag.py:3441} INFO - Setting next_dagrun for example_nested_branch_dag to 2023-03-08T00:00:00+00:00, run_after=2023-03-09T00:00:00+00:00
[2023-03-09T15:41:13.495+0000] {processor.py:175} INFO - Processing /home/airflow/.local/lib/python3.7/site-packages/airflow/example_dags/example_nested_branch_dag.py took 0.131 seconds
[2023-03-09T15:41:44.232+0000] {processor.py:153} INFO - Started process (PID=527) to work on /home/airflow/.local/lib/python3.7/site-packages/airflow/example_dags/example_nested_branch_dag.py
[2023-03-09T15:41:44.233+0000] {processor.py:743} INFO - Processing file /home/airflow/.local/lib/python3.7/site-packages/airflow/example_dags/example_nested_branch_dag.py for tasks to queue
[2023-03-09T15:41:44.234+0000] {logging_mixin.py:137} INFO - [2023-03-09T15:41:44.234+0000] {dagbag.py:538} INFO - Filling up the DagBag from /home/airflow/.local/lib/python3.7/site-packages/airflow/example_dags/example_nested_branch_dag.py
[2023-03-09T15:41:44.274+0000] {processor.py:753} INFO - DAG(s) dict_keys(['example_nested_branch_dag']) retrieved from /home/airflow/.local/lib/python3.7/site-packages/airflow/example_dags/example_nested_branch_dag.py
[2023-03-09T15:41:44.319+0000] {logging_mixin.py:137} INFO - [2023-03-09T15:41:44.319+0000] {dag.py:2690} INFO - Sync 1 DAGs
[2023-03-09T15:41:44.375+0000] {logging_mixin.py:137} INFO - [2023-03-09T15:41:44.375+0000] {dag.py:3441} INFO - Setting next_dagrun for example_nested_branch_dag to 2023-03-08T00:00:00+00:00, run_after=2023-03-09T00:00:00+00:00
[2023-03-09T15:41:44.423+0000] {processor.py:175} INFO - Processing /home/airflow/.local/lib/python3.7/site-packages/airflow/example_dags/example_nested_branch_dag.py took 0.194 seconds
[2023-03-09T15:42:15.135+0000] {processor.py:153} INFO - Started process (PID=592) to work on /home/airflow/.local/lib/python3.7/site-packages/airflow/example_dags/example_nested_branch_dag.py
[2023-03-09T15:42:15.135+0000] {processor.py:743} INFO - Processing file /home/airflow/.local/lib/python3.7/site-packages/airflow/example_dags/example_nested_branch_dag.py for tasks to queue
[2023-03-09T15:42:15.136+0000] {logging_mixin.py:137} INFO - [2023-03-09T15:42:15.136+0000] {dagbag.py:538} INFO - Filling up the DagBag from /home/airflow/.local/lib/python3.7/site-packages/airflow/example_dags/example_nested_branch_dag.py
[2023-03-09T15:42:15.180+0000] {processor.py:753} INFO - DAG(s) dict_keys(['example_nested_branch_dag']) retrieved from /home/airflow/.local/lib/python3.7/site-packages/airflow/example_dags/example_nested_branch_dag.py
[2023-03-09T15:42:15.222+0000] {logging_mixin.py:137} INFO - [2023-03-09T15:42:15.222+0000] {dag.py:2690} INFO - Sync 1 DAGs
[2023-03-09T15:42:15.279+0000] {logging_mixin.py:137} INFO - [2023-03-09T15:42:15.278+0000] {dag.py:3441} INFO - Setting next_dagrun for example_nested_branch_dag to 2023-03-08T00:00:00+00:00, run_after=2023-03-09T00:00:00+00:00
[2023-03-09T15:42:15.313+0000] {processor.py:175} INFO - Processing /home/airflow/.local/lib/python3.7/site-packages/airflow/example_dags/example_nested_branch_dag.py took 0.182 seconds
[2023-03-09T15:42:45.981+0000] {processor.py:153} INFO - Started process (PID=666) to work on /home/airflow/.local/lib/python3.7/site-packages/airflow/example_dags/example_nested_branch_dag.py
[2023-03-09T15:42:45.982+0000] {processor.py:743} INFO - Processing file /home/airflow/.local/lib/python3.7/site-packages/airflow/example_dags/example_nested_branch_dag.py for tasks to queue
[2023-03-09T15:42:45.983+0000] {logging_mixin.py:137} INFO - [2023-03-09T15:42:45.983+0000] {dagbag.py:538} INFO - Filling up the DagBag from /home/airflow/.local/lib/python3.7/site-packages/airflow/example_dags/example_nested_branch_dag.py
[2023-03-09T15:42:46.034+0000] {processor.py:753} INFO - DAG(s) dict_keys(['example_nested_branch_dag']) retrieved from /home/airflow/.local/lib/python3.7/site-packages/airflow/example_dags/example_nested_branch_dag.py
[2023-03-09T15:42:46.105+0000] {logging_mixin.py:137} INFO - [2023-03-09T15:42:46.105+0000] {dag.py:2690} INFO - Sync 1 DAGs
[2023-03-09T15:42:46.147+0000] {logging_mixin.py:137} INFO - [2023-03-09T15:42:46.147+0000] {dag.py:3441} INFO - Setting next_dagrun for example_nested_branch_dag to 2023-03-08T00:00:00+00:00, run_after=2023-03-09T00:00:00+00:00
[2023-03-09T15:42:46.178+0000] {processor.py:175} INFO - Processing /home/airflow/.local/lib/python3.7/site-packages/airflow/example_dags/example_nested_branch_dag.py took 0.201 seconds
[2023-03-09T15:43:16.936+0000] {processor.py:153} INFO - Started process (PID=730) to work on /home/airflow/.local/lib/python3.7/site-packages/airflow/example_dags/example_nested_branch_dag.py
[2023-03-09T15:43:16.937+0000] {processor.py:743} INFO - Processing file /home/airflow/.local/lib/python3.7/site-packages/airflow/example_dags/example_nested_branch_dag.py for tasks to queue
[2023-03-09T15:43:16.938+0000] {logging_mixin.py:137} INFO - [2023-03-09T15:43:16.937+0000] {dagbag.py:538} INFO - Filling up the DagBag from /home/airflow/.local/lib/python3.7/site-packages/airflow/example_dags/example_nested_branch_dag.py
[2023-03-09T15:43:16.996+0000] {processor.py:753} INFO - DAG(s) dict_keys(['example_nested_branch_dag']) retrieved from /home/airflow/.local/lib/python3.7/site-packages/airflow/example_dags/example_nested_branch_dag.py
[2023-03-09T15:43:17.038+0000] {logging_mixin.py:137} INFO - [2023-03-09T15:43:17.038+0000] {dag.py:2690} INFO - Sync 1 DAGs
[2023-03-09T15:43:17.096+0000] {logging_mixin.py:137} INFO - [2023-03-09T15:43:17.096+0000] {dag.py:3441} INFO - Setting next_dagrun for example_nested_branch_dag to 2023-03-08T00:00:00+00:00, run_after=2023-03-09T00:00:00+00:00
[2023-03-09T15:43:17.133+0000] {processor.py:175} INFO - Processing /home/airflow/.local/lib/python3.7/site-packages/airflow/example_dags/example_nested_branch_dag.py took 0.202 seconds
[2023-03-09T15:43:47.292+0000] {processor.py:153} INFO - Started process (PID=794) to work on /home/airflow/.local/lib/python3.7/site-packages/airflow/example_dags/example_nested_branch_dag.py
[2023-03-09T15:43:47.293+0000] {processor.py:743} INFO - Processing file /home/airflow/.local/lib/python3.7/site-packages/airflow/example_dags/example_nested_branch_dag.py for tasks to queue
[2023-03-09T15:43:47.293+0000] {logging_mixin.py:137} INFO - [2023-03-09T15:43:47.293+0000] {dagbag.py:538} INFO - Filling up the DagBag from /home/airflow/.local/lib/python3.7/site-packages/airflow/example_dags/example_nested_branch_dag.py
[2023-03-09T15:43:47.330+0000] {processor.py:753} INFO - DAG(s) dict_keys(['example_nested_branch_dag']) retrieved from /home/airflow/.local/lib/python3.7/site-packages/airflow/example_dags/example_nested_branch_dag.py
[2023-03-09T15:43:47.371+0000] {logging_mixin.py:137} INFO - [2023-03-09T15:43:47.371+0000] {dag.py:2690} INFO - Sync 1 DAGs
[2023-03-09T15:43:47.423+0000] {logging_mixin.py:137} INFO - [2023-03-09T15:43:47.422+0000] {dag.py:3441} INFO - Setting next_dagrun for example_nested_branch_dag to 2023-03-08T00:00:00+00:00, run_after=2023-03-09T00:00:00+00:00
[2023-03-09T15:43:47.461+0000] {processor.py:175} INFO - Processing /home/airflow/.local/lib/python3.7/site-packages/airflow/example_dags/example_nested_branch_dag.py took 0.173 seconds
[2023-03-09T15:44:17.500+0000] {processor.py:153} INFO - Started process (PID=856) to work on /home/airflow/.local/lib/python3.7/site-packages/airflow/example_dags/example_nested_branch_dag.py
[2023-03-09T15:44:17.501+0000] {processor.py:743} INFO - Processing file /home/airflow/.local/lib/python3.7/site-packages/airflow/example_dags/example_nested_branch_dag.py for tasks to queue
[2023-03-09T15:44:17.501+0000] {logging_mixin.py:137} INFO - [2023-03-09T15:44:17.501+0000] {dagbag.py:538} INFO - Filling up the DagBag from /home/airflow/.local/lib/python3.7/site-packages/airflow/example_dags/example_nested_branch_dag.py
[2023-03-09T15:44:17.532+0000] {processor.py:753} INFO - DAG(s) dict_keys(['example_nested_branch_dag']) retrieved from /home/airflow/.local/lib/python3.7/site-packages/airflow/example_dags/example_nested_branch_dag.py
[2023-03-09T15:44:17.563+0000] {logging_mixin.py:137} INFO - [2023-03-09T15:44:17.563+0000] {dag.py:2690} INFO - Sync 1 DAGs
[2023-03-09T15:44:17.600+0000] {logging_mixin.py:137} INFO - [2023-03-09T15:44:17.600+0000] {dag.py:3441} INFO - Setting next_dagrun for example_nested_branch_dag to 2023-03-08T00:00:00+00:00, run_after=2023-03-09T00:00:00+00:00
[2023-03-09T15:44:17.626+0000] {processor.py:175} INFO - Processing /home/airflow/.local/lib/python3.7/site-packages/airflow/example_dags/example_nested_branch_dag.py took 0.129 seconds
[2023-03-09T15:44:48.087+0000] {processor.py:153} INFO - Started process (PID=918) to work on /home/airflow/.local/lib/python3.7/site-packages/airflow/example_dags/example_nested_branch_dag.py
[2023-03-09T15:44:48.088+0000] {processor.py:743} INFO - Processing file /home/airflow/.local/lib/python3.7/site-packages/airflow/example_dags/example_nested_branch_dag.py for tasks to queue
[2023-03-09T15:44:48.089+0000] {logging_mixin.py:137} INFO - [2023-03-09T15:44:48.089+0000] {dagbag.py:538} INFO - Filling up the DagBag from /home/airflow/.local/lib/python3.7/site-packages/airflow/example_dags/example_nested_branch_dag.py
[2023-03-09T15:44:48.204+0000] {processor.py:753} INFO - DAG(s) dict_keys(['example_nested_branch_dag']) retrieved from /home/airflow/.local/lib/python3.7/site-packages/airflow/example_dags/example_nested_branch_dag.py
[2023-03-09T15:44:48.255+0000] {logging_mixin.py:137} INFO - [2023-03-09T15:44:48.254+0000] {dag.py:2690} INFO - Sync 1 DAGs
[2023-03-09T15:44:48.302+0000] {logging_mixin.py:137} INFO - [2023-03-09T15:44:48.302+0000] {dag.py:3441} INFO - Setting next_dagrun for example_nested_branch_dag to 2023-03-08T00:00:00+00:00, run_after=2023-03-09T00:00:00+00:00
[2023-03-09T15:44:48.331+0000] {processor.py:175} INFO - Processing /home/airflow/.local/lib/python3.7/site-packages/airflow/example_dags/example_nested_branch_dag.py took 0.257 seconds
[2023-03-09T15:45:18.604+0000] {processor.py:153} INFO - Started process (PID=987) to work on /home/airflow/.local/lib/python3.7/site-packages/airflow/example_dags/example_nested_branch_dag.py
[2023-03-09T15:45:18.616+0000] {processor.py:743} INFO - Processing file /home/airflow/.local/lib/python3.7/site-packages/airflow/example_dags/example_nested_branch_dag.py for tasks to queue
[2023-03-09T15:45:18.617+0000] {logging_mixin.py:137} INFO - [2023-03-09T15:45:18.617+0000] {dagbag.py:538} INFO - Filling up the DagBag from /home/airflow/.local/lib/python3.7/site-packages/airflow/example_dags/example_nested_branch_dag.py
[2023-03-09T15:45:18.661+0000] {processor.py:753} INFO - DAG(s) dict_keys(['example_nested_branch_dag']) retrieved from /home/airflow/.local/lib/python3.7/site-packages/airflow/example_dags/example_nested_branch_dag.py
[2023-03-09T15:45:18.707+0000] {logging_mixin.py:137} INFO - [2023-03-09T15:45:18.707+0000] {dag.py:2690} INFO - Sync 1 DAGs
[2023-03-09T15:45:18.765+0000] {logging_mixin.py:137} INFO - [2023-03-09T15:45:18.764+0000] {dag.py:3441} INFO - Setting next_dagrun for example_nested_branch_dag to 2023-03-08T00:00:00+00:00, run_after=2023-03-09T00:00:00+00:00
[2023-03-09T15:45:18.799+0000] {processor.py:175} INFO - Processing /home/airflow/.local/lib/python3.7/site-packages/airflow/example_dags/example_nested_branch_dag.py took 0.200 seconds
[2023-03-09T15:45:49.330+0000] {processor.py:153} INFO - Started process (PID=1056) to work on /home/airflow/.local/lib/python3.7/site-packages/airflow/example_dags/example_nested_branch_dag.py
[2023-03-09T15:45:49.332+0000] {processor.py:743} INFO - Processing file /home/airflow/.local/lib/python3.7/site-packages/airflow/example_dags/example_nested_branch_dag.py for tasks to queue
[2023-03-09T15:45:49.334+0000] {logging_mixin.py:137} INFO - [2023-03-09T15:45:49.333+0000] {dagbag.py:538} INFO - Filling up the DagBag from /home/airflow/.local/lib/python3.7/site-packages/airflow/example_dags/example_nested_branch_dag.py
[2023-03-09T15:45:49.402+0000] {processor.py:753} INFO - DAG(s) dict_keys(['example_nested_branch_dag']) retrieved from /home/airflow/.local/lib/python3.7/site-packages/airflow/example_dags/example_nested_branch_dag.py
[2023-03-09T15:45:49.456+0000] {logging_mixin.py:137} INFO - [2023-03-09T15:45:49.456+0000] {dag.py:2690} INFO - Sync 1 DAGs
[2023-03-09T15:45:49.522+0000] {logging_mixin.py:137} INFO - [2023-03-09T15:45:49.522+0000] {dag.py:3441} INFO - Setting next_dagrun for example_nested_branch_dag to 2023-03-08T00:00:00+00:00, run_after=2023-03-09T00:00:00+00:00
[2023-03-09T15:45:49.557+0000] {processor.py:175} INFO - Processing /home/airflow/.local/lib/python3.7/site-packages/airflow/example_dags/example_nested_branch_dag.py took 0.235 seconds
[2023-03-09T15:46:20.423+0000] {processor.py:153} INFO - Started process (PID=1122) to work on /home/airflow/.local/lib/python3.7/site-packages/airflow/example_dags/example_nested_branch_dag.py
[2023-03-09T15:46:20.424+0000] {processor.py:743} INFO - Processing file /home/airflow/.local/lib/python3.7/site-packages/airflow/example_dags/example_nested_branch_dag.py for tasks to queue
[2023-03-09T15:46:20.425+0000] {logging_mixin.py:137} INFO - [2023-03-09T15:46:20.425+0000] {dagbag.py:538} INFO - Filling up the DagBag from /home/airflow/.local/lib/python3.7/site-packages/airflow/example_dags/example_nested_branch_dag.py
[2023-03-09T15:46:20.499+0000] {processor.py:753} INFO - DAG(s) dict_keys(['example_nested_branch_dag']) retrieved from /home/airflow/.local/lib/python3.7/site-packages/airflow/example_dags/example_nested_branch_dag.py
[2023-03-09T15:46:20.542+0000] {logging_mixin.py:137} INFO - [2023-03-09T15:46:20.542+0000] {dag.py:2690} INFO - Sync 1 DAGs
[2023-03-09T15:46:20.599+0000] {logging_mixin.py:137} INFO - [2023-03-09T15:46:20.598+0000] {dag.py:3441} INFO - Setting next_dagrun for example_nested_branch_dag to 2023-03-08T00:00:00+00:00, run_after=2023-03-09T00:00:00+00:00
[2023-03-09T15:46:20.634+0000] {processor.py:175} INFO - Processing /home/airflow/.local/lib/python3.7/site-packages/airflow/example_dags/example_nested_branch_dag.py took 0.217 seconds
[2023-03-09T15:46:51.060+0000] {processor.py:153} INFO - Started process (PID=1185) to work on /home/airflow/.local/lib/python3.7/site-packages/airflow/example_dags/example_nested_branch_dag.py
[2023-03-09T15:46:51.061+0000] {processor.py:743} INFO - Processing file /home/airflow/.local/lib/python3.7/site-packages/airflow/example_dags/example_nested_branch_dag.py for tasks to queue
[2023-03-09T15:46:51.062+0000] {logging_mixin.py:137} INFO - [2023-03-09T15:46:51.062+0000] {dagbag.py:538} INFO - Filling up the DagBag from /home/airflow/.local/lib/python3.7/site-packages/airflow/example_dags/example_nested_branch_dag.py
[2023-03-09T15:46:51.095+0000] {processor.py:753} INFO - DAG(s) dict_keys(['example_nested_branch_dag']) retrieved from /home/airflow/.local/lib/python3.7/site-packages/airflow/example_dags/example_nested_branch_dag.py
[2023-03-09T15:46:51.125+0000] {logging_mixin.py:137} INFO - [2023-03-09T15:46:51.125+0000] {dag.py:2690} INFO - Sync 1 DAGs
[2023-03-09T15:46:51.165+0000] {logging_mixin.py:137} INFO - [2023-03-09T15:46:51.165+0000] {dag.py:3441} INFO - Setting next_dagrun for example_nested_branch_dag to 2023-03-08T00:00:00+00:00, run_after=2023-03-09T00:00:00+00:00
[2023-03-09T15:46:51.196+0000] {processor.py:175} INFO - Processing /home/airflow/.local/lib/python3.7/site-packages/airflow/example_dags/example_nested_branch_dag.py took 0.139 seconds
[2023-03-09T15:47:21.404+0000] {processor.py:153} INFO - Started process (PID=1248) to work on /home/airflow/.local/lib/python3.7/site-packages/airflow/example_dags/example_nested_branch_dag.py
[2023-03-09T15:47:21.405+0000] {processor.py:743} INFO - Processing file /home/airflow/.local/lib/python3.7/site-packages/airflow/example_dags/example_nested_branch_dag.py for tasks to queue
[2023-03-09T15:47:21.405+0000] {logging_mixin.py:137} INFO - [2023-03-09T15:47:21.405+0000] {dagbag.py:538} INFO - Filling up the DagBag from /home/airflow/.local/lib/python3.7/site-packages/airflow/example_dags/example_nested_branch_dag.py
[2023-03-09T15:47:21.437+0000] {processor.py:753} INFO - DAG(s) dict_keys(['example_nested_branch_dag']) retrieved from /home/airflow/.local/lib/python3.7/site-packages/airflow/example_dags/example_nested_branch_dag.py
[2023-03-09T15:47:21.470+0000] {logging_mixin.py:137} INFO - [2023-03-09T15:47:21.470+0000] {dag.py:2690} INFO - Sync 1 DAGs
[2023-03-09T15:47:21.511+0000] {logging_mixin.py:137} INFO - [2023-03-09T15:47:21.511+0000] {dag.py:3441} INFO - Setting next_dagrun for example_nested_branch_dag to 2023-03-08T00:00:00+00:00, run_after=2023-03-09T00:00:00+00:00
[2023-03-09T15:47:21.537+0000] {processor.py:175} INFO - Processing /home/airflow/.local/lib/python3.7/site-packages/airflow/example_dags/example_nested_branch_dag.py took 0.137 seconds
[2023-03-09T15:47:52.026+0000] {processor.py:153} INFO - Started process (PID=1310) to work on /home/airflow/.local/lib/python3.7/site-packages/airflow/example_dags/example_nested_branch_dag.py
[2023-03-09T15:47:52.032+0000] {processor.py:743} INFO - Processing file /home/airflow/.local/lib/python3.7/site-packages/airflow/example_dags/example_nested_branch_dag.py for tasks to queue
[2023-03-09T15:47:52.033+0000] {logging_mixin.py:137} INFO - [2023-03-09T15:47:52.033+0000] {dagbag.py:538} INFO - Filling up the DagBag from /home/airflow/.local/lib/python3.7/site-packages/airflow/example_dags/example_nested_branch_dag.py
[2023-03-09T15:47:52.099+0000] {processor.py:753} INFO - DAG(s) dict_keys(['example_nested_branch_dag']) retrieved from /home/airflow/.local/lib/python3.7/site-packages/airflow/example_dags/example_nested_branch_dag.py
[2023-03-09T15:47:52.163+0000] {logging_mixin.py:137} INFO - [2023-03-09T15:47:52.162+0000] {dag.py:2690} INFO - Sync 1 DAGs
[2023-03-09T15:47:52.231+0000] {logging_mixin.py:137} INFO - [2023-03-09T15:47:52.231+0000] {dag.py:3441} INFO - Setting next_dagrun for example_nested_branch_dag to 2023-03-08T00:00:00+00:00, run_after=2023-03-09T00:00:00+00:00
[2023-03-09T15:47:52.270+0000] {processor.py:175} INFO - Processing /home/airflow/.local/lib/python3.7/site-packages/airflow/example_dags/example_nested_branch_dag.py took 0.249 seconds
[2023-03-09T15:48:22.384+0000] {processor.py:153} INFO - Started process (PID=1375) to work on /home/airflow/.local/lib/python3.7/site-packages/airflow/example_dags/example_nested_branch_dag.py
[2023-03-09T15:48:22.385+0000] {processor.py:743} INFO - Processing file /home/airflow/.local/lib/python3.7/site-packages/airflow/example_dags/example_nested_branch_dag.py for tasks to queue
[2023-03-09T15:48:22.385+0000] {logging_mixin.py:137} INFO - [2023-03-09T15:48:22.385+0000] {dagbag.py:538} INFO - Filling up the DagBag from /home/airflow/.local/lib/python3.7/site-packages/airflow/example_dags/example_nested_branch_dag.py
[2023-03-09T15:48:22.414+0000] {processor.py:753} INFO - DAG(s) dict_keys(['example_nested_branch_dag']) retrieved from /home/airflow/.local/lib/python3.7/site-packages/airflow/example_dags/example_nested_branch_dag.py
[2023-03-09T15:48:22.444+0000] {logging_mixin.py:137} INFO - [2023-03-09T15:48:22.443+0000] {dag.py:2690} INFO - Sync 1 DAGs
[2023-03-09T15:48:22.481+0000] {logging_mixin.py:137} INFO - [2023-03-09T15:48:22.480+0000] {dag.py:3441} INFO - Setting next_dagrun for example_nested_branch_dag to 2023-03-08T00:00:00+00:00, run_after=2023-03-09T00:00:00+00:00
[2023-03-09T15:48:22.513+0000] {processor.py:175} INFO - Processing /home/airflow/.local/lib/python3.7/site-packages/airflow/example_dags/example_nested_branch_dag.py took 0.133 seconds
[2023-03-09T15:48:52.885+0000] {processor.py:153} INFO - Started process (PID=1444) to work on /home/airflow/.local/lib/python3.7/site-packages/airflow/example_dags/example_nested_branch_dag.py
[2023-03-09T15:48:52.886+0000] {processor.py:743} INFO - Processing file /home/airflow/.local/lib/python3.7/site-packages/airflow/example_dags/example_nested_branch_dag.py for tasks to queue
[2023-03-09T15:48:52.887+0000] {logging_mixin.py:137} INFO - [2023-03-09T15:48:52.887+0000] {dagbag.py:538} INFO - Filling up the DagBag from /home/airflow/.local/lib/python3.7/site-packages/airflow/example_dags/example_nested_branch_dag.py
[2023-03-09T15:48:52.918+0000] {processor.py:753} INFO - DAG(s) dict_keys(['example_nested_branch_dag']) retrieved from /home/airflow/.local/lib/python3.7/site-packages/airflow/example_dags/example_nested_branch_dag.py
[2023-03-09T15:48:52.959+0000] {logging_mixin.py:137} INFO - [2023-03-09T15:48:52.958+0000] {dag.py:2690} INFO - Sync 1 DAGs
[2023-03-09T15:48:53.006+0000] {logging_mixin.py:137} INFO - [2023-03-09T15:48:53.006+0000] {dag.py:3441} INFO - Setting next_dagrun for example_nested_branch_dag to 2023-03-08T00:00:00+00:00, run_after=2023-03-09T00:00:00+00:00
[2023-03-09T15:48:53.035+0000] {processor.py:175} INFO - Processing /home/airflow/.local/lib/python3.7/site-packages/airflow/example_dags/example_nested_branch_dag.py took 0.154 seconds
[2023-03-09T15:49:23.261+0000] {processor.py:153} INFO - Started process (PID=1509) to work on /home/airflow/.local/lib/python3.7/site-packages/airflow/example_dags/example_nested_branch_dag.py
[2023-03-09T15:49:23.263+0000] {processor.py:743} INFO - Processing file /home/airflow/.local/lib/python3.7/site-packages/airflow/example_dags/example_nested_branch_dag.py for tasks to queue
[2023-03-09T15:49:23.266+0000] {logging_mixin.py:137} INFO - [2023-03-09T15:49:23.265+0000] {dagbag.py:538} INFO - Filling up the DagBag from /home/airflow/.local/lib/python3.7/site-packages/airflow/example_dags/example_nested_branch_dag.py
[2023-03-09T15:49:23.468+0000] {processor.py:753} INFO - DAG(s) dict_keys(['example_nested_branch_dag']) retrieved from /home/airflow/.local/lib/python3.7/site-packages/airflow/example_dags/example_nested_branch_dag.py
[2023-03-09T15:49:23.567+0000] {logging_mixin.py:137} INFO - [2023-03-09T15:49:23.566+0000] {dag.py:2690} INFO - Sync 1 DAGs
[2023-03-09T15:49:23.623+0000] {logging_mixin.py:137} INFO - [2023-03-09T15:49:23.623+0000] {dag.py:3441} INFO - Setting next_dagrun for example_nested_branch_dag to 2023-03-08T00:00:00+00:00, run_after=2023-03-09T00:00:00+00:00
[2023-03-09T15:49:23.681+0000] {processor.py:175} INFO - Processing /home/airflow/.local/lib/python3.7/site-packages/airflow/example_dags/example_nested_branch_dag.py took 0.469 seconds
