[2023-03-09T15:38:09.527+0000] {processor.py:153} INFO - Started process (PID=74) to work on /home/airflow/.local/lib/python3.7/site-packages/airflow/example_dags/tutorial_dag.py
[2023-03-09T15:38:09.528+0000] {processor.py:743} INFO - Processing file /home/airflow/.local/lib/python3.7/site-packages/airflow/example_dags/tutorial_dag.py for tasks to queue
[2023-03-09T15:38:09.583+0000] {logging_mixin.py:137} INFO - [2023-03-09T15:38:09.582+0000] {dagbag.py:538} INFO - Filling up the DagBag from /home/airflow/.local/lib/python3.7/site-packages/airflow/example_dags/tutorial_dag.py
[2023-03-09T15:38:09.716+0000] {processor.py:753} INFO - DAG(s) dict_keys(['tutorial_dag']) retrieved from /home/airflow/.local/lib/python3.7/site-packages/airflow/example_dags/tutorial_dag.py
[2023-03-09T15:38:09.893+0000] {logging_mixin.py:137} INFO - [2023-03-09T15:38:09.893+0000] {dag.py:2690} INFO - Sync 1 DAGs
[2023-03-09T15:38:10.121+0000] {logging_mixin.py:137} INFO - [2023-03-09T15:38:10.121+0000] {dag.py:3441} INFO - Setting next_dagrun for tutorial_dag to None, run_after=None
[2023-03-09T15:38:10.227+0000] {processor.py:175} INFO - Processing /home/airflow/.local/lib/python3.7/site-packages/airflow/example_dags/tutorial_dag.py took 0.711 seconds
[2023-03-09T15:38:40.610+0000] {processor.py:153} INFO - Started process (PID=140) to work on /home/airflow/.local/lib/python3.7/site-packages/airflow/example_dags/tutorial_dag.py
[2023-03-09T15:38:40.611+0000] {processor.py:743} INFO - Processing file /home/airflow/.local/lib/python3.7/site-packages/airflow/example_dags/tutorial_dag.py for tasks to queue
[2023-03-09T15:38:40.613+0000] {logging_mixin.py:137} INFO - [2023-03-09T15:38:40.612+0000] {dagbag.py:538} INFO - Filling up the DagBag from /home/airflow/.local/lib/python3.7/site-packages/airflow/example_dags/tutorial_dag.py
[2023-03-09T15:38:40.637+0000] {processor.py:753} INFO - DAG(s) dict_keys(['tutorial_dag']) retrieved from /home/airflow/.local/lib/python3.7/site-packages/airflow/example_dags/tutorial_dag.py
[2023-03-09T15:38:40.687+0000] {logging_mixin.py:137} INFO - [2023-03-09T15:38:40.687+0000] {dag.py:2690} INFO - Sync 1 DAGs
[2023-03-09T15:38:40.740+0000] {logging_mixin.py:137} INFO - [2023-03-09T15:38:40.740+0000] {dag.py:3441} INFO - Setting next_dagrun for tutorial_dag to None, run_after=None
[2023-03-09T15:38:40.775+0000] {processor.py:175} INFO - Processing /home/airflow/.local/lib/python3.7/site-packages/airflow/example_dags/tutorial_dag.py took 0.170 seconds
[2023-03-09T15:39:11.317+0000] {processor.py:153} INFO - Started process (PID=202) to work on /home/airflow/.local/lib/python3.7/site-packages/airflow/example_dags/tutorial_dag.py
[2023-03-09T15:39:11.318+0000] {processor.py:743} INFO - Processing file /home/airflow/.local/lib/python3.7/site-packages/airflow/example_dags/tutorial_dag.py for tasks to queue
[2023-03-09T15:39:11.319+0000] {logging_mixin.py:137} INFO - [2023-03-09T15:39:11.319+0000] {dagbag.py:538} INFO - Filling up the DagBag from /home/airflow/.local/lib/python3.7/site-packages/airflow/example_dags/tutorial_dag.py
[2023-03-09T15:39:11.336+0000] {processor.py:753} INFO - DAG(s) dict_keys(['tutorial_dag']) retrieved from /home/airflow/.local/lib/python3.7/site-packages/airflow/example_dags/tutorial_dag.py
[2023-03-09T15:39:11.373+0000] {logging_mixin.py:137} INFO - [2023-03-09T15:39:11.373+0000] {dag.py:2690} INFO - Sync 1 DAGs
[2023-03-09T15:39:11.423+0000] {logging_mixin.py:137} INFO - [2023-03-09T15:39:11.423+0000] {dag.py:3441} INFO - Setting next_dagrun for tutorial_dag to None, run_after=None
[2023-03-09T15:39:11.453+0000] {processor.py:175} INFO - Processing /home/airflow/.local/lib/python3.7/site-packages/airflow/example_dags/tutorial_dag.py took 0.140 seconds
[2023-03-09T15:39:41.503+0000] {processor.py:153} INFO - Started process (PID=265) to work on /home/airflow/.local/lib/python3.7/site-packages/airflow/example_dags/tutorial_dag.py
[2023-03-09T15:39:41.504+0000] {processor.py:743} INFO - Processing file /home/airflow/.local/lib/python3.7/site-packages/airflow/example_dags/tutorial_dag.py for tasks to queue
[2023-03-09T15:39:41.505+0000] {logging_mixin.py:137} INFO - [2023-03-09T15:39:41.505+0000] {dagbag.py:538} INFO - Filling up the DagBag from /home/airflow/.local/lib/python3.7/site-packages/airflow/example_dags/tutorial_dag.py
[2023-03-09T15:39:41.524+0000] {processor.py:753} INFO - DAG(s) dict_keys(['tutorial_dag']) retrieved from /home/airflow/.local/lib/python3.7/site-packages/airflow/example_dags/tutorial_dag.py
[2023-03-09T15:39:41.557+0000] {logging_mixin.py:137} INFO - [2023-03-09T15:39:41.557+0000] {dag.py:2690} INFO - Sync 1 DAGs
[2023-03-09T15:39:41.593+0000] {logging_mixin.py:137} INFO - [2023-03-09T15:39:41.593+0000] {dag.py:3441} INFO - Setting next_dagrun for tutorial_dag to None, run_after=None
[2023-03-09T15:39:41.618+0000] {processor.py:175} INFO - Processing /home/airflow/.local/lib/python3.7/site-packages/airflow/example_dags/tutorial_dag.py took 0.120 seconds
[2023-03-09T15:40:12.399+0000] {processor.py:153} INFO - Started process (PID=328) to work on /home/airflow/.local/lib/python3.7/site-packages/airflow/example_dags/tutorial_dag.py
[2023-03-09T15:40:12.400+0000] {processor.py:743} INFO - Processing file /home/airflow/.local/lib/python3.7/site-packages/airflow/example_dags/tutorial_dag.py for tasks to queue
[2023-03-09T15:40:12.401+0000] {logging_mixin.py:137} INFO - [2023-03-09T15:40:12.400+0000] {dagbag.py:538} INFO - Filling up the DagBag from /home/airflow/.local/lib/python3.7/site-packages/airflow/example_dags/tutorial_dag.py
[2023-03-09T15:40:12.424+0000] {processor.py:753} INFO - DAG(s) dict_keys(['tutorial_dag']) retrieved from /home/airflow/.local/lib/python3.7/site-packages/airflow/example_dags/tutorial_dag.py
[2023-03-09T15:40:12.466+0000] {logging_mixin.py:137} INFO - [2023-03-09T15:40:12.466+0000] {dag.py:2690} INFO - Sync 1 DAGs
[2023-03-09T15:40:12.519+0000] {logging_mixin.py:137} INFO - [2023-03-09T15:40:12.519+0000] {dag.py:3441} INFO - Setting next_dagrun for tutorial_dag to None, run_after=None
[2023-03-09T15:40:12.566+0000] {processor.py:175} INFO - Processing /home/airflow/.local/lib/python3.7/site-packages/airflow/example_dags/tutorial_dag.py took 0.172 seconds
[2023-03-09T15:40:43.277+0000] {processor.py:153} INFO - Started process (PID=403) to work on /home/airflow/.local/lib/python3.7/site-packages/airflow/example_dags/tutorial_dag.py
[2023-03-09T15:40:43.278+0000] {processor.py:743} INFO - Processing file /home/airflow/.local/lib/python3.7/site-packages/airflow/example_dags/tutorial_dag.py for tasks to queue
[2023-03-09T15:40:43.279+0000] {logging_mixin.py:137} INFO - [2023-03-09T15:40:43.278+0000] {dagbag.py:538} INFO - Filling up the DagBag from /home/airflow/.local/lib/python3.7/site-packages/airflow/example_dags/tutorial_dag.py
[2023-03-09T15:40:43.299+0000] {processor.py:753} INFO - DAG(s) dict_keys(['tutorial_dag']) retrieved from /home/airflow/.local/lib/python3.7/site-packages/airflow/example_dags/tutorial_dag.py
[2023-03-09T15:40:43.341+0000] {logging_mixin.py:137} INFO - [2023-03-09T15:40:43.341+0000] {dag.py:2690} INFO - Sync 1 DAGs
[2023-03-09T15:40:43.395+0000] {logging_mixin.py:137} INFO - [2023-03-09T15:40:43.395+0000] {dag.py:3441} INFO - Setting next_dagrun for tutorial_dag to None, run_after=None
[2023-03-09T15:40:43.426+0000] {processor.py:175} INFO - Processing /home/airflow/.local/lib/python3.7/site-packages/airflow/example_dags/tutorial_dag.py took 0.154 seconds
[2023-03-09T15:41:13.512+0000] {processor.py:153} INFO - Started process (PID=465) to work on /home/airflow/.local/lib/python3.7/site-packages/airflow/example_dags/tutorial_dag.py
[2023-03-09T15:41:13.512+0000] {processor.py:743} INFO - Processing file /home/airflow/.local/lib/python3.7/site-packages/airflow/example_dags/tutorial_dag.py for tasks to queue
[2023-03-09T15:41:13.513+0000] {logging_mixin.py:137} INFO - [2023-03-09T15:41:13.513+0000] {dagbag.py:538} INFO - Filling up the DagBag from /home/airflow/.local/lib/python3.7/site-packages/airflow/example_dags/tutorial_dag.py
[2023-03-09T15:41:13.527+0000] {processor.py:753} INFO - DAG(s) dict_keys(['tutorial_dag']) retrieved from /home/airflow/.local/lib/python3.7/site-packages/airflow/example_dags/tutorial_dag.py
[2023-03-09T15:41:13.555+0000] {logging_mixin.py:137} INFO - [2023-03-09T15:41:13.555+0000] {dag.py:2690} INFO - Sync 1 DAGs
[2023-03-09T15:41:13.589+0000] {logging_mixin.py:137} INFO - [2023-03-09T15:41:13.589+0000] {dag.py:3441} INFO - Setting next_dagrun for tutorial_dag to None, run_after=None
[2023-03-09T15:41:13.613+0000] {processor.py:175} INFO - Processing /home/airflow/.local/lib/python3.7/site-packages/airflow/example_dags/tutorial_dag.py took 0.104 seconds
[2023-03-09T15:41:44.451+0000] {processor.py:153} INFO - Started process (PID=529) to work on /home/airflow/.local/lib/python3.7/site-packages/airflow/example_dags/tutorial_dag.py
[2023-03-09T15:41:44.452+0000] {processor.py:743} INFO - Processing file /home/airflow/.local/lib/python3.7/site-packages/airflow/example_dags/tutorial_dag.py for tasks to queue
[2023-03-09T15:41:44.453+0000] {logging_mixin.py:137} INFO - [2023-03-09T15:41:44.453+0000] {dagbag.py:538} INFO - Filling up the DagBag from /home/airflow/.local/lib/python3.7/site-packages/airflow/example_dags/tutorial_dag.py
[2023-03-09T15:41:44.467+0000] {processor.py:753} INFO - DAG(s) dict_keys(['tutorial_dag']) retrieved from /home/airflow/.local/lib/python3.7/site-packages/airflow/example_dags/tutorial_dag.py
[2023-03-09T15:41:44.499+0000] {logging_mixin.py:137} INFO - [2023-03-09T15:41:44.499+0000] {dag.py:2690} INFO - Sync 1 DAGs
[2023-03-09T15:41:44.552+0000] {logging_mixin.py:137} INFO - [2023-03-09T15:41:44.552+0000] {dag.py:3441} INFO - Setting next_dagrun for tutorial_dag to None, run_after=None
[2023-03-09T15:41:44.590+0000] {processor.py:175} INFO - Processing /home/airflow/.local/lib/python3.7/site-packages/airflow/example_dags/tutorial_dag.py took 0.147 seconds
[2023-03-09T15:42:15.302+0000] {processor.py:153} INFO - Started process (PID=594) to work on /home/airflow/.local/lib/python3.7/site-packages/airflow/example_dags/tutorial_dag.py
[2023-03-09T15:42:15.303+0000] {processor.py:743} INFO - Processing file /home/airflow/.local/lib/python3.7/site-packages/airflow/example_dags/tutorial_dag.py for tasks to queue
[2023-03-09T15:42:15.304+0000] {logging_mixin.py:137} INFO - [2023-03-09T15:42:15.304+0000] {dagbag.py:538} INFO - Filling up the DagBag from /home/airflow/.local/lib/python3.7/site-packages/airflow/example_dags/tutorial_dag.py
[2023-03-09T15:42:15.320+0000] {processor.py:753} INFO - DAG(s) dict_keys(['tutorial_dag']) retrieved from /home/airflow/.local/lib/python3.7/site-packages/airflow/example_dags/tutorial_dag.py
[2023-03-09T15:42:15.354+0000] {logging_mixin.py:137} INFO - [2023-03-09T15:42:15.354+0000] {dag.py:2690} INFO - Sync 1 DAGs
[2023-03-09T15:42:15.404+0000] {logging_mixin.py:137} INFO - [2023-03-09T15:42:15.404+0000] {dag.py:3441} INFO - Setting next_dagrun for tutorial_dag to None, run_after=None
[2023-03-09T15:42:15.482+0000] {processor.py:175} INFO - Processing /home/airflow/.local/lib/python3.7/site-packages/airflow/example_dags/tutorial_dag.py took 0.183 seconds
[2023-03-09T15:42:46.203+0000] {processor.py:153} INFO - Started process (PID=668) to work on /home/airflow/.local/lib/python3.7/site-packages/airflow/example_dags/tutorial_dag.py
[2023-03-09T15:42:46.203+0000] {processor.py:743} INFO - Processing file /home/airflow/.local/lib/python3.7/site-packages/airflow/example_dags/tutorial_dag.py for tasks to queue
[2023-03-09T15:42:46.204+0000] {logging_mixin.py:137} INFO - [2023-03-09T15:42:46.204+0000] {dagbag.py:538} INFO - Filling up the DagBag from /home/airflow/.local/lib/python3.7/site-packages/airflow/example_dags/tutorial_dag.py
[2023-03-09T15:42:46.218+0000] {processor.py:753} INFO - DAG(s) dict_keys(['tutorial_dag']) retrieved from /home/airflow/.local/lib/python3.7/site-packages/airflow/example_dags/tutorial_dag.py
[2023-03-09T15:42:46.257+0000] {logging_mixin.py:137} INFO - [2023-03-09T15:42:46.257+0000] {dag.py:2690} INFO - Sync 1 DAGs
[2023-03-09T15:42:46.308+0000] {logging_mixin.py:137} INFO - [2023-03-09T15:42:46.307+0000] {dag.py:3441} INFO - Setting next_dagrun for tutorial_dag to None, run_after=None
[2023-03-09T15:42:46.338+0000] {processor.py:175} INFO - Processing /home/airflow/.local/lib/python3.7/site-packages/airflow/example_dags/tutorial_dag.py took 0.139 seconds
[2023-03-09T15:43:17.143+0000] {processor.py:153} INFO - Started process (PID=732) to work on /home/airflow/.local/lib/python3.7/site-packages/airflow/example_dags/tutorial_dag.py
[2023-03-09T15:43:17.147+0000] {processor.py:743} INFO - Processing file /home/airflow/.local/lib/python3.7/site-packages/airflow/example_dags/tutorial_dag.py for tasks to queue
[2023-03-09T15:43:17.148+0000] {logging_mixin.py:137} INFO - [2023-03-09T15:43:17.148+0000] {dagbag.py:538} INFO - Filling up the DagBag from /home/airflow/.local/lib/python3.7/site-packages/airflow/example_dags/tutorial_dag.py
[2023-03-09T15:43:17.179+0000] {processor.py:753} INFO - DAG(s) dict_keys(['tutorial_dag']) retrieved from /home/airflow/.local/lib/python3.7/site-packages/airflow/example_dags/tutorial_dag.py
[2023-03-09T15:43:17.219+0000] {logging_mixin.py:137} INFO - [2023-03-09T15:43:17.219+0000] {dag.py:2690} INFO - Sync 1 DAGs
[2023-03-09T15:43:17.273+0000] {logging_mixin.py:137} INFO - [2023-03-09T15:43:17.272+0000] {dag.py:3441} INFO - Setting next_dagrun for tutorial_dag to None, run_after=None
[2023-03-09T15:43:17.331+0000] {processor.py:175} INFO - Processing /home/airflow/.local/lib/python3.7/site-packages/airflow/example_dags/tutorial_dag.py took 0.193 seconds
[2023-03-09T15:43:47.501+0000] {processor.py:153} INFO - Started process (PID=795) to work on /home/airflow/.local/lib/python3.7/site-packages/airflow/example_dags/tutorial_dag.py
[2023-03-09T15:43:47.507+0000] {processor.py:743} INFO - Processing file /home/airflow/.local/lib/python3.7/site-packages/airflow/example_dags/tutorial_dag.py for tasks to queue
[2023-03-09T15:43:47.508+0000] {logging_mixin.py:137} INFO - [2023-03-09T15:43:47.508+0000] {dagbag.py:538} INFO - Filling up the DagBag from /home/airflow/.local/lib/python3.7/site-packages/airflow/example_dags/tutorial_dag.py
[2023-03-09T15:43:47.527+0000] {processor.py:753} INFO - DAG(s) dict_keys(['tutorial_dag']) retrieved from /home/airflow/.local/lib/python3.7/site-packages/airflow/example_dags/tutorial_dag.py
[2023-03-09T15:43:47.570+0000] {logging_mixin.py:137} INFO - [2023-03-09T15:43:47.570+0000] {dag.py:2690} INFO - Sync 1 DAGs
[2023-03-09T15:43:47.669+0000] {logging_mixin.py:137} INFO - [2023-03-09T15:43:47.668+0000] {dag.py:3441} INFO - Setting next_dagrun for tutorial_dag to None, run_after=None
[2023-03-09T15:43:47.737+0000] {processor.py:175} INFO - Processing /home/airflow/.local/lib/python3.7/site-packages/airflow/example_dags/tutorial_dag.py took 0.241 seconds
[2023-03-09T15:44:18.511+0000] {processor.py:153} INFO - Started process (PID=857) to work on /home/airflow/.local/lib/python3.7/site-packages/airflow/example_dags/tutorial_dag.py
[2023-03-09T15:44:18.512+0000] {processor.py:743} INFO - Processing file /home/airflow/.local/lib/python3.7/site-packages/airflow/example_dags/tutorial_dag.py for tasks to queue
[2023-03-09T15:44:18.513+0000] {logging_mixin.py:137} INFO - [2023-03-09T15:44:18.513+0000] {dagbag.py:538} INFO - Filling up the DagBag from /home/airflow/.local/lib/python3.7/site-packages/airflow/example_dags/tutorial_dag.py
[2023-03-09T15:44:18.533+0000] {processor.py:753} INFO - DAG(s) dict_keys(['tutorial_dag']) retrieved from /home/airflow/.local/lib/python3.7/site-packages/airflow/example_dags/tutorial_dag.py
[2023-03-09T15:44:18.576+0000] {logging_mixin.py:137} INFO - [2023-03-09T15:44:18.575+0000] {dag.py:2690} INFO - Sync 1 DAGs
[2023-03-09T15:44:18.626+0000] {logging_mixin.py:137} INFO - [2023-03-09T15:44:18.625+0000] {dag.py:3441} INFO - Setting next_dagrun for tutorial_dag to None, run_after=None
[2023-03-09T15:44:18.659+0000] {processor.py:175} INFO - Processing /home/airflow/.local/lib/python3.7/site-packages/airflow/example_dags/tutorial_dag.py took 0.153 seconds
[2023-03-09T15:44:49.345+0000] {processor.py:153} INFO - Started process (PID=920) to work on /home/airflow/.local/lib/python3.7/site-packages/airflow/example_dags/tutorial_dag.py
[2023-03-09T15:44:49.346+0000] {processor.py:743} INFO - Processing file /home/airflow/.local/lib/python3.7/site-packages/airflow/example_dags/tutorial_dag.py for tasks to queue
[2023-03-09T15:44:49.347+0000] {logging_mixin.py:137} INFO - [2023-03-09T15:44:49.347+0000] {dagbag.py:538} INFO - Filling up the DagBag from /home/airflow/.local/lib/python3.7/site-packages/airflow/example_dags/tutorial_dag.py
[2023-03-09T15:44:49.381+0000] {processor.py:753} INFO - DAG(s) dict_keys(['tutorial_dag']) retrieved from /home/airflow/.local/lib/python3.7/site-packages/airflow/example_dags/tutorial_dag.py
[2023-03-09T15:44:49.422+0000] {logging_mixin.py:137} INFO - [2023-03-09T15:44:49.421+0000] {dag.py:2690} INFO - Sync 1 DAGs
[2023-03-09T15:44:49.495+0000] {logging_mixin.py:137} INFO - [2023-03-09T15:44:49.495+0000] {dag.py:3441} INFO - Setting next_dagrun for tutorial_dag to None, run_after=None
[2023-03-09T15:44:49.541+0000] {processor.py:175} INFO - Processing /home/airflow/.local/lib/python3.7/site-packages/airflow/example_dags/tutorial_dag.py took 0.200 seconds
[2023-03-09T15:45:19.669+0000] {processor.py:153} INFO - Started process (PID=991) to work on /home/airflow/.local/lib/python3.7/site-packages/airflow/example_dags/tutorial_dag.py
[2023-03-09T15:45:19.676+0000] {processor.py:743} INFO - Processing file /home/airflow/.local/lib/python3.7/site-packages/airflow/example_dags/tutorial_dag.py for tasks to queue
[2023-03-09T15:45:19.678+0000] {logging_mixin.py:137} INFO - [2023-03-09T15:45:19.677+0000] {dagbag.py:538} INFO - Filling up the DagBag from /home/airflow/.local/lib/python3.7/site-packages/airflow/example_dags/tutorial_dag.py
[2023-03-09T15:45:19.804+0000] {processor.py:753} INFO - DAG(s) dict_keys(['tutorial_dag']) retrieved from /home/airflow/.local/lib/python3.7/site-packages/airflow/example_dags/tutorial_dag.py
[2023-03-09T15:45:20.085+0000] {logging_mixin.py:137} INFO - [2023-03-09T15:45:20.084+0000] {dag.py:2690} INFO - Sync 1 DAGs
[2023-03-09T15:45:20.345+0000] {logging_mixin.py:137} INFO - [2023-03-09T15:45:20.345+0000] {dag.py:3441} INFO - Setting next_dagrun for tutorial_dag to None, run_after=None
[2023-03-09T15:45:20.516+0000] {processor.py:175} INFO - Processing /home/airflow/.local/lib/python3.7/site-packages/airflow/example_dags/tutorial_dag.py took 0.870 seconds
[2023-03-09T15:45:50.631+0000] {processor.py:153} INFO - Started process (PID=1061) to work on /home/airflow/.local/lib/python3.7/site-packages/airflow/example_dags/tutorial_dag.py
[2023-03-09T15:45:50.631+0000] {processor.py:743} INFO - Processing file /home/airflow/.local/lib/python3.7/site-packages/airflow/example_dags/tutorial_dag.py for tasks to queue
[2023-03-09T15:45:50.640+0000] {logging_mixin.py:137} INFO - [2023-03-09T15:45:50.640+0000] {dagbag.py:538} INFO - Filling up the DagBag from /home/airflow/.local/lib/python3.7/site-packages/airflow/example_dags/tutorial_dag.py
[2023-03-09T15:45:50.661+0000] {processor.py:753} INFO - DAG(s) dict_keys(['tutorial_dag']) retrieved from /home/airflow/.local/lib/python3.7/site-packages/airflow/example_dags/tutorial_dag.py
[2023-03-09T15:45:50.724+0000] {logging_mixin.py:137} INFO - [2023-03-09T15:45:50.724+0000] {dag.py:2690} INFO - Sync 1 DAGs
[2023-03-09T15:45:50.776+0000] {logging_mixin.py:137} INFO - [2023-03-09T15:45:50.776+0000] {dag.py:3441} INFO - Setting next_dagrun for tutorial_dag to None, run_after=None
[2023-03-09T15:45:50.804+0000] {processor.py:175} INFO - Processing /home/airflow/.local/lib/python3.7/site-packages/airflow/example_dags/tutorial_dag.py took 0.177 seconds
[2023-03-09T15:46:21.636+0000] {processor.py:153} INFO - Started process (PID=1124) to work on /home/airflow/.local/lib/python3.7/site-packages/airflow/example_dags/tutorial_dag.py
[2023-03-09T15:46:21.638+0000] {processor.py:743} INFO - Processing file /home/airflow/.local/lib/python3.7/site-packages/airflow/example_dags/tutorial_dag.py for tasks to queue
[2023-03-09T15:46:21.638+0000] {logging_mixin.py:137} INFO - [2023-03-09T15:46:21.638+0000] {dagbag.py:538} INFO - Filling up the DagBag from /home/airflow/.local/lib/python3.7/site-packages/airflow/example_dags/tutorial_dag.py
[2023-03-09T15:46:21.670+0000] {processor.py:753} INFO - DAG(s) dict_keys(['tutorial_dag']) retrieved from /home/airflow/.local/lib/python3.7/site-packages/airflow/example_dags/tutorial_dag.py
[2023-03-09T15:46:21.761+0000] {logging_mixin.py:137} INFO - [2023-03-09T15:46:21.761+0000] {dag.py:2690} INFO - Sync 1 DAGs
[2023-03-09T15:46:21.809+0000] {logging_mixin.py:137} INFO - [2023-03-09T15:46:21.809+0000] {dag.py:3441} INFO - Setting next_dagrun for tutorial_dag to None, run_after=None
[2023-03-09T15:46:21.853+0000] {processor.py:175} INFO - Processing /home/airflow/.local/lib/python3.7/site-packages/airflow/example_dags/tutorial_dag.py took 0.221 seconds
[2023-03-09T15:46:52.219+0000] {processor.py:153} INFO - Started process (PID=1187) to work on /home/airflow/.local/lib/python3.7/site-packages/airflow/example_dags/tutorial_dag.py
[2023-03-09T15:46:52.219+0000] {processor.py:743} INFO - Processing file /home/airflow/.local/lib/python3.7/site-packages/airflow/example_dags/tutorial_dag.py for tasks to queue
[2023-03-09T15:46:52.220+0000] {logging_mixin.py:137} INFO - [2023-03-09T15:46:52.220+0000] {dagbag.py:538} INFO - Filling up the DagBag from /home/airflow/.local/lib/python3.7/site-packages/airflow/example_dags/tutorial_dag.py
[2023-03-09T15:46:52.237+0000] {processor.py:753} INFO - DAG(s) dict_keys(['tutorial_dag']) retrieved from /home/airflow/.local/lib/python3.7/site-packages/airflow/example_dags/tutorial_dag.py
[2023-03-09T15:46:52.270+0000] {logging_mixin.py:137} INFO - [2023-03-09T15:46:52.270+0000] {dag.py:2690} INFO - Sync 1 DAGs
[2023-03-09T15:46:52.305+0000] {logging_mixin.py:137} INFO - [2023-03-09T15:46:52.305+0000] {dag.py:3441} INFO - Setting next_dagrun for tutorial_dag to None, run_after=None
[2023-03-09T15:46:52.340+0000] {processor.py:175} INFO - Processing /home/airflow/.local/lib/python3.7/site-packages/airflow/example_dags/tutorial_dag.py took 0.125 seconds
[2023-03-09T15:47:22.554+0000] {processor.py:153} INFO - Started process (PID=1250) to work on /home/airflow/.local/lib/python3.7/site-packages/airflow/example_dags/tutorial_dag.py
[2023-03-09T15:47:22.555+0000] {processor.py:743} INFO - Processing file /home/airflow/.local/lib/python3.7/site-packages/airflow/example_dags/tutorial_dag.py for tasks to queue
[2023-03-09T15:47:22.555+0000] {logging_mixin.py:137} INFO - [2023-03-09T15:47:22.555+0000] {dagbag.py:538} INFO - Filling up the DagBag from /home/airflow/.local/lib/python3.7/site-packages/airflow/example_dags/tutorial_dag.py
[2023-03-09T15:47:22.570+0000] {processor.py:753} INFO - DAG(s) dict_keys(['tutorial_dag']) retrieved from /home/airflow/.local/lib/python3.7/site-packages/airflow/example_dags/tutorial_dag.py
[2023-03-09T15:47:22.609+0000] {logging_mixin.py:137} INFO - [2023-03-09T15:47:22.609+0000] {dag.py:2690} INFO - Sync 1 DAGs
[2023-03-09T15:47:22.647+0000] {logging_mixin.py:137} INFO - [2023-03-09T15:47:22.646+0000] {dag.py:3441} INFO - Setting next_dagrun for tutorial_dag to None, run_after=None
[2023-03-09T15:47:22.676+0000] {processor.py:175} INFO - Processing /home/airflow/.local/lib/python3.7/site-packages/airflow/example_dags/tutorial_dag.py took 0.126 seconds
[2023-03-09T15:47:53.252+0000] {processor.py:153} INFO - Started process (PID=1312) to work on /home/airflow/.local/lib/python3.7/site-packages/airflow/example_dags/tutorial_dag.py
[2023-03-09T15:47:53.254+0000] {processor.py:743} INFO - Processing file /home/airflow/.local/lib/python3.7/site-packages/airflow/example_dags/tutorial_dag.py for tasks to queue
[2023-03-09T15:47:53.255+0000] {logging_mixin.py:137} INFO - [2023-03-09T15:47:53.254+0000] {dagbag.py:538} INFO - Filling up the DagBag from /home/airflow/.local/lib/python3.7/site-packages/airflow/example_dags/tutorial_dag.py
[2023-03-09T15:47:53.275+0000] {processor.py:753} INFO - DAG(s) dict_keys(['tutorial_dag']) retrieved from /home/airflow/.local/lib/python3.7/site-packages/airflow/example_dags/tutorial_dag.py
[2023-03-09T15:47:53.320+0000] {logging_mixin.py:137} INFO - [2023-03-09T15:47:53.319+0000] {dag.py:2690} INFO - Sync 1 DAGs
[2023-03-09T15:47:53.440+0000] {logging_mixin.py:137} INFO - [2023-03-09T15:47:53.440+0000] {dag.py:3441} INFO - Setting next_dagrun for tutorial_dag to None, run_after=None
[2023-03-09T15:47:53.475+0000] {processor.py:175} INFO - Processing /home/airflow/.local/lib/python3.7/site-packages/airflow/example_dags/tutorial_dag.py took 0.228 seconds
[2023-03-09T15:48:23.541+0000] {processor.py:153} INFO - Started process (PID=1384) to work on /home/airflow/.local/lib/python3.7/site-packages/airflow/example_dags/tutorial_dag.py
[2023-03-09T15:48:23.542+0000] {processor.py:743} INFO - Processing file /home/airflow/.local/lib/python3.7/site-packages/airflow/example_dags/tutorial_dag.py for tasks to queue
[2023-03-09T15:48:23.543+0000] {logging_mixin.py:137} INFO - [2023-03-09T15:48:23.543+0000] {dagbag.py:538} INFO - Filling up the DagBag from /home/airflow/.local/lib/python3.7/site-packages/airflow/example_dags/tutorial_dag.py
[2023-03-09T15:48:23.559+0000] {processor.py:753} INFO - DAG(s) dict_keys(['tutorial_dag']) retrieved from /home/airflow/.local/lib/python3.7/site-packages/airflow/example_dags/tutorial_dag.py
[2023-03-09T15:48:23.594+0000] {logging_mixin.py:137} INFO - [2023-03-09T15:48:23.594+0000] {dag.py:2690} INFO - Sync 1 DAGs
[2023-03-09T15:48:23.636+0000] {logging_mixin.py:137} INFO - [2023-03-09T15:48:23.635+0000] {dag.py:3441} INFO - Setting next_dagrun for tutorial_dag to None, run_after=None
[2023-03-09T15:48:23.666+0000] {processor.py:175} INFO - Processing /home/airflow/.local/lib/python3.7/site-packages/airflow/example_dags/tutorial_dag.py took 0.129 seconds
[2023-03-09T15:48:54.069+0000] {processor.py:153} INFO - Started process (PID=1449) to work on /home/airflow/.local/lib/python3.7/site-packages/airflow/example_dags/tutorial_dag.py
[2023-03-09T15:48:54.069+0000] {processor.py:743} INFO - Processing file /home/airflow/.local/lib/python3.7/site-packages/airflow/example_dags/tutorial_dag.py for tasks to queue
[2023-03-09T15:48:54.070+0000] {logging_mixin.py:137} INFO - [2023-03-09T15:48:54.070+0000] {dagbag.py:538} INFO - Filling up the DagBag from /home/airflow/.local/lib/python3.7/site-packages/airflow/example_dags/tutorial_dag.py
[2023-03-09T15:48:54.092+0000] {processor.py:753} INFO - DAG(s) dict_keys(['tutorial_dag']) retrieved from /home/airflow/.local/lib/python3.7/site-packages/airflow/example_dags/tutorial_dag.py
[2023-03-09T15:48:54.137+0000] {logging_mixin.py:137} INFO - [2023-03-09T15:48:54.136+0000] {dag.py:2690} INFO - Sync 1 DAGs
[2023-03-09T15:48:54.199+0000] {logging_mixin.py:137} INFO - [2023-03-09T15:48:54.198+0000] {dag.py:3441} INFO - Setting next_dagrun for tutorial_dag to None, run_after=None
[2023-03-09T15:48:54.238+0000] {processor.py:175} INFO - Processing /home/airflow/.local/lib/python3.7/site-packages/airflow/example_dags/tutorial_dag.py took 0.174 seconds
[2023-03-09T15:49:24.742+0000] {processor.py:153} INFO - Started process (PID=1511) to work on /home/airflow/.local/lib/python3.7/site-packages/airflow/example_dags/tutorial_dag.py
[2023-03-09T15:49:24.760+0000] {processor.py:743} INFO - Processing file /home/airflow/.local/lib/python3.7/site-packages/airflow/example_dags/tutorial_dag.py for tasks to queue
[2023-03-09T15:49:24.761+0000] {logging_mixin.py:137} INFO - [2023-03-09T15:49:24.760+0000] {dagbag.py:538} INFO - Filling up the DagBag from /home/airflow/.local/lib/python3.7/site-packages/airflow/example_dags/tutorial_dag.py
[2023-03-09T15:49:24.838+0000] {processor.py:753} INFO - DAG(s) dict_keys(['tutorial_dag']) retrieved from /home/airflow/.local/lib/python3.7/site-packages/airflow/example_dags/tutorial_dag.py
[2023-03-09T15:49:24.955+0000] {logging_mixin.py:137} INFO - [2023-03-09T15:49:24.952+0000] {dag.py:2690} INFO - Sync 1 DAGs
[2023-03-09T15:49:25.069+0000] {logging_mixin.py:137} INFO - [2023-03-09T15:49:25.069+0000] {dag.py:3441} INFO - Setting next_dagrun for tutorial_dag to None, run_after=None
[2023-03-09T15:49:25.118+0000] {processor.py:175} INFO - Processing /home/airflow/.local/lib/python3.7/site-packages/airflow/example_dags/tutorial_dag.py took 0.380 seconds
